#gen	avgfit_mean	avgfit_sd	avgfit_med	avgbits_mean	avgbits_sd	avgbits_med	fit_mean	fit_sd	fit_med	bits_mean	bits_sd	bits_med	cpu_mean	cpu_sd	cpu_med	genes_mean	genes_sd	genes_med
0	-3095.91	9.70155	-3091.42	5000	0	5000	-739.013	5.22598	-734.277	5000	0	5000	0	0	0	48.7225	0.232376	49
500	-802.647	6.24848	-810.709	4171.13	49.9505	4361.47	-501.19	2.48044	-499.736	4131.84	73.9011	4562	3.13668	0.0291458	3.2645	39.76	0.751877	43
1000	-518.505	4.06658	-500.94	4056.13	71.1211	4436.58	-419.386	2.45216	-423.276	4098.11	76.0068	4541.5	2.965	0.0654431	3.0615	39.395	0.76883	42
1500	-421.259	2.87729	-418.968	4066.68	74.0837	4435	-364.644	2.61007	-364.662	4120.51	75.7056	4492	2.96765	0.0723157	3.18	39.9175	0.764371	43
2000	-364.481	2.66603	-364.617	4107.26	75.0273	4480.83	-321.809	2.7076	-319.706	4114.9	74.8612	4492.5	2.99968	0.0748018	3.1965	40.225	0.759772	43
2500	-322.371	2.61108	-318.725	4114.19	74.8952	4491.17	-286.921	2.78328	-284.624	4120.05	74.841	4497.5	3.01336	0.0748828	3.2315	40.55	0.756455	44
3000	-288.738	2.69515	-284.94	4117.18	74.6968	4493.27	-257.333	2.86608	-250.51	4117.75	74.6637	4481.5	3.01117	0.0745405	3.2565	40.97	0.755256	44
3500	-261.014	2.68819	-254.379	4118.65	74.6656	4482.16	-232.156	2.86632	-224.738	4119.88	74.6768	4474.5	3.00064	0.0740991	3.1785	41.33	0.751825	44.5
4000	-237.731	2.72971	-230.411	4119.45	74.6265	4478.52	-210.807	2.86733	-202.938	4118.59	74.5603	4474.5	3.02269	0.0749369	3.188	41.755	0.755224	45
4500	-216.355	2.7075	-208.784	4120.97	74.5056	4481.64	-190.937	2.8467	-182.997	4122.57	74.3779	4484	3.00689	0.0739019	3.1975	42.16	0.751322	45
5000	-198.838	2.67406	-191.85	4123.04	74.3925	4480.57	-174.298	2.79136	-167.298	4123.95	74.3927	4475.5	3.02777	0.0738657	3.232	42.4825	0.752381	45
5500	-182.65	2.59521	-177.204	4124	74.376	4487.59	-159.254	2.74858	-153.669	4123.23	74.3652	4469.5	3.02438	0.0732239	3.1985	42.73	0.753533	45
6000	-168.373	2.60462	-162.457	4124.31	74.3907	4488.93	-146.279	2.7215	-137.714	4125.11	74.3816	4493	3.03539	0.0749025	3.231	42.9775	0.75055	46
6500	-155.217	2.55454	-148.117	4125.33	74.3655	4489.06	-133.993	2.65859	-126.274	4125.29	74.3027	4488	3.03353	0.0748845	3.2335	43.2575	0.751859	46
7000	-144.347	2.47547	-138.024	4125.9	74.2877	4489.33	-123.249	2.57739	-115.563	4126.61	74.2502	4488.5	3.04461	0.0756726	3.3185	43.5225	0.75078	46
7500	-133.963	2.43216	-126.703	4126.22	74.2896	4488.67	-113.457	2.54034	-103.578	4129.44	74.1069	4491	3.03699	0.0748186	3.2505	43.81	0.749802	46
8000	-124.578	2.38107	-115.507	4129.95	74.1099	4489	-105.15	2.4997	-96.2721	4131.62	74.0906	4487.5	3.04397	0.0751492	3.252	44.035	0.751213	47
8500	-115.617	2.35405	-107.561	4131.39	74.0894	4487.76	-96.6896	2.43476	-87.6717	4131.2	74.0752	4488.5	3.0417	0.0746305	3.2565	44.2725	0.753061	47
9000	-108.285	2.27532	-99.1749	4133.13	73.937	4485.74	-89.3333	2.37321	-79.5565	4133.35	73.9074	4485.5	3.06359	0.0756452	3.298	44.4725	0.75027	47
9500	-100.833	2.24631	-91.7234	4134.08	73.9354	4484.52	-82.9611	2.33992	-73.0664	4134.31	73.9226	4485.5	3.06983	0.0765352	3.256	44.6275	0.749659	47
10000	-94.0548	2.22476	-84.6336	4134.23	73.9212	4486.23	-76.8409	2.29631	-67.1912	4134.11	73.928	4486.5	3.07981	0.0772596	3.2565	44.7875	0.750526	47
10500	-88.7765	2.17955	-79.9903	4134.81	73.8974	4488.26	-71.3836	2.25343	-62.2104	4136.58	73.7886	4488	3.08832	0.0767011	3.234	44.98	0.749945	47
11000	-83.8888	2.11835	-75.5329	4136.6	73.7743	4488.92	-66.3796	2.19902	-57.1766	4138.76	73.6575	4486	3.07408	0.0755184	3.2845	45.145	0.748129	48
11500	-79.0104	2.07103	-70.9296	4138.77	73.6517	4485.75	-62.1428	2.15963	-53.6381	4138.68	73.6458	4485.5	3.08753	0.0765675	3.28	45.3125	0.749201	48
12000	-75.353	2.05487	-67.8574	4138.97	73.6498	4482.26	-58.3547	2.12386	-49.9576	4139.04	73.6297	4486	3.07933	0.0757662	3.252	45.43	0.747276	48
12500	-71.1399	2.01638	-63.4235	4138.92	73.664	4485.64	-54.935	2.09393	-46.4324	4139.6	73.6277	4489	3.09597	0.0763466	3.289	45.56	0.747613	48
13000	-67.5638	2.01109	-58.9037	4139.66	73.6388	4490.7	-51.8003	2.06304	-42.216	4139.54	73.6432	4497	3.09373	0.0756726	3.3195	45.7075	0.750308	48
13500	-64.9463	1.96822	-56.1807	4139.31	73.6035	4490.74	-48.9459	2.04476	-39.4886	4139.35	73.6061	4495.5	3.09172	0.076256	3.2575	45.8225	0.749647	48
14000	-61.9548	1.95183	-53.3633	4139.12	73.601	4494.76	-46.165	2.01532	-37.1893	4139.27	73.5974	4497	3.08541	0.0759325	3.2815	45.88	0.749136	48.5
14500	-59.6057	1.89949	-52.4109	4139.04	73.5893	4489.4	-43.5287	1.97821	-34.7389	4139.56	73.5861	4486	3.08007	0.0767286	3.2195	45.9425	0.748514	48.5
15000	-56.7187	1.87712	-49.0958	4139.63	73.5806	4484.34	-41.1232	1.94389	-32.9882	4140.35	73.6049	4478.5	3.08855	0.0758447	3.2485	46.0575	0.749602	49
15500	-54.3792	1.85842	-46.689	4139.86	73.5836	4479.55	-39.0388	1.91838	-30.2129	4140.64	73.5994	4488	3.07954	0.0754884	3.2615	46.13	0.750786	49
16000	-52.2917	1.8298	-44.9923	4140.06	73.5913	4479.7	-37.0834	1.88975	-28.4426	4140.44	73.588	4477.5	3.08828	0.0761447	3.266	46.2425	0.75001	49
16500	-50.5296	1.80523	-43.3804	4140.45	73.5649	4481.6	-35.2375	1.8727	-26.8896	4140.81	73.5674	4492.5	3.07318	0.0762463	3.23	46.3075	0.752128	49
17000	-48.5178	1.80482	-40.7083	4140.93	73.5397	4485.35	-33.7216	1.85739	-25.5383	4140.95	73.5231	4482	3.1039	0.0767486	3.266	46.3975	0.750279	49
17500	-46.9664	1.78367	-39.735	4141.16	73.5197	4489.38	-32.3051	1.83841	-23.7883	4141.98	73.5416	4494	3.10968	0.0773299	3.3565	46.4475	0.748059	49
18000	-46.3278	1.76044	-38.8584	4140.85	73.5095	4492.32	-30.9289	1.81245	-22.8146	4141.12	73.5239	4492.5	3.09991	0.0770041	3.338	46.5225	0.749293	49
18500	-44.9404	1.74647	-38.415	4141.16	73.5066	4509.38	-29.5469	1.77763	-21.8275	4141.61	73.4965	4516.5	3.11903	0.0774986	3.2975	46.595	0.748023	49
19000	-43.7409	1.70818	-37.2154	4141.2	73.4941	4509.35	-28.3482	1.75216	-20.4561	4141.29	73.4942	4505.5	3.12311	0.0781562	3.3325	46.65	0.749189	49
19500	-41.8494	1.69005	-35.2614	4141.43	73.4861	4509.09	-27.2169	1.73363	-19.2847	4141.59	73.4838	4513.5	3.12723	0.077882	3.3215	46.7275	0.748094	49
20000	-40.8675	1.66836	-33.9957	4142.04	73.5081	4513.27	-26.2978	1.71778	-18.6554	4141.78	73.4695	4514.5	3.12518	0.0779778	3.2625	46.7975	0.7483	49
