#gen	avgfit_mean	avgfit_sd	avgfit_med	avgbits_mean	avgbits_sd	avgbits_med	fit_mean	fit_sd	fit_med	bits_mean	bits_sd	bits_med	cpu_mean	cpu_sd	cpu_med	genes_mean	genes_sd	genes_med
0	-2958.23	86.6265	-2417.12	5000	0	5000	-1832.97	56.43	-1458.22	5000	0	5000	0	0	0	49.29	0.23332	49.5
500	-979.027	18.2498	-881.931	4987.72	6.85536	4999.75	-671.518	8.63548	-636.849	4986.35	7.63985	5000	0.08525	0.000202351	0.085	48.895	0.238016	49
1000	-607.486	5.1239	-595.96	4987.37	7.28557	4999.76	-494.282	4.0314	-487.762	4986.24	7.50951	5000	0.0850575	0.000225777	0.085	48.74	0.239843	49
1500	-495.173	3.40501	-494.245	4987.97	7.12302	5000.08	-412.993	3.01709	-411.75	4988.02	7.14146	5000	0.084875	0.00020369	0.085	48.8575	0.241041	49
2000	-430.554	2.69845	-430.362	4988.58	7.14549	5000.06	-362.884	2.61769	-361.012	4989.97	7.20891	5000	0.0849175	0.000221188	0.085	49.0625	0.242525	49
2500	-386.475	2.55755	-385.274	4988.64	7.1706	5000.13	-323.57	2.41417	-323.944	4989.65	7.18935	5000	0.0847575	0.00021497	0.085	49.305	0.239527	50
3000	-351.275	2.3508	-352.756	4989.8	7.15284	5000.39	-292.067	2.24714	-292.015	4990.85	7.15031	5001	0.08503	0.00020656	0.085	49.6075	0.235871	50
3500	-322.504	2.20919	-326.967	4990.28	7.14388	5001.66	-264.925	2.07421	-266.269	4990.31	7.14817	5001.5	0.0846025	0.00019207	0.085	49.9525	0.23224	50
4000	-297.197	2.11112	-298.584	4990.77	7.143	5000.73	-241.917	2.01614	-241.444	4991.34	7.17813	5001	0.0846	0.000200219	0.085	50.1075	0.229748	51
4500	-274.686	2.04998	-274.664	4990.94	7.17013	5001.64	-221.091	1.9586	-219.102	4990.63	7.18001	5001	0.084745	0.000202212	0.085	50.4425	0.226539	51
5000	-254.988	1.959	-254.118	4990.89	7.17686	5000.57	-203.408	1.87783	-201.605	4990.88	7.24853	5000	0.0847225	0.000198241	0.085	50.75	0.226792	51
5500	-239.017	1.86809	-236.574	4992.43	7.2089	5000.94	-187.122	1.7851	-184.267	4992.3	7.20338	5000	0.08453	0.000194338	0.084	50.9475	0.225725	51
6000	-223.002	1.8533	-221.121	4992.71	7.22526	5000.86	-172.877	1.71554	-169.809	4992.53	7.25908	5002	0.084525	0.000187112	0.085	51.2175	0.225922	52
6500	-208.48	1.8286	-207.02	4993.62	7.27143	5001.59	-160.114	1.66269	-157.284	4993.68	7.29723	5002	0.0844475	0.000199575	0.084	51.32	0.222667	51
7000	-195.819	1.71912	-192.399	4994.27	7.29756	5001.58	-147.971	1.58163	-144.45	4994.83	7.33076	5002	0.0843675	0.000197779	0.084	51.5825	0.225855	52
7500	-184.541	1.62374	-182.038	4994.34	7.3122	5002.36	-136.801	1.50035	-134.473	4994.37	7.32042	5001	0.0842775	0.00021652	0.084	51.805	0.223814	52
8000	-174.039	1.60264	-171.258	4994.76	7.33086	5001.54	-127.229	1.44603	-124.263	4995.6	7.36252	5003	0.08391	0.000187263	0.084	52.0125	0.222355	52
8500	-165.475	1.58946	-161.218	4995.28	7.33622	5002.07	-118.25	1.4005	-114.958	4994.51	7.3277	5001	0.08412	0.000185675	0.084	52.1625	0.226038	52
9000	-156.022	1.42532	-152.889	4995.68	7.35547	5002.28	-110.378	1.32345	-106.732	4996.74	7.38569	5003	0.08402	0.000184143	0.084	52.35	0.222947	52.5
9500	-147.684	1.4481	-144.416	4996.49	7.38646	5002.57	-103.02	1.26701	-100.187	4997.28	7.40367	5003	0.0838825	0.00018791	0.084	52.5175	0.223128	53
10000	-141.396	1.34135	-138.559	4997.09	7.39353	5002.27	-95.7466	1.19917	-93.4101	4997.68	7.4319	5003	0.084455	0.00018623	0.084	52.5575	0.220086	53
10500	-133.861	1.34001	-131.341	4997.5	7.38963	5002.94	-89.4601	1.14252	-86.7678	4997.98	7.39642	5003	0.0842475	0.000198908	0.084	52.725	0.223771	53
11000	-127.896	1.29537	-126.118	4997.33	7.3794	5003.38	-83.9265	1.10957	-82.0627	4997.4	7.40015	5003.5	0.0840575	0.000201586	0.084	52.845	0.221359	53
11500	-122.218	1.223	-120.854	4997.56	7.40531	5002.19	-78.7872	1.06471	-76.3626	4997.22	7.47581	5001	0.0839275	0.000199701	0.084	53	0.224697	53
12000	-117.157	1.20167	-113.728	4997.5	7.44841	5002.59	-73.7438	1.02408	-70.6006	4999.01	7.48624	5001.5	0.083635	0.000192931	0.083	53.12	0.221866	53
12500	-112.102	1.16159	-110.019	4998.6	7.46204	5002.3	-69.3418	0.988091	-66.2421	4999.22	7.46663	5004	0.0838475	0.000194468	0.084	53.2225	0.222669	53
13000	-107.782	1.18251	-104.25	4999.23	7.45443	5002.93	-65.3208	0.939455	-62.584	4999.9	7.47813	5003	0.0839075	0.000174961	0.084	53.3375	0.221968	53
13500	-104.206	1.11335	-100.523	5000.05	7.4645	5005.5	-61.555	0.898589	-59.1387	5000.81	7.50743	5006	0.0839475	0.000174967	0.084	53.4825	0.220388	54
14000	-100.328	1.06288	-98.1793	5001.02	7.48062	5006.34	-57.7443	0.849044	-55.1823	5000.74	7.49863	5006	0.084	0.000175076	0.084	53.5975	0.22389	54
14500	-97.087	1.00845	-94.9599	5001.07	7.48119	5006.46	-54.5379	0.804196	-52.1877	5000.44	7.47701	5007	0.084165	0.000191209	0.084	53.6975	0.222009	54
15000	-94.3016	0.999333	-92.0509	5000.83	7.53359	5007.08	-51.5762	0.767942	-48.7831	5000.94	7.5705	5006.5	0.08391	0.000202935	0.084	53.7725	0.224227	54
15500	-89.6567	0.918507	-87.3356	5000.88	7.55153	5007.07	-48.9536	0.736782	-46.8747	5001.23	7.57262	5007	0.0837475	0.000184035	0.084	53.925	0.221859	54
16000	-87.0328	0.969012	-85.4459	5001.17	7.56842	5007.8	-46.1878	0.708752	-44.0445	5000.92	7.60486	5008	0.083695	0.000182279	0.084	53.9925	0.222187	54
16500	-84.3545	0.876292	-82.1441	5001.26	7.58378	5008.31	-43.8025	0.670509	-42.2191	5000.75	7.60589	5007.5	0.083575	0.00017865	0.084	54.0725	0.217252	54
17000	-81.5697	0.8769	-80.1007	5000.95	7.60288	5007.28	-41.5084	0.642725	-39.7094	5000.66	7.59771	5007	0.0837175	0.000198508	0.084	54.16	0.217812	54
17500	-79.2944	0.81794	-78.9432	5000.92	7.59576	5006.84	-39.4176	0.609902	-37.7512	5000.69	7.62399	5007.5	0.083645	0.000200244	0.084	54.2125	0.219005	54
18000	-77.514	0.811241	-75.4718	5000.78	7.61004	5007.38	-37.4474	0.589369	-35.9706	5000.62	7.62547	5008	0.0838775	0.000204599	0.084	54.28	0.218772	55
18500	-76.1337	0.848235	-74.1401	5001.76	7.61935	5007.76	-35.8134	0.572788	-34.2482	5001.79	7.60347	5008	0.08369	0.00018924	0.084	54.305	0.216702	55
19000	-74.3779	0.829779	-73.2578	5001.49	7.60689	5007.27	-34.12	0.548475	-33.0566	5000.9	7.61961	5006.5	0.083585	0.000200205	0.084	54.3975	0.217726	55
19500	-73.9657	0.847862	-72.7812	5001.91	7.60384	5008.05	-32.4405	0.518787	-31.0813	5002	7.6336	5009.5	0.08378	0.000187695	0.084	54.445	0.21886	55
20000	-70.8977	0.775334	-68.8541	5001.53	7.63795	5008.31	-31.0337	0.500907	-29.8122	5002.38	7.64971	5008	0.08321	0.000188922	0.083	54.5025	0.217844	55
