#gen	avgfit_mean	avgfit_sd	avgfit_med	avgbits_mean	avgbits_sd	avgbits_med	fit_mean	fit_sd	fit_med	bits_mean	bits_sd	bits_med	cpu_mean	cpu_sd	cpu_med	genes_mean	genes_sd	genes_med
0		-3962.48	207.089	-2974.78	20000	0	20000	-1159.72	56.921	-928.206	20000	0	20000	0	0	0	64.47	0.787074	52
1000		-1217.16	13.8398	-1140.47	19361.4	262.812	20010.7	-601.242	4.5274	-567.507	19046.4	395.305	19967.5	0.60341	0.00362528	0.644	59.94	1.4576	53
2000		-1035.91	14.8714	-1038.3	18448.1	462.095	20008.8	-548.933	3.62752	-560.31	18152.8	512.895	20170.5	0.57435	0.0113325	0.6085	56.43	1.76791	51.5
3000		-973.878	16.7683	-981.817	17609.3	554.164	20030	-526.698	3.29686	-525.9	17632	574.636	20184	0.54838	0.0145729	0.611	55.73	1.95706	52
4000		-928.946	17.85	-986.604	17152.2	608.35	20070	-507	3.126	-523.16	17419.4	612.15	20215	0.53161	0.0168273	0.6275	55.74	2.06533	57
5000		-884.235	18.5638	-882.015	16233.9	672.839	20048.1	-493.246	3.00014	-511.41	16873.5	670.713	20190	0.51441	0.018139	0.6265	53.03	2.17286	56
6000		-854.519	19.3232	-921.899	15836.8	706.919	20163.4	-479.224	3.04292	-492.371	16090.1	726.618	20216	0.49659	0.0197722	0.6435	50.96	2.40991	57.5
7000		-845.553	19.6118	-950.035	15805.8	716.222	20253.7	-470.678	3.21997	-481.417	16275.1	721.768	20187.5	0.49115	0.0201869	0.6115	51.7	2.34325	56
8000		-841.227	20.0637	-937.321	15768.3	721.175	20278.9	-462.481	3.22651	-480.726	16457.8	719.423	20429	0.48782	0.0203889	0.632	52.19	2.31332	57.5
9000		-834.616	20.3966	-935.726	15820.5	715.54	20198.5	-454.793	3.42415	-480.726	16353.8	715.674	20565	0.4921	0.0204297	0.6175	51.95	2.30346	57.5
10000		-825.451	20.4212	-908.336	15828.9	715.648	20266.4	-448.415	3.50834	-473.335	16304.7	709.475	20317	0.49156	0.0203527	0.6375	51.76	2.26845	58.5
11000		-825.744	20.408	-943.724	15836.8	711.877	20314.8	-441.82	3.49384	-456.716	16217.9	715.377	20233	0.4893	0.0202593	0.6115	51.54	2.27611	58
12000		-813.385	19.9577	-925.581	15798	713.217	20445	-436.367	3.57539	-454.312	16052.5	727.253	20228	0.48835	0.0200887	0.618	50.87	2.29169	58
13000		-796.653	19.6981	-910.369	15750.6	721.693	20343.8	-431.772	3.81036	-446.646	16093.8	723.507	20279.5	0.48842	0.0203822	0.605	51.27	2.27662	60
14000		-798.711	20.4251	-879.927	15719.7	726.026	20341	-426.019	3.74172	-439.804	16110.4	718.597	20274.5	0.48849	0.0206603	0.639	51.35	2.25323	61
15000		-788.476	20.1425	-935.581	15783.5	721.709	20295.2	-422.168	3.88286	-419.383	16136	722.123	20270.5	0.491	0.020706	0.597	51.52	2.26339	59
16000		-795.314	20.4751	-896.89	15798.3	716.728	20279.6	-417.798	3.96487	-419.383	15988.1	732.396	20279	0.48972	0.0204697	0.621	50.99	2.28471	59
17000		-782.904	20.5356	-840.049	15615	726.996	20323.6	-414.315	3.9591	-405.244	15960.8	731.753	20214	0.48553	0.0204702	0.6195	50.91	2.29021	60.5
18000		-779.862	20.5829	-889.9	15552.5	726.669	20336.7	-410.076	4.10077	-392.024	16001.9	725.503	19952.5	0.48484	0.0207791	0.6235	51.25	2.24739	60.5
19000		-772.562	20.8225	-896.69	15360.1	726.396	20309.2	-406.177	4.1082	-388.864	15980.3	723.517	20227	0.47955	0.0206972	0.634	51.41	2.23729	61.5
20000		-767.973	20.7085	-821.907	15439.9	720.884	20140.6	-402.232	4.22509	-386.287	16002.1	727.584	20220.5	0.47715	0.0204989	0.6405	51.56	2.24073	61
21000		-759.593	20.1285	-813.793	15361.2	721.48	20198.2	-399.415	4.3386	-380.177	16029.6	721.154	20296	0.47834	0.0206795	0.6325	51.71	2.20281	62
22000		-762.888	20.9422	-849.251	15298.9	721.131	20216.8	-396.695	4.30388	-380.177	15998.8	720.349	20295	0.47592	0.0204789	0.6105	51.79	2.20643	62
23000		-754.984	20.5923	-893.25	15324.8	716.656	20243.1	-391.901	4.38488	-380.177	16078.7	721.911	20301	0.47504	0.020456	0.61	52.18	2.22599	62
24000		-756.071	20.8966	-827.923	15369.5	715.191	20219	-389.101	4.48183	-378.063	16097.3	723.084	20307.5	0.4779	0.0205616	0.6365	52.29	2.20945	62
25000		-752.425	21.1896	-846.015	15301.3	715.456	20251.5	-386.24	4.65935	-371.026	16081.5	720.926	20342	0.47555	0.0202386	0.631	52.41	2.20088	62.5
26000		-749.227	20.6919	-829.21	15356.2	715.655	20288.4	-383.474	4.75339	-371.026	16101.8	718.563	20311	0.47676	0.020411	0.612	52.49	2.19027	62.5
27000		-744.166	20.9362	-822.253	15342.5	712.124	20335.9	-380.089	4.93799	-370.972	16078.3	718.407	20287.5	0.47622	0.0202146	0.6275	52.47	2.16736	62.5
28000		-745.237	21.1004	-839.027	15295	705.115	20351.9	-376.985	5.03677	-363.939	16076.9	718.009	20168.5	0.47213	0.0199387	0.6175	52.58	2.16945	62
29000		-730.882	20.3986	-815.524	15149.6	708.3	20286.4	-373.93	5.17279	-362.463	16083	717.984	20238.5	0.47152	0.0201845	0.6295	52.76	2.16767	62
30000		-738.688	20.9507	-820.442	15173.7	707.636	20308.2	-371.408	5.26283	-362.463	16090	715.367	20202.5	0.471	0.0200362	0.623	52.83	2.14028	62
31000		-736.449	21.0443	-827.053	15276.4	704.101	20243.3	-368.645	5.3318	-362.463	16298.4	733.076	20045.5	0.47108	0.0199073	0.619	53.69	2.22173	62
32000		-735.9	20.8774	-804.046	15314.6	701.304	20218.5	-366.61	5.35971	-359.544	16305.6	727.398	19631.5	0.4771	0.0201266	0.625	53.74	2.21075	60
33000		-734.65	20.9499	-874.338	15389.2	694.517	20124.8	-363.352	5.43256	-359.544	16497.1	760.594	19610	0.47687	0.019925	0.5865	54.44	2.29665	60
34000		-732.034	20.9937	-783.513	15343.1	692.982	19916.1	-360.429	5.51866	-350.626	16538	759.876	20242.5	0.47324	0.0195793	0.6185	54.74	2.29416	62.5
35000		-730.113	21.1234	-865.073	15374.6	687.311	19760	-358.023	5.54654	-350.626	16547	761.384	20206.5	0.47586	0.0195542	0.609	54.81	2.2856	62.5
36000		-722.248	20.5788	-851.243	15431.7	698.27	19897.2	-355.163	5.6434	-350.555	16564.5	759.24	20243.5	0.4782	0.0197921	0.6035	54.99	2.26031	62.5
37000		-730.239	21.0965	-828.056	15561.8	702.117	20084.1	-352.76	5.65444	-348.625	16609.1	756.775	20191.5	0.48207	0.0200896	0.6205	55.2	2.27387	62
38000		-731.5	21.1997	-856.931	15635.6	705.252	20160.7	-350.878	5.68763	-348.62	16626.6	755.837	20230.5	0.4827	0.019918	0.6165	55.26	2.27519	62
39000		-717.402	20.9931	-782.891	15491.7	697.912	20223.5	-348.963	5.72773	-347.276	16605	759.811	20225.5	0.48027	0.0198665	0.6265	55.11	2.27587	62
40000		-714.969	20.5683	-892.384	15421.6	691.478	20279.3	-346.237	5.77003	-346.385	16668.9	752.211	20172.5	0.47826	0.0197664	0.626	55.33	2.24761	61
41000		-720.535	20.8146	-817.023	15579.1	699.124	20329.7	-343.761	5.82788	-346.014	16689.9	748.868	20073	0.47941	0.0199299	0.6375	55.55	2.23306	61
42000		-716.132	20.6752	-823.801	15596.9	700.868	20238	-342.045	5.91309	-345.775	16698.7	747.496	20086.5	0.48398	0.0200635	0.6395	55.72	2.21916	61
43000		-709.884	20.5382	-848.164	15539.8	685.228	20137.6	-340.078	5.89932	-345.775	16754.8	744.791	20088.5	0.48453	0.0197156	0.6315	55.88	2.21174	61
44000		-708.636	20.3693	-826.943	15622.1	685.625	20027.7	-338.122	5.94774	-343.914	16828.8	741.489	20068.5	0.48361	0.0196899	0.6	56.13	2.1876	61
45000		-711.677	20.1968	-821.428	15521.5	683.801	20043.8	-336.22	6.00434	-341.502	16830.7	740.257	20079.5	0.48254	0.0194761	0.6315	56.37	2.18529	62
46000		-713.875	20.9984	-771.108	15628.1	689.962	20024.3	-334.168	6.06727	-340.029	16871.8	742.407	20121.5	0.48229	0.0197116	0.6345	56.43	2.18587	62
47000		-707.396	20.6239	-802.493	15594.6	674.381	20024.9	-332.024	6.13723	-333.515	16899.1	742.785	20171.5	0.4843	0.0193302	0.605	56.66	2.17735	61.5
48000		-710.584	20.5538	-824.511	15682.8	682.336	20070.4	-330.136	6.17074	-329.226	16913.7	740.97	20151	0.48539	0.0195465	0.607	56.77	2.16789	62
49000		-705.464	20.4376	-808.998	15514.6	674.247	20144	-327.39	6.22678	-324.87	16961	740.823	20065	0.48522	0.0194037	0.5995	56.98	2.16799	61.5
50000		-703.708	20.5784	-871.605	15583.2	680.972	20106.6	-325.169	6.21722	-324.87	16959.7	741.341	20082.5	0.48047	0.0192152	0.6185	57.02	2.16515	61.5
51000		-707.045	21.1471	-839.789	15654.8	680.245	19980.1	-323.124	6.28578	-324.87	16984.8	738.027	20066	0.48213	0.0192487	0.6085	57.14	2.14165	61.5
52000		-693.188	20.0434	-764.249	15534.7	669.414	20113.5	-321.647	6.32155	-323.32	17029.1	739.579	20059.5	0.48102	0.0190134	0.6295	57.26	2.15367	62
53000		-702.902	20.8878	-795.909	15760	679.493	20043.7	-319.513	6.37633	-323.32	17018.2	736.722	20061	0.48809	0.0194128	0.605	57.33	2.13707	62
54000		-700.683	20.7561	-817.023	15718.4	674.9	20048.4	-317.8	6.47343	-323.32	17052.2	738.715	20050.5	0.48799	0.0193383	0.628	57.47	2.14342	62
55000		-705.458	20.8347	-827.838	15841.9	666.227	20044.2	-315.845	6.4876	-321.67	17057.8	738.344	20053	0.48927	0.0191832	0.601	57.57	2.14741	62
56000		-691.297	20.8293	-838.857	15753.8	666.283	20043.8	-314.564	6.53264	-318.71	17036.9	739.69	20074.5	0.48752	0.019095	0.616	57.59	2.14547	61.5
57000		-692.967	20.513	-825.852	15808.1	666.497	20206.7	-311.876	6.54802	-318.71	17080.2	740.633	20074.5	0.48762	0.0189862	0.608	57.75	2.13638	61.5
58000		-696.795	20.9868	-824.981	15801.4	664.584	20313.5	-310.194	6.57374	-318.71	17081.2	741.251	20085.5	0.48825	0.0189975	0.6225	57.82	2.14021	61.5
59000		-691.71	20.967	-763.427	15832.5	670.53	20225.2	-308.448	6.58998	-318.285	17101	739.85	20145	0.48752	0.0190425	0.622	57.96	2.13536	62.5
60000		-694.479	21.0469	-743.383	15933.6	679.519	20190.7	-307.496	6.61335	-311.806	17126	741.35	20314	0.48988	0.0192032	0.6235	58	2.14697	63
61000		-700.627	20.9915	-783.206	16044	677.333	20264.7	-305.49	6.62673	-311.806	17143.5	739.745	20343	0.49623	0.0196388	0.614	58.22	2.14116	63
62000		-690.856	20.8173	-824.096	16009.6	685.764	20337.2	-303.467	6.68982	-311.7	17182.7	736.386	20385.5	0.49548	0.0197606	0.606	58.42	2.12433	64
63000		-689.604	21.1006	-834.374	16095.4	686.258	20319.7	-302.206	6.67505	-311.379	17220	740.481	20380.5	0.49719	0.0197126	0.6555	58.51	2.13728	64
64000		-693.26	21.2464	-820.615	16104.5	680.296	20309.6	-300.696	6.68862	-308.999	17255.3	738.88	20340	0.49648	0.0192143	0.619	58.72	2.10896	62.5
65000		-694.225	20.755	-803.755	16142.1	664.551	20357.6	-299.212	6.7002	-308.999	17265.5	737.802	20343.5	0.49841	0.0191229	0.6205	58.82	2.10677	62.5
66000		-691.51	20.7613	-817.278	16167	672.806	20371.9	-297.247	6.6872	-301.777	17261.8	736.53	20550	0.49661	0.0191357	0.607	58.97	2.09581	64
67000		-686.333	21.0002	-791.274	16242.3	668.563	20394.4	-295.896	6.67831	-301.777	17278.1	736.979	20549.5	0.50011	0.01914	0.6135	59.01	2.09325	64
68000		-679.369	20.3449	-792.928	16128.6	658.974	20487.7	-294.925	6.67588	-301.576	17260.4	737.364	20567	0.50096	0.0191469	0.621	59.05	2.09195	64.5
69000		-683.783	20.5581	-767.932	16143.4	672.386	20564.3	-293.246	6.70566	-301.118	17264.3	737.223	20551.5	0.50031	0.0191414	0.6235	59.08	2.08534	64.5
70000		-688.271	20.5731	-782.07	16238.8	677.447	20566	-291.801	6.67113	-299.868	17283.7	736.22	20538.5	0.50116	0.0195909	0.6325	59.25	2.07308	64
71000		-690.513	20.9168	-724.864	16280.4	672.205	20504.7	-290.326	6.66012	-299.868	17298.3	734.021	20538	0.50255	0.0192443	0.631	59.36	2.0707	64
72000		-686.396	20.9117	-837.201	16217.6	672.022	20509.7	-289.065	6.68423	-299.468	17294	735.013	20631	0.49966	0.0194638	0.615	59.52	2.08518	64
73000		-692.138	21.0503	-812.392	16235.9	667.302	20563.8	-287.5	6.75491	-296.969	17300.7	734.28	20584.5	0.50291	0.0194788	0.6235	59.45	2.07147	65
74000		-690.599	21.1494	-771.397	16307.8	663.592	20600.9	-286.295	6.70915	-296.958	17312.4	734.354	20550.5	0.50386	0.0191759	0.636	59.55	2.07556	64.5
75000		-690.743	21.3887	-783.801	16328.3	664.799	20615.4	-284.939	6.68045	-294.956	17337.8	736.017	20926	0.50189	0.0189072	0.6375	59.66	2.08715	65.5
76000		-680.929	20.9212	-812.997	16399.4	674.457	20666.1	-282.613	6.67348	-294.956	17598.7	757.608	20921.5	0.50602	0.0194635	0.614	60.75	2.2415	65.5
77000		-684.765	21.4745	-802.325	16522.8	684.223	20703.1	-280.619	6.69095	-293.699	17677.8	757.699	21023.5	0.50544	0.0194026	0.6165	61	2.23327	66
78000		-681.01	20.9745	-768.647	16524	675.738	20834.3	-278.896	6.68636	-293.435	17688.8	758.915	21024	0.51146	0.0196447	0.622	61.1	2.24119	66.5
79000		-686.306	21.5701	-823.786	16454.7	674.675	20889	-277.454	6.70078	-293.169	17697.1	758.257	21007	0.50518	0.0191261	0.6075	61.14	2.23819	65.5
80000		-681.642	21.134	-819.497	16709.1	677.271	21026.3	-276.112	6.71501	-283.768	17919.2	792.72	20918	0.51368	0.0193774	0.64	62	2.40899	65.5
81000		-688.294	21.4494	-784.1	16804.3	698.281	21013.3	-274.26	6.67314	-283.768	17901.1	789.487	20918	0.51805	0.0197528	0.6185	62.05	2.39513	65.5
82000		-691.061	22.141	-771.548	16864.5	715.698	21071	-272.658	6.72746	-283.768	17957.8	792.118	20897.5	0.52007	0.0202849	0.6455	62.2	2.40882	65.5
83000		-696.539	22.4695	-816.796	17066.5	734.649	20951.9	-271.494	6.72413	-283.768	17948.5	792.662	20908	0.52545	0.0212183	0.6675	62.32	2.41087	65.5
84000		-684.337	23.009	-742.567	16957	732.518	20919.5	-269.855	6.69094	-283.066	17961.5	788.628	20979.5	0.52113	0.0207576	0.622	62.36	2.39471	66
85000		-693.708	22.9148	-775.724	16903.6	728.014	20889	-267.865	6.65488	-282.938	18152.5	810.995	20933	0.52106	0.0206262	0.643	63.26	2.54478	66
86000		-682.114	22.1338	-784.021	17069.3	740.652	20954	-266.504	6.66342	-282.846	18137.9	811.161	20449	0.5222	0.0209091	0.6345	63.29	2.5446	65
87000		-687.696	22.731	-850.14	17066.2	750.376	20866.4	-264.932	6.69009	-269.061	18169.5	813.672	20923.5	0.52517	0.0215925	0.6245	63.38	2.55654	67
88000		-680.337	22.532	-839.651	17237.1	744.651	20661.1	-263.645	6.70645	-269.061	18192.3	811.586	20918	0.52863	0.0210216	0.642	63.5	2.54493	67
89000		-684.137	22.4722	-790.629	17315.7	751.155	20738.8	-262.545	6.74788	-269.061	18232.3	812.776	20917.5	0.53042	0.0214241	0.633	63.75	2.54028	67
90000		-687.715	22.8084	-743.458	17330.7	757.09	20817.9	-260.781	6.68442	-265.999	18258.3	813.21	21258	0.53121	0.0215422	0.637	63.82	2.54107	69
91000		-690.691	22.6879	-801.179	17397.1	763.056	20897.2	-259.15	6.68445	-265.999	18284	814.118	21258	0.53131	0.0217355	0.63	64.02	2.54094	69
92000		-682.057	23.1433	-733.026	17446.8	761.114	20984.8	-257.898	6.74138	-265.999	18275.6	815.02	21360.5	0.53618	0.0218026	0.6505	64.11	2.53723	69
93000		-679.28	23.0037	-779.103	17320.9	761.71	21169.7	-256.898	6.73009	-265.819	18290.9	814.997	21126	0.53352	0.0217767	0.637	64.15	2.53896	68
94000		-687.731	23.5034	-804.17	17400.6	762.895	21231.7	-255.683	6.7523	-265.586	18337.3	811.393	21146.5	0.5336	0.021901	0.6275	64.34	2.525	68.5
95000		-688.246	23.7707	-804.645	17494.8	760.607	21197.4	-254.613	6.78041	-265.586	18312.8	814.885	21150.5	0.53375	0.021479	0.6465	64.38	2.53954	68.5
96000		-677.922	23.194	-779.978	17386.1	762.064	21175.6	-252.992	6.78593	-265.532	18339	812.05	21118.5	0.53225	0.0216107	0.619	64.51	2.52325	68.5
97000		-682.462	23.0611	-799.486	17495.4	769.586	21160.8	-250.724	6.7604	-252.186	18346.5	810.635	21237	0.53716	0.0221872	0.635	64.62	2.52758	69.5
98000		-688.578	24.3469	-778.871	17547.6	773.519	21184.4	-249.51	6.74243	-251.964	18381	811.794	21256.5	0.53478	0.0217657	0.652	64.72	2.53485	70
99000		-684.837	23.339	-732.044	17564.6	783.008	21229.4	-248.346	6.72963	-250.695	18387.6	811.292	20908.5	0.5394	0.0220355	0.6415	64.83	2.53298	69.5
100000		-676.145	23.1359	-690.247	17639.4	768.174	21183.4	-246.973	6.68508	-250.587	18437.9	813.999	21134	0.53868	0.0219712	0.6805	65.05	2.5429	70
