#gen	avgfit_mean	avgfit_sd	avgfit_med	avgbits_mean	avgbits_sd	avgbits_med	fit_mean	fit_sd	fit_med	bits_mean	bits_sd	bits_med	cpu_mean	cpu_sd	cpu_med	genes_mean	genes_sd	genes_med
0	-3204.89	103.249	-2189.23	5000	0	5000	-1990.99	71.1407	-1368.65	5000	0	5000	0	0	0	49.66	0.226665	48.5
500	-1029.28	24.609	-706.247	4994.74	4.21864	4999.18	-690.27	11.6518	-418.499	4994.03	5.66204	4999.5	0.084515	0.000162104	0.0855	49.2475	0.232838	50
1000	-617.571	5.85369	-447.573	4994.99	5.69865	4997.7	-499.305	4.23948	-365.739	4994.81	5.8153	4993.5	0.0846825	0.000162813	0.0865	49.105	0.23659	49
1500	-503.726	3.57992	-401.168	4996.4	5.77247	4998.22	-420.696	3.12679	-322.753	4995.85	5.78701	4997	0.08477	0.000174302	0.0855	49.495	0.232131	49
2000	-439.452	2.99018	-344.773	4996.81	5.77002	4997.18	-368.373	2.76554	-276.59	4997.96	5.83927	4995.5	0.0850675	0.00018094	0.084	49.6175	0.227392	49
2500	-393.815	2.61142	-305.812	4997.18	5.82512	4997.18	-327.653	2.45487	-235.17	4996.95	5.8727	4993.5	0.0846475	0.000179097	0.0845	49.8575	0.226846	49.5
3000	-356.311	2.49803	-268.126	4997.07	5.86377	4994.02	-294.764	2.33117	-213.679	4997.43	5.81141	4992.5	0.0845425	0.000175027	0.0825	50.11	0.223791	49.5
3500	-325.67	2.34955	-248.668	4996.53	5.88978	4992.24	-267.543	2.23193	-196.508	4996.16	5.97085	4993	0.0845675	0.00017411	0.087	50.35	0.220375	50
4000	-300.978	2.27947	-230.033	4996.37	5.9524	4991.93	-245.39	2.13942	-181.673	4996.35	5.96593	4990.5	0.0847175	0.00017038	0.085	50.61	0.223539	50
4500	-278.556	2.10983	-218.852	4996.37	5.99411	4988.52	-225.022	2.04405	-173.523	4997.86	6.07083	4990.5	0.08434	0.000180846	0.0845	50.9725	0.22091	50
5000	-260.104	2.07781	-204.975	4997.63	6.06851	4988.12	-207.103	1.95445	-157.027	4997.44	6.12536	4989.5	0.0844125	0.000189858	0.0845	51.145	0.221518	50.5
5500	-242.617	2.04268	-187.693	4997.98	6.12073	4990.37	-191.261	1.88571	-141.236	4998.25	6.2336	4991.5	0.08416	0.0001903	0.0825	51.4075	0.216207	51
6000	-227.881	1.95292	-188.56	4999.29	6.18874	4968.6	-176.427	1.83439	-131.385	5000.34	6.26642	4992.5	0.08448	0.000196935	0.08	51.6075	0.215696	51.5
6500	-213.573	1.90152	-168.271	5000.06	6.23168	4991.61	-163.195	1.76123	-119.784	5002.44	6.35868	4991	0.0844025	0.000185336	0.0885	51.85	0.213882	51.5
7000	-201.025	1.7984	-162.949	5001.35	6.30744	4990.52	-151.986	1.69117	-114.756	5001.73	6.36079	4984.5	0.0842625	0.000200835	0.0835	52.06	0.212907	52
7500	-189.121	1.76394	-137.425	5001.74	6.3536	4988.66	-140.15	1.61087	-108.456	5002.47	6.39528	4987.5	0.0840675	0.000174416	0.084	52.28	0.212437	51.5
8000	-177.759	1.73206	-133.246	5002.07	6.35148	4988.8	-130.23	1.5286	-104.014	5001.43	6.38389	4985.5	0.0842175	0.000185267	0.0845	52.4125	0.210337	51
8500	-167.698	1.62701	-145.226	5002.24	6.35541	4987.27	-120.778	1.4666	-97.0016	5001.94	6.37282	4989	0.08414	0.000184149	0.0875	52.6375	0.210508	51
9000	-158.862	1.54158	-139.29	5002.43	6.40071	4987.78	-112.684	1.38919	-89.5784	5002.81	6.41962	4991	0.0845025	0.00019191	0.0815	52.7875	0.213412	52
9500	-151.173	1.50562	-128.714	5002.65	6.43257	4990.5	-105.121	1.32643	-87.5811	5002.53	6.454	4993	0.08422	0.000191561	0.085	53.005	0.208497	52
10000	-143.181	1.48679	-127.218	5003.37	6.47062	4992.93	-98.372	1.2725	-80.9067	5003.67	6.55354	4994	0.0842325	0.000187875	0.0825	53.1625	0.209254	52
10500	-137.703	1.41771	-115.064	5003.92	6.49671	4993.66	-92.0777	1.21988	-75.5065	5003.88	6.51712	4999.5	0.08421	0.000181306	0.0865	53.2675	0.209941	53
11000	-130.9	1.35698	-114.685	5003.91	6.52448	4997.1	-86.437	1.16653	-71.0501	5005.46	6.58992	5000	0.084025	0.000185936	0.0885	53.4425	0.211195	53
11500	-124.393	1.2886	-105.049	5004.85	6.54173	5000.15	-81.1334	1.11175	-66.0626	5005.36	6.5757	4999	0.08377	0.000188299	0.086	53.565	0.20979	53.5
12000	-120.184	1.2653	-110.166	5005.54	6.55697	4999.16	-75.8706	1.0562	-61.6017	5005.17	6.58715	5000.5	0.084025	0.000183801	0.0825	53.7075	0.208719	53.5
12500	-114.522	1.25072	-106.608	5005.92	6.57514	4996.36	-71.0541	1.00825	-56.9335	5006.53	6.60406	5001.5	0.0837175	0.000186127	0.0835	53.865	0.211699	53.5
13000	-110.674	1.18599	-102.483	5006.79	6.60272	5000.82	-66.8981	0.960031	-55.3762	5007.75	6.63241	5000	0.0839575	0.000180265	0.0815	53.9625	0.208774	53.5
13500	-105.283	1.14727	-97.7064	5007.12	6.60148	4998.08	-62.7697	0.907075	-47.8296	5006.7	6.62812	5000	0.0840225	0.000210096	0.083	54.1175	0.206284	54
14000	-101.72	1.07153	-90.9574	5006.99	6.61594	4997.89	-59.3199	0.87088	-44.818	5006.94	6.66678	5002.5	0.084105	0.000208341	0.0815	54.24	0.204568	54.5
14500	-98.3837	1.0496	-90.4657	5006.99	6.62245	5003.82	-55.841	0.832991	-43.1986	5008.61	6.74127	5005	0.0839325	0.000192581	0.083	54.375	0.203536	54
15000	-94.5785	0.995699	-86.6032	5008.51	6.70307	5003.93	-52.8661	0.792283	-41.5359	5008.9	6.71642	5006.5	0.08413	0.000192224	0.083	54.46	0.204911	54.5
15500	-92.1439	0.990671	-81.5715	5009.53	6.72657	5002.39	-49.9616	0.75299	-38.7556	5009.16	6.74275	5005	0.0839775	0.00020272	0.0825	54.5175	0.207411	54.5
16000	-88.5117	0.982537	-74.0523	5008.89	6.72614	4995.98	-47.2945	0.726542	-34.4122	5008.85	6.7357	4981.5	0.08369	0.000182464	0.084	54.59	0.206607	54
16500	-85.9342	0.910319	-67.3528	5009.22	6.74109	4987.02	-44.7267	0.68801	-32.2736	5009.61	6.76144	4999.5	0.0840475	0.000189315	0.083	54.65	0.20776	54.5
17000	-84.084	0.88207	-72.8498	5009.42	6.74458	4987.09	-42.3474	0.66059	-29.6656	5009.32	6.7628	4988.5	0.0836225	0.000186445	0.0815	54.76	0.209292	55.5
17500	-81.4277	0.869992	-59.1645	5009.38	6.75377	4989.05	-40.2045	0.629392	-27.8352	5010.16	6.79374	4991	0.0837575	0.000186705	0.0875	54.785	0.207979	55.5
18000	-79.7072	0.838112	-69.9032	5010.13	6.78066	4999.12	-38.2223	0.605423	-26.3821	5010.18	6.79863	4989	0.083575	0.000179943	0.0825	54.8275	0.209024	55.5
18500	-77.5226	0.801275	-63.9429	5010.24	6.79071	4989.97	-36.4166	0.580278	-25.2668	5010.52	6.80249	4991	0.083575	0.000178264	0.0805	54.9275	0.206518	55.5
19000	-76.1185	0.798958	-57.93	5010.3	6.79543	4990.54	-34.6449	0.555917	-23.8619	5010.23	6.81458	4991	0.0834175	0.000178361	0.0885	55.01	0.207503	55.5
19500	-73.6337	0.829292	-63.535	5010.34	6.81051	4989.26	-33.1585	0.534083	-22.6168	5010.31	6.82046	4985.5	0.08368	0.000184707	0.085	55.04	0.209507	55.5
20000	-72.1435	0.806911	-70.5862	5010.82	6.81921	4988.78	-31.7027	0.515029	-21.6621	5011.23	6.84654	4990.5	0.0836425	0.000177173	0.081	55.0925	0.205829	55.5
