#gen	avgfit_mean	avgfit_sd	avgfit_med	avgbits_mean	avgbits_sd	avgbits_med	fit_mean	fit_sd	fit_med	bits_mean	bits_sd	bits_med	cpu_mean	cpu_sd	cpu_med	genes_mean	genes_sd	genes_med
0	-2949.87	94.4117	-1520.8	5000	0	5000	-1838.91	63.7867	-906.861	5000	0	5000	0	0	0	49.7125	0.234386	49.5
500	-976.644	19.8964	-757.069	4997.61	1.36399	4918.39	-643.367	8.0458	-575.909	4998.44	0.659091	5000.5	2.4712	0.0198933	2.711	49.2375	0.236601	50.5
1000	-599.119	5.64851	-575.05	4994.69	3.11871	4999.92	-483.654	4.25821	-498.608	4982.57	12.8753	5000	2.47641	0.0202753	2.728	48.96	0.266338	50
1500	-478.975	4.11233	-477.009	4982.51	12.8797	4998.03	-404.468	3.30205	-407.132	4982.24	12.9044	4999.5	2.4747	0.0204442	2.6755	49.14	0.265593	51
2000	-403.593	3.24146	-394.668	4982.8	12.9065	4998.52	-348.614	2.93059	-350.695	4982.41	12.9157	4998.5	2.45795	0.0204379	2.535	49.5575	0.262013	51
2500	-350.037	2.82916	-360.236	4983.12	12.9201	4998.66	-304.195	2.69072	-328.753	4982.61	12.9201	4998.5	2.45664	0.020699	2.6885	49.8275	0.261731	51
3000	-309.297	2.6484	-336.023	4983.61	12.8998	4997.2	-270.274	2.52213	-307.508	4983.44	12.8781	4999	2.46276	0.0206434	2.518	50.29	0.262105	51.5
3500	-275.911	2.50065	-317.018	4986.7	13.1079	4995.8	-240.687	2.41075	-273.417	4991.4	14.4145	4998	2.4885	0.0265281	2.6885	50.675	0.267376	52.5
4000	-248.347	2.42913	-293.072	4991.38	14.419	4988.52	-215.242	2.38946	-254.933	4991.42	14.4256	4998	2.61603	0.145366	2.485	51.035	0.266997	53
4500	-224.081	2.39437	-257.937	4992.36	14.4483	4957.06	-193.482	2.37485	-224.933	4993	14.4742	4955	2.58414	0.114768	2.642	51.3725	0.266903	52
5000	-203.263	2.34945	-235.324	4993.11	14.4699	4952.28	-174.509	2.29119	-195.647	4993.52	14.4836	4952	2.58843	0.115085	2.625	51.7225	0.267099	54
5500	-185.622	2.27683	-211.8	4993.42	14.4962	4952.62	-158.194	2.15922	-174.301	4993.49	14.5914	4955.5	2.61662	0.14644	2.601	52.06	0.264392	54
6000	-170.214	2.14237	-175.608	4993.44	14.5134	4955.12	-144.113	2.07647	-153.14	4993.34	14.5141	4955	2.72405	0.228043	2.563	52.3175	0.263349	53.5
6500	-156.081	2.0699	-172.401	4994.23	14.5308	4953.23	-130.8	1.97484	-143.656	4994.7	14.6198	4952.5	2.68496	0.187619	2.5725	52.6525	0.264489	53.5
7000	-143.492	1.99137	-155.337	4995.84	14.5415	4957.95	-119.03	1.91471	-133.925	4996.16	14.5635	4933.5	2.64882	0.176754	2.6235	52.86	0.264459	55
7500	-132.503	1.92459	-151.91	4996.74	14.5567	4961.88	-108.44	1.84396	-120.745	4998.08	14.603	4970	2.59075	0.124726	2.6915	53.0975	0.263307	55
8000	-122.927	1.85402	-133.748	4998.01	14.5918	4965.12	-99.384	1.79594	-112.368	4998.84	14.6195	4966.5	2.49809	0.0341933	2.6385	53.2725	0.264638	55
8500	-112.87	1.7759	-130.119	4998.94	14.6098	4966.79	-90.9425	1.72867	-102.297	4998.95	14.6111	4968	2.52003	0.0331078	2.682	53.4825	0.263292	55.5
9000	-105.544	1.74792	-120.631	4999.38	14.6104	4967.17	-83.4253	1.68766	-92.0272	5000.06	14.6313	4968	2.5305	0.0594087	2.623	53.625	0.262074	56
9500	-98.2083	1.69094	-97.5756	4999.94	14.6144	4967.88	-76.5816	1.62788	-78.5613	5000.3	14.6171	4968.5	2.45583	0.0206331	2.482	53.7525	0.260452	57
10000	-91.0205	1.64346	-95.4011	5000.12	14.6129	4968.39	-70.239	1.57662	-61.6979	5001.07	14.6262	4965.5	2.47149	0.0211467	2.646	54.005	0.26253	57.5
10500	-85.6023	1.58215	-77.9955	5000.99	14.6246	4968.28	-64.785	1.53586	-55.9065	5001.59	14.6454	4968	2.46462	0.021678	2.437	54.205	0.260436	57.5
11000	-79.9242	1.5415	-68.0154	5002.29	14.6491	4966.49	-59.6404	1.48098	-51.7516	5002.66	14.6771	4966.5	2.46829	0.0211653	2.621	54.3825	0.259898	57.5
11500	-74.7213	1.48155	-69.7629	5003.35	14.6715	4967.33	-55.0852	1.44058	-46.1968	5003.03	14.6788	4967	2.47797	0.0217009	2.641	54.53	0.258994	58
12000	-71.203	1.46451	-64.5897	5003.5	14.6783	4966.52	-51.0135	1.41384	-43.2613	5004.03	14.6888	4968.5	2.47018	0.0213941	2.6245	54.625	0.257588	58
12500	-67.5325	1.46318	-69.9854	5004.27	14.6945	4967.4	-47.4839	1.381	-40.5262	5003.87	14.7166	4965.5	2.47548	0.0213879	2.641	54.7825	0.258975	57.5
13000	-63.5876	1.39453	-61.7799	5004.96	14.7085	4966.9	-44.2689	1.35587	-38.6093	5005	14.7251	4968	2.48591	0.0248695	2.671	54.9475	0.255784	57.5
13500	-60.0821	1.37613	-51.4616	5005.12	14.721	4967.38	-41.3026	1.33216	-36.7738	5005.91	14.7327	4970	2.49316	0.0232493	2.5505	55.03	0.255805	58
14000	-58.0821	1.33887	-53.5285	5005.66	14.7252	4966.85	-38.6235	1.30991	-34.1562	5006.04	14.738	4966	2.47535	0.02162	2.6015	55.135	0.256161	58
14500	-54.5953	1.34249	-50.3361	5006.49	14.7311	4966.53	-36.096	1.28896	-31.4217	5006.36	14.7423	4966	2.48023	0.0212252	2.734	55.2425	0.25519	58
15000	-53.0836	1.29728	-43.3059	5006.89	14.7341	4965.9	-34.0073	1.27434	-29.4338	5006.85	14.7328	4967	2.46809	0.021156	2.582	55.3025	0.255079	58
15500	-50.4385	1.30172	-48.8603	5007.15	14.7372	4967.43	-32.0881	1.26102	-27.6584	5007.56	14.7435	4968	2.47085	0.0213311	2.6755	55.4	0.254311	58
16000	-48.722	1.28882	-43.2922	5007.5	14.7389	4967.58	-30.2393	1.24322	-25.1443	5007.22	14.7421	4968	2.48932	0.0210836	2.6605	55.46	0.255532	57
16500	-46.6349	1.27457	-42.1993	5007.67	14.7378	4967.66	-28.5083	1.22953	-24.2251	5008.25	14.754	4968	2.47351	0.0210285	2.6215	55.5575	0.255475	58.5
17000	-45.1009	1.24647	-29.9578	5008.25	14.7383	4967.82	-26.947	1.21902	-23.0888	5007.82	14.7398	4967.5	2.47437	0.0210056	2.6795	55.62	0.255764	58
17500	-43.9431	1.22831	-35.3008	5008.63	14.733	4966.64	-25.6153	1.2114	-21.9763	5008.79	14.7696	4967	2.47604	0.0207539	2.5455	55.6825	0.255793	58.5
18000	-42.2756	1.22	-33.5303	5008.91	14.7428	4962.66	-24.3975	1.20448	-21.5517	5009.22	14.7538	4968.5	2.47469	0.0209505	2.5375	55.7625	0.254218	58.5
18500	-41.2668	1.23167	-30.1574	5009.18	14.7431	4965.26	-23.2495	1.19832	-21.0428	5009.26	14.7637	4967	2.46894	0.0211108	2.79	55.8225	0.253798	58.5
19000	-40.1946	1.2172	-44.926	5008.93	14.7423	4965.92	-22.1785	1.19135	-19.5668	5009.89	14.7537	4971	2.47344	0.0213461	2.7165	55.8825	0.253762	58.5
19500	-38.7293	1.20084	-41.2191	5009.67	14.7612	4960.56	-21.2587	1.18694	-19.2031	5009.71	14.7579	4954	2.47268	0.0210282	2.647	55.9325	0.255162	58.5
20000	-38.2474	1.21077	-38.5407	5010.16	14.7569	4961.52	-20.39	1.18427	-18.7456	5010.93	14.7599	4966.5	2.46876	0.0209167	2.4935	56.0325	0.256233	58.5
