#mutation_rate	indel_prob	indel_power	crossover_cross_rate	crossover_prob
#0.01	0.2	-1.5	0.02	0.05
#gen	avgfit_mean	avgfit_sd	avgbits_mean	avgbits_sd	fit_mean	fit_sd	bits_mean	bits_sd	cpu_mean	cpu_sd	genes_mean	genes_sd
0		-467.992	7.98392	4899.02	105.355	-113.665	1.49355	4907.85	105.314	0	0	51.05	0.985364
1000		-467.75	7.9394	4901.77	105.236	-108.898	1.50032	4906.39	104.99	1.09632	0.082737	51.095	0.981553
2000		-467.052	8.21412	4901.85	105.194	-105.216	1.50571	4909.5	105.096	1.11897	0.0761448	51.125	0.985777
3000		-458.906	7.74639	4903.08	104.952	-101.246	1.49898	4907.59	105.106	1.1383	0.0867822	51.21	0.988745
4000		-456.087	7.88579	4901.81	104.889	-97.6575	1.48558	4913.35	105.286	1.11549	0.0792755	51.115	0.987947
5000		-452.221	8.03356	4905.15	104.98	-94.1574	1.47692	4907.27	105.144	1.11415	0.0706401	51.14	0.984963
6000		-449.142	8.04765	4907.11	104.923	-90.7968	1.44312	4917.4	105.428	1.13891	0.075069	51.26	0.989346
7000		-448.687	8.08721	4909.01	104.898	-88.0722	1.45399	4917.88	105.372	1.10081	0.0752381	51.305	0.98726
8000		-450.492	8.23005	4910.32	104.883	-84.9357	1.44275	4914.27	105.236	1.07818	0.0726777	51.33	0.985603
9000		-448.219	8.14294	4913.81	104.959	-82.6708	1.43674	4916.69	105.006	1.11808	0.0690322	51.425	0.985917
10000		-442.137	7.99299	4913.26	105.033	-80.5524	1.40555	4917.85	105.204	1.12226	0.0809913	51.445	0.980301
11000		-435.986	7.99435	4914.14	105.125	-78.0617	1.36688	4916.36	105.168	1.05418	0.0720033	51.41	0.982208
12000		-438.973	7.98078	4913.82	105.013	-75.8809	1.34568	4927.65	105.025	1.0647	0.0638445	51.52	0.983787
13000		-439.934	8.23194	4915.57	105.012	-73.9236	1.33352	4928.78	105.543	1.07094	0.0596007	51.47	0.989643
14000		-436.735	8.06098	4920.34	105.108	-72.1458	1.31624	4932.77	105.112	1.07814	0.0642756	51.585	0.985071
15000		-430.616	8.18376	4926.81	105.333	-70.4638	1.31756	4935.15	105.393	1.10839	0.0590791	51.615	0.978273
16000		-433.728	7.93099	4927.43	105.317	-68.711	1.27646	4934.2	105.716	1.10739	0.0632639	51.715	0.984895
17000		-430.419	7.96102	4930.52	105.342	-66.683	1.22943	4940.07	105.573	1.05997	0.0660895	51.745	0.986848
18000		-429.863	7.88307	4936.85	105.512	-65.1938	1.22628	4937.45	105.765	1.09721	0.0624408	51.725	0.984782
19000		-430.074	7.96496	4937.33	105.543	-63.814	1.1955	4941.97	105.811	1.06487	0.0586259	51.79	0.986099
20000		-429.124	7.8296	4939.63	105.713	-62.1955	1.19212	4946.99	105.771	1.18228	0.0898977	51.84	0.989478
21000		-422.976	8.04348	4939.91	105.57	-61.0577	1.18802	4948.64	105.816	1.19189	0.0919143	51.92	0.985609
22000		-427.871	7.99785	4941.47	105.774	-59.7154	1.17903	4946.32	105.933	1.24653	0.115413	52.02	0.987789
23000		-426.349	8.0249	4945.12	105.84	-58.287	1.14797	4953.62	105.97	1.24493	0.117715	52.125	0.985751
24000		-421.67	7.78765	4945.89	105.755	-57.1618	1.14785	4954.74	106.08	1.11037	0.0748043	52.14	0.987689
25000		-418.087	8.22285	4949.38	105.871	-55.8394	1.1369	4959.69	105.971	1.09767	0.0656513	52.175	0.983902
26000		-420.248	7.96192	4950.46	105.803	-54.6928	1.10961	4959.73	105.943	1.12969	0.076539	52.255	0.988603
27000		-416.518	7.79147	4954.36	106.11	-53.6891	1.10087	4964.48	106.287	1.09615	0.0649443	52.285	0.991303
28000		-419.659	8.02522	4956	105.956	-52.783	1.08098	4965.35	106.582	1.1666	0.0914783	52.33	0.989648
29000		-418.647	7.92194	4957.98	105.989	-51.744	1.04901	4966.99	106.418	1.31353	0.120205	52.385	0.987476
30000		-420.382	8.14347	4961.94	106.218	-50.6457	1.03731	4969.48	106.794	1.20417	0.0940423	52.48	0.989669
31000		-417.203	7.74336	4963.74	106.436	-49.5051	1.00263	4972.23	106.685	1.18571	0.0740538	52.5	0.988807
32000		-414.818	8.25846	4967.3	106.547	-48.4884	0.984651	4971.1	106.543	1.21574	0.0930685	52.54	0.992303
33000		-418.791	8.19537	4968.95	106.627	-47.5445	0.956227	4974.68	106.834	1.17836	0.0846416	52.55	0.990856
34000		-414.88	8.15775	4971.82	106.817	-46.5763	0.942322	4986.69	107.014	1.16951	0.0881703	52.665	0.993883
35000		-416.848	8.19778	4977.17	106.8	-45.8737	0.926033	4988.33	107.073	1.16715	0.0871016	52.755	0.994924
36000		-412.742	7.72117	4979.15	106.775	-45.1564	0.913086	4992.02	107.571	1.16388	0.0845883	52.835	0.996924
37000		-409.631	7.78546	4980.86	106.902	-44.3386	0.888029	4996.96	107.56	1.20794	0.0834634	52.895	0.997797
38000		-412.105	8.09698	4985.58	106.995	-43.595	0.875313	4991.44	107.361	1.11899	0.0710214	52.905	0.996113
39000		-413.982	8.03182	4989.2	107.17	-42.8364	0.854632	4999.07	107.643	1.09878	0.0690171	52.995	1.0022
40000		-408.878	7.7272	4989.03	107.223	-42.2497	0.843546	5009.32	107.599	1.11232	0.0720594	53.1	0.998164
41000		-409.919	8.17568	4993.86	107.241	-41.3534	0.827326	5012.17	107.995	1.10151	0.0574458	53.105	1.00036
42000		-407.315	8.21528	5000.11	107.547	-40.7082	0.819387	5012.24	108.009	1.09294	0.0713661	53.205	1.00202
43000		-411.981	8.35741	5002.41	107.665	-40.1823	0.807116	5006.04	107.838	1.06393	0.0635203	53.2	1.00401
44000		-408.776	8.1511	5004.57	107.717	-39.4278	0.798092	5008.1	107.84	1.11836	0.0731102	53.28	1.00519
45000		-410.568	8.10808	5006	107.827	-38.8842	0.796484	5008.88	107.774	1.08163	0.063189	53.275	1.0012
46000		-403.902	7.96551	5008.21	107.905	-38.3414	0.794332	5011.67	107.728	1.17269	0.0848575	53.31	1.00169
47000		-404.101	8.0702	5010.32	107.861	-37.6887	0.770567	5010.44	107.982	1.07016	0.0679601	53.285	1.00284
48000		-398.779	7.88983	5011.26	108.061	-37.1502	0.763867	5010.1	108.174	1.08368	0.0733512	53.355	1.00825
49000		-401.655	7.8314	5010.43	107.929	-36.5971	0.751689	5012.45	107.825	1.06278	0.0678322	53.42	1.00734
50000		-404.404	7.82264	5009.03	107.825	-36.0402	0.739936	5018.13	107.855	1.10476	0.0766158	53.455	1.00538
