#gen	avgfit_mean	avgfit_sd	avgbits_mean	avgbits_sd	fit_mean	fit_sd	bits_mean	bits_sd	cpu_mean	cpu_sd	genes_mean	genes_sd
0		-3005.92	153.218	5000	0	-994.233	48.1389	5000	0	0	0	48.43	0.448399
1000		-985.963	12.1254	4719.42	76.0289	-453.994	5.80094	4719.34	104.247	0.16861	0.000920682	45.62	1.10944
2000		-789.236	11.9862	4350.12	134.68	-377.902	5.07548	4564.34	125.726	0.15883	0.00316206	44.66	1.31366
3000		-719.226	11.333	4264.93	141.144	-336.634	4.85833	4440.23	137.249	0.15332	0.00367495	43.09	1.38426
4000		-676.278	11.1203	4285.99	142.143	-305.098	5.28596	4444.61	137.294	0.15359	0.00374679	43.07	1.34241
5000		-646.952	11.3132	4279.92	145.383	-283.706	5.24228	4449.02	137.387	0.15383	0.00385018	43.68	1.36898
6000		-619.356	10.8532	4293.4	144.967	-264.774	4.99692	4368.66	145.354	0.15403	0.00390492	42.7	1.42244
7000		-605.598	10.9548	4313.57	146.059	-246.222	4.91394	4403.11	148.61	0.15414	0.00386915	43.71	1.44951
8000		-595.677	11.5775	4326.92	145.897	-231.822	4.68898	4428.65	149.944	0.15353	0.00383633	44	1.45526
9000		-585.327	11.6376	4362.68	146.994	-217.001	4.44612	4449.69	153.687	0.15435	0.00385021	44.28	1.5079
10000		-567.126	11.3928	4387.51	147.786	-207.649	4.27365	4486.24	156.119	0.15596	0.00391276	45.03	1.51093
11000		-559.257	11.8851	4416.57	148.382	-199.488	4.15554	4462.95	152.951	0.1566	0.00394154	44.77	1.45358
12000		-553.231	11.764	4439.74	149.05	-191.742	4.04475	4487.93	155.139	0.15666	0.00392997	45.06	1.48914
13000		-551.7	12.2006	4448.06	149.114	-185.69	4.00355	4447.01	148.488	0.15626	0.00386556	44.61	1.4328
14000		-535.119	11.1071	4449.99	149.025	-177.959	3.89752	4455.16	147.459	0.157	0.00394021	44.66	1.41373
15000		-529.31	11.4714	4458.1	148.98	-172.163	3.87099	4492.77	151.959	0.15713	0.00391564	45.12	1.47712
16000		-524.786	11.8643	4459.76	148.554	-164.464	3.82346	4506.24	152.991	0.15794	0.00395604	45.34	1.47957
17000		-516.369	11.5882	4463.26	147.749	-158.388	3.69063	4475.47	148.09	0.15734	0.00388088	45.13	1.45273
18000		-509.479	11.8454	4463.54	147.691	-152.39	3.73625	4471.62	148.047	0.15733	0.00388881	45.06	1.43793
19000		-508.715	11.8829	4465.78	147.683	-146.916	3.68986	4494.73	148.782	0.1576	0.00389387	45.24	1.45096
20000		-502.543	11.7986	4466.43	146.819	-142.51	3.63828	4492.84	147.482	0.15714	0.00387429	45.49	1.43875
21000		-504.128	12.1165	4469.66	146.564	-138.811	3.57086	4493.84	146.583	0.15795	0.00388991	45.48	1.41789
22000		-498.571	11.8602	4475.39	146.749	-133.7	3.42262	4519.67	147.845	0.15703	0.00384465	45.8	1.42141
23000		-500.381	11.9549	4485.69	146.376	-128.963	3.39174	4556.16	150.019	0.15771	0.00385233	46.26	1.44541
24000		-489.298	12.1613	4496.32	145.605	-125.216	3.40315	4529.65	146.163	0.1582	0.00386277	46.2	1.4297
25000		-482.372	11.956	4508.64	145.366	-121.086	3.36062	4560.89	149.711	0.15837	0.00378676	46.4	1.44341
26000		-487.228	12.2963	4520.48	145.913	-117.823	3.39742	4554.47	150.635	0.1583	0.00383573	46.36	1.45869
27000		-480.085	12.1995	4541.62	147.886	-115.059	3.40461	4559	150.906	0.16007	0.0038891	46.44	1.45667
28000		-471.173	11.9234	4552.81	148.308	-112.417	3.39699	4542.39	146.961	0.16002	0.00394482	46.5	1.43256
29000		-473.718	11.7962	4555.21	148.036	-109.145	3.35605	4581.7	151.568	0.15967	0.00391921	46.77	1.46459
30000		-470.973	11.8925	4556.9	148.068	-106.033	3.27888	4572.42	150.069	0.15954	0.00390365	46.79	1.44672
31000		-465.194	11.3605	4562.93	147.786	-103.825	3.24147	4575.94	147.391	0.15968	0.00392044	46.99	1.42846
32000		-466.069	12.2897	4572.47	148.105	-101.38	3.18185	4576.05	147.589	0.1602	0.0039312	47.05	1.43944
33000		-468.405	11.8975	4575.07	148.361	-98.8608	3.16341	4584.74	147.195	0.1599	0.0038923	47.09	1.44174
34000		-461.285	12.228	4580.95	148.173	-96.7559	3.15169	4583.51	147.768	0.1601	0.00385255	47.1	1.45043
35000		-457.996	11.5749	4577.96	147.335	-95.0047	3.13879	4592.24	148.039	0.1597	0.00384607	47.2	1.4397
36000		-459.164	12.0141	4577.75	147.535	-93.0056	3.11772	4603.52	148.362	0.15982	0.00386942	47.29	1.44161
37000		-461.911	11.8871	4582.75	147.698	-90.6394	3.07803	4603.12	147.773	0.15961	0.00384529	47.4	1.44131
38000		-462.921	12.5936	4592.87	147.994	-88.8284	3.0593	4609.86	148.548	0.16039	0.00386993	47.35	1.45132
39000		-462.553	12.2315	4596.61	147.853	-86.9799	3.05734	4613.79	148.81	0.1611	0.00390621	47.5	1.44771
40000		-456.956	11.8788	4602.17	148.138	-85.2845	3.02594	4618.49	148.487	0.16061	0.0039277	47.56	1.42923
41000		-460.475	12.2473	4610.78	148.19	-83.6838	2.99832	4621.75	148.79	0.15966	0.00383219	47.51	1.43812
42000		-455.493	11.7336	4615.17	148.329	-82.2379	2.98578	4627.88	148.587	0.16096	0.00388844	47.69	1.44073
43000		-445.406	11.7002	4617.87	148.212	-80.62	2.99073	4630.82	148.774	0.16156	0.00386255	47.71	1.44056
44000		-442.862	11.3565	4617.53	148.21	-79.2269	2.93874	4636.7	148.973	0.16169	0.00387897	47.65	1.42923
45000		-440.419	11.5942	4624.87	148.441	-77.7253	2.87942	4637.47	149.118	0.16083	0.00388915	47.67	1.43232
46000		-444.728	11.6127	4631.96	148.603	-76.0065	2.81324	4639.46	149.383	0.16112	0.00395015	47.83	1.4268
47000		-443.311	11.5722	4636.63	148.709	-74.1287	2.73547	4653.1	149.472	0.16174	0.00393204	48.02	1.42446
48000		-445.104	11.5548	4640.47	148.843	-73.0881	2.67992	4650.11	149.415	0.16166	0.00394792	48	1.42262
49000		-441.469	12.0817	4642.84	148.833	-71.7904	2.67688	4652.73	148.966	0.16134	0.0038864	48.08	1.42018
50000		-442.673	12.0723	4643.16	149.08	-70.2445	2.67964	4652.57	149.316	0.16126	0.00388695	48.08	1.42706
51000		-490.638	11.5131	4645.09	149.236	-125.233	3.03614	4643.84	149.472	0.16132	0.00390405	47.85	1.42683
52000		-482.4	11.6869	4643.38	149.299	-121.546	3.04824	4647.99	150.553	0.16094	0.00390529	48.01	1.43051
53000		-482.612	11.7546	4642.24	149.128	-117.704	2.97209	4651.73	150.044	0.16148	0.00393973	47.95	1.43741
54000		-486.903	12.5194	4642.19	149.352	-114.852	2.98987	4632.37	149.391	0.16113	0.00388368	47.73	1.42863
55000		-474.595	12.0657	4644.76	149.597	-112.219	2.96005	4638.47	149.559	0.16114	0.00391604	47.78	1.44247
56000		-474.421	12.1681	4644.16	149.804	-110.037	2.9333	4646.61	149.803	0.16151	0.00394112	47.95	1.44351
57000		-472.352	12.0168	4641.64	149.83	-107.705	2.89667	4641.31	149.783	0.16169	0.00393741	47.87	1.44444
58000		-468.849	12.0375	4645.26	149.791	-104.628	2.85005	4645.51	149.998	0.16135	0.00393866	47.89	1.43969
59000		-471.103	12.0826	4647.57	149.883	-101.559	2.84656	4652.04	150.189	0.16202	0.00394774	47.99	1.44456
60000		-463.837	11.4761	4647.09	150.059	-99.8862	2.82783	4654.85	150.348	0.16147	0.00395836	47.99	1.43629
61000		-467.878	12.0915	4649.04	150.098	-97.9584	2.78342	4659.06	150.963	0.16166	0.00394552	47.97	1.43713
62000		-462.919	11.8179	4653.12	150.129	-95.5924	2.685	4655.71	150.687	0.16255	0.0039903	47.94	1.43891
63000		-466.449	12.0621	4654.38	150.278	-93.596	2.70205	4658.03	150.618	0.16202	0.00396074	47.95	1.44064
64000		-454.784	11.3766	4654.7	150.246	-91.8516	2.68884	4667.13	151.026	0.16184	0.00398575	47.98	1.44187
65000		-462.74	12.4881	4659.59	150.668	-89.7308	2.68054	4677.64	151.487	0.16145	0.00396305	48.21	1.45452
66000		-460.153	12.0664	4660.45	150.831	-88.1031	2.69344	4676.13	151.31	0.16164	0.00394798	48.11	1.45101
67000		-456.702	12.1745	4664.69	150.898	-85.9273	2.7112	4676.24	151.277	0.16275	0.0039944	48.14	1.45748
68000		-451.623	11.975	4667.3	150.993	-84.6117	2.67454	4674.36	151.38	0.16184	0.00394374	48.21	1.46068
69000		-452.436	11.7348	4675.59	151.375	-82.2414	2.63024	4675.51	151.244	0.16151	0.0039444	48.24	1.45548
70000		-455.665	11.819	4676.05	151.267	-80.7533	2.65472	4682.38	151.553	0.16217	0.00397822	48.3	1.46063
71000		-453.921	12.0127	4676.81	151.363	-78.9853	2.60874	4683.15	151.298	0.16337	0.00401421	48.35	1.45882
72000		-452.266	12.0609	4679.48	151.136	-77.5693	2.59384	4687.34	151.212	0.16223	0.00398968	48.42	1.45152
73000		-447.678	11.6337	4680.6	150.803	-76.5044	2.59414	4689.79	151.491	0.16294	0.0039977	48.46	1.45411
74000		-445.647	12.3605	4684	151.096	-75.2529	2.5668	4686.88	151.663	0.16233	0.00400633	48.48	1.45703
75000		-446.926	12.2812	4685.88	151.053	-73.8192	2.56667	4693.6	152.104	0.16245	0.00398676	48.56	1.45674
76000		-441.02	11.6247	4688.61	151.404	-72.5582	2.53622	4699.98	152.104	0.16344	0.00402224	48.65	1.4541
77000		-439.299	11.5177	4692.13	151.594	-71.7443	2.5374	4704.95	152.374	0.16339	0.00402196	48.73	1.46307
78000		-430.926	11.0328	4695.21	151.972	-70.6354	2.4737	4704.48	152.067	0.16307	0.00402264	48.81	1.45427
79000		-432.312	11.7685	4695.82	152.136	-69.5958	2.46089	4705.62	152.263	0.16365	0.00404898	48.79	1.45958
80000		-434.626	11.315	4702.46	152.19	-68.6583	2.43966	4699.76	151.93	0.16379	0.00404638	48.7	1.44813
81000		-443.011	11.9461	4703.75	151.992	-67.6014	2.35223	4698.31	151.881	0.16257	0.00403828	48.75	1.4548
82000		-442.104	12.1909	4707.47	152.116	-66.5931	2.32153	4710.08	152.172	0.16313	0.00402521	48.79	1.45452
83000		-434.121	11.6374	4706.95	152.275	-65.0476	2.30383	4714.76	152.214	0.1639	0.00404933	48.82	1.4541
84000		-435.973	11.6083	4710.16	152.101	-64.1984	2.30352	4711.5	152.112	0.16335	0.00402932	48.88	1.45055
85000		-433.609	11.7013	4708.11	151.948	-63.1259	2.22316	4715.25	151.69	0.16299	0.00399751	48.97	1.44959
86000		-428.257	11.378	4707.67	151.557	-62.3782	2.22896	4711.18	151.139	0.16373	0.00406376	48.98	1.44704
87000		-433.188	12.0095	4708.22	151.469	-61.2406	2.19348	4719.56	151.681	0.1625	0.00397935	49.01	1.4491
88000		-427.985	11.7925	4711.36	151.684	-60.3793	2.12848	4722.15	152.325	0.1628	0.00393546	49.1	1.45439
89000		-431.54	11.3799	4717.9	151.77	-59.7665	2.11018	4723.64	152.556	0.16292	0.00399506	49.12	1.46137
90000		-434.548	11.8971	4720.55	151.731	-58.8075	2.01459	4723.78	152.144	0.16305	0.00397491	49.11	1.45379
91000		-429.004	11.5198	4724.06	151.765	-57.9134	1.98957	4733.08	151.899	0.16333	0.00401117	49.18	1.4523
92000		-423.8	11.1284	4725.09	151.969	-57.1598	1.99525	4735.33	152.288	0.16438	0.00404117	49.19	1.45642
93000		-433.026	12.2251	4724.88	152.042	-56.1696	1.96765	4735.04	152.296	0.16354	0.00397808	49.2	1.45886
94000		-428.224	11.6431	4726.6	152.152	-55.3156	1.93808	4742.88	151.819	0.16377	0.00402366	49.37	1.45926
95000		-430.935	11.4574	4729.9	152.081	-54.4657	1.85735	4740.81	151.694	0.16405	0.00400084	49.46	1.45848
96000		-428.56	11.88	4734.62	151.73	-53.5824	1.81153	4756.74	152.973	0.16373	0.00396932	49.56	1.46103
97000		-420.601	11.2826	4736.72	151.771	-52.9823	1.81024	4752.11	153.133	0.16415	0.00399422	49.5	1.45973
98000		-425.237	11.7021	4739.07	151.716	-52.1229	1.75566	4746.46	153.135	0.16361	0.00400129	49.52	1.46042
99000		-426.688	11.7857	4741.22	152.165	-51.4986	1.73803	4743.79	152.97	0.1631	0.00399493	49.42	1.45929
100000		-418.149	11.6781	4743.67	152.528	-50.7087	1.71316	4746.05	153.03	0.16354	0.00398828	49.5	1.46987
101000		-488.708	11.8447	4747.08	152.726	-125.929	2.76301	4735.15	152.412	0.16456	0.00401264	49.38	1.46175
102000		-493.443	12.4863	4743.84	152.453	-120.842	2.58603	4744.54	153.063	0.16461	0.00403086	49.43	1.45639
103000		-490.309	12.5051	4742.29	152.36	-117.401	2.58196	4745.49	153.078	0.16386	0.00400356	49.42	1.46095
104000		-483.3	12.2	4742.63	152.476	-114.285	2.59073	4760.22	153.699	0.16425	0.00405645	49.6	1.47189
105000		-484.85	12.4316	4743.39	152.477	-111.757	2.53472	4768.19	153.835	0.16424	0.00402957	49.55	1.47281
106000		-488.008	12.416	4748.48	152.98	-108.984	2.55122	4765.86	153.395	0.16393	0.00404323	49.59	1.45561
107000		-478.264	12.2025	4755.52	153.287	-106.371	2.49615	4770.56	153.581	0.16476	0.00403079	49.52	1.45049
108000		-480.928	12.2144	4759.73	153.353	-103.117	2.44746	4766.8	154.056	0.16458	0.00401271	49.63	1.46009
109000		-479.468	12.6771	4764.25	153.57	-100.739	2.38463	4783.02	155.327	0.16496	0.00401389	49.82	1.46325
110000		-475.747	12.8939	4765.08	153.482	-98.0981	2.41283	4786.55	155.459	0.16544	0.0040298	49.79	1.46916
111000		-473.073	12.6662	4769.11	153.608	-95.657	2.3967	4772.53	155.054	0.16474	0.00403854	49.75	1.45889
112000		-465.437	12.5348	4767.05	153.633	-93.7945	2.39602	4784.56	155.441	0.16503	0.00401561	49.94	1.47209
113000		-463.393	12.339	4772.32	154.288	-91.4609	2.38004	4785.65	154.94	0.16529	0.00408783	49.97	1.4724
114000		-463.236	12.1457	4776.85	154.73	-89.2129	2.3467	4795.97	155.556	0.16491	0.00408775	50.23	1.4712
115000		-460.836	12.5124	4787.69	155.081	-86.7832	2.26876	4794.45	155.52	0.16519	0.00406795	50.18	1.46407
116000		-463.094	12.7928	4786.44	154.975	-84.1409	2.29215	4799.92	155.825	0.16505	0.00407075	50.18	1.47445
117000		-457.867	12.2991	4792.01	155.26	-82.6375	2.24558	4796.76	155.812	0.1653	0.00407554	50.13	1.48131
118000		-457.682	12.1204	4792.49	155.531	-80.7682	2.20979	4799.53	155.931	0.16502	0.00412925	50.14	1.47874
119000		-455.386	12.0656	4798.47	155.766	-78.7875	2.2124	4810.48	155.883	0.16489	0.00406219	50.34	1.48448
120000		-457.126	12.3876	4801.89	155.705	-77.4135	2.17959	4815.72	155.948	0.16536	0.00411458	50.35	1.4927
121000		-454.82	12.3143	4804.94	155.837	-75.5686	2.15959	4818.9	155.481	0.16568	0.00408804	50.28	1.48181
122000		-458.948	12.6041	4806.52	155.708	-73.9038	2.1371	4821.19	155.904	0.16576	0.00408006	50.35	1.4906
123000		-444.615	11.7025	4812.91	155.621	-72.6516	2.13945	4827.04	156.308	0.16591	0.00412649	50.34	1.49289
124000		-451.328	12.2898	4815.73	155.773	-71.0158	2.0777	4833.28	157.074	0.16504	0.00408807	50.46	1.49426
125000		-444.547	12.2939	4819.15	155.862	-69.4604	2.04873	4840.75	156.742	0.16576	0.0040857	50.52	1.49163
126000		-447.263	12.4482	4824.94	155.903	-68.1331	2.06834	4847.08	156.942	0.1657	0.00414713	50.58	1.4991
127000		-443.51	12.3391	4831.56	156.451	-67.1439	2.04033	4845.09	156.902	0.16528	0.0040452	50.59	1.50125
128000		-441.646	12.1509	4837.18	156.641	-66.0298	2.03769	4843.24	156.842	0.16626	0.00411832	50.6	1.49193
129000		-449.81	12.0986	4841.92	156.913	-65.0969	2.02471	4842.3	157.259	0.16648	0.00410325	50.65	1.48965
130000		-446.455	12.398	4844.15	156.991	-63.8554	1.98883	4846.55	157.322	0.16602	0.00408201	50.69	1.49441
131000		-447.277	12.4948	4845.67	157.074	-63.0414	1.97305	4852.8	157.703	0.1664	0.00412041	50.75	1.49311
132000		-446.615	12.3021	4846.5	157.188	-61.911	1.97636	4851.63	157.686	0.16618	0.00411902	50.73	1.48493
133000		-443.038	12.2096	4848.25	157.229	-60.6929	1.94547	4855.99	157.889	0.16629	0.00411028	50.84	1.49239
134000		-439.707	11.8554	4850.27	157.386	-59.8886	1.92333	4855.69	157.611	0.16639	0.0041407	50.88	1.48992
135000		-438.317	12.2813	4850.3	157.188	-58.9577	1.89984	4858.86	157.282	0.16599	0.00413173	50.96	1.4867
136000		-434.867	12.2158	4851.22	157.136	-58.1253	1.91132	4864.14	158.393	0.16689	0.00417101	51	1.49572
137000		-434.264	11.9864	4854.58	157.536	-57.1132	1.90371	4871.27	158.546	0.16604	0.00412509	51.15	1.49784
138000		-434.405	12.2962	4859.42	158.065	-56.0725	1.91999	4877.36	158.657	0.1669	0.00415377	51.34	1.49816
139000		-435.469	12.1861	4858.24	158.077	-55.606	1.91425	4874.46	158.203	0.16637	0.00417478	51.36	1.49973
140000		-440.54	12.2468	4866.82	158.336	-54.4635	1.88378	4877.45	158.388	0.16667	0.00420322	51.29	1.50315
141000		-442.453	12.7308	4868.68	158.083	-53.7671	1.86524	4885.46	158.927	0.16582	0.00412123	51.38	1.50566
142000		-434.158	12.1321	4876.86	158.478	-52.937	1.84712	4885.42	159.03	0.16688	0.00408157	51.41	1.50756
143000		-433.038	11.8632	4879.68	158.545	-52.2556	1.85396	4888.32	158.996	0.16766	0.00420001	51.49	1.5043
144000		-426.988	11.9929	4881.77	158.823	-51.6868	1.83357	4890.84	159.251	0.16719	0.0041683	51.44	1.50577
145000		-428.629	11.5633	4885.7	158.873	-50.9244	1.81618	4901.51	159.804	0.16744	0.00418519	51.55	1.50758
146000		-436.785	12.4466	4888.57	159.223	-50.3701	1.8103	4900.55	160.414	0.16692	0.00421006	51.61	1.5125
147000		-427.692	11.8763	4890.28	159.364	-49.633	1.82744	4899.12	160.148	0.16772	0.00420118	51.65	1.52092
148000		-430.928	11.847	4895.01	159.381	-49.0177	1.81073	4902.37	160.419	0.16797	0.00424848	51.66	1.51459
149000		-425.806	11.824	4894.76	159.396	-48.4477	1.81299	4908.19	160.672	0.16829	0.00428236	51.72	1.51218
150000		-430.636	12.2003	4901.59	160.094	-47.795	1.79068	4914.73	160.734	0.16857	0.0042963	51.72	1.51405
