#gen	avgfit_mean	avgfit_sd	avgbits_mean	avgbits_sd	fit_mean	fit_sd	bits_mean	bits_sd	cpu_mean	cpu_sd	genes_mean	genes_sd
0		-3237.09	153.482	5000	0	-985.921	41.0263	5000	0	0	0	49.5851	0.460623
1000		-1039.84	14.6527	4918.19	33.7561	-461.756	7.24181	4947.04	45.9927	5.2119	0.104252	48.234	0.667311
2000		-880.956	13.5424	4804.22	72.15	-377.959	5.54818	4955.73	52.9206	6.01182	0.230257	48.8404	0.715918
3000		-799.228	13.614	4816.46	70.3388	-327.865	5.39777	4893.59	60.1153	6.52979	0.348179	48	0.762451
4000		-709.803	13.2561	4867.95	58.384	-284.465	5.01447	4911.11	60.436	7.00041	0.468159	48.2766	0.753912
5000		-632.442	13.7854	4892.87	59.7812	-257.74	4.96972	4913.85	60.7613	6.82516	0.398755	48.1915	0.745654
6000		-547.585	12.2487	4900.07	61.0627	-227.482	4.76077	4897.33	62.3956	6.41636	0.297343	47.7234	0.764759
7000		-479.786	11.1267	4907.64	61.7853	-203.271	4.67578	4916.97	61.5481	6.21456	0.265557	48.3085	0.706545
8000		-427.086	11.3584	4912.25	62.2081	-178.964	4.45135	4930.81	63.2069	6.3467	0.347518	48.6915	0.736042
9000		-382.084	10.6564	4923.59	61.5578	-158.532	4.34258	4926.83	62.1227	6.40934	0.386309	48.6915	0.713953
10000		-344.402	9.68217	4931.12	61.3281	-142.513	3.99722	4941.13	62.2995	6.91211	0.476968	48.9362	0.710546
11000		-315.4	8.19366	4944.32	62.2028	-126.702	3.64796	4970.26	68.2543	6.51734	0.442182	49.1064	0.800719
12000		-287.114	6.54945	4947.76	62.8212	-113.524	3.35626	4979.32	68.9935	6.36895	0.40872	49.4468	0.795437
13000		-271.841	5.38655	4964.28	65.3956	-104.307	3.15267	4984.79	69.2734	6.7415	0.500739	49.7128	0.797878
14000		-261.996	5.57093	4979.51	68.8396	-96.3789	2.92199	4990.27	69.827	6.53017	0.503141	49.8723	0.805954
15000		-248.392	5.63719	4987.86	69.3407	-89.4228	2.80032	4996.17	70.3437	6.49818	0.582297	50.0426	0.795623
16000		-242.095	5.20955	4993.41	69.5462	-84.1074	2.70211	4998.98	69.7283	6.46305	0.485336	50.2872	0.79515
17000		-242.18	5.25707	5000.92	69.6377	-78.8771	2.64762	5017.7	70.9233	6.71676	0.588044	50.5532	0.799453
18000		-232.294	5.10671	5011.54	70.152	-73.6712	2.48773	5035.45	72.2432	6.66767	0.542581	50.8617	0.789951
19000		-224.523	5.24581	5026.81	71.1946	-69.884	2.38613	5032.28	71.4327	6.52572	0.519461	50.9149	0.791839
20000		-218.979	4.93672	5031.49	71.5558	-65.8625	2.22527	5031.53	71.6357	6.21048	0.459419	51.0745	0.791056
21000		-214.441	4.36044	5033.74	71.5105	-61.5263	2.10696	5043.36	72.433	6.15367	0.382067	51.2872	0.793854
22000		-211.774	4.50195	5037.68	71.6155	-58.3934	2.01687	5040.4	71.9696	6.29237	0.430018	51.4574	0.793572
23000		-204.773	4.57336	5046.32	71.7633	-55.5954	1.97517	5059.8	71.7472	6.28763	0.405183	51.6064	0.795667
24000		-204.599	4.60386	5059.04	72.0472	-52.8414	1.83324	5066.59	72.2273	6.0766	0.32423	51.766	0.811356
25000		-204.452	4.31688	5065.78	72.078	-50.3399	1.78732	5071.23	71.7693	6.07507	0.341802	51.9468	0.820043
26000		-199.544	4.15397	5070.49	72.0275	-48.2705	1.72477	5075.4	72.8332	6.36251	0.405724	52	0.824582
27000		-199.588	4.19486	5075.71	72.5466	-46.3383	1.64953	5079.33	72.8017	5.79606	0.234647	52.1277	0.826555
28000		-193.832	3.74833	5082.93	72.4378	-44.5872	1.58908	5086.28	73.1723	5.64249	0.194346	52.266	0.819039
29000		-191.143	3.85696	5085.6	72.8137	-42.8576	1.54628	5091.44	73.1051	5.61959	0.236065	52.3936	0.819464
30000		-196.181	4.08648	5092.18	73.0194	-40.9188	1.47894	5097.79	73.4143	5.7384	0.228602	52.6064	0.829729
31000		-190.742	4.13631	5099.51	73.4034	-39.2051	1.4485	5107.4	73.1145	5.78803	0.253371	52.7979	0.824108
32000		-188.363	4.37285	5104.89	73.5401	-38.0781	1.45021	5113.72	73.8536	5.62291	0.176492	52.8617	0.81854
33000		-183.863	4.21205	5113.04	73.6262	-36.7178	1.40776	5115.2	73.7654	5.78878	0.233561	53.0957	0.827776
34000		-185.902	3.71186	5130.02	74.7756	-35.4717	1.37121	5141.57	76.6653	5.8106	0.229008	53.3085	0.825418
35000		-187.429	3.96062	5142.57	76.3194	-34.1277	1.33819	5137.71	73.8233	5.88329	0.281388	53.4362	0.823271
36000		-185.717	4.39603	5147.05	76.2288	-32.9615	1.27767	5151.96	76.3338	6.08796	0.313137	53.6489	0.838846
37000		-184.04	3.95294	5152.22	76.2433	-31.9653	1.26229	5157.49	76.4713	6.28333	0.343252	53.8617	0.842912
38000		-180.8	4.27867	5154.62	76.4009	-30.9108	1.2103	5162.94	76.2697	6.46448	0.423161	54	0.836701
39000		-189.292	4.57664	5158.81	76.1401	-29.763	1.16886	5167.62	76.7013	6.25459	0.309298	54.0957	0.832874
40000		-187.608	4.44442	5164.82	76.3315	-28.7293	1.08837	5171.68	76.0668	6.1933	0.40945	54.2979	0.828986
41000		-180.381	4.02707	5170.89	76.3681	-28.0142	1.04007	5168.06	75.8651	6.21034	0.364065	54.4043	0.828363
42000		-180.723	3.83864	5174.01	76.0533	-27.4224	1.01426	5176.99	75.6766	5.87402	0.241464	54.5745	0.831144
43000		-178.419	3.80161	5178.81	75.8808	-26.6868	0.953352	5185.83	76.0764	5.70652	0.200118	54.6702	0.830717
44000		-175.721	3.75077	5183.42	76.0098	-26.0247	0.920273	5187.26	76.0204	5.71126	0.187472	54.6702	0.833055
45000		-178.391	3.52937	5183.56	76.08	-25.4084	0.90144	5179.62	76.3518	5.92243	0.375861	54.766	0.834569
46000		-177.605	3.87458	5183.83	76.0785	-24.7394	0.88299	5195.64	77.2015	6.171	0.471178	54.8511	0.834642
47000		-175.854	3.90247	5191.06	76.75	-24.1728	0.874943	5190.99	77.0101	6.21132	0.420722	54.9043	0.837121
48000		-175.239	3.92075	5194.71	76.875	-23.4545	0.861794	5201.31	76.0896	6.16466	0.311227	55.0638	0.842669
49000		-176.168	4.0242	5198.78	76.6393	-22.8431	0.825433	5205.23	76.8327	6.27703	0.462058	55.1489	0.8454
50000		-176.789	3.56142	5203.21	76.6452	-22.2634	0.806749	5202.01	77.0664	6.21121	0.493889	55.2447	0.842109
51000		-234.469	4.17055	5204.91	77.1373	-81.2059	1.54141	5203.5	78.0139	6.75286	0.55039	55.0638	0.852789
52000		-225.821	4.17544	5201.86	77.3057	-74.4201	1.50996	5196.6	78.6647	6.63664	0.547978	55.117	0.852662
53000		-228.137	4.36482	5196.96	77.6858	-68.6064	1.45944	5186.97	77.388	6.61212	0.619547	55.2766	0.847892
54000		-216.263	4.18838	5197.25	77.7908	-62.5551	1.47178	5211.49	78.5871	6.21321	0.574652	55.3936	0.852308
55000		-218.768	4.26813	5206.34	78.0977	-58.2244	1.40981	5217.34	79.7342	6.21621	0.491241	55.5106	0.869649
56000		-211.179	4.0912	5209.41	78.662	-54.8837	1.40046	5215.57	79.7861	6.207	0.425275	55.5851	0.864592
57000		-203.236	4.07747	5214.87	79.53	-51.2653	1.38322	5213.99	78.6611	6.3665	0.348314	55.7872	0.849034
58000		-197.076	4.21419	5219.39	79.5877	-47.8416	1.28473	5232.31	80.4172	6.39098	0.348267	55.9149	0.863964
59000		-202.797	4.47688	5224.16	80.2599	-45.0964	1.26611	5228.68	80.9333	5.95164	0.240675	55.9574	0.863997
60000		-193.593	4.16005	5229.61	81.36	-42.7312	1.22238	5238.83	82.1503	5.89388	0.216172	56.1383	0.868841
61000		-190.388	3.9519	5238.87	81.4533	-40.2655	1.15315	5246.62	81.6067	5.88837	0.211771	56.3298	0.876808
62000		-195.037	3.94484	5245.39	82.144	-38.5063	1.12597	5247.41	82.4398	5.99702	0.243847	56.383	0.872979
63000		-188.961	4.31781	5249.01	82.3348	-36.9437	1.13242	5253.28	82.8817	6.04929	0.258384	56.617	0.879506
64000		-184.576	3.90937	5252.11	82.3707	-35.6782	1.10647	5254.84	81.7995	6.0959	0.254105	56.6064	0.872338
65000		-189.063	4.29059	5256.75	82.4703	-34.5249	1.05704	5258.36	82.4523	6.11376	0.274745	56.7553	0.875672
66000		-188.844	3.97378	5265.15	82.8602	-33.1463	1.02104	5271.05	83.2523	5.92921	0.223663	56.9894	0.890671
67000		-184.219	3.77927	5272.29	83.5561	-31.9389	1.00596	5282.87	84.1601	5.92713	0.240195	57.117	0.902836
68000		-185.688	3.94385	5276.95	83.7393	-30.7084	0.935099	5280.85	83.9057	6.00787	0.223627	57.1277	0.897674
69000		-184.73	3.81771	5283.95	83.9666	-29.5596	0.9188	5291.93	84.1662	5.88688	0.2077	57.2766	0.896421
70000		-183.51	4.00037	5290.65	83.8262	-28.6446	0.916998	5297.77	84.1821	6.05562	0.226387	57.4468	0.898869
71000		-180.386	4.37125	5297.76	83.7562	-27.7461	0.867547	5306.17	84.3015	6.20439	0.229745	57.5638	0.89797
72000		-181.869	4.26259	5306.74	84.0761	-26.8973	0.862351	5310.64	85.2192	6.3226	0.290363	57.7021	0.900295
73000		-184.11	4.02962	5309.98	84.5012	-26.1034	0.844672	5309.27	84.0903	6.41776	0.302718	57.7447	0.887125
74000		-178.454	3.56327	5314.76	85.1368	-25.3251	0.803316	5322.14	85.2509	6.70089	0.327637	57.9574	0.90056
75000		-182.349	4.23769	5315.07	85.3827	-24.6361	0.788087	5318.61	85.8029	7.08134	0.4622	58.0851	0.909501
76000		-176.726	4.15382	5321.68	85.7148	-23.5876	0.733455	5341.44	86.1734	7.40713	0.558999	58.3404	0.914755
77000		-175.75	3.94372	5334.93	85.7337	-22.998	0.720637	5343.49	86.6772	6.96071	0.420285	58.5745	0.923336
78000		-175.65	3.82509	5346.04	86.8129	-22.351	0.704502	5350.69	87.0133	7.21883	0.47373	58.5851	0.913486
79000		-180.383	4.24864	5352.63	87.0708	-21.6876	0.688608	5361.15	87.7711	7.11107	0.52004	58.766	0.920349
80000		-177.441	3.90917	5358.63	87.25	-21.2246	0.680011	5363.54	87.5156	7.04521	0.535847	58.883	0.921397
81000		-176.051	3.78357	5365.17	87.9059	-20.6514	0.65409	5382.23	89.1878	7.12023	0.559333	59.0957	0.915944
82000		-173.906	4.07171	5373.69	88.0944	-20.0532	0.622259	5386.65	90.0101	7.32298	0.629255	59.2021	0.924832
83000		-172.533	4.2894	5380.11	89.067	-19.666	0.613848	5384.27	90.451	6.94333	0.520817	59.1277	0.92256
84000		-172.411	4.30731	5385.02	89.4913	-19.2346	0.603546	5398.72	92.062	6.74522	0.496203	59.2872	0.929649
85000		-176.993	4.35277	5387.31	90.3925	-18.7222	0.584168	5394.67	92.4864	6.8503	0.539181	59.2766	0.937464
86000		-170.99	3.30257	5391.52	91.8235	-18.4498	0.5898	5398.8	93.566	6.91567	0.599653	59.3404	0.946589
87000		-174.099	4.02323	5394.01	92.1936	-18.0319	0.568783	5390.68	91.0113	6.88415	0.593553	59.3723	0.943858
88000		-172.178	3.66455	5399.61	92.2925	-17.7338	0.565107	5396.7	91.5891	6.76873	0.497533	59.5106	0.955273
89000		-172.788	4.02922	5401.18	92.6369	-17.3549	0.565737	5398.89	92.1471	6.9355	0.504739	59.5745	0.96145
90000		-172.75	4.37319	5400.21	92.449	-17.1107	0.565042	5406.89	93.4693	6.93355	0.464999	59.6702	0.972322
91000		-174.657	4.23709	5402.48	92.8529	-16.8465	0.549794	5407.54	92.7401	6.90384	0.438567	59.734	0.970531
92000		-170.735	3.8224	5405.96	92.988	-16.6348	0.550579	5415.36	94.9535	7.08705	0.524719	59.7872	0.97836
93000		-170.451	4.09482	5408.86	93.1072	-16.3677	0.538285	5421.82	95.2018	7.41972	0.625433	59.9362	0.985343
94000		-166.566	3.56037	5419.73	94.6028	-16.0427	0.536115	5422.09	93.7428	7.65391	0.673247	59.9468	0.974552
95000		-170.564	3.84955	5425.04	94.7827	-15.711	0.519765	5428.78	95.0714	7.31086	0.583049	60.0957	0.980486
96000		-170.654	4.46402	5433.55	95.5684	-15.4184	0.510312	5435.97	94.9832	7.20243	0.569389	60.2128	0.989637
97000		-170.828	3.92967	5436.77	95.6655	-15.1709	0.495761	5446.06	97.6318	7.10526	0.577698	60.3723	1.00068
98000		-174.259	3.79529	5447.82	97.6733	-14.9049	0.48631	5457.68	97.2013	7.36772	0.611966	60.5426	1.00873
99000		-171.025	4.06422	5461.59	98.9063	-14.715	0.484543	5460.88	98.3201	7.36302	0.624145	60.6064	1.01648
100000		-170.787	3.8489	5465.19	99.3459	-14.512	0.47687	5465.86	99.4536	7.49076	0.645607	60.6489	1.03039
101000		-241.349	4.48167	5481.15	103.671	-81.6899	1.26402	5496.2	108.715	7.63115	0.645662	60.8723	1.07999
102000		-238.294	4.88579	5496.84	109.376	-72.3469	1.41705	5508.47	118.757	8.37068	0.855106	60.7021	1.13601
103000		-227.874	4.18871	5511.45	114.721	-63.0491	1.46519	5541.23	120.707	8.50214	1.17282	61.1702	1.15139
104000		-218.454	5.30072	5534.75	117.613	-57.9916	1.48374	5554.5	121.477	8.33404	1.20775	61.117	1.14713
105000		-219.221	4.08745	5549.83	119.62	-53.632	1.49255	5561.32	121.949	8.18209	1.18919	61.2872	1.1492
106000		-207.793	5.12977	5561.82	121.731	-49.6029	1.38641	5572.36	125.18	7.8748	0.882789	61.3511	1.15754
107000		-205.182	4.72842	5573.8	122.627	-45.6047	1.2875	5597.7	123.99	7.92133	0.789313	61.5	1.15932
108000		-201.27	4.46113	5587.89	123.518	-42.9568	1.24875	5610.11	126.154	8.04585	0.893348	61.766	1.16018
109000		-201.614	4.68919	5608.66	124.754	-40.4501	1.20428	5629.16	129.581	8.18629	0.972218	61.8936	1.20202
110000		-200.712	4.74296	5624.63	127.555	-38.0764	1.17293	5652.72	133.71	8.46459	1.08766	62.1064	1.22063
111000		-200.487	5.15287	5642.09	131.138	-36.1155	1.13742	5657.87	138.776	8.79077	1.20964	62.1915	1.23912
112000		-198.188	4.88194	5655.93	133.333	-34.2185	1.08736	5660.51	132.942	8.60721	1.23938	62.3404	1.19841
113000		-191.797	4.49938	5666.43	136.462	-32.7234	1.04147	5659.74	133.224	8.64507	1.24934	62.4681	1.20195
114000		-189.729	4.64163	5669.52	137.885	-31.22	1.01599	5686.98	143.758	8.60681	1.24676	62.6064	1.26243
115000		-186.074	4.41682	5676.07	138.316	-29.9112	1.01084	5679.89	137.133	7.88153	1.00037	62.7234	1.237
116000		-185.608	4.06281	5690.06	139.1	-28.6026	0.954543	5695.14	136.534	8.07743	1.00627	62.8723	1.23022
117000		-190.043	4.58365	5687.8	137.337	-27.6227	0.958018	5697.35	137.54	7.89193	0.966068	62.9043	1.24472
118000		-187.616	4.28333	5691.3	138.402	-26.4645	0.928918	5714.03	141.146	7.76053	0.923899	63.1064	1.26788
119000		-184.304	4.68884	5702.1	139.268	-25.5701	0.911785	5709.5	139.876	8.00696	0.930628	63.2128	1.26394
120000		-181.339	4.41236	5708.32	138.255	-24.6872	0.89324	5709.62	138.735	7.81245	0.797419	63.1809	1.24636
121000		-188.032	5.15549	5715.43	139.4	-23.9428	0.883074	5725.19	138.744	7.99874	1.037	63.2979	1.24726
122000		-181.609	4.49504	5723.2	139.034	-23.0159	0.821748	5733.03	140.9	8.49748	1.145	63.4574	1.26537
123000		-184.853	4.61063	5732.81	140.486	-22.2787	0.787627	5744.1	143.994	8.4995	1.17468	63.4681	1.26112
124000		-179.387	4.68699	5737.17	140.631	-21.6581	0.785396	5745.8	141.442	7.93453	0.911333	63.6383	1.25403
125000		-185.225	5.06435	5742.13	140.781	-21.0465	0.761217	5745.37	141.38	7.92077	1.01865	63.734	1.2547
126000		-180.945	4.99297	5748.32	141.187	-20.3641	0.744564	5758.27	141.765	8.2906	1.10083	63.8617	1.26627
127000		-180.522	4.6892	5752.26	140.668	-19.9309	0.729827	5764.55	142.16	8.29447	1.03225	63.9787	1.26304
128000		-181.807	4.44464	5758.57	140.904	-19.252	0.692335	5773.6	143.462	8.06932	1.03892	64.0532	1.26652
129000		-179.734	4.48286	5767.26	141.513	-18.7252	0.693215	5764.62	141.823	8.33218	1.08061	64.0319	1.26146
130000		-178.186	4.17007	5769.15	141.431	-18.2432	0.665987	5778.76	142.55	8.43327	1.04842	64.3404	1.26617
131000		-175.769	4.48761	5776.89	141.882	-17.6632	0.646064	5782.61	142.392	8.08882	0.912412	64.3936	1.26786
132000		-178.907	4.49227	5784.4	142.282	-17.2699	0.625267	5789.36	141.74	7.93382	0.848913	64.4574	1.281
133000		-181.058	4.80152	5785.89	142.044	-16.9528	0.618304	5796.18	142.763	7.93746	0.822299	64.5957	1.27811
134000		-178.332	5.6146	5792.73	142.237	-16.692	0.615086	5797.47	142.62	7.63549	0.729706	64.6915	1.27934
135000		-177.334	4.67537	5796.09	142.695	-16.21	0.576305	5806.4	145.647	7.45027	0.651823	64.8511	1.28753
136000		-181.089	5.17439	5802.26	143.952	-15.7813	0.556619	5813.79	145.166	6.98329	0.439286	64.9681	1.28873
137000		-177.484	4.4867	5814.23	145.182	-15.4432	0.551097	5817.29	143.785	7.28597	0.603048	65.0638	1.28253
138000		-179.157	4.28289	5818.29	144.817	-15.0239	0.539917	5813.19	142.112	7.65806	0.675964	65.117	1.27008
139000		-175.165	5.2373	5821.42	144.646	-14.7348	0.533663	5826.7	147.276	7.6153	0.737802	65.2234	1.29508
140000		-178.066	4.85165	5830.35	144.47	-14.4135	0.526346	5836.19	146.019	7.34843	0.597491	65.3191	1.28604
141000		-174.566	4.62236	5836.65	145.13	-14.1074	0.509997	5852.51	147.857	7.56279	0.744652	65.4362	1.29917
142000		-175.063	4.7006	5849.35	146.11	-13.8708	0.504538	5856.6	145.886	7.91573	0.796493	65.5213	1.30498
143000		-174.637	4.59315	5855.71	146.63	-13.5991	0.505284	5857.74	144.489	8.12104	0.788859	65.5851	1.29678
144000		-175.8	4.64507	5861.87	146.207	-13.3494	0.497552	5861.11	145.559	8.2765	0.728424	65.6383	1.30526
145000		-173.969	5.21954	5867.39	148.046	-13.1375	0.483585	5875.78	152.181	7.89468	0.711078	65.6702	1.32185
146000		-175.454	4.58476	5874.08	149.699	-12.8487	0.474681	5887.48	152.194	7.91785	0.762311	65.8511	1.32077
147000		-175.772	4.65896	5880.47	149.149	-12.5857	0.469677	5885.88	149.513	7.89379	0.790834	65.883	1.31564
148000		-170.429	4.29158	5885.34	149.062	-12.2447	0.43339	5887.44	147.558	8.1304	0.762353	65.9787	1.31626
149000		-169.977	4.28861	5890.91	148.993	-12.0109	0.423523	5895.12	148.3	8.43235	0.862057	66.0532	1.32245
150000		-174.71	4.85072	5896.23	148.303	-11.8503	0.421084	5894	146.922	8.03396	0.735441	66.1596	1.32219
