#gen	avgfit_mean	avgfit_sd	avgfit_med	avgbits_mean	avgbits_sd	avgbits_med	fit_mean	fit_sd	fit_med	bits_mean	bits_sd	bits_med	cpu_mean	cpu_sd	cpu_med	genes_mean	genes_sd	genes_med
0	-3082.7	105.796	-2438.33	5000	0	5000	-1919.83	71.1321	-1466.14	5000	0	5000	0	0	0	49.8475	0.210764	50
500	-994.779	23.8255	-849.039	4986.63	8.06066	4999.9	-654.08	9.64523	-616.825	4981.11	10.677	5000	3.53285	0.0442203	3.988	49.265	0.245306	49
1000	-601.212	5.45643	-585.892	4980.17	10.6936	4999.85	-484.052	3.9265	-479.216	4979.08	10.8237	5000	3.3756	0.041174	3.8025	49.2925	0.239213	49
1500	-477.95	3.88808	-470.341	4979.22	10.7805	5000.02	-404.375	3.22565	-401.047	4978.93	10.8428	5000	3.36792	0.0414835	3.8005	49.43	0.238153	49
2000	-403.768	3.1608	-399.917	4978.77	10.8249	5000.13	-348.757	2.85935	-347.249	4979.05	10.8269	5000	3.3802	0.0413206	3.7915	49.745	0.2381	50
2500	-350.219	2.8121	-347.906	4978.66	10.8247	4999.75	-305.27	2.63171	-306.123	4978.46	10.7932	5000	3.3663	0.0409657	3.778	50.14	0.235323	50
3000	-308.928	2.60173	-311.173	4978.44	10.7949	4999.52	-269.654	2.51855	-272.262	4978.08	10.8048	5000	3.35323	0.0409372	3.7805	50.41	0.233352	51
3500	-276.185	2.51191	-277.095	4978.1	10.8102	4999.22	-240.934	2.40741	-241.895	4979.37	10.8663	5000	3.35901	0.0405971	3.777	50.79	0.233105	51
4000	-248.876	2.36532	-248.304	4979.9	10.8627	4999.84	-216.223	2.30606	-214.256	4980.21	10.8517	5000	3.36975	0.0416502	3.765	51.1875	0.235493	51.5
4500	-225.541	2.24786	-223.499	4981	10.8641	4999.77	-194.209	2.18234	-192.527	4982.7	10.9777	5000	3.36715	0.0422287	3.7885	51.5275	0.234249	52
5000	-204.55	2.18421	-200.949	4982.53	10.9235	4999.44	-174.725	2.05238	-172.282	4983.02	10.9707	5000	3.37778	0.0420094	3.793	51.7675	0.233361	52
5500	-185.426	2.01697	-184.387	4983.48	10.9641	5000.07	-158.044	1.87882	-156.375	4984.75	10.9916	5000	3.39254	0.0420726	3.813	52.065	0.22972	52
6000	-169.526	1.9027	-166.82	4984.32	10.9965	5000.03	-143.68	1.76202	-141.99	4984.51	11.0118	5000	3.38851	0.041626	3.7855	52.3125	0.228128	52.5
6500	-156.658	1.81095	-153.467	4984.71	11.0153	4999.63	-130.836	1.67984	-128.882	4984.4	11.0057	5000	3.39673	0.0419459	3.838	52.575	0.227272	53
7000	-144.456	1.72078	-143.527	4985.4	11.0088	5000.45	-119.21	1.60211	-117.688	4986.16	11.0216	5001	3.40713	0.0420477	3.8125	52.8375	0.224396	53
7500	-132.625	1.60139	-131.315	4986.14	11.0289	5000.89	-108.388	1.50868	-106.401	4985.33	11.0266	5001	3.39812	0.0429173	3.8455	53.1175	0.224941	53
8000	-122.377	1.53142	-121.054	4986.62	11.0335	5000.59	-99.1706	1.42932	-96.0893	4987.87	11.0635	5001	3.40673	0.043051	3.832	53.3525	0.225494	53
8500	-113.839	1.47861	-111.223	4987.8	11.0732	5000.63	-90.7595	1.36037	-88.2622	4987.94	11.0832	5001	3.40052	0.0427391	3.8225	53.5475	0.225186	54
9000	-104.993	1.36102	-102.016	4988.19	11.0773	5000.43	-83.0531	1.28169	-80.49	4987.67	11.0798	5001	3.41123	0.0431272	3.839	53.67	0.228107	54
9500	-98.4506	1.33075	-95.2464	4988.19	11.0858	5000.49	-76.2714	1.22442	-73.7999	4988.12	11.0984	5001	3.39811	0.0422872	3.825	53.8725	0.225483	54
10000	-91.2023	1.26445	-89.7607	4988.56	11.1056	5001.35	-70.2475	1.1513	-67.7584	4988.79	11.1096	5000.5	3.41241	0.0430725	3.8105	54.0475	0.225228	54
10500	-85.465	1.17595	-82.1925	4988.58	11.0988	5000.93	-64.7783	1.09594	-62.4486	4988.91	11.1314	5001	3.4106	0.0427019	3.837	54.1475	0.226451	54
11000	-79.6884	1.14275	-77.2539	4988.51	11.1121	5000.74	-59.6968	1.00761	-57.2723	4988.7	11.1108	5001	3.41437	0.04329	3.859	54.3	0.226281	55
11500	-75.3025	1.07515	-72.1153	4988.84	11.1199	5001.19	-55.0252	0.941546	-52.8109	4989.11	11.1261	5001	3.41757	0.0432257	3.8505	54.3925	0.224772	55
12000	-71.0795	0.998709	-69.0991	4989.4	11.1098	5001.27	-50.8428	0.873208	-49.0874	4989.73	11.1185	5001	3.42796	0.0437724	3.8865	54.5	0.22327	55
12500	-66.8268	0.946843	-64.5124	4989.22	11.1138	5000.73	-47.2048	0.825941	-45.5174	4988.86	11.1229	5001	3.44269	0.0440424	3.8905	54.6125	0.21952	55
13000	-63.6258	0.915924	-61.4214	4989.5	11.1173	5000.47	-43.834	0.774622	-41.5556	4990.04	11.1287	5001	3.45292	0.0443146	3.9145	54.725	0.221577	55
13500	-59.827	0.839786	-57.5063	4989.93	11.1216	5000.92	-40.8714	0.725156	-38.9193	4990.62	11.1285	5002	3.45621	0.0446465	3.893	54.795	0.222049	55
14000	-57.6309	0.778511	-56.427	4990.5	11.136	5001.41	-38.1545	0.684231	-36.4018	4990.99	11.1263	5001	3.44756	0.0440583	3.8685	54.89	0.22069	55
14500	-54.1344	0.789677	-51.3258	4990.9	11.1289	5001.27	-35.6209	0.63871	-33.8807	4990.95	11.1335	5001	3.47286	0.0446344	3.916	54.9725	0.223196	55
15000	-52.2899	0.70664	-50.3238	4991.14	11.141	5001.59	-33.4237	0.601776	-31.2849	4991.77	11.162	5002	3.4604	0.0444228	3.9225	55.0775	0.221871	55
15500	-50.2316	0.715629	-48.338	4992.06	11.1535	5002.1	-31.3486	0.565334	-29.7942	4992.16	11.1638	5002	3.45935	0.0449205	3.894	55.16	0.222226	55
16000	-47.9639	0.651402	-46.88	4992.05	11.1442	5001.9	-29.5864	0.537644	-28.4456	4991.35	11.171	5002	3.44925	0.0443185	3.889	55.2675	0.218911	56
16500	-46.1568	0.624534	-45.3956	4992.18	11.1564	5002.87	-27.9768	0.514909	-26.5055	4992.84	11.1871	5003	3.46257	0.0446232	3.9135	55.3525	0.21881	56
17000	-44.4389	0.623689	-43.8194	4992.47	11.1617	5002.87	-26.336	0.483357	-25.1917	4992.62	11.1635	5003	3.44761	0.0430491	3.897	55.44	0.220369	56
17500	-43.296	0.621289	-41.8459	4992.5	11.1612	5003.28	-24.8775	0.459361	-23.8165	4992.69	11.1822	5003	3.47095	0.0440934	3.904	55.5275	0.219958	56
18000	-41.7168	0.590959	-40.547	4992.58	11.166	5003.11	-23.6376	0.442952	-22.2818	4992.47	11.169	5002.5	3.47096	0.0441701	3.9155	55.6025	0.219503	56
18500	-40.2237	0.550285	-38.9947	4992.49	11.1692	5003.34	-22.4391	0.42633	-21.1822	4993.41	11.1781	5004	3.48324	0.0446384	3.919	55.685	0.217935	56
19000	-39.0597	0.526491	-37.8316	4993.24	11.1682	5003.94	-21.3615	0.410597	-20.1278	4993.34	11.157	5004	3.49651	0.0453167	3.944	55.78	0.218571	56
19500	-38.0528	0.564159	-36.3599	4993.21	11.1653	5003.61	-20.3574	0.397027	-19.2174	4993.03	11.167	5003.5	3.49977	0.0447993	3.956	55.8325	0.216369	56
20000	-37.0935	0.55947	-36.1713	4993.46	11.1613	5003.85	-19.4145	0.381807	-18.1538	4993.53	11.1629	5004	3.51554	0.044829	3.9825	55.9425	0.217494	56
