#gen	avgfit_mean	avgfit_sd	avgfit_med	avgbits_mean	avgbits_sd	avgbits_med	fit_mean	fit_sd	fit_med	bits_mean	bits_sd	bits_med	cpu_mean	cpu_sd	cpu_med	genes_mean	genes_sd	genes_med
0		-4007.01	-nan	-4007.01	20000	-nan	20000	-1105.06	-nan	-1105.06	20000	-nan	20000	0	-nan	0	57	-nan	57
1000		-1414.29	-nan	-1414.29	19957.9	-nan	19957.9	-726.285	-nan	-726.285	20000	-nan	20000	8.923	-nan	8.923	65	-nan	65
2000		-1189.03	-nan	-1189.03	19929.8	-nan	19929.8	-623.717	-nan	-623.717	19993	-nan	19993	28.557	-nan	28.557	61	-nan	61
3000		-1120.73	-nan	-1120.73	19800.5	-nan	19800.5	-574.68	-nan	-574.68	20455	-nan	20455	24.782	-nan	24.782	64	-nan	64
4000		-1012.05	-nan	-1012.05	19747.7	-nan	19747.7	-540.469	-nan	-540.469	20455	-nan	20455	23.279	-nan	23.279	64	-nan	64
5000		-955.95	-nan	-955.95	20064.9	-nan	20064.9	-498.326	-nan	-498.326	20457	-nan	20457	16.397	-nan	16.397	63	-nan	63
6000		-862.835	-nan	-862.835	20469.5	-nan	20469.5	-479.183	-nan	-479.183	20541	-nan	20541	7.336	-nan	7.336	62	-nan	62
7000		-851.818	-nan	-851.818	20508.2	-nan	20508.2	-473.718	-nan	-473.718	20420	-nan	20420	16.133	-nan	16.133	61	-nan	61
8000		-838.063	-nan	-838.063	20581	-nan	20581	-455.828	-nan	-455.828	20371	-nan	20371	21.52	-nan	21.52	61	-nan	61
9000		-808.373	-nan	-808.373	20453.6	-nan	20453.6	-428.493	-nan	-428.493	20447	-nan	20447	8.877	-nan	8.877	62	-nan	62
10000		-763.042	-nan	-763.042	20487.3	-nan	20487.3	-417.664	-nan	-417.664	20360	-nan	20360	10.125	-nan	10.125	62	-nan	62
11000		-692.328	-nan	-692.328	20481.8	-nan	20481.8	-409.051	-nan	-409.051	20405	-nan	20405	10.309	-nan	10.309	61	-nan	61
12000		-697.373	-nan	-697.373	20277.7	-nan	20277.7	-399.829	-nan	-399.829	20436	-nan	20436	14.011	-nan	14.011	62	-nan	62
13000		-658.963	-nan	-658.963	20430.2	-nan	20430.2	-385.483	-nan	-385.483	20690	-nan	20690	10.32	-nan	10.32	63	-nan	63
14000		-703.671	-nan	-703.671	20422.4	-nan	20422.4	-381.164	-nan	-381.164	20226	-nan	20226	10.054	-nan	10.054	60	-nan	60
15000		-689.948	-nan	-689.948	20514.4	-nan	20514.4	-381.164	-nan	-381.164	20223	-nan	20223	9.925	-nan	9.925	60	-nan	60
16000		-631.042	-nan	-631.042	20444.5	-nan	20444.5	-378.528	-nan	-378.528	20622	-nan	20622	13.869	-nan	13.869	63	-nan	63
17000		-720.078	-nan	-720.078	20648.2	-nan	20648.2	-377.447	-nan	-377.447	20396	-nan	20396	17.35	-nan	17.35	63	-nan	63
18000		-675.519	-nan	-675.519	21096.9	-nan	21096.9	-376.311	-nan	-376.311	20459	-nan	20459	154.323	-nan	154.323	62	-nan	62
19000		-684.17	-nan	-684.17	20672.4	-nan	20672.4	-373.488	-nan	-373.488	20628	-nan	20628	105.885	-nan	105.885	63	-nan	63
20000		-629.108	-nan	-629.108	20519.2	-nan	20519.2	-370.663	-nan	-370.663	20449	-nan	20449	8.973	-nan	8.973	62	-nan	62
21000		-657.822	-nan	-657.822	20527.4	-nan	20527.4	-368.249	-nan	-368.249	20487	-nan	20487	10.698	-nan	10.698	63	-nan	63
22000		-707.923	-nan	-707.923	20531.2	-nan	20531.2	-367.063	-nan	-367.063	21081	-nan	21081	10.397	-nan	10.397	63	-nan	63
23000		-642.305	-nan	-642.305	20517.3	-nan	20517.3	-365.666	-nan	-365.666	20617	-nan	20617	8.994	-nan	8.994	62	-nan	62
24000		-635.399	-nan	-635.399	20503.4	-nan	20503.4	-361.708	-nan	-361.708	20665	-nan	20665	18.57	-nan	18.57	63	-nan	63
25000		-604.593	-nan	-604.593	20625.6	-nan	20625.6	-361.697	-nan	-361.697	20735	-nan	20735	13.338	-nan	13.338	63	-nan	63
26000		-673.331	-nan	-673.331	20701.9	-nan	20701.9	-361.697	-nan	-361.697	20742	-nan	20742	26.488	-nan	26.488	63	-nan	63
27000		-655.5	-nan	-655.5	20716.8	-nan	20716.8	-361.27	-nan	-361.27	20687	-nan	20687	25.697	-nan	25.697	64	-nan	64
28000		-620.515	-nan	-620.515	20706.4	-nan	20706.4	-359.034	-nan	-359.034	21462	-nan	21462	79.68	-nan	79.68	64	-nan	64
29000		-638.843	-nan	-638.843	20780.8	-nan	20780.8	-357.535	-nan	-357.535	20721	-nan	20721	148.432	-nan	148.432	67	-nan	67
30000		-633.286	-nan	-633.286	20881.8	-nan	20881.8	-346.115	-nan	-346.115	20709	-nan	20709	98.743	-nan	98.743	68	-nan	68
31000		-734.687	-nan	-734.687	20956.4	-nan	20956.4	-344.283	-nan	-344.283	21570	-nan	21570	46.931	-nan	46.931	72	-nan	72
32000		-697.543	-nan	-697.543	20972.7	-nan	20972.7	-337.775	-nan	-337.775	20713	-nan	20713	19.105	-nan	19.105	68	-nan	68
33000		-720.971	-nan	-720.971	20800.3	-nan	20800.3	-326.737	-nan	-326.737	20696	-nan	20696	40.746	-nan	40.746	67	-nan	67
34000		-646.082	-nan	-646.082	20689.9	-nan	20689.9	-320.994	-nan	-320.994	20752	-nan	20752	17.462	-nan	17.462	68	-nan	68
35000		-670.843	-nan	-670.843	20740.7	-nan	20740.7	-313.117	-nan	-313.117	20770	-nan	20770	71.34	-nan	71.34	68	-nan	68
36000		-651.668	-nan	-651.668	20810.7	-nan	20810.7	-303.288	-nan	-303.288	20791	-nan	20791	91.043	-nan	91.043	68	-nan	68
37000		-662.325	-nan	-662.325	21159.3	-nan	21159.3	-290.859	-nan	-290.859	21006	-nan	21006	74.029	-nan	74.029	71	-nan	71
38000		-648.98	-nan	-648.98	21155.1	-nan	21155.1	-280.19	-nan	-280.19	21038	-nan	21038	17.63	-nan	17.63	70	-nan	70
39000		-624.27	-nan	-624.27	21057	-nan	21057	-278.832	-nan	-278.832	22260	-nan	22260	21.503	-nan	21.503	75	-nan	75
40000		-634.586	-nan	-634.586	21331.3	-nan	21331.3	-275.794	-nan	-275.794	22036	-nan	22036	40.869	-nan	40.869	74	-nan	74
41000		-615.995	-nan	-615.995	21945.1	-nan	21945.1	-275.17	-nan	-275.17	21918	-nan	21918	14.039	-nan	14.039	74	-nan	74
42000		-587.034	-nan	-587.034	21964.3	-nan	21964.3	-275.17	-nan	-275.17	21918	-nan	21918	19.362	-nan	19.362	74	-nan	74
43000		-642.907	-nan	-642.907	22112.3	-nan	22112.3	-274.404	-nan	-274.404	22450	-nan	22450	16.169	-nan	16.169	76	-nan	76
44000		-641.272	-nan	-641.272	22330.5	-nan	22330.5	-274.404	-nan	-274.404	22765	-nan	22765	29.978	-nan	29.978	76	-nan	76
45000		-634.183	-nan	-634.183	22434.6	-nan	22434.6	-263.949	-nan	-263.949	22415	-nan	22415	42.262	-nan	42.262	75	-nan	75
46000		-669.733	-nan	-669.733	22411.4	-nan	22411.4	-263.229	-nan	-263.229	22641	-nan	22641	35.108	-nan	35.108	76	-nan	76
47000		-710.506	-nan	-710.506	22411.6	-nan	22411.6	-263.229	-nan	-263.229	22653	-nan	22653	51.263	-nan	51.263	76	-nan	76
48000		-575.542	-nan	-575.542	22082	-nan	22082	-262.433	-nan	-262.433	22338	-nan	22338	23.527	-nan	23.527	75	-nan	75
49000		-643.413	-nan	-643.413	22384.4	-nan	22384.4	-261.026	-nan	-261.026	22622	-nan	22622	19.468	-nan	19.468	75	-nan	75
50000		-608.401	-nan	-608.401	22411.9	-nan	22411.9	-260.877	-nan	-260.877	22676	-nan	22676	21.086	-nan	21.086	76	-nan	76
51000		-596.739	-nan	-596.739	22315.7	-nan	22315.7	-258.887	-nan	-258.887	22205	-nan	22205	18.87	-nan	18.87	76	-nan	76
52000		-713.609	-nan	-713.609	22296.4	-nan	22296.4	-255.33	-nan	-255.33	22265	-nan	22265	49.435	-nan	49.435	76	-nan	76
53000		-626.195	-nan	-626.195	22345	-nan	22345	-252.168	-nan	-252.168	22312	-nan	22312	36.754	-nan	36.754	75	-nan	75
54000		-570.957	-nan	-570.957	22461	-nan	22461	-252.101	-nan	-252.101	22777	-nan	22777	18.06	-nan	18.06	75	-nan	75
55000		-600.714	-nan	-600.714	22508.8	-nan	22508.8	-239.67	-nan	-239.67	22516	-nan	22516	34.893	-nan	34.893	76	-nan	76
56000		-625.014	-nan	-625.014	22546.4	-nan	22546.4	-238.548	-nan	-238.548	22703	-nan	22703	18.645	-nan	18.645	76	-nan	76
57000		-609.299	-nan	-609.299	22604.1	-nan	22604.1	-228.235	-nan	-228.235	22711	-nan	22711	36.545	-nan	36.545	77	-nan	77
58000		-554.351	-nan	-554.351	22855.2	-nan	22855.2	-228.235	-nan	-228.235	22711	-nan	22711	23.392	-nan	23.392	77	-nan	77
59000		-660.941	-nan	-660.941	22788.9	-nan	22788.9	-224.595	-nan	-224.595	22666	-nan	22666	45.014	-nan	45.014	77	-nan	77
60000		-595.134	-nan	-595.134	22735	-nan	22735	-221.408	-nan	-221.408	23174	-nan	23174	41.861	-nan	41.861	78	-nan	78
61000		-625.107	-nan	-625.107	22925.4	-nan	22925.4	-220.481	-nan	-220.481	22664	-nan	22664	34.098	-nan	34.098	77	-nan	77
62000		-634.83	-nan	-634.83	22958.7	-nan	22958.7	-218.074	-nan	-218.074	23488	-nan	23488	18.335	-nan	18.335	79	-nan	79
63000		-627.14	-nan	-627.14	22999.4	-nan	22999.4	-217.938	-nan	-217.938	23444	-nan	23444	20.567	-nan	20.567	80	-nan	80
64000		-522.722	-nan	-522.722	23406.9	-nan	23406.9	-209.022	-nan	-209.022	24068	-nan	24068	47.746	-nan	47.746	80	-nan	80
65000		-561.297	-nan	-561.297	23590.9	-nan	23590.9	-208.886	-nan	-208.886	24378	-nan	24378	70.727	-nan	70.727	81	-nan	81
66000		-562.949	-nan	-562.949	23918.6	-nan	23918.6	-195.867	-nan	-195.867	23763	-nan	23763	68.045	-nan	68.045	82	-nan	82
67000		-587.442	-nan	-587.442	23881	-nan	23881	-194.789	-nan	-194.789	24054	-nan	24054	51.719	-nan	51.719	84	-nan	84
68000		-593.497	-nan	-593.497	23950.7	-nan	23950.7	-184.593	-nan	-184.593	24047	-nan	24047	71.239	-nan	71.239	84	-nan	84
69000		-560.044	-nan	-560.044	23913.7	-nan	23913.7	-184.343	-nan	-184.343	24186	-nan	24186	102.021	-nan	102.021	85	-nan	85
70000		-608.925	-nan	-608.925	24071	-nan	24071	-182.677	-nan	-182.677	24120	-nan	24120	102.812	-nan	102.812	85	-nan	85
71000		-494.26	-nan	-494.26	24144.3	-nan	24144.3	-182.607	-nan	-182.607	24110	-nan	24110	131.594	-nan	131.594	85	-nan	85
72000		-586.534	-nan	-586.534	24182	-nan	24182	-182.607	-nan	-182.607	24443	-nan	24443	159.339	-nan	159.339	85	-nan	85
73000		-566.542	-nan	-566.542	24239.4	-nan	24239.4	-176.918	-nan	-176.918	24495	-nan	24495	202.274	-nan	202.274	86	-nan	86
74000		-572.934	-nan	-572.934	24524.8	-nan	24524.8	-173.923	-nan	-173.923	25082	-nan	25082	117.762	-nan	117.762	87	-nan	87
75000		-578.329	-nan	-578.329	24668.5	-nan	24668.5	-173.923	-nan	-173.923	25090	-nan	25090	53.377	-nan	53.377	87	-nan	87
76000		-582.504	-nan	-582.504	25041.2	-nan	25041.2	-173.351	-nan	-173.351	25083	-nan	25083	34.591	-nan	34.591	87	-nan	87
77000		-621.207	-nan	-621.207	25072.5	-nan	25072.5	-172.601	-nan	-172.601	25080	-nan	25080	45.028	-nan	45.028	88	-nan	88
78000		-553.07	-nan	-553.07	25032.4	-nan	25032.4	-170.943	-nan	-170.943	25034	-nan	25034	29.76	-nan	29.76	88	-nan	88
79000		-566.877	-nan	-566.877	25061.1	-nan	25061.1	-170.739	-nan	-170.739	26308	-nan	26308	18.351	-nan	18.351	90	-nan	90
80000		-528.791	-nan	-528.791	25422.3	-nan	25422.3	-167.621	-nan	-167.621	26829	-nan	26829	20.705	-nan	20.705	92	-nan	92
81000		-628.959	-nan	-628.959	26005	-nan	26005	-166.516	-nan	-166.516	25903	-nan	25903	32.32	-nan	32.32	91	-nan	91
82000		-609.41	-nan	-609.41	26616.2	-nan	26616.2	-166.516	-nan	-166.516	25930	-nan	25930	30.687	-nan	30.687	91	-nan	91
83000		-559.538	-nan	-559.538	26620.5	-nan	26620.5	-163.622	-nan	-163.622	26995	-nan	26995	37.001	-nan	37.001	92	-nan	92
84000		-514.343	-nan	-514.343	26778.8	-nan	26778.8	-159.292	-nan	-159.292	27115	-nan	27115	43.934	-nan	43.934	92	-nan	92
85000		-540.848	-nan	-540.848	26789	-nan	26789	-156.543	-nan	-156.543	28245	-nan	28245	40.031	-nan	40.031	96	-nan	96
86000		-644.811	-nan	-644.811	26948.1	-nan	26948.1	-150.535	-nan	-150.535	26625	-nan	26625	44.441	-nan	44.441	93	-nan	93
87000		-519.199	-nan	-519.199	27045.8	-nan	27045.8	-150.093	-nan	-150.093	26175	-nan	26175	63.639	-nan	63.639	93	-nan	93
88000		-502.176	-nan	-502.176	26692.5	-nan	26692.5	-149.469	-nan	-149.469	26408	-nan	26408	94.739	-nan	94.739	92	-nan	92
89000		-588.662	-nan	-588.662	26614.4	-nan	26614.4	-136.699	-nan	-136.699	26979	-nan	26979	178.159	-nan	178.159	96	-nan	96
90000		-573.699	-nan	-573.699	26815.1	-nan	26815.1	-136.699	-nan	-136.699	26978	-nan	26978	111.354	-nan	111.354	96	-nan	96
91000		-578.485	-nan	-578.485	26823.9	-nan	26823.9	-134.989	-nan	-134.989	26812	-nan	26812	59.36	-nan	59.36	95	-nan	95
92000		-511.886	-nan	-511.886	26945.9	-nan	26945.9	-134.005	-nan	-134.005	27739	-nan	27739	68.997	-nan	68.997	97	-nan	97
93000		-575.214	-nan	-575.214	26874	-nan	26874	-134.005	-nan	-134.005	27739	-nan	27739	41.527	-nan	41.527	97	-nan	97
94000		-543.785	-nan	-543.785	27006.1	-nan	27006.1	-132.306	-nan	-132.306	27151	-nan	27151	32.93	-nan	32.93	93	-nan	93
95000		-512.854	-nan	-512.854	27081.3	-nan	27081.3	-131.682	-nan	-131.682	27197	-nan	27197	48.271	-nan	48.271	95	-nan	95
96000		-522.039	-nan	-522.039	27143.8	-nan	27143.8	-129.659	-nan	-129.659	27062	-nan	27062	36.066	-nan	36.066	97	-nan	97
97000		-485.589	-nan	-485.589	27305.5	-nan	27305.5	-129.659	-nan	-129.659	27061	-nan	27061	53.412	-nan	53.412	97	-nan	97
98000		-545.739	-nan	-545.739	27201.5	-nan	27201.5	-129.452	-nan	-129.452	26985	-nan	26985	39.468	-nan	39.468	96	-nan	96
99000		-516.711	-nan	-516.711	27103.7	-nan	27103.7	-128.353	-nan	-128.353	26847	-nan	26847	31.808	-nan	31.808	97	-nan	97
100000		-484.302	-nan	-484.302	27039.6	-nan	27039.6	-127.2	-nan	-127.2	27060	-nan	27060	39.211	-nan	39.211	99	-nan	99
