#mutation_rate	indel_prob	indel_power	crossover_cross_rate	crossover_prob
#0.004	0.2	-2	0.02	0.5
#gen	avgfit_mean	avgfit_sd	avgfit_med	avgbits_mean	avgbits_sd	avgbits_med	fit_mean	fit_sd	fit_med	bits_mean	bits_sd	bits_med	cpu_mean	cpu_sd	cpu_med	genes_mean	genes_sd	genes_med
0		-2561.71	202.005	-1722.95	3000	0	3000	-1209.69	91.4746	-1058.69	3000	0	3000	0	0	0	29.7292	0.537379	34.5
1000		-493.267	14.6708	-499.45	3000.11	3.29603	2999.48	-326.726	10.0021	-346.765	3002.31	2.81179	2999.5	2.61919	0.0232765	2.443	29.2917	0.499963	34
2000		-296.436	8.8308	-323.201	2998.48	4.8535	2990.63	-200.335	6.60614	-230.171	3004.38	2.96352	3000.5	2.67158	0.0373003	2.5625	29.8125	0.452197	33.5
3000		-197.254	7.04501	-223.113	2999.74	5.27013	2996.28	-127.514	5.80568	-170.586	2999.44	5.37445	3003	2.72004	0.0460934	2.6435	30.6458	0.442119	34
4000		-143.944	5.77642	-163.052	2998.5	5.4532	2997.95	-85.8992	4.09328	-103.701	2997.62	5.41591	2995.5	2.69162	0.0402727	2.781	31.5417	0.399421	34.5
5000		-110.786	4.83091	-122.532	2998.37	5.58567	2996.61	-62.3565	3.54477	-81.6491	3003.44	6.52307	2996.5	2.62154	0.0180021	2.513	31.875	0.418568	35
6000		-92.6937	4.1195	-104.173	3002.08	6.11659	2999.26	-47.4122	2.86281	-56.9841	3002.35	6.57064	3000.5	2.61931	0.0201505	2.592	32.3542	0.424734	35.5
7000		-78.7345	3.1071	-81.9968	3002.26	6.53259	2998.88	-37.0525	2.1815	-44.8404	3002.77	6.74598	2998.5	2.64623	0.035737	2.543	32.5833	0.391435	35.5
8000		-74.8136	2.95387	-78.5197	3001.65	6.53717	2998.92	-30.9619	1.80936	-37.202	3002.79	6.80744	3002.5	2.59285	0.0205446	2.6385	32.7292	0.401393	36
9000		-68.6189	2.40646	-71.3962	3001.79	6.48444	3003.68	-26.4878	1.61374	-33.6677	3003.38	6.57786	3006.5	2.7346	0.0845364	2.65	32.9375	0.405422	36
10000		-63.2587	2.37555	-60.8264	3002.38	6.56138	2999.99	-22.5228	1.41964	-26.5984	3002.06	6.63782	3002.5	2.68769	0.0612977	2.445	32.9375	0.396579	36.5
11000		-61.384	2.90614	-60.7937	3001.63	6.6758	3000.55	-19.8721	1.24643	-23.017	3001.25	6.67824	3003.5	2.63898	0.0197573	2.608	33.1458	0.412557	36.5
12000		-56.8593	2.38819	-56.6569	3001.71	6.76946	3012.89	-17.6415	1.09415	-20.2068	3002.48	6.6906	3004	2.6316	0.0164749	2.6485	33.125	0.388926	37
13000		-55.9471	1.83195	-53.1232	3002.04	6.64938	3012.88	-15.8204	1.00973	-19.3344	3001.29	6.80738	2999.5	2.6071	0.0137476	2.614	33.1875	0.391234	37
14000		-55.0858	2.42805	-66.5499	3001	7.05428	2995.72	-14.0251	0.871355	-17.4816	3000.25	7.32439	2983.5	2.62606	0.0195762	2.8745	33.4167	0.371686	37
15000		-53.3905	2.04014	-47.5741	3000.9	7.22914	2989.31	-12.6327	0.792886	-14.7797	3001.65	7.19181	2997	2.64465	0.0397481	2.7515	33.3542	0.36888	37
16000		-49.7422	1.90748	-49.6699	3000.48	7.311	2984.64	-11.4552	0.719499	-13.3528	2999.6	7.27028	2983.5	2.71335	0.051694	2.6135	33.4583	0.376573	36.5
17000		-51.3021	2.18751	-40.2729	3000.95	7.52586	2981.97	-10.5206	0.689984	-11.6336	3001.48	7.48367	2981.5	2.79575	0.196852	2.4925	33.4167	0.379942	36.5
18000		-47.8755	1.53273	-51.1111	3002.01	7.53136	2982.61	-9.82917	0.647649	-10.9566	2999.02	7.65389	2982	2.62079	0.0413321	2.6855	33.4792	0.374248	36.5
19000		-50.5249	2.30818	-41.6836	3001.92	7.53043	2981.89	-9.2322	0.617366	-10.5581	3002.06	7.5712	2978	2.59281	0.0197629	2.478	33.5417	0.375394	36.5
20000		-49.1482	2.30224	-49.9596	3001.91	7.59092	2979.84	-8.73879	0.607513	-10.0937	3001.48	7.58924	2977.5	2.62027	0.0162891	2.6155	33.6042	0.367977	36
21000		-49.024	1.97816	-58.6734	3001.96	7.56017	2980.07	-8.33118	0.585561	-9.49508	3001.77	7.79106	2983.5	2.63783	0.0346671	2.5705	33.6875	0.381482	36.5
22000		-45.6881	2.03165	-47.364	3001.54	7.47409	2981.74	-7.88793	0.564543	-9.12388	3001.29	7.57977	2981.5	2.6625	0.0671542	2.52	33.7917	0.381252	36.5
23000		-43.3022	1.88157	-47.1639	3001.83	7.47778	2982.36	-7.554	0.547934	-8.99152	3001.79	7.51163	2980.5	2.69665	0.0743174	2.589	33.8542	0.381288	36.5
24000		-46.9318	1.80034	-47.5409	3003.06	7.56362	2983.89	-7.24703	0.528766	-8.62773	3002.4	7.56097	2985	2.61425	0.016324	2.593	33.8542	0.373062	36.5
25000		-45.9686	2.21566	-36.0015	3003.8	8.00626	2984.63	-6.97795	0.507756	-8.26826	3003.27	8.24765	2983	2.60094	0.0165023	2.545	33.9167	0.374063	36.5
26000		-42.7096	1.43447	-48.1086	3004.18	8.20154	2980.54	-6.72061	0.493719	-7.82031	3004.96	8.51365	2981	2.59571	0.0172361	2.6315	34	0.384772	37
27000		-46.2384	2.11483	-39.9559	3003.31	8.19913	2984.16	-6.41509	0.471173	-7.3894	3002.85	8.46713	2986	2.66048	0.0633259	2.6755	34.0625	0.382932	37
28000		-44.6415	1.90955	-40.7938	3004.59	8.44202	2998.36	-6.14094	0.466551	-6.94445	3005.25	8.48875	3019.5	2.6936	0.0980071	2.635	34.1458	0.389341	37.5
29000		-44.0527	1.74006	-39.1049	3005.81	8.50834	3019.6	-5.96739	0.458786	-6.32317	3004.79	8.61468	3020	2.60721	0.0248959	2.6275	34.1667	0.389732	37.5
30000		-44.799	2.06471	-36.9072	3008.22	8.93223	3020.89	-5.78482	0.442371	-6.20141	3007.77	9.30898	3023	2.65202	0.0323559	2.6545	34.2083	0.402737	37.5
31000		-43.2661	1.86523	-46.6183	3007.41	9.45485	3023.08	-5.57689	0.421946	-6.14105	3006.44	9.41441	3019.5	2.64233	0.0255198	2.6215	34.2083	0.402737	37.5
32000		-43.5849	2.16171	-44.3235	3007.54	9.7	3021.85	-5.41681	0.418018	-5.74528	3008.94	9.09955	3024	2.61325	0.018162	2.5775	34.2292	0.404145	38
33000		-48.0303	2.36508	-35.0373	3005.44	9.48189	3013.31	-5.28625	0.408597	-5.70983	3004.29	9.54682	3023	2.61723	0.019523	2.5965	34.2917	0.410369	37.5
34000		-44.8914	2.03142	-46.3857	3004.26	9.65413	2992.49	-5.12945	0.39896	-5.63586	3004.31	9.89328	2993.5	2.62181	0.0211425	2.6085	34.3333	0.412926	37.5
35000		-40.8716	1.57198	-49.4865	3004.64	9.80533	2990.78	-5.01061	0.389679	-5.53312	3004.21	9.83999	2993	2.58273	0.0163998	2.6855	34.375	0.420681	38
36000		-45.7678	2.12225	-45.1293	3003.35	9.84941	2992.26	-4.90877	0.381916	-5.38459	3003.52	9.99698	2988.5	2.60954	0.0181892	2.612	34.4583	0.421032	38
37000		-42.1835	1.96461	-39.9669	3004.43	9.97465	2996.9	-4.81741	0.376338	-5.3324	3003.92	9.96611	2997	2.60596	0.0185249	2.688	34.4792	0.428371	38.5
38000		-42.9357	1.92095	-41.5702	3004.49	10.0287	2997.14	-4.71152	0.37114	-5.29667	3003.65	10.1252	2996	2.60133	0.0191326	2.506	34.5625	0.432404	38.5
39000		-42.8379	1.7571	-41.5016	3005.38	10.2633	2997.15	-4.63608	0.367872	-5.18058	3006.21	10.5263	2996.5	2.60379	0.0182148	2.7095	34.5625	0.4375	38.5
40000		-43.7529	2.25322	-46.9255	3008.74	10.7588	2998.54	-4.5216	0.352983	-5.14166	3008.6	10.8567	3003	2.62633	0.0271346	2.6315	34.625	0.434163	38.5
41000		-41.5817	1.88127	-39.493	3008.71	10.7867	2996.43	-4.45469	0.349393	-5.08002	3007.77	10.7071	2997	2.68029	0.0427103	2.997	34.6875	0.441785	38.5
42000		-40.9003	1.57284	-53.6594	3009.42	10.9205	2996.85	-4.36613	0.336295	-5.03473	3010.88	11.0647	2997.5	2.66277	0.0472765	2.8325	34.7292	0.439354	38.5
43000		-42.602	1.53305	-40.2143	3009.44	10.8677	2998.02	-4.30093	0.330085	-4.96577	3008.35	11.0568	2997	2.64031	0.0439392	2.548	34.7708	0.436824	38.5
44000		-43.4093	1.70743	-43.2989	3010.78	10.9452	2998.13	-4.23503	0.324745	-4.90506	3012.31	11.1328	2997	2.76346	0.112546	2.524	34.8333	0.446949	38.5
45000		-42.9975	1.78845	-29.7825	3010.75	11.0405	2996.53	-4.17919	0.32158	-4.84983	3010.33	11.0973	2994.5	2.70144	0.0930397	2.56	34.8333	0.446949	38.5
46000		-43.1998	1.69882	-40.7245	3010.25	10.94	2997.86	-4.12272	0.315929	-4.82898	3009.9	10.9173	2999.5	2.60673	0.0210834	2.5265	34.875	0.447238	38.5
47000		-43.3579	2.06127	-52.846	3008.66	10.9586	2997.21	-4.05523	0.309382	-4.81173	3006.69	10.5578	2997	2.58233	0.0199047	2.5235	34.9167	0.448434	38.5
48000		-43.5341	1.91171	-33.6115	3009.15	10.9658	2996.76	-4.00897	0.305332	-4.79637	3009.31	11.1423	2997	2.59321	0.0204615	2.642	34.9375	0.445034	38.5
49000		-39.6271	1.75715	-51.8838	3009.75	11.1134	2996.38	-3.94765	0.299635	-4.77212	3011.77	11.075	2995	2.61588	0.0236379	2.5485	34.9792	0.445117	38.5
50000		-40.5159	1.68626	-51.9528	3009.65	11.2686	2993.24	-3.90554	0.296495	-4.73359	3009.25	11.5881	2996	2.61092	0.0163834	2.5645	35	0.448599	38.5
51000		-40.7014	1.75772	-54.2184	3009.65	11.5607	2994.32	-3.85421	0.294824	-4.67686	3009.92	11.6863	2997.5	2.60312	0.0180736	2.522	35.0417	0.446577	38.5
52000		-39.3084	1.42621	-32.6632	3008.26	11.5938	2984.12	-3.80591	0.290443	-4.63048	3007.98	11.8205	2981.5	2.65458	0.0611623	2.688	35.0625	0.449986	38.5
53000		-39.927	1.58512	-34.0582	3009.34	11.681	2982.91	-3.76292	0.286832	-4.61001	3009.4	11.5707	2981.5	2.64265	0.0320301	2.555	35.1042	0.447847	38.5
54000		-42.2361	1.67553	-39.7509	3010.12	11.7278	2982.54	-3.73251	0.285917	-4.56986	3007.35	11.7542	2981	2.61031	0.0227809	2.525	35.0833	0.449422	38.5
55000		-43.3738	1.78587	-41.5635	3010.8	11.914	2982.57	-3.68613	0.280982	-4.49405	3011.52	11.7487	2983.5	2.6025	0.0218802	2.5515	35.1458	0.450561	38.5
56000		-42.4679	1.83503	-35.1956	3010.99	12.0297	2985.99	-3.64006	0.277219	-4.47654	3011.17	12.3186	2986.5	2.62902	0.0307584	2.6805	35.1667	0.452861	38.5
57000		-42.1694	1.61303	-40.588	3011.1	11.9877	2986.53	-3.60126	0.273999	-4.4241	3012.31	12.0729	2988.5	2.67583	0.0411178	2.578	35.2083	0.454448	38.5
58000		-44.0212	1.97613	-38.8836	3010.68	11.9948	2986.39	-3.57042	0.270687	-4.40135	3011.54	12.2458	2980.5	2.61646	0.0237246	2.616	35.2292	0.451789	38.5
59000		-41.4266	1.91855	-54.9469	3010.59	11.938	2985.27	-3.54194	0.268657	-4.30613	3011.5	12.1114	2984	2.63179	0.0220445	2.559	35.2708	0.459088	38.5
60000		-41.2578	1.65406	-34.4413	3012.04	12.2297	2985.65	-3.50782	0.266284	-4.24013	3008.54	12.2054	2989	2.60433	0.017655	2.5455	35.3333	0.449915	38.5
