#mutation_rate	indel_prob	indel_power	crossover_cross_rate	crossover_prob
#0.004	0.2	-2	0.02	0.6
#gen	avgfit_mean	avgfit_sd	avgfit_med	avgbits_mean	avgbits_sd	avgbits_med	fit_mean	fit_sd	fit_med	bits_mean	bits_sd	bits_med	cpu_mean	cpu_sd	cpu_med	genes_mean	genes_sd	genes_med
0		-2179.6	201.555	-1519.62	3000	0	3000	-1046.42	98.3228	-745.683	3000	0	3000	0	0	0	29.9487	0.708488	36
1000		-478.066	16.4939	-405.505	2998.68	1.19423	3001.85	-317.848	10.1757	-324.299	3001.41	1.13151	3005	3.19749	0.0228378	3.193	29.5641	0.640296	36
2000		-272.791	10.8854	-280.377	3000.11	1.40803	3004.48	-189.052	8.64863	-221.912	3000.49	1.75253	3000	3.21128	0.0261126	3.217	31.1282	0.583372	39
3000		-179.56	8.50746	-222.465	3001.17	1.72744	3007.18	-124.339	7.61402	-160.514	2999.54	1.62547	3002	3.25718	0.0638177	3.291	31.0769	0.5778	36
4000		-129.156	6.68549	-157.599	3007.13	3.56922	3011.07	-88.8907	5.80236	-116.757	3005.46	3.65423	3011	3.28433	0.112225	3.296	31.7949	0.574044	37
5000		-102.274	5.52724	-140.988	3008.31	4.51092	3013.83	-66.5664	4.57312	-106.351	3007.85	4.54896	3016	3.22582	0.049006	3.317	32.359	0.579086	37
6000		-88.7216	4.43388	-143.111	3007.27	5.06898	3013.04	-51.8083	3.45875	-100.465	3007.59	5.1007	3016	3.35836	0.173676	3.148	32.8205	0.585326	37
7000		-76.0419	3.54853	-147.706	3007.62	5.17338	3017.2	-41.7879	2.87153	-96.3489	3009.28	5.32531	3018	3.37751	0.129851	5.214	33.0769	0.558802	37
8000		-68.4055	3.04172	-114.594	3007.42	5.14236	3014.92	-34.7714	2.44341	-82.3852	3007.03	5.2973	3009	3.32177	0.12105	4.822	33.359	0.560132	37
9000		-60.4115	3.07121	-104.638	3007.4	5.3008	3017.56	-29.0996	2.07239	-73.3313	3007.49	5.39053	3017	3.22244	0.0246272	3.463	33.5897	0.525616	38
10000		-58.937	2.80245	-97.2898	3006.76	5.43471	3021.01	-25.0215	1.77131	-64.7336	3007.26	5.38914	3014	3.20359	0.0299444	3.129	33.6154	0.51511	38
11000		-51.848	2.53529	-77.966	3008.17	5.46888	3022.72	-21.4167	1.49753	-57.4949	3007.64	5.55727	3019	3.19105	0.0215953	3.129	33.7692	0.505652	38
12000		-50.3443	2.38038	-106.075	3009.92	5.67058	3029.02	-18.6897	1.33624	-51.8651	3010.54	5.41227	3029	3.15269	0.0163844	3.153	33.8974	0.487073	38
13000		-48.5733	2.27616	-74.598	3009.83	5.31414	3027.99	-16.7501	1.12346	-40.2878	3010.08	5.6085	3029	3.18669	0.0185149	3.101	34.1026	0.4815	38
14000		-45.4248	1.96694	-55.6627	3009.39	5.38815	3027.73	-14.9096	0.9885	-35.0947	3009.72	5.48424	3028	3.18338	0.0227323	3.054	34.0513	0.477494	38
15000		-41.9359	1.97001	-63.2269	3009.84	5.52294	3030.48	-13.7154	0.928605	-34.2552	3011.08	5.59163	3032	3.17359	0.0183425	3.222	34.0769	0.487889	38
16000		-43.9295	2.04294	-68.4927	3008.62	5.59357	3028.76	-12.6706	0.891119	-33.914	3007.62	5.99253	3022	3.19859	0.0335047	3.256	34.2051	0.483436	38
17000		-40.995	1.79101	-71.7513	3010.26	5.52728	3030.78	-11.9432	0.851894	-31.9588	3009.33	5.60501	3031	3.16185	0.0189183	3.361	34.2564	0.47858	38
18000		-41.2599	2.27049	-89.532	3011.23	5.68445	3030.75	-11.3024	0.812931	-31.6308	3010.18	5.92644	3029	3.20392	0.0316585	3.466	34.3077	0.47067	38
19000		-40.6248	2.36072	-79.7264	3011.2	5.7945	3030.1	-10.577	0.780052	-30.8135	3011.05	5.9212	3033	3.23551	0.0392514	3.62	34.2821	0.471808	38
20000		-40.5013	2.12437	-58.2907	3011.22	5.90977	3032.53	-9.84782	0.686554	-26.7264	3010.77	5.86861	3032	3.20077	0.0171261	3.353	34.4615	0.480168	38
21000		-40.5209	2.15742	-61.4993	3012.39	6.12147	3033.5	-9.24135	0.645354	-25.0648	3012.56	6.1124	3032	3.18351	0.0210347	3.315	34.5385	0.480168	38
22000		-42.0441	2.32758	-68.809	3011.33	6.16812	3036.95	-8.702	0.613162	-24.564	3012.33	6.09588	3035	3.16851	0.0191805	3.155	34.6154	0.492337	38
23000		-37.4735	1.61327	-63.4243	3013.4	6.14175	3037.06	-8.18602	0.586656	-23.2554	3012.79	6.17537	3037	3.19377	0.0229798	3.204	34.6923	0.495804	38
24000		-39.5306	1.63678	-49.2145	3011.96	6.37466	3036.81	-7.77281	0.576345	-23.0562	3012.38	6.33571	3024	3.22023	0.0245368	3.296	34.7179	0.480312	38
25000		-36.6727	1.79176	-69.3608	3011.67	6.29013	3036.57	-7.47069	0.559539	-22.5951	3012.33	6.30814	3027	3.18372	0.0227701	3.152	34.7436	0.481392	39
26000		-39.9779	2.14794	-44.4023	3012.16	6.18974	3033.27	-7.20502	0.542353	-21.5622	3013.44	6.20052	3038	3.22128	0.0406205	3.193	34.6923	0.484794	39
27000		-34.7508	1.68536	-52.8291	3014.59	6.54408	3028.4	-6.95243	0.536833	-21.4484	3013.21	6.1141	3026	3.26133	0.0413739	3.255	34.7436	0.491106	39
28000		-38.3875	1.78333	-43.9698	3014.35	7.0437	3027.02	-6.68203	0.513002	-20.3959	3013.23	7.27079	3035	3.22777	0.0451322	3.362	34.7436	0.482792	39
29000		-38.8489	1.99788	-54.1452	3013.98	7.22519	3031.4	-6.40762	0.434884	-15.5008	3014.62	7.25473	3036	3.22669	0.0235686	3.301	34.7692	0.481032	39
30000		-34.1324	1.56663	-41.56	3013.25	7.57255	3030.95	-6.15155	0.380599	-11.1229	3012.41	7.55954	3033	3.17895	0.0217091	3.447	34.7179	0.480312	39
31000		-38.3365	1.51073	-38.7083	3014.09	7.6742	3030.92	-5.90368	0.354656	-8.57486	3013.08	7.81089	3035	3.2381	0.0469871	3.328	34.7179	0.467498	39
32000		-34.4747	1.82491	-24.8839	3013.42	7.61631	3032.63	-5.67804	0.339437	-8.37602	3012.36	7.54058	3024	3.23864	0.0459594	3.158	34.6667	0.469492	39
33000		-33.7515	1.41963	-20.2789	3012.01	7.65212	3024.46	-5.48359	0.329049	-8.31173	3011.64	7.70137	3022	3.17431	0.0269362	3.416	34.6923	0.469234	39
34000		-37.9771	1.80461	-63.4485	3011.53	7.81915	3022.93	-5.3575	0.324592	-8.19494	3010.36	8.12632	3011	3.23351	0.0422516	3.246	34.6923	0.47637	39
35000		-34.1782	1.83938	-44.0493	3013.35	8.08471	3028	-5.25542	0.320106	-7.92119	3015.26	7.97751	3027	3.27272	0.0983646	3.311	34.6923	0.473528	39
36000		-34.1271	1.95225	-20.5161	3014.17	8.13533	3028.32	-5.11104	0.31075	-7.35396	3014.49	7.93486	3025	3.29492	0.0992899	3.179	34.7179	0.47466	39
37000		-36.5528	2.32164	-32.9288	3014.65	7.87988	3036.94	-5.00014	0.297418	-6.78126	3014.23	7.601	3048	3.25018	0.0669003	3.479	34.7179	0.47466	39
38000		-35.9606	2.10947	-40.4837	3013.89	7.73227	3042.68	-4.85166	0.292247	-6.55452	3014.46	7.7828	3052	3.16251	0.0205661	3.173	34.7692	0.472541	39
39000		-34.5227	1.84795	-55.6255	3014.05	7.71503	3049.39	-4.77476	0.286357	-6.29625	3014.03	7.70566	3052	3.18949	0.0222061	3.126	34.7949	0.472138	39
40000		-35.9961	1.98289	-33.0376	3012.69	7.72174	3037.8	-4.67565	0.27589	-5.72342	3012.46	7.84265	3049	3.19292	0.0242037	3.183	34.8462	0.466905	39
41000		-34.6711	1.47362	-29.5499	3013.15	7.80967	3048.4	-4.61535	0.270993	-5.5514	3013.56	7.75152	3050	3.22767	0.0271314	3.127	34.9231	0.454969	39
42000		-34.911	1.55294	-26.0174	3013.43	7.81741	3049.55	-4.50519	0.263267	-5.49151	3012.9	7.94539	3049	3.21003	0.0272561	3.367	35.0256	0.444622	39
43000		-31.8362	1.63575	-33.7787	3013.44	7.76277	3049.72	-4.42323	0.260441	-4.99964	3013.38	7.95743	3050	3.17623	0.0207126	3.12	35.0256	0.444622	39
44000		-35.9373	1.88902	-28.1632	3014.12	7.88914	3049	-4.36157	0.257954	-4.81319	3013.79	7.81571	3046	3.20451	0.0208329	3.336	35.1026	0.44811	39
45000		-38.6374	2.48085	-45.8581	3013.95	7.78339	3050.05	-4.31773	0.258425	-4.81319	3013.49	7.75892	3050	3.18431	0.0213496	3.101	35.1538	0.455197	39
46000		-39.7352	1.89874	-43.7326	3014.64	7.6725	3045.32	-4.27203	0.257108	-4.76867	3016.36	7.71922	3047	3.20523	0.0243148	3.238	35.2051	0.457623	39
47000		-33.1001	1.30773	-31.8727	3015.99	7.64881	3046.16	-4.20131	0.255321	-4.75866	3016.18	7.80255	3046	3.21579	0.0431356	3.342	35.2308	0.456563	39
48000		-35.8172	2.13056	-58.8248	3015.69	7.72253	3044.66	-4.13506	0.251866	-4.72249	3016.69	7.68292	3047	3.22567	0.0300522	3.234	35.2308	0.456563	39
49000		-37.3587	2.18035	-29.3976	3015.87	7.65339	3045.85	-4.0639	0.250143	-4.64456	3017.97	7.49093	3046	3.19946	0.0183433	3.301	35.2308	0.456563	39
50000		-35.8156	2.25504	-35.7405	3016.04	7.64523	3039.94	-3.99111	0.246768	-4.45654	3015.23	7.72865	3036	3.19813	0.0311271	3.147	35.2564	0.455463	39
51000		-35.5241	1.90386	-31.3041	3015.43	7.76293	3032.71	-3.93495	0.243031	-4.37665	3019.97	8.89203	3031	3.1911	0.0268632	3.443	35.3333	0.456374	39
52000		-33.4873	2.08591	-33.0075	3016.52	7.56788	3033.46	-3.88569	0.240509	-4.33904	3016.23	7.69137	3037	3.23315	0.0435931	3.364	35.3846	0.450843	39
53000		-32.4367	1.7604	-32.3956	3015.63	7.93302	3034.04	-3.82183	0.237795	-4.33904	3015.82	7.86328	3042	3.17936	0.027651	3.165	35.4359	0.452605	39
54000		-32.9839	1.76648	-52.509	3016.28	8.12409	3034.72	-3.76833	0.237417	-3.31325	3016.41	8.0159	3040	3.18926	0.0199725	3.08	35.4872	0.460112	40
55000		-32.2388	1.47581	-31.8716	3016.77	8.14349	3047.13	-3.70766	0.239737	-2.9796	3016.92	8.23445	3040	3.20364	0.0254901	3.255	35.4872	0.460112	40
56000		-33.3065	1.85084	-44.6224	3017.73	8.21892	3054.23	-3.66584	0.238856	-2.9721	3016.64	8.13089	3035	3.22336	0.0252133	3.177	35.5128	0.455691	40
57000		-34.9267	1.80735	-37.8934	3017.05	8.24444	3057.34	-3.63649	0.238441	-2.94886	3018.38	8.24004	3037	3.19556	0.0234335	3.099	35.4872	0.454208	40
58000		-33.6794	1.79001	-29.4685	3016.79	8.19414	3065.51	-3.60222	0.237747	-2.85539	3017.64	8.33683	3070	3.19892	0.0211272	3.375	35.5641	0.451112	40
59000		-32.4721	1.59073	-36.6281	3016.7	8.09774	3059.09	-3.57082	0.237671	-2.85539	3017.13	8.17993	3079	3.20513	0.0222894	3.271	35.5897	0.450997	40
60000		-36.8271	1.98255	-42.0294	3016.51	8.21552	3068.71	-3.5342	0.235199	-2.83175	3017.36	8.23823	3075	3.21956	0.0244171	3.209	35.5897	0.450997	40
