#gen	avgfit_mean	avgfit_sd	avgfit_med	avgbits_mean	avgbits_sd	avgbits_med	fit_mean	fit_sd	fit_med	bits_mean	bits_sd	bits_med	cpu_mean	cpu_sd	cpu_med	genes_mean	genes_sd	genes_med
0	-3036.32	96.3069	-2471.41	5000	0	5000	-1871.1	65.2254	-1486.81	5000	0	5000	0	0	0	50.045	0.242134	50
500	-976.509	20.1875	-871.179	4990.74	7.54175	4999.95	-651.127	8.30713	-613.463	4982.15	9.63283	5000	0.93565	0.012934	0.961	49.505	0.271909	50
1000	-601.538	4.99269	-591.566	4983.07	9.44055	4999.75	-487.274	3.79769	-482.731	4981.66	9.50146	5000	0.919875	0.0122815	0.942	49.435	0.266702	50
1500	-490.655	3.29852	-484.974	4982.66	9.57071	4999.74	-409.778	3.05395	-405.306	4984.03	9.65101	5000	0.926593	0.0131426	0.9295	49.5975	0.264932	50
2000	-424.84	2.85293	-420.442	4983.21	9.63095	4999.83	-355.074	2.66453	-353.107	4984.17	9.6673	5000	0.93013	0.0125909	0.955	49.84	0.263243	50
2500	-376.447	2.61983	-372.456	4983.5	9.66198	4998.74	-313.711	2.4996	-310.285	4983.62	9.67536	4999	0.921653	0.012201	0.9415	50.255	0.259771	51
3000	-338.745	2.46821	-337.566	4983.19	9.67728	4999.45	-281.069	2.34449	-278.515	4984.39	9.70637	5000	0.92105	0.0126763	0.9325	50.62	0.263153	51
3500	-307.282	2.34114	-307.18	4984.06	9.6833	4999.12	-251.938	2.21121	-250.407	4984.66	9.7041	5000	0.92879	0.0130558	0.9425	50.8325	0.259479	51
4000	-279.978	2.25379	-279.108	4985.38	9.7031	5000.05	-226.998	2.13663	-226.328	4986.2	9.37063	5000	0.922442	0.0121905	0.9385	51.175	0.260226	51
4500	-256.532	2.17196	-258.751	4986.43	9.46061	4999.7	-205.463	2.00365	-205.23	4985.97	9.37649	5000	0.928527	0.012679	0.944	51.4275	0.259963	52
5000	-235.331	2.03999	-234.68	4986.24	9.37575	5000.1	-187	1.87673	-185.807	4985.86	9.37676	4999.5	0.916213	0.0119373	0.938	51.7475	0.25492	52
5500	-217.598	1.92994	-215.931	4986.03	9.38468	4999.82	-170.485	1.78858	-171.224	4985.6	9.40122	4999.5	0.93597	0.0127698	0.9345	52.01	0.250187	52
6000	-202.274	1.85848	-203.072	4985.88	9.39932	4999.63	-155.383	1.68821	-153.91	4985.45	9.42518	4999	0.926027	0.0127243	0.9535	52.2625	0.252325	52
6500	-187.583	1.77967	-185.485	4985.72	9.4312	4999.46	-141.333	1.60731	-139.85	4985.91	9.46187	4999	0.924618	0.0127913	0.9595	52.5975	0.249463	53
7000	-174.764	1.68498	-173.408	4986.18	9.4572	4999.86	-129.884	1.54671	-127.891	4986.51	9.46637	5000	0.92507	0.0127061	0.9375	52.7675	0.245401	53
7500	-162.649	1.63519	-161.193	4986.85	9.46398	4999.64	-118.936	1.47052	-116.923	4987.81	9.54141	4999	0.92408	0.0131689	0.945	52.9325	0.251377	53
8000	-152.469	1.55808	-152.738	4987.88	9.50601	5000.32	-109.222	1.39732	-107.862	4989.49	9.58642	5001	0.92606	0.0129144	0.9385	53.0975	0.249425	54
8500	-143.047	1.50431	-140.709	4988.62	9.5458	4999.77	-100.417	1.32608	-97.7082	4988.47	9.57303	5000	0.932062	0.013084	0.9615	53.29	0.252039	54
9000	-133.075	1.40519	-131.825	4988.85	9.56706	5000.83	-92.2453	1.24159	-90.7803	4988.6	9.57565	5001	0.930435	0.0131199	0.9385	53.4525	0.248165	54
9500	-126.16	1.37603	-124.529	4988.73	9.56639	5000.02	-84.9169	1.20359	-83.0642	4988.1	9.57339	5000	0.926353	0.0128159	0.9515	53.5525	0.247783	54
10000	-118.905	1.30589	-117.424	4988.36	9.56895	4999.9	-78.2518	1.11793	-75.4875	4988.9	9.59765	4999.5	0.940822	0.0132094	0.968	53.735	0.249384	54
10500	-112.318	1.22993	-111.597	4988.59	9.60745	5000.79	-72.6117	1.04552	-70.5088	4988.19	9.62458	5001	0.91659	0.0126272	0.931	53.815	0.244851	54
11000	-106.742	1.15482	-104.855	4988.9	9.62049	5000.64	-67.1595	0.99402	-64.547	4989.16	9.64327	5000	0.933077	0.0129531	0.9525	53.975	0.246654	55
11500	-101.27	1.11744	-99.3631	4988.91	9.61461	4999.89	-62.3527	0.939406	-59.4672	4988.96	9.61792	5000	0.924455	0.0129073	0.956	54.1225	0.245651	55
12000	-96.4468	1.07812	-95.3003	4988.73	9.56329	4999.49	-58.0801	0.882537	-55.7839	4988.56	9.55614	5000	0.928495	0.0129497	0.9355	54.215	0.245632	55
12500	-92.0753	1.06206	-89.6553	4988.71	9.55354	4999.77	-54.137	0.831666	-51.4451	4989.01	9.55422	5001	0.920925	0.012398	0.9295	54.335	0.24527	55
13000	-88.1893	1.03272	-84.5486	4989.05	9.55828	5000.61	-50.3142	0.780577	-47.6998	4989.18	9.57874	5000	0.922275	0.012392	0.9465	54.4425	0.245953	55
13500	-84.6564	0.979573	-82.1709	4989.56	9.56713	4999.68	-47.0952	0.734623	-44.8906	4989.11	9.57911	5001	0.921718	0.0124575	0.962	54.4825	0.24528	55
14000	-80.3026	0.88281	-77.5132	4989.85	9.59015	5001.29	-43.9605	0.687356	-41.8921	4989.9	9.62299	5000	0.934197	0.0132879	0.9515	54.6275	0.245938	55
14500	-78.1986	0.905156	-77.1802	4989.75	9.59187	5000.61	-41.0562	0.642539	-39.4526	4988.9	9.60106	4999	0.925458	0.0130317	0.9405	54.645	0.242605	55
15000	-75.6232	0.814669	-73.8318	4989.58	9.60693	5001.9	-38.4906	0.604098	-36.589	4990.34	9.75713	5001.5	0.930345	0.0129138	0.954	54.78	0.241713	55
15500	-73.3573	0.854969	-71.3835	4990.17	9.66581	4999.57	-36.2295	0.573264	-34.3577	4990.5	9.74539	4999.5	0.94338	0.0130601	0.977	54.915	0.242495	55
16000	-71.032	0.83406	-70.3296	4990.23	9.74968	4999	-34.1784	0.544494	-32.9019	4989.67	9.76016	5000	0.935358	0.0134551	0.979	54.935	0.243413	55
16500	-68.7704	0.758682	-67.7041	4989.5	9.75846	5001.34	-32.1947	0.512006	-30.708	4989.11	9.78731	5000	0.9291	0.0130857	0.952	55.025	0.241286	55
17000	-67.1158	0.767918	-66.4705	4989.79	9.77003	5000.9	-30.3604	0.487076	-28.8399	4990.66	9.79201	5000	0.92473	0.0127073	0.9545	55.07	0.245077	55
17500	-64.5341	0.740351	-62.9363	4990.52	9.77964	4999.09	-28.7252	0.454618	-27.3952	4990.6	9.78419	5001	0.920518	0.0133141	0.937	55.1775	0.24521	55
18000	-63.5289	0.692345	-62.6307	4990.64	9.77977	4999.65	-27.1619	0.429313	-25.9205	4990.55	9.78847	5000	0.928032	0.0126973	0.9345	55.2875	0.243306	56
18500	-61.1154	0.679646	-60.2011	4990.4	9.78542	4998.52	-25.7041	0.410299	-24.6639	4990.86	9.77431	5000	0.920915	0.0127695	0.9465	55.3225	0.243736	56
19000	-60.411	0.644581	-59.0064	4990.38	9.7768	4999.73	-24.4159	0.38622	-23.3946	4990.78	9.76995	5002	0.914057	0.012969	0.916	55.4025	0.244003	56
19500	-58.2175	0.621534	-56.95	4990.52	9.78867	4999.68	-23.2448	0.371634	-22.424	4990.4	9.82006	5001.5	0.932617	0.0133047	0.921	55.4325	0.244798	56
20000	-57.6217	0.64167	-56.7119	4990.63	9.80698	5001.12	-22.0659	0.352487	-21.5403	4990.97	9.80149	5002	0.913585	0.0129898	0.9205	55.495	0.24292	56
