#gen	avgfit_mean	avgfit_sd	avgfit_med	avgbits_mean	avgbits_sd	avgbits_med	fit_mean	fit_sd	fit_med	bits_mean	bits_sd	bits_med	cpu_mean	cpu_sd	cpu_med	genes_mean	genes_sd	genes_med
0		-2014.7	111.391	-1958.97	3000	0	3000	-976.301	46.6768	-1043.84	3000	0	3000	0	0	0	29.76	0.304883	32.5
1000		-472.772	8.50478	-527.547	3001.42	1.64668	3003.86	-303.214	6.79332	-344.697	3001.23	2.74737	3002.5	1.33932	0.0108082	1.2955	29.87	0.289428	29.5
2000		-318.319	5.92837	-318.128	2998.63	4.17616	3004.72	-195.672	4.74323	-135.891	2999.16	4.62199	3003.5	1.33126	0.00958916	1.3315	30.27	0.30012	31.5
3000		-245.268	5.2879	-198.755	3001.45	4.76633	3003.12	-134.934	3.49977	-97.4106	3002.35	5.73353	3002.5	1.30751	0.0102104	1.328	31.03	0.305655	29
4000		-188.987	3.7682	-165.267	3000.96	5.67768	3002.53	-97.7857	2.69239	-65.8383	3000.92	5.60192	3002	1.30985	0.0104582	1.295	31.22	0.294248	29
5000		-155.134	3.24757	-132.453	3000.82	5.7843	3001.06	-74.5192	2.28385	-47.426	3001.17	5.87872	3001.5	1.3084	0.0106022	1.3725	31.34	0.309845	28.5
6000		-141.813	3.05281	-119.503	3001.27	6.23126	2999.41	-59.0543	1.93549	-42.273	3002.92	6.65383	3005.5	1.30018	0.00909317	1.3265	31.78	0.295276	28.5
7000		-127.451	2.80678	-83.3957	3001.43	6.4241	3000.48	-47.0292	1.56823	-31.6278	2998.73	6.56843	3004.5	1.28644	0.00906229	1.3365	32.01	0.306329	28.5
8000		-112.822	2.4657	-83.8239	2999.99	6.58182	2999.92	-38.3407	1.22866	-25.7279	3001.52	6.53635	3001	1.28028	0.00874763	1.275	32.24	0.298522	29
9000		-106.679	2.24171	-97.7176	2999.5	6.65081	3000.91	-31.812	1.05663	-22.5276	2999.7	6.7632	3000.5	1.25857	0.00889573	1.2905	32.31	0.292911	28.5
10000		-98.5254	2.02531	-99.8628	2999.55	6.7557	2996.71	-27.0269	0.896219	-20.2533	2998.61	6.81074	2996.5	1.27745	0.0102761	1.346	32.43	0.30625	28
11000		-97.0332	2.51648	-96.6673	2998.39	6.78667	3001.69	-23.7338	0.808405	-18.1419	2998.5	6.73373	2992.5	1.25569	0.00952112	1.3415	32.63	0.300052	28.5
12000		-95.0033	2.11926	-95.5314	2998.23	6.8492	2993.74	-21.006	0.745602	-15.2648	2998.24	6.91482	3000	1.28642	0.0113621	1.2555	32.7	0.285862	29.5
13000		-90.0866	2.09006	-83.2079	2998.96	6.89783	2987.11	-18.6364	0.686535	-13.0658	2998.94	6.95461	3001.5	1.27504	0.0111928	1.225	32.85	0.275745	30
14000		-90.8403	2.12826	-86.6383	2998.37	7.04475	3002.18	-16.7859	0.630919	-12.0292	2999.47	7.18089	3003.5	1.27081	0.0114082	1.2985	32.92	0.281296	30
15000		-83.1114	1.94154	-98.6661	2999.52	7.20962	3001.94	-15.0266	0.574273	-11.7083	3000.17	7.36759	3002	1.28904	0.0131121	1.266	32.91	0.293738	30
16000		-81.078	1.65038	-78.0598	2998.84	7.24536	2999.98	-13.6884	0.526707	-9.98966	2998.43	7.6169	3002	1.28892	0.0115244	1.276	33.02	0.287792	30
17000		-82.8848	1.8183	-79.8035	2997.79	7.40358	3003.13	-12.6584	0.499073	-9.38917	2996.77	7.44765	3003	1.26458	0.0116225	1.347	33.1	0.280151	30
18000		-82.2449	1.81445	-77.3247	2998.45	7.42967	3003.65	-11.7006	0.471154	-8.35878	2997.51	7.65986	3004	1.28008	0.0127437	1.265	33.12	0.280793	30
19000		-79.8279	2.11357	-86.4654	2996.91	7.52989	3004.43	-10.8163	0.432551	-7.80832	2995.88	7.66181	3003.5	1.26952	0.00935231	1.2825	33.13	0.275848	30
20000		-82.2988	2.01781	-80.2528	2995.99	7.51984	3000.64	-10.0897	0.389069	-7.43893	2993.76	7.61502	3003.5	1.26552	0.00925857	1.3325	33.26	0.273629	30
21000		-81.173	1.95557	-80.7647	2995.27	7.53217	3002.89	-9.52369	0.362907	-7.11959	2996.64	7.40365	3001	1.2541	0.00886844	1.2775	33.37	0.273642	30
22000		-79.1436	1.95917	-85.7365	2996.35	7.53044	2999.94	-8.99465	0.338309	-6.69239	2995.98	7.58604	3005.5	1.24867	0.00858429	1.212	33.36	0.269875	30
23000		-76.6403	1.81757	-79.6904	2996.55	7.60085	3006.72	-8.50281	0.321364	-6.498	2995.72	7.51983	3000.5	1.26145	0.00851775	1.2325	33.43	0.276067	30
24000		-76.7498	1.959	-80.3593	2998.12	7.53726	3022.43	-8.09017	0.308052	-6.25956	2996.54	7.699	3025.5	1.24606	0.00957329	1.2835	33.42	0.272356	30
25000		-76.7853	1.7372	-72.7403	2996.93	7.54891	3025.68	-7.71889	0.290791	-6.01944	2997.62	7.67104	3031.5	1.27489	0.0105543	1.268	33.48	0.272467	30
26000		-77.8134	2.0419	-81.2986	2998.63	7.54276	3028.14	-7.39585	0.277674	-5.93795	2997.4	7.6574	3028.5	1.26117	0.00965624	1.2335	33.59	0.272695	30
27000		-75.7946	1.82153	-83.7567	2998.41	7.61864	3025.25	-7.10598	0.270267	-5.85947	2998.65	7.63227	3027	1.2634	0.0112491	1.218	33.59	0.272324	30
28000		-73.3683	1.72311	-72.752	2999.44	7.65944	3018.2	-6.85393	0.26408	-5.36175	3000.17	7.6817	3009	1.25442	0.00972615	1.2505	33.66	0.275688	30.5
29000		-76.9185	1.75917	-64.1054	2999.5	7.70958	3009.96	-6.60789	0.256606	-5.11273	2999.14	7.75566	3010	1.27474	0.00868335	1.268	33.67	0.270822	30.5
30000		-75.2966	1.91122	-76.2434	2999.48	7.6382	3012.14	-6.36627	0.245368	-4.8177	2999.35	7.90505	3005.5	1.25518	0.00965783	1.206	33.69	0.272176	30.5
31000		-75.8809	1.5558	-77.5486	3000.28	7.85648	3003.22	-6.14504	0.241102	-4.60047	2999.4	8.05476	2993.5	1.26156	0.00976983	1.263	33.74	0.271777	30.5
32000		-73.2625	1.70596	-75.1054	3000.45	7.86572	3005.88	-5.948	0.23421	-4.43077	2999.84	7.91015	2995	1.26172	0.00885348	1.2935	33.78	0.273245	30.5
33000		-75.2824	2.0107	-62.1248	3000.33	7.90972	3010.8	-5.75991	0.22432	-4.3091	3001.09	7.98087	3008.5	1.25838	0.00920813	1.2395	33.82	0.276479	30.5
34000		-76.5314	2.06379	-76.3309	2999.88	7.89404	3007.84	-5.60405	0.217367	-4.18696	2998.35	7.81169	2996	1.25747	0.00990036	1.311	33.79	0.282591	30.5
35000		-74.3488	1.56264	-84.4458	2998.29	7.93226	3006.96	-5.43472	0.213388	-4.07515	3000.2	8.07023	2985	1.25819	0.0102718	1.426	33.89	0.275202	31
36000		-75.5273	2.09615	-73.9768	3000.17	8.03444	2998.45	-5.25885	0.208064	-3.9908	3002	8.17227	3007	1.24666	0.0085053	1.2885	33.86	0.281059	31
37000		-75.3309	1.75109	-77.8427	3000.91	8.12739	3006.47	-5.08864	0.202235	-3.90788	3000.14	8.35222	3003	1.25298	0.00991467	1.277	33.9	0.275057	31
38000		-77.5188	1.81383	-71.7039	3001.56	8.22397	3006.57	-4.92787	0.196897	-3.76655	3001.54	8.32777	3015	1.24585	0.0101967	1.1735	33.94	0.278821	31.5
39000		-70.1949	1.77293	-92.7887	3002.2	8.18599	3011.99	-4.80551	0.1941	-3.62281	3000.32	8.21376	3014.5	1.2692	0.0100663	1.2165	33.89	0.27776	31
40000		-75.8288	1.68197	-80.6558	3001.76	8.16333	3011.12	-4.69332	0.188937	-3.5131	3001.61	8.18234	3016	1.27549	0.0093219	1.371	33.91	0.272695	31.5
41000		-73.8379	1.72197	-68.6454	3001.83	8.19692	3002.16	-4.58629	0.184411	-3.49503	3001.92	8.25611	3013.5	1.26458	0.00944181	1.3325	33.95	0.276111	31.5
42000		-77.0803	1.87023	-80.212	3001.66	8.28854	3005.03	-4.48128	0.181232	-3.43342	3000.73	8.41159	2996.5	1.26047	0.00935163	1.242	33.98	0.273023	31.5
43000		-72.6116	1.75877	-55.2424	3000.44	8.31384	3008.9	-4.39041	0.177694	-3.41714	2999.92	8.38519	3008	1.25716	0.00798386	1.327	34.02	0.273762	31.5
44000		-75.1149	1.70996	-79.1903	2999.58	8.28155	3007.08	-4.28649	0.173428	-3.33524	2998.32	8.38858	3003.5	1.25526	0.00873688	1.2635	34.01	0.27725	31.5
45000		-73.6661	1.91244	-83.9786	2999.29	8.28832	3004.89	-4.18209	0.168262	-3.28454	2998.16	8.13093	3004.5	1.25967	0.0105004	1.232	34.1	0.281231	31.5
46000		-73.3643	2.00508	-87.2832	2999.15	8.31601	2997.76	-4.09976	0.16436	-3.25563	2999.2	8.48385	3007	1.2723	0.0100469	1.2435	34.08	0.278408	31.5
47000		-73.9573	1.7494	-75.9241	2998.28	8.31567	2983.81	-4.02866	0.162871	-3.22948	2997.86	8.28844	3002.5	1.25359	0.00982993	1.245	34.1	0.279429	31.5
48000		-75.2392	1.68467	-91.1665	2998.06	8.21482	2987.18	-3.95445	0.158928	-3.21016	2997.59	8.16455	2977.5	1.24356	0.00970798	1.2895	34.12	0.280793	31.5
49000		-71.9131	1.782	-73.1552	2996.76	8.25106	2986.78	-3.88734	0.156137	-3.18154	2997.62	8.11127	2981.5	1.26276	0.00904766	1.2625	34.14	0.277805	31.5
50000		-73.5821	1.64645	-82.9021	2996.96	8.20982	2982.57	-3.82824	0.154268	-3.16517	2997.04	8.29851	3003.5	1.24712	0.00867493	1.239	34.16	0.275138	31.5
51000		-72.5768	1.88056	-75.7897	2996.84	8.24396	2993.74	-3.77449	0.152484	-3.13593	2997.45	8.37643	3000	1.25523	0.00986076	1.315	34.18	0.275747	31.5
52000		-74.0898	1.99173	-89.894	2997.29	8.29636	3000.31	-3.72137	0.151624	-3.12059	2997.72	8.42116	3000.5	1.26194	0.0108792	1.331	34.23	0.277017	31.5
53000		-71.6608	1.6919	-70.4623	2998.24	8.25928	3000.05	-3.67373	0.150955	-3.0944	2999.12	8.66271	3011.5	1.25419	0.00959507	1.2	34.27	0.279196	31.5
54000		-72.0917	1.79351	-87.6343	2999.86	8.42394	3005.76	-3.62308	0.150395	-3.02366	3002.8	8.5784	3017	1.24723	0.00824671	1.288	34.28	0.277099	31.5
55000		-74.1626	2.05703	-109.295	3001.68	8.45756	3013.81	-3.57854	0.149636	-3.00796	3001.71	8.56001	3015.5	1.26444	0.00928948	1.278	34.3	0.279068	31.5
56000		-74.0108	1.65846	-66.0361	3001.63	8.55653	3016.28	-3.52319	0.146367	-3.00531	3001.21	8.61936	3014.5	1.26758	0.00981451	1.3255	34.34	0.27715	31.5
57000		-73.8516	1.76376	-82.7683	3001.8	8.58838	3016.99	-3.48196	0.145073	-2.9714	3001.16	8.74912	3011.5	1.25606	0.010121	1.268	34.4	0.274506	31.5
58000		-73.1512	1.6817	-90.5524	3002.53	8.66032	3013.41	-3.44022	0.143656	-2.93849	3000.15	8.7704	3002	1.25724	0.0102693	1.1685	34.43	0.272754	31.5
59000		-71.5416	1.9178	-73.9092	3002.84	8.69806	3011.4	-3.39536	0.141864	-2.91293	3003.07	8.85991	3009	1.25571	0.0103017	1.276	34.45	0.275379	31.5
60000		-74.399	1.90952	-87.6622	3002.67	8.70242	3003.14	-3.36233	0.140586	-2.85242	3002.59	8.72984	2975	1.26536	0.0102128	1.3085	34.48	0.275784	31.5
