#gen	avgfit_mean	avgfit_sd	avgfit_med	avgbits_mean	avgbits_sd	avgbits_med	fit_mean	fit_sd	fit_med	bits_mean	bits_sd	bits_med	cpu_mean	cpu_sd	cpu_med	genes_mean	genes_sd	genes_med
0	-3149.97	101.725	-2529.55	5000	0	5000	-1976.83	68.6724	-1514.02	5000	0	5000	0	0	0	49.47	0.224831	49.5
500	-1011.57	21.3555	-883.288	4994.54	4.92135	4999.98	-662.496	8.90448	-630.455	4997.4	1.40636	5000	4.12515	0.0484036	4.638	49.0275	0.233888	49
1000	-606.2	5.32699	-598.142	4995.68	2.82467	5000.09	-496.258	3.90574	-490.435	5001.68	2.15273	5000	3.9459	0.0455465	4.451	49.0325	0.231733	49
1500	-484.277	3.72523	-478.296	5001.27	2.22499	4999.98	-411.937	2.96669	-409.754	5001.66	2.21491	5000	3.9476	0.0450257	4.3925	49.1725	0.225797	49
2000	-406.04	3.00584	-401.538	5001.31	2.35493	4999.87	-355.867	2.72869	-354.665	5001.18	2.34349	5000	3.98881	0.0460015	4.4455	49.43	0.225699	50
2500	-353.045	2.68425	-351.211	5001.88	2.33538	5000.12	-313.128	2.57866	-309.876	5002.74	2.43674	5000	3.96139	0.0453651	4.4335	49.7075	0.224429	50
3000	-314.634	2.55554	-314.248	5003.05	2.44655	5000.58	-280.231	2.46654	-279.551	5003.23	2.50369	5001	3.949	0.0448894	4.4125	50.1525	0.222507	50
3500	-282.181	2.43305	-281.639	5004.14	2.51023	5000.73	-251.7	2.36746	-250.19	5003.65	2.59466	5000	3.96221	0.0453777	4.431	50.515	0.220018	50
4000	-255.182	2.36888	-252.855	5005.17	2.60727	5000.73	-227.09	2.27581	-223.915	5005.64	2.68249	5001	3.97461	0.0457996	4.4465	50.91	0.218688	51
4500	-231.351	2.23564	-227.705	5006.31	2.67393	5001.05	-205.449	2.15438	-202.44	5008.2	3.15091	5001	3.97567	0.0464127	4.479	51.2375	0.215683	51
5000	-211.224	2.14639	-207.464	5008.41	3.07374	5001.05	-186.982	2.08579	-184.012	5008.67	3.10379	5001.5	3.95887	0.0469985	4.4395	51.5925	0.212554	52
5500	-193.169	2.01609	-190.095	5008.8	3.13006	5001.6	-169.911	1.99656	-166.238	5008.88	3.22253	5002	3.99057	0.0475656	4.452	51.95	0.212707	52
6000	-177.721	2.01317	-175.188	5009.26	3.21912	5001.18	-154.63	1.92987	-151.239	5009.49	3.23558	5002	3.97078	0.0467456	4.471	52.215	0.20828	52
6500	-162.652	1.95914	-158.821	5010.2	3.27281	5001.73	-140.863	1.89228	-136.014	5010.73	3.31914	5002.5	4.00008	0.0475669	4.4745	52.5	0.207715	53
7000	-149.88	1.89734	-145.224	5010.93	3.31534	5002.12	-128.747	1.82777	-123.848	5011.8	3.33231	5002	4.02786	0.0479587	4.503	52.795	0.210012	53
7500	-138.304	1.83668	-133.161	5011.88	3.33565	5002.15	-118.58	1.72337	-113.371	5012.21	3.37161	5003	4.0749	0.0486547	4.576	53.0575	0.21118	53
8000	-128.519	1.69687	-124.481	5012.76	3.34248	5002.94	-109.147	1.63245	-103.951	5013.46	3.40861	5003	4.05987	0.04854	4.5485	53.2475	0.211933	53
8500	-119.569	1.62841	-115.4	5013.72	3.37964	5003.16	-100.706	1.55679	-96.0502	5015.07	3.46611	5004	4.061	0.0486941	4.57	53.5125	0.214189	54
9000	-111.252	1.57106	-107.409	5015.59	3.55038	5003.38	-92.8708	1.49467	-88.0678	5014.91	3.51041	5004	4.09764	0.0492502	4.6145	53.6525	0.210958	54
9500	-103.799	1.50717	-98.8922	5016.12	3.66881	5003.31	-85.6876	1.40591	-81.4126	5015.73	3.75183	5003	4.08914	0.0485298	4.564	53.885	0.210898	54
10000	-96.2891	1.4147	-93.2333	5016.1	3.7161	5003.38	-79.2521	1.31657	-74.8763	5016.05	3.72234	5004	4.08752	0.0485917	4.571	54.0975	0.208004	54
10500	-90.1201	1.31782	-86.1456	5016.44	3.72206	5004.06	-73.2916	1.23559	-68.8632	5016.1	3.72989	5004	4.10602	0.0490285	4.5935	54.19	0.207979	54
11000	-84.2262	1.27992	-78.8917	5016.43	3.74347	5004.34	-67.6192	1.15731	-63.4406	5016.44	3.8286	5004	4.11135	0.0489062	4.622	54.4025	0.20832	55
11500	-79.386	1.20035	-76.6926	5016.95	3.79937	5004.85	-63.0402	1.10798	-59.3743	5018.28	3.935	5005	4.07334	0.0481003	4.5405	54.505	0.208918	55
12000	-74.8106	1.15374	-71.5918	5017.91	3.86509	5004.68	-58.8358	1.04414	-54.3653	5018.23	3.88519	5005	4.09753	0.0499584	4.602	54.63	0.210192	55
12500	-71.214	1.07844	-68.851	5017.97	3.91971	5004.57	-54.6789	0.992606	-50.4579	5018.2	3.92613	5005	4.09267	0.0496413	4.573	54.705	0.208485	55
13000	-67.3674	1.04546	-64.13	5018.51	3.92098	5005.32	-50.9841	0.942098	-47.2824	5018.37	3.95727	5005	4.10541	0.0497041	4.581	54.805	0.207243	55
13500	-63.4755	0.986239	-60.8007	5018.78	3.92153	5005.07	-47.7988	0.895027	-44.2077	5018.54	3.93925	5005	4.09435	0.0498409	4.582	54.91	0.206546	55
14000	-60.2599	0.98	-56.9012	5018.79	3.92333	5005.98	-44.6766	0.855564	-41.1791	5018.71	3.99114	5006	4.11444	0.0497602	4.612	55.035	0.20849	55
14500	-56.9911	0.922715	-53.2415	5018.94	3.96735	5005.77	-41.8816	0.810878	-38.2396	5019.54	3.98033	5006	4.11749	0.0496131	4.584	55.1325	0.209247	55
15000	-54.6822	0.873865	-51.1683	5019.11	3.97792	5005.58	-39.3253	0.768727	-36.0378	5019.16	3.99366	5006	4.10514	0.0497893	4.5605	55.1925	0.20871	55
15500	-52.316	0.829635	-49.8084	5019.12	4.00805	5005.33	-36.992	0.729626	-34.1412	5018.78	4.02518	5006	4.137	0.0503521	4.622	55.2975	0.21103	55
16000	-49.3933	0.77591	-46.4733	5019.16	4.02478	5005.86	-34.9643	0.697345	-32.2695	5019.66	4.03251	5006	4.12486	0.0510217	4.598	55.395	0.20813	56
16500	-47.5057	0.758326	-46.0279	5019.81	4.0485	5006.59	-32.9644	0.661724	-30.2003	5020.14	4.07324	5007	4.16617	0.0520192	4.6515	55.455	0.20737	56
17000	-46.0471	0.757881	-44.1659	5019.87	4.04964	5006.89	-31.136	0.630303	-28.5979	5019.27	4.04569	5007	4.17304	0.0516347	4.656	55.5	0.20708	56
17500	-43.5042	0.701994	-40.8879	5019.77	4.04831	5006.72	-29.548	0.603408	-27.2091	5019.39	4.04776	5006	4.16452	0.0515925	4.6445	55.615	0.206181	56
18000	-42.4696	0.664885	-39.6596	5019.94	4.0658	5006.44	-27.9675	0.574909	-25.9727	5019.83	4.08716	5007	4.16295	0.0522305	4.6885	55.685	0.20796	56
18500	-41.2494	0.677721	-39.0484	5019.94	4.08687	5006.4	-26.5769	0.550208	-24.4201	5020.42	4.11218	5006.5	4.17532	0.0512186	4.6315	55.7275	0.206312	56
19000	-39.875	0.630458	-37.901	5020.04	4.08648	5007.37	-25.3353	0.526719	-23.5649	5020.37	4.08965	5007	4.19742	0.0526321	4.7155	55.765	0.205804	56
19500	-38.5449	0.627609	-36.8158	5020.42	4.09568	5007.82	-24.1138	0.482834	-22.2581	5020.15	4.09025	5007.5	4.2	0.0516342	4.6725	55.835	0.205975	56
20000	-37.1094	0.555771	-35.5328	5020.69	4.10944	5007.87	-22.9598	0.462914	-21.1768	5020.74	4.11126	5007.5	4.20329	0.0513684	4.668	55.885	0.206515	56
