#gen	avgfit_mean	avgfit_sd	avgfit_med	avgbits_mean	avgbits_sd	avgbits_med	fit_mean	fit_sd	fit_med	bits_mean	bits_sd	bits_med	cpu_mean	cpu_sd	cpu_med	genes_mean	genes_sd	genes_med
0	-3119.23	10.5382	-3119.11	5000	0	5000	-730.129	4.9929	-731.872	5000	0	5000	0	0	0	48.545	0.215345	49
500	-1048.04	8.82642	-1063.07	4951.59	8.02004	4985.47	-515.277	2.97945	-515.458	4944.6	15.7529	5000	37.1052	0.453471	39.592	47.5625	0.262225	48
1000	-623.926	7.4198	-584.941	4933.42	14.4038	4998.73	-420.704	2.58888	-419.429	4937.92	15.8556	5000	14.1911	0.46931	12.5535	47.3375	0.266997	47.5
1500	-468.529	4.53863	-447.311	4933.05	15.422	4998.62	-359.44	2.5549	-356.03	4939.06	15.7352	4999	5.14817	0.282331	2.764	47.5925	0.255228	48
2000	-393.406	3.62396	-382.54	4939.75	15.4741	4998.66	-311.523	2.4888	-311.988	4943.42	15.4963	4999	3.09815	0.181833	2.563	47.84	0.250185	48
2500	-338.839	2.75417	-335.046	4940.76	15.6068	4998.28	-274.978	2.40084	-273.859	4941.33	15.7893	4998	2.57068	0.107406	2.5515	48.2275	0.246178	48
3000	-301.002	2.62228	-297.262	4942.23	15.722	4997.89	-243.568	2.28906	-243.879	4941.65	15.8221	4998.5	2.35429	0.046265	2.527	48.5625	0.252933	49
3500	-270.36	2.38008	-270.921	4943.95	15.7705	4998.69	-218.252	2.23336	-218.616	4944.34	15.8145	4998	2.2923	0.0279071	2.499	48.96	0.247789	49
4000	-245.243	2.24396	-242.913	4945.08	15.809	4998.77	-196.172	2.12723	-194.711	4946.05	15.9042	4997	2.28239	0.0274602	2.5075	49.2175	0.248606	49
4500	-223.404	2.15868	-222.226	4946.37	15.8791	4998.82	-177.975	2.00241	-176.205	4947.53	15.9419	4999	2.29167	0.0271569	2.526	49.605	0.247438	50
5000	-205.407	2.02532	-203.093	4946.89	15.8992	4998.12	-160.899	1.86889	-161.118	4947.09	15.9357	4998	2.28115	0.0268452	2.4995	49.98	0.247568	50
5500	-189.116	1.91986	-187.504	4947.37	15.929	4998.01	-145.705	1.74882	-144.313	4948.01	15.9683	4997	2.28814	0.0275176	2.531	50.1975	0.245733	50
6000	-174.226	1.79002	-173.035	4948.36	15.9727	4997.97	-133.205	1.65023	-131.861	4950.03	15.9744	4997.5	2.2834	0.0272115	2.5365	50.5825	0.242652	51
6500	-163.247	1.70678	-161.929	4950.72	15.9466	4998.22	-121.959	1.56066	-119.927	4951.98	15.989	4998	2.29603	0.0303477	2.524	50.845	0.244211	51
7000	-152.173	1.62359	-151.247	4951.51	15.9874	4999.07	-111.63	1.48879	-110.777	4952.01	16.0001	4999.5	2.30556	0.0363757	2.512	51.0525	0.243228	51
7500	-141.011	1.57651	-139.532	4951.86	16.0098	4998.75	-102.566	1.40113	-99.9187	4952.8	15.9778	4999	2.31795	0.0357696	2.535	51.295	0.242186	51
8000	-133.141	1.46465	-130.755	4951.92	16.0051	4998.8	-94.7623	1.31336	-92.1189	4951.68	16.0016	4997	2.31224	0.0373688	2.5295	51.465	0.240477	51.5
8500	-125.108	1.45361	-124.609	4952.15	16.0031	4999.05	-87.3105	1.24143	-85.2321	4952.59	15.9892	4997	2.31594	0.0311045	2.5475	51.6325	0.242002	52
9000	-117.72	1.3441	-116.413	4952.24	15.9938	4998.85	-80.6033	1.16697	-78.4425	4952.68	16.067	4998	2.29686	0.0273197	2.528	51.7875	0.240339	52
9500	-110.952	1.26212	-108.777	4953.3	16.0451	4998.67	-74.5722	1.10081	-72.2365	4953.75	16.0823	4998	2.29305	0.0270379	2.5365	51.935	0.241449	52
10000	-106.132	1.22508	-103.539	4954.02	16.0734	4997.76	-69.1724	1.04068	-67.0666	4954.7	16.12	4998	2.29896	0.0275063	2.5265	52.1725	0.241148	52
10500	-99.6209	1.16359	-96.9209	4954.68	16.1073	4998.36	-64.4835	1.00404	-62.13	4955.56	16.1121	4999	2.29543	0.0272371	2.5205	52.2325	0.242576	52
11000	-94.9077	1.15116	-92.9576	4955.17	16.1141	4998.68	-60.0216	0.938294	-58.0641	4956.16	16.1322	4999	2.29591	0.0275199	2.525	52.41	0.240441	53
11500	-91.3068	1.12905	-88.6263	4955.91	16.1206	4998.94	-56.1378	0.892336	-53.0517	4955.82	16.1192	4999	2.29321	0.0271615	2.5115	52.51	0.241367	53
12000	-87.8699	1.0343	-85.5278	4955.87	16.1302	4999.6	-52.7308	0.850728	-49.9499	4956.43	16.1095	5000	2.30024	0.0279622	2.534	52.5775	0.24118	53
12500	-83.4435	1.01954	-80.6533	4955.85	16.1244	5000.39	-49.431	0.785785	-46.8421	4956.02	16.1337	4999	2.28339	0.0275306	2.5055	52.68	0.240132	53
13000	-80.5582	0.93067	-77.8982	4955.96	16.1125	4999.25	-46.3928	0.742462	-43.5988	4956.04	16.0839	5000	2.29209	0.0274565	2.529	52.73	0.239057	53
13500	-78.0015	0.915664	-76.4541	4956.46	16.1158	4999.11	-43.6149	0.708818	-40.9361	4957.08	16.147	4999	2.29943	0.0275972	2.529	52.85	0.239504	53
14000	-74.8325	0.906531	-72.2988	4956.89	16.1142	4999.22	-41.2139	0.678218	-38.6489	4956.63	16.1467	4999	2.31006	0.0272362	2.545	52.96	0.23909	53
14500	-72.1344	0.894313	-71.1157	4956.21	16.1224	4999.08	-38.9208	0.650035	-36.2394	4955.91	16.1358	5000	2.29951	0.0270773	2.5335	53.0275	0.238215	53
15000	-69.8852	0.880204	-66.2269	4956.23	16.1321	4999.36	-36.8626	0.614088	-35.0317	4956.31	16.1221	4999	2.29569	0.0267686	2.5245	53.155	0.238026	53
15500	-69.2005	0.83188	-67.0929	4957.15	16.148	5000.81	-34.9393	0.588978	-32.8931	4957.18	16.1405	5000	2.29245	0.0271905	2.526	53.2325	0.239011	53
16000	-66.3281	0.847814	-64.4057	4956.78	16.1509	4999.35	-33.1506	0.569245	-31.2185	4957.38	16.1696	5000	2.29343	0.0273723	2.5355	53.3125	0.238546	53
16500	-64.7275	0.785436	-63.6573	4957.43	16.1614	4999.2	-31.3997	0.541347	-29.0065	4956.85	16.1526	4998.5	2.30019	0.0296404	2.5305	53.405	0.23705	53
17000	-63.368	0.827676	-61.8219	4957.82	16.1495	4998.95	-29.9258	0.518862	-27.7663	4958.58	16.1284	5000	2.29645	0.0275893	2.5235	53.46	0.23738	54
17500	-62.235	0.750147	-60.6999	4958.52	16.1231	4999.68	-28.4589	0.492785	-26.3519	4958.88	16.1385	4999.5	2.29167	0.0274614	2.508	53.535	0.238252	54
18000	-59.3557	0.730093	-57.033	4958.63	16.1303	5000.47	-27.1925	0.480294	-25.2167	4958.64	16.1327	5000.5	2.29231	0.0274266	2.5255	53.63	0.238117	54
18500	-59.3599	0.765724	-57.4705	4958.32	16.1401	4999.84	-26.0032	0.461174	-24.2313	4957.66	16.1413	5000	2.29489	0.0269453	2.5335	53.7325	0.237446	54
19000	-57.4348	0.7173	-55.8109	4958.51	16.12	4999.59	-24.9426	0.444129	-22.8222	4958.98	16.1074	5001	2.29289	0.0273748	2.541	53.7975	0.236365	54
19500	-57.1134	0.680586	-56.3413	4958.83	16.1203	4999.21	-23.9237	0.423255	-22.1729	4958.9	16.1538	5002	2.29088	0.0270797	2.533	53.8475	0.238096	54
20000	-54.9271	0.714784	-52.6433	4959.08	16.1328	4999.7	-22.9367	0.410669	-21.0807	4959.06	16.1507	4998.5	2.29694	0.027373	2.5435	53.9325	0.237061	54
