#gen	avgfit_mean	avgfit_sd	avgfit_med	avgbits_mean	avgbits_sd	avgbits_med	fit_mean	fit_sd	fit_med	bits_mean	bits_sd	bits_med	cpu_mean	cpu_sd	cpu_med	genes_mean	genes_sd	genes_med
0	-3117.18	10.5787	-3113.88	5000	0	5000	-737.861	5.25903	-730.154	5000	0	5000	0	0	0	48.825	0.220727	49
500	-841.296	6.57691	-842.842	4980.89	6.00654	4997.41	-498.645	2.92265	-500.677	4984.34	10.803	5000	24.3626	0.300946	24.8015	48.19	0.266904	48
1000	-570.115	4.79519	-553.436	4969.62	10.968	4999.73	-408.941	2.35246	-408.98	4962.66	12.3565	5000	8.37301	0.323282	6.43	48.355	0.275408	49
1500	-462.924	3.15894	-457.252	4970.18	11.7704	5000.05	-350.006	2.30279	-349.883	4969.85	11.9246	5000	3.41042	0.186614	1.971	48.3625	0.27203	49
2000	-403.148	2.72112	-400.844	4970.21	11.9448	4999.91	-308.518	2.22146	-310.325	4971.29	11.958	5000	2.20274	0.112017	1.892	48.7575	0.267513	49
2500	-356.818	2.44477	-357.792	4971.38	11.9585	4999.35	-272.784	2.12096	-272.875	4971.87	12.0442	5000	1.84326	0.0517058	1.884	49.1175	0.266222	50
3000	-321.387	2.29357	-320.123	4971.14	11.9992	4999.45	-243.199	2.07853	-243.492	4970.74	12.0068	4998.5	1.74627	0.0188705	1.878	49.3875	0.265603	50
3500	-291.21	2.17437	-291.816	4970.5	12.0284	4998.83	-216.853	1.95523	-217.775	4971.66	12.0765	4999	1.73649	0.0184269	1.8635	49.6375	0.255374	50
4000	-266.661	2.23561	-265.696	4971.65	12.0667	4999.43	-195.614	1.93123	-196.087	4972.82	12.1598	4999.5	1.72163	0.0183972	1.8315	49.9175	0.258614	51
4500	-244.318	2.10455	-243.208	4972.54	12.1424	4998.99	-177.385	1.84067	-176.95	4973.95	12.1159	4999.5	1.73974	0.0185209	1.8655	50.265	0.256053	51
5000	-226.374	2.02233	-226.255	4972.44	12.189	4999.76	-160.52	1.74524	-158.907	4972.49	12.2887	4999	1.71534	0.0181699	1.853	50.445	0.251322	51
5500	-209.748	1.99696	-209.279	4972.77	12.2207	4999.87	-145.745	1.68029	-144.2	4973.42	12.3444	4998	1.72568	0.0180712	1.861	50.76	0.251997	51
6000	-194.697	1.89274	-195.192	4973.08	12.2567	4999.06	-132.966	1.59275	-132.131	4973.06	12.2903	4998.5	1.72084	0.018534	1.844	50.9375	0.249202	51.5
6500	-182.401	1.77119	-180.308	4974.03	12.3133	4999.24	-121.496	1.4744	-120.52	4975.83	12.3707	4999.5	1.72869	0.0178418	1.86	51.19	0.251132	51
7000	-170.167	1.73243	-167.741	4975.58	12.3632	4999	-111.586	1.40868	-109.54	4976.15	12.3699	4999	1.71472	0.0178473	1.823	51.4325	0.25024	52
7500	-160.206	1.62737	-158.56	4975.98	12.3538	4998.68	-102.029	1.33169	-100.059	4977.26	12.4105	5000	1.73368	0.0183365	1.8705	51.6325	0.254545	52
8000	-150.969	1.60858	-148.568	4977.32	12.4271	4998.78	-94.3413	1.28272	-91.5387	4977.41	12.4483	4999.5	1.72886	0.0183715	1.861	51.83	0.252114	52
8500	-142.463	1.58229	-139.573	4977.33	12.4215	5000.3	-87.082	1.20223	-84.3581	4977.87	12.4256	4999.5	1.72449	0.0187832	1.862	52.0625	0.251455	53
9000	-135.099	1.43029	-132.138	4978.03	12.413	4999.81	-80.8801	1.15028	-78.82	4977.93	12.4349	5001	1.72577	0.0189343	1.8485	52.17	0.25199	52
9500	-129.445	1.39712	-128.075	4978.97	12.4448	5000.32	-74.8888	1.08473	-71.8203	4979.69	12.5701	5000	1.72289	0.0183507	1.8585	52.3625	0.251243	53
10000	-123.686	1.34435	-122.109	4979.78	12.5239	5000.19	-69.3773	1.03412	-66.7677	4978.87	12.5843	5001	1.73281	0.0180351	1.8665	52.5075	0.251487	53
10500	-117.486	1.25146	-114.833	4979.22	12.5263	5000.02	-64.497	0.980273	-61.7958	4980.02	12.5	5000	1.72156	0.0184571	1.848	52.6875	0.247265	53
11000	-113.931	1.23879	-112.605	4979.6	12.5195	4999.35	-60.3589	0.939915	-58.1652	4980.91	12.5682	5000	1.73512	0.0183925	1.8615	52.8075	0.249463	53
11500	-108.918	1.24088	-105.309	4980.29	12.5505	5000.27	-56.4116	0.884922	-53.5823	4980.3	12.5902	4999	1.72035	0.018424	1.869	52.9275	0.252219	53
12000	-104.692	1.1638	-101.667	4980.48	12.5661	5001.67	-52.8337	0.817418	-50.4097	4980.77	12.5839	5001	1.72274	0.0182857	1.8435	53.0325	0.249669	53
12500	-102.882	1.17459	-102.723	4981.06	12.5566	5002.33	-49.3327	0.780359	-46.7834	4981.02	12.5372	5001	1.73331	0.0179531	1.871	53.1625	0.248837	54
13000	-98.8432	1.12503	-96.6993	4981.12	12.5428	5002.2	-46.1631	0.734833	-44.3378	4981.16	12.466	5001.5	1.71672	0.0182134	1.8415	53.2125	0.250024	54
13500	-94.8846	1.0714	-93.6912	4980.83	12.5233	5001.65	-43.6979	0.712705	-41.7001	4980.65	12.5701	5001	1.72514	0.017931	1.8575	53.3275	0.250664	54
14000	-92.7264	1.0435	-90.1259	4980.99	12.5213	5001.18	-41.0451	0.672204	-39.4371	4980.29	12.5014	5001	1.72955	0.018687	1.8615	53.4375	0.247727	54
14500	-90.368	0.998427	-88.5809	4981.07	12.5314	5003.03	-38.7152	0.635611	-36.7978	4980.9	12.4977	5003	1.73524	0.0179666	1.861	53.4925	0.247493	54
15000	-87.569	1.01072	-85.6327	4981.11	12.5068	5002.21	-36.6034	0.604663	-34.7685	4981.56	12.5079	5002.5	1.74308	0.0184446	1.8855	53.5625	0.246077	54
15500	-85.7925	0.980268	-83.9544	4981.85	12.512	5002.69	-34.5146	0.57507	-32.7903	4981.51	12.4974	5002.5	1.74272	0.018692	1.865	53.6575	0.247596	54
16000	-82.2087	0.965415	-79.4208	4981.4	12.5013	5002.26	-32.6615	0.550958	-30.9634	4983.14	12.4888	5003	1.75068	0.0182893	1.858	53.7775	0.246342	54
16500	-80.5124	0.932119	-78.8837	4982.03	12.5277	5003.16	-31.0961	0.528377	-29.271	4982.56	12.5438	5003	1.73964	0.0185862	1.8645	53.7825	0.245282	54
17000	-80.6273	0.908657	-78.3233	4982.3	12.5309	5003.48	-29.6127	0.504237	-27.7035	4983.09	12.539	5003	1.71735	0.0178787	1.8425	53.835	0.245576	54
17500	-78.4178	0.929093	-76.4	4982.58	12.4899	5003.49	-28.2574	0.485331	-26.7023	4981.99	12.5194	5003	1.72796	0.0181637	1.857	53.9075	0.245633	54
18000	-77.4841	0.922395	-75.3709	4982.76	12.4998	5004.27	-26.9557	0.467743	-25.1406	4982.56	12.4869	5002.5	1.72623	0.0177004	1.848	53.9425	0.243688	54
18500	-76.5706	0.932544	-74.7881	4982.84	12.4977	5003.33	-25.8087	0.450441	-24.0255	4983.01	12.5503	5002	1.73293	0.0182058	1.8595	54.0375	0.242951	54
19000	-75.3377	0.903173	-74.0372	4983.34	12.533	5002.09	-24.7303	0.433469	-23.1172	4983.61	12.6085	5003	1.73492	0.0183237	1.8525	54.13	0.24394	54
19500	-73.8528	0.8093	-72.7115	4983.67	12.5452	5002.33	-23.7565	0.419858	-22.2629	4983.76	12.5679	5003	1.71484	0.0179217	1.8525	54.1425	0.243034	54
20000	-72.7814	0.868698	-70.9049	4983.72	12.5508	5002.75	-22.8057	0.405307	-21.2223	4983.45	12.5439	5004	1.70629	0.0180268	1.8375	54.2675	0.244416	54
