#gen	avgfit_mean	avgfit_sd	avgfit_med	avgbits_mean	avgbits_sd	avgbits_med	fit_mean	fit_sd	fit_med	bits_mean	bits_sd	bits_med	cpu_mean	cpu_sd	cpu_med	genes_mean	genes_sd	genes_med
0		-1929.01	127.241	-1464.75	3000	0	3000	-926.742	52.2264	-712.817	3000	0	3000	0	0	0	30.3103	0.448973	32
1000		-490.22	12.2319	-527.257	2992.2	7.14084	3001.2	-312.195	9.25753	-348.765	2999.12	1.34382	2999	2.158	0.0245697	2.095	30.3448	0.361947	32.5
2000		-313.511	8.69913	-317.834	2988.16	10.5862	2998.53	-197.55	6.54121	-206.31	2989.86	10.8648	2998	2.22991	0.0455226	2.0355	31	0.368939	31.5
3000		-222.941	6.08334	-242.35	2996.2	3.91596	2997.99	-129.725	4.50575	-125.588	3001.67	1.81317	2999	2.17388	0.0318925	2.0055	31.6379	0.366222	33.5
4000		-177.284	4.81878	-170.894	3000.43	2.10284	2995.97	-94.3329	3.29928	-78.4999	2997.91	2.9255	2988.5	2.19741	0.0400137	2.001	32.1207	0.386616	33.5
5000		-142.096	3.99535	-140.901	3000.76	2.61441	2985.74	-70.0935	2.62699	-66.5451	3002.97	3.74052	2985	2.17593	0.02886	1.918	32.3103	0.371559	33.5
6000		-122.764	3.06018	-129.922	3000.72	3.07046	2986.47	-54.4362	2.00744	-57.8196	3000.22	3.34532	2984.5	2.21407	0.0277478	2.0725	32.6034	0.347787	33.5
7000		-108.905	3.01246	-127.719	3000.35	3.07906	2986.7	-44.2194	1.66293	-47.9616	2998.78	3.81507	2986.5	2.25857	0.0488145	2.3555	32.7414	0.324033	33.5
8000		-96.59	2.72228	-106.441	2999.82	3.4307	2987.42	-35.408	1.39851	-34.9251	3000.16	4.21092	2977.5	2.25474	0.043647	2.0425	33.2414	0.370012	33.5
9000		-92.2971	2.54361	-96.2606	2999.94	4.10835	2985.24	-29.5912	1.17421	-32.5725	3000.95	4.08932	2988.5	2.24569	0.0896179	1.989	33.3966	0.390402	33.5
10000		-86.92	2.83687	-125.57	3000.66	3.98764	2985.82	-25.4059	1.05659	-27.202	2999.59	4.35237	2976.5	2.15081	0.0207536	2.095	33.6379	0.378409	33.5
11000		-84.0468	2.29254	-90.9413	2999.93	4.49638	2984.4	-22.0779	0.879933	-25.412	3000.31	5.10229	2977.5	2.16633	0.0240821	1.9895	33.7069	0.388903	33.5
12000		-82.9302	2.23378	-94.0122	2998.51	4.81256	2984.63	-19.4936	0.778437	-23.1166	2997.48	4.73504	2979	2.19809	0.0381579	2.4705	33.7759	0.401934	33.5
13000		-79.1346	2.32982	-92.5583	2998.74	4.8073	2988.76	-17.4276	0.735534	-21.3157	3001.29	4.81277	2986	2.15488	0.025853	2.199	33.7759	0.405679	33.5
14000		-77.6564	2.54128	-103.938	3000.93	4.92758	2989.64	-15.5374	0.650222	-20.5572	2999.47	4.99983	2988.5	2.18098	0.0241119	1.929	33.7931	0.399454	33.5
15000		-74.1563	2.1167	-93.8685	3001	4.96568	2990.93	-14.0841	0.612923	-19.5753	3001.09	4.84941	2990.5	2.18248	0.023669	1.9355	33.931	0.399532	33.5
16000		-75.0946	2.4762	-97.504	3001.46	5.01481	2992.23	-12.7686	0.570566	-18.1526	3002.69	5.02235	2991.5	2.17028	0.0403288	1.9855	33.9828	0.406757	33.5
17000		-73.7461	2.42759	-80.6147	3002.48	4.93382	2991.51	-11.8394	0.535621	-16.9567	3003.48	4.85708	2993	2.2014	0.0409767	2.0905	34.0517	0.412613	33.5
18000		-73.8372	2.06472	-86.7402	3003.01	5.17651	2990.74	-11.1261	0.513381	-15.8325	3002.66	5.56888	2993.5	2.20695	0.0464582	2.0275	34.1034	0.409867	33.5
19000		-70.4544	2.39908	-87.3643	3002.24	5.03436	2988.61	-10.4806	0.494028	-14.5273	3004.14	5.38131	2986.5	2.26431	0.0557842	2.067	34.1034	0.401667	33.5
20000		-70.2122	2.19699	-95.6443	3003.99	5.11049	2988.68	-9.7973	0.478029	-13.9496	3002.53	5.1754	2988.5	2.25029	0.0576035	2.0395	34.1379	0.396939	33.5
21000		-67.1002	2.25117	-74.6623	3003.92	5.10721	2991.07	-9.26416	0.467368	-13.4629	3004.71	5.25111	2998	2.24533	0.0692695	2.122	34.2759	0.39644	34
22000		-68.5187	2.10494	-77.8166	3003.57	5.00334	2994.83	-8.71396	0.431415	-12.392	3000.59	5.30646	2991	2.19743	0.0399324	2.108	34.2931	0.398886	34
23000		-65.322	2.12094	-109.87	3001.57	5.15008	2996.04	-8.18229	0.385471	-10.4843	3002.24	5.4248	2994.5	2.18297	0.0415794	1.85	34.3793	0.394937	34.5
24000		-69.6602	2.40165	-81.9977	3002.1	5.20814	2995.53	-7.74295	0.36757	-10.1237	3004.41	5.26681	2997	2.13722	0.0212513	1.91	34.431	0.399722	34.5
25000		-68.9415	2.2914	-85.4435	3002.99	5.27493	2992.29	-7.38978	0.355803	-9.63595	3002.71	5.3478	2994.5	2.14052	0.0188299	2.042	34.4483	0.396729	34.5
26000		-64.7552	2.1188	-83.1726	3003.61	5.20188	2996.74	-6.98595	0.337171	-9.06262	3005.6	5.12529	2995.5	2.16474	0.0147605	2.0725	34.5172	0.393721	34.5
27000		-69.6161	2.14931	-86.5504	3003.98	5.18282	3013.35	-6.71353	0.3304	-8.70869	3005.62	5.32693	2999.5	2.18093	0.0202872	2.102	34.6034	0.392719	34.5
28000		-67.1958	1.48037	-69.4929	3003.91	5.0343	3003.61	-6.47741	0.323176	-8.22531	3003.48	5.23306	3000	2.17066	0.030234	2.1015	34.6207	0.389539	35
29000		-66.096	2.34744	-92.6144	3004.01	5.21499	3002.88	-6.24635	0.310708	-7.87423	3002.34	5.34092	2999	2.15283	0.0220994	2.0395	34.6552	0.384635	35
30000		-67.1644	2.14139	-86.5013	3003.46	5.2718	2997.02	-6.03479	0.299995	-7.59394	3005.24	6.17257	2999	2.17659	0.0279609	2.0215	34.6897	0.384364	35
31000		-65.6509	1.95178	-77.4831	3002.69	5.63451	2986.74	-5.70953	0.277843	-7.3266	3002.33	5.8445	2978	2.16067	0.0248579	2.027	34.7241	0.389512	35
32000		-63.4684	1.96015	-81.8752	3002.55	5.63415	2990.92	-5.52432	0.264327	-7.11304	3001.33	5.76718	3003	2.15109	0.0152343	2.022	34.7586	0.389914	35
33000		-68.0131	2.292	-81.7967	3002.44	5.63126	3002.23	-5.3422	0.260304	-6.88139	3000.79	5.88582	2992.5	2.18616	0.0226497	1.977	34.8966	0.395597	35
34000		-61.362	2.05656	-74.5944	3001.65	5.66129	2992.53	-5.20925	0.255084	-6.75864	3002.97	5.90226	3004	2.19453	0.0386537	1.9115	34.8793	0.401959	34.5
35000		-63.7967	1.87081	-68.6512	3003.03	5.93178	2992.39	-5.05239	0.247137	-6.15925	3003.69	6.13033	2997	2.24222	0.0564675	2.036	34.9138	0.392985	35
36000		-63.2532	2.15478	-74.5859	3002.69	5.90622	2993.8	-4.92311	0.242537	-5.75999	3002.86	5.57919	2989.5	2.20074	0.085098	2.022	34.9655	0.395808	35
37000		-63.5763	2.21478	-76.9078	3002.07	5.79372	2988.73	-4.80482	0.237379	-5.47403	3003.53	5.90237	2991	2.19686	0.0606344	1.976	34.9828	0.392374	35
38000		-63.8319	2.08417	-80.2822	3003.22	6.02218	2988.23	-4.69557	0.232304	-5.33121	3004.69	6.31523	2990	2.15317	0.0194787	2.072	35	0.390449	35
39000		-61.5745	2.07145	-77.3961	3005.38	6.17107	2989.73	-4.55534	0.226974	-5.06192	3006.05	6.29553	2989	2.1676	0.02371	1.8795	35.0172	0.391602	35
40000		-65.7172	2.04147	-93.0107	3005.09	6.34386	2987.93	-4.4525	0.221878	-4.85236	3005	6.51616	2988	2.17559	0.0204218	2.0265	35.0517	0.389225	35
41000		-66.3015	1.91143	-70.8292	3005.91	6.3848	2992.63	-4.3696	0.217603	-4.61276	3005.64	6.60568	2985	2.17243	0.0358297	2.026	35.1207	0.385048	35.5
42000		-64.5787	2.09536	-75.0897	3005.17	6.425	2988.82	-4.28651	0.216174	-4.43968	3006.83	6.68318	2980.5	2.15155	0.0303345	1.9625	35.1897	0.379812	35.5
43000		-65.0527	2.29141	-77.5058	3006.44	6.4843	2989.69	-4.18435	0.213539	-4.18227	3003.5	6.5965	2988	2.18805	0.0298113	2.153	35.1897	0.38613	35.5
44000		-65.5347	2.09717	-77.3022	3006	6.62362	2989.19	-4.09925	0.204806	-4.01046	3006.14	6.60471	2987	2.17534	0.0246938	2.0985	35.1897	0.38613	35.5
45000		-59.7885	1.77703	-72.8562	3005.37	6.63044	2986.75	-4.0239	0.202999	-3.83633	3003.95	6.79839	2982.5	2.16831	0.034226	1.986	35.2414	0.379695	35.5
46000		-63.7995	1.98301	-61.9501	3005.78	6.738	2987.8	-3.96367	0.202392	-3.5389	3005.31	6.75114	2983	2.16241	0.0238068	1.9625	35.3103	0.382787	36
47000		-64.1053	2.47916	-77.9149	3005.77	6.73436	2987.77	-3.90276	0.199994	-3.43964	3006.78	6.98629	2995	2.21588	0.0370356	1.951	35.3448	0.37909	36
48000		-65.8089	2.00371	-66.2996	3007.26	6.79527	2988.95	-3.83585	0.196035	-3.36915	3007	6.75995	2986.5	2.18534	0.038298	2.0365	35.3621	0.377609	36
49000		-63.9722	1.91668	-61.5024	3007.35	6.75266	2993.14	-3.78365	0.194908	-3.2586	3007.95	6.72525	2989	2.22081	0.0521764	2.091	35.3966	0.380196	36
50000		-65.2114	2.04247	-72.4818	3006.53	6.8324	2990.53	-3.71955	0.190534	-3.21646	3008.83	6.73368	2989	2.19202	0.0320304	2.1645	35.4828	0.378043	36
51000		-63.9805	1.82392	-57.8453	3006.58	6.82328	2984.89	-3.66158	0.188734	-3.14873	3008.05	6.50368	2992	2.15812	0.0238874	2.107	35.5345	0.380416	36
52000		-63.0841	2.07167	-57.1426	3006.59	7.07842	2991.27	-3.59885	0.185926	-3.10468	3005.64	7.17412	2993	2.22445	0.041293	2.252	35.5517	0.378788	36
53000		-61.3485	1.89414	-73.2169	3007.08	7.22596	2992.38	-3.52633	0.184681	-3.06725	3005.14	7.42205	2987.5	2.18895	0.0384399	1.952	35.6897	0.372372	36
54000		-65.6714	1.80024	-64.366	3004.66	7.24484	2992.66	-3.46838	0.180961	-2.96554	3005.22	7.54811	2992	2.13986	0.0239665	2.0375	35.7241	0.372848	36
55000		-62.5087	2.04954	-48.611	3005.63	7.23455	2991.22	-3.42287	0.178585	-2.91762	3008.05	7.57868	2994	2.25872	0.101207	2.0705	35.7241	0.372848	36
56000		-59.05	2.04903	-68.9285	3008.81	7.57753	2992.73	-3.37512	0.175678	-2.88391	3008.19	7.52843	2996	2.22902	0.0717128	2.0505	35.7414	0.375086	36
57000		-60.5628	1.6923	-58.9135	3007.96	7.43439	2989.81	-3.33568	0.173947	-2.82994	3008.29	7.68607	2992	2.26441	0.0818095	2.1525	35.7586	0.374077	36
58000		-62.7774	2.06254	-63.7432	3008.89	7.64394	2991.59	-3.29839	0.173609	-2.82311	3008.69	7.67844	2989.5	2.17103	0.0243488	1.981	35.7931	0.375246	36
59000		-61.9636	2.03146	-64.2452	3009.65	7.59939	2996.03	-3.25178	0.168917	-2.79703	3008.69	7.64753	2990	2.15886	0.0218413	2.0115	35.7931	0.373631	36
60000		-63.2135	2.50609	-66.4168	3008.73	7.55842	2994.14	-3.21121	0.164773	-2.76866	3009.81	7.59714	2989.5	2.18512	0.0241352	1.995	35.8276	0.372316	36
