#gen	avgfit_mean	avgfit_sd	avgfit_med	avgbits_mean	avgbits_sd	avgbits_med	fit_mean	fit_sd	fit_med	bits_mean	bits_sd	bits_med	cpu_mean	cpu_sd	cpu_med	genes_mean	genes_sd	genes_med
0	-3129.27	10.4523	-3118.98	5000	0	5000	-745.851	5.23125	-744.866	5000	0	5000	0	0	0	48.54	0.230959	48
500	-720.702	4.26376	-726.983	4988.88	5.6841	4999.66	-484.704	2.73219	-487.943	4992.22	6.91616	5000	8.94948	0.147304	8.8315	48.21	0.239103	48
1000	-536.309	2.90441	-538.047	4991.51	6.41548	4999.85	-400.646	2.49483	-403.263	4994.44	8.51871	5000	2.92415	0.115742	2.0815	48.715	0.249881	48.5
1500	-463.983	2.63447	-461.55	4994.43	8.37634	4999.81	-349.848	2.36521	-352.067	4995.92	8.73372	5000	1.44885	0.0793916	0.905	49.035	0.244071	49
2000	-416.97	2.42552	-416.958	4997.15	8.73444	4999.75	-312.632	2.20364	-313.237	4996.7	8.81882	5000	1.0962	0.0587766	0.8755	49.17	0.238553	49
2500	-381.025	2.36492	-381.944	4997.4	8.79902	5000.01	-283.109	2.23639	-283.802	4998.42	8.87308	4999	0.916685	0.0402851	0.876	49.3375	0.237249	49
3000	-351.664	2.37231	-352.081	4998.49	8.84312	4999.92	-257.592	2.1928	-258.118	5000.14	8.89374	5000	0.8748	0.0328457	0.849	49.74	0.23682	50
3500	-324.651	2.30978	-321.882	4999.71	8.8453	5000.13	-233.883	2.08706	-234.38	4998.89	8.92662	5000	0.832525	0.0161913	0.853	49.9625	0.229804	50
4000	-303.517	2.18131	-305.045	4999.91	8.89983	4999.89	-213.451	1.99085	-215.083	4999.03	8.95688	4999	0.814323	0.009601	0.8535	50.175	0.232424	50
4500	-282.937	2.11388	-278.725	4999.68	8.89048	4999.49	-196.679	1.90315	-195.467	4999.43	8.88807	5000	0.794332	0.00906259	0.84	50.4825	0.229277	50
5000	-266.297	2.02639	-263.97	4999.51	8.88045	4999.7	-181.45	1.83494	-178.066	4999.19	8.92896	5000	0.80797	0.010131	0.8665	50.68	0.229102	50
5500	-251.853	2.06003	-249.548	4999.15	8.88629	4999.28	-167.595	1.79174	-164.095	4998.79	8.92073	5000	0.807247	0.00966228	0.8475	50.995	0.232831	51
6000	-238.273	1.97153	-235.868	4999.27	8.91558	4999.16	-154.816	1.70899	-150.133	5000.9	9.01379	5000	0.802078	0.00917736	0.843	51.325	0.230121	51
6500	-225.912	1.93856	-223.565	5000	8.95516	4999.56	-143.668	1.64198	-140.413	4998.05	8.94627	4999	0.80336	0.00957243	0.834	51.555	0.229235	51
7000	-213.048	1.84943	-207.761	4999.69	8.97668	4999.46	-133.618	1.58022	-130.413	5000.01	9.03908	4999.5	0.812657	0.0096834	0.848	51.6575	0.22506	52
7500	-203.986	1.7792	-200.278	5000.38	9.01812	4999.48	-124.091	1.47665	-121.032	5001.59	9.0692	5000	0.807272	0.0099641	0.859	51.8375	0.229613	52
8000	-194.989	1.73468	-191.31	5000.77	9.03635	4999.71	-116.015	1.37782	-113.739	5001.61	9.06667	5000	0.806737	0.00936234	0.8535	51.965	0.227462	52
8500	-185.57	1.67735	-184.228	5001.94	9.06139	5000.48	-108.256	1.30737	-105.452	5002.29	9.11442	5000	0.813293	0.00957332	0.853	52.1575	0.22902	52
9000	-178.836	1.61959	-176.765	5002.16	9.07906	5000.31	-101.419	1.27028	-98.7089	5004.69	9.31801	5001	0.808162	0.00949236	0.84	52.2875	0.228841	52
9500	-172.752	1.58206	-169.727	5003.76	9.17227	5000.29	-95.3417	1.22255	-92.8252	5004.84	9.32963	5001	0.809795	0.00985322	0.8535	52.405	0.226839	52
10000	-163.515	1.56075	-160.37	5005.08	9.2687	5001	-89.4693	1.16686	-88.0447	5005.5	9.32212	5001	0.80473	0.00967169	0.849	52.5725	0.228594	53
10500	-158.112	1.47205	-155.47	5006.05	9.26845	5002.19	-84.0049	1.11285	-82.1214	5005.39	9.24828	5001	0.811643	0.00964349	0.8435	52.635	0.224121	53
11000	-155.126	1.44551	-153.895	5006.01	9.24259	5002.23	-79.0033	1.06331	-76.1364	5006.39	9.22116	5002	0.81529	0.0100902	0.852	52.795	0.225743	53
11500	-149.461	1.48947	-144.943	5006.16	9.24892	5001.2	-74.4498	1.0123	-72.1099	5006.81	9.27578	5004	0.80234	0.00936134	0.846	52.945	0.226153	53
12000	-143.72	1.3885	-140.583	5006.23	9.24137	5001.92	-70.2971	0.975348	-67.8879	5005.93	9.26457	5003	0.802705	0.00945104	0.845	52.9425	0.224386	53
12500	-139.495	1.35742	-136.452	5006.03	9.23882	5002.01	-66.5308	0.92875	-65.0503	5006.66	9.26939	5001.5	0.796765	0.00959274	0.826	53.125	0.22135	53
13000	-135.818	1.25838	-134.186	5006.04	9.25144	5001.8	-63.0765	0.89223	-61.5295	5005.03	9.30469	5001	0.80507	0.00979541	0.8515	53.2275	0.223947	53
13500	-132.463	1.27752	-130.983	5005.82	9.25727	5000.96	-59.7504	0.846101	-57.7944	5005.36	9.29851	5002	0.813373	0.00963507	0.8595	53.2875	0.223718	53
14000	-128.651	1.25644	-128.678	5005.17	9.28152	5000.48	-56.4385	0.816706	-54.5711	5006.3	9.27908	5002	0.80885	0.00978802	0.852	53.3575	0.224137	53
14500	-125.512	1.16015	-124.654	5005.94	9.28204	4999.93	-53.7878	0.785841	-51.8094	5006.15	9.29711	5002	0.800807	0.00992827	0.846	53.435	0.225425	53
15000	-122.504	1.19835	-121.521	5005.61	9.2767	5001.32	-51.2646	0.759712	-49.5969	5005.68	9.26498	5002	0.804923	0.00969348	0.846	53.58	0.222165	54
15500	-119.186	1.21062	-117.584	5006.01	9.27982	5001.38	-48.9364	0.733561	-47.1683	5006.14	9.3349	5001.5	0.803172	0.00953972	0.8515	53.6125	0.227839	53.5
16000	-117.788	1.19303	-116.113	5006.06	9.29141	5000.8	-46.6031	0.709267	-44.7242	5007.64	9.36002	5002.5	0.802853	0.00995881	0.84	53.6875	0.223466	54
16500	-115.913	1.1975	-114.404	5007	9.31721	5001.85	-44.389	0.679912	-42.4301	5006.55	9.38141	5002.5	0.80183	0.00975036	0.8365	53.7175	0.224321	54
17000	-113.298	1.12019	-111.702	5007.17	9.34324	5001.6	-42.2419	0.643762	-40.045	5007.67	9.35445	5003	0.799417	0.00974552	0.8335	53.825	0.222649	54
17500	-110.76	1.10283	-109.448	5007.38	9.34628	5001.72	-40.4161	0.618177	-38.7071	5007.62	9.36154	5004	0.81594	0.0100615	0.862	53.8725	0.221785	54
18000	-107.921	1.1345	-107.186	5007.46	9.34964	5002.72	-38.6004	0.597365	-37.021	5007.68	9.39309	5004	0.803445	0.00944299	0.848	53.935	0.220308	54
18500	-107.671	1.13878	-105.486	5007.49	9.36365	5001.6	-36.9588	0.569285	-35.3658	5008.57	9.36555	5004.5	0.80972	0.0097835	0.8545	54.0125	0.223255	54
19000	-105.15	1.06046	-102.458	5007.47	9.37582	5003.38	-35.4358	0.555758	-33.9154	5007.61	9.40207	5005	0.80784	0.0102523	0.859	54.055	0.225042	54
19500	-103.771	1.01693	-102.537	5007.77	9.37305	5005.22	-34.0367	0.535808	-32.5878	5006.88	9.41208	5002.5	0.797437	0.00957958	0.8395	54.075	0.222	54
20000	-102.537	1.06218	-100.328	5008.1	9.38386	5005.01	-32.7143	0.519535	-31.244	5008.44	9.39442	5004	0.807733	0.00993471	0.848	54.14	0.222034	54
