#mutation_rate	indel_prob	indel_power	crossover_cross_rate	crossover_prob
#0.01	0.2	-1.5	0.02	0.3
#gen	avgfit_mean	avgfit_sd	avgbits_mean	avgbits_sd	fit_mean	fit_sd	bits_mean	bits_sd	cpu_mean	cpu_sd	genes_mean	genes_sd
0		-311.284	4.90639	4848.33	84.9473	-89.208	0.993949	4851.18	84.9485	0	0	51.945	0.873513
1000		-306.033	4.67592	4849.08	85.0284	-81.109	1.04744	4851.51	85.0457	2.78927	0.0599948	52.01	0.873306
2000		-299.548	4.80395	4848.6	84.9244	-74.046	1.08845	4850.31	85.0273	2.76991	0.0594786	52.19	0.876046
3000		-292.004	4.82443	4851.21	84.9236	-67.208	1.09766	4858.9	84.9452	2.76867	0.0589568	52.17	0.871552
4000		-291.781	5.15961	4856.36	84.9147	-61.2819	1.09306	4864.85	85.136	2.76169	0.058587	52.3	0.868864
5000		-283.477	5.10465	4859.67	84.8374	-56.8973	1.06131	4868.73	85.2632	2.77901	0.0591556	52.33	0.871927
6000		-278.226	4.9353	4863.94	84.9428	-53.2685	1.07382	4870.1	85.4157	2.78624	0.0590132	52.315	0.872689
7000		-276.835	5.09146	4870.67	85.1359	-50.093	1.06585	4876.4	85.5051	2.79433	0.0604432	52.475	0.870596
8000		-275.868	4.93375	4870.67	85.1697	-46.9487	1.0404	4876.56	85.3698	2.77451	0.0586647	52.51	0.874456
9000		-268.257	4.91131	4877.03	85.2693	-44.3719	1.01748	4881.31	85.5241	2.79546	0.0600847	52.625	0.873606
10000		-268.778	4.89767	4880.96	85.2613	-41.9539	0.992254	4885.09	85.2549	2.79481	0.0602811	52.72	0.873224
11000		-261.022	5.02345	4883.63	85.1921	-39.8539	0.962984	4887.18	85.1886	2.81457	0.0599672	52.88	0.873149
12000		-260.427	4.59691	4886.28	85.1469	-38.3168	0.933951	4892.41	85.3216	2.80615	0.0596955	52.955	0.870202
13000		-258.738	4.96791	4888.65	85.2187	-36.591	0.904713	4895.68	85.5443	2.8053	0.0602103	52.95	0.869926
14000		-257.817	4.82974	4893.53	85.2835	-34.8168	0.865472	4899.9	85.1641	2.81057	0.0607349	53.105	0.870638
15000		-256.231	4.4984	4895.42	85.2362	-33.2771	0.840942	4904.19	85.2444	2.80484	0.0595667	53.18	0.872666
16000		-255.296	4.67932	4898.68	85.2185	-31.9613	0.831766	4901.44	85.1408	2.81509	0.0608246	53.185	0.870282
17000		-255.806	4.80743	4901.69	85.2283	-30.7872	0.806562	4904.1	85.1601	2.82451	0.0612	53.27	0.871079
18000		-250.863	4.65073	4904.02	85.2207	-29.7148	0.788149	4910.44	85.462	2.83037	0.0610341	53.425	0.866038
19000		-256.106	4.54854	4906.75	85.3248	-28.6955	0.762997	4909.06	85.22	2.8391	0.0624466	53.45	0.866511
20000		-250.558	4.54326	4908.42	85.3461	-27.854	0.743303	4909.81	85.3731	2.82783	0.0611543	53.41	0.863154
21000		-248.835	4.47141	4910.2	85.3163	-26.8839	0.726779	4911.05	85.2953	2.8447	0.0623035	53.475	0.862244
22000		-245.165	4.6502	4911.46	85.3652	-26.1403	0.719938	4917.6	85.7322	2.84946	0.0619342	53.575	0.864557
23000		-248.818	4.62841	4915.28	85.4803	-25.3208	0.702187	4924.93	85.8919	2.8604	0.0619863	53.645	0.865123
24000		-244.689	4.46434	4919.84	85.6073	-24.6317	0.685513	4925.35	85.7575	2.85922	0.0630306	53.65	0.867149
25000		-247.374	4.74418	4923.34	85.7968	-23.9841	0.671762	4928	85.9905	2.87393	0.0637685	53.735	0.869485
26000		-246.96	4.65204	4927.83	85.9086	-23.3586	0.656552	4933.19	86.2045	2.85819	0.0627702	53.775	0.867951
27000		-247.634	4.49308	4931.15	86.0503	-22.7214	0.643611	4940.44	86.2238	2.86041	0.0621113	53.915	0.870735
28000		-241.269	4.62065	4935.94	86.1227	-22.0082	0.626195	4946.97	86.2445	2.89605	0.0638241	53.985	0.870813
29000		-245.568	4.6685	4942.53	86.2216	-21.4306	0.615254	4944.66	86.2673	2.89675	0.0639872	54.06	0.873842
30000		-245.86	4.48281	4943.24	86.193	-20.9376	0.608638	4949.53	86.3596	2.89852	0.0645233	54.105	0.87395
31000		-242.686	4.53216	4946.34	86.2751	-20.3813	0.597346	4952.9	86.3777	2.88135	0.0628566	54.275	0.876607
32000		-243.246	4.88306	4948.48	86.2466	-19.9428	0.591064	4954.23	86.165	2.88677	0.0617232	54.335	0.877648
33000		-243.61	4.59843	4953.81	86.2693	-19.5012	0.587978	4955.33	86.4335	2.89353	0.0635855	54.395	0.877608
34000		-238.416	4.45208	4955.53	86.3143	-18.9884	0.569836	4958.43	86.6321	2.92115	0.0652767	54.515	0.878154
35000		-239.503	4.55323	4959.3	86.44	-18.4995	0.549239	4966.78	86.8576	2.89508	0.0645302	54.58	0.877392
36000		-237.29	4.376	4963.11	86.588	-18.0094	0.537001	4965.51	86.8011	2.89799	0.0637492	54.655	0.87963
37000		-238.753	4.59698	4966.07	86.6991	-17.4473	0.47916	4970.02	86.9575	2.89327	0.0641328	54.675	0.879611
38000		-233.934	4.30212	4969.6	86.7674	-17.0905	0.465337	4974.87	87.0217	2.92383	0.0656211	54.825	0.88148
39000		-237.931	4.4774	4972.77	86.909	-16.6651	0.44071	4975.77	87.0427	2.93677	0.0657086	54.89	0.881205
40000		-241.153	4.78808	4975.07	86.9399	-16.353	0.429078	4978.82	87.3391	2.89554	0.0635234	54.92	0.882048
41000		-235.213	4.47505	4978.01	87.0493	-16.0691	0.423441	4978.1	87.0865	2.91785	0.0641505	55.015	0.881795
42000		-241.967	4.83268	4980.95	87.1234	-15.7727	0.416328	4984.2	87.1936	2.92221	0.0637192	55.115	0.885738
43000		-235.675	4.539	4982.21	87.1055	-15.4137	0.402209	4986.18	87.2343	2.92453	0.0639278	55.21	0.888864
44000		-237.359	4.65597	4984.96	87.2157	-15.0461	0.388325	4983.71	87.1399	2.92497	0.0647565	55.215	0.888364
45000		-241.486	4.69822	4986.62	87.2059	-14.6754	0.372862	4995.06	87.4216	2.9149	0.063514	55.315	0.887902
46000		-233.973	4.60578	4990.01	87.2424	-14.4052	0.362545	4994.97	87.3956	2.9408	0.0656797	55.4	0.889865
47000		-238.328	4.44773	4993.69	87.3931	-14.1539	0.357752	4997.12	87.606	2.92808	0.0653208	55.43	0.890274
48000		-234.071	4.38863	4997.44	87.4913	-13.9021	0.350606	4997.51	87.7099	2.93263	0.0648612	55.47	0.890822
49000		-234.76	4.4779	4999.66	87.5884	-13.6272	0.343574	5000.82	87.6517	2.91854	0.0645629	55.57	0.891177
50000		-236.604	4.54589	5001.64	87.6709	-13.3927	0.339509	5006.1	87.7996	2.93148	0.0651743	55.585	0.892607
