#gen	avgfit_mean	avgfit_sd	avgbits_mean	avgbits_sd	fit_mean	fit_sd	bits_mean	bits_sd	cpu_mean	cpu_sd	genes_mean	genes_sd
0		-3620.66	211.947	5000	0	-1108.31	62.2941	5000	0	0	0	48.58	0.468649
1000		-1058.16	15.7813	4757.36	72.0142	-471.182	6.79144	4767.08	93.2222	3.06694	0.024401	44.98	1.02602
2000		-855.451	15.626	4414.05	127.264	-382.312	5.13822	4723.61	101.587	2.92883	0.0841293	45.54	1.11005
3000		-759.676	14.3307	4384.56	125.831	-333.961	5.23543	4611.45	118.748	2.79773	0.0908317	44.4	1.2747
4000		-688.44	13.6247	4463.48	123.068	-293.741	5.07963	4543.3	123.489	2.79479	0.0891856	43.52	1.28829
5000		-633.44	13.4635	4508.45	121.163	-263.176	5.01183	4574.15	121.263	2.75196	0.0850013	43.9	1.28003
6000		-587.547	13.3868	4557.93	118.827	-237.57	5.19525	4596.05	117.293	2.74098	0.0807955	44.57	1.19217
7000		-532.468	12.6046	4570.62	119.362	-214.411	4.69028	4576.14	116.896	2.72512	0.079418	44.33	1.17568
8000		-494.592	11.6464	4588.09	116.796	-194.946	4.61773	4604.68	121.665	2.68471	0.0782366	44.66	1.20355
9000		-462.182	10.024	4594.92	115.862	-176.07	4.24331	4611.82	121.547	2.6528	0.0768382	44.6	1.18441
10000		-435.061	10.2191	4592.74	115.444	-161.342	4.00901	4608.91	120.572	2.62521	0.0745891	44.93	1.1714
11000		-399.998	8.90303	4591.41	114.75	-147.471	3.65753	4610.34	111.286	2.6086	0.0743186	45.2	1.09064
12000		-378.563	8.32084	4603.1	114.329	-133.888	3.55684	4637.09	119.612	2.61656	0.0734381	45.66	1.16638
13000		-365.34	8.33928	4618.62	114.154	-121.909	3.36051	4643.45	117.764	2.58836	0.0724193	45.98	1.14856
14000		-348.121	6.93144	4633.66	114.996	-113.021	3.2314	4666.85	117.251	2.6078	0.0748859	46.1	1.14957
15000		-335.359	7.10762	4648.64	116.727	-103.57	3.1813	4661.82	116.987	2.59111	0.0766451	46.43	1.14515
16000		-325.746	7.40901	4657.69	117.196	-95.7974	3.08467	4667.55	117.165	2.61368	0.0764453	46.59	1.14072
17000		-311.729	7.42486	4661.99	117.019	-88.5033	2.90936	4667.69	117.032	2.63074	0.0756928	46.79	1.14268
18000		-311.363	7.46894	4667.89	116.9	-83.1124	2.77207	4680.17	116.7	2.63103	0.0765157	47.06	1.15127
19000		-301.806	7.20808	4676.8	116.951	-77.7691	2.62203	4675.04	116.46	2.59092	0.0748364	47.08	1.15213
20000		-294.054	7.28332	4678.24	116.639	-73.2063	2.54025	4683.04	116.458	2.62201	0.0783719	47.35	1.16006
21000		-298.421	7.14133	4679.92	116.531	-69.1436	2.45745	4681.68	116.726	2.62596	0.0774321	47.37	1.15283
22000		-289.496	6.86337	4682.63	116.609	-65.2886	2.39349	4689.03	116.829	2.61114	0.0772352	47.51	1.17056
23000		-287.763	7.37587	4684.21	116.612	-61.6344	2.28685	4694.52	117.026	2.62426	0.0777027	47.79	1.16916
24000		-283.3	7.77033	4684.37	116.704	-58.9639	2.1343	4679.16	116.327	2.63698	0.0783454	47.74	1.16416
25000		-279.061	6.93927	4686.79	116.773	-56.3475	2.11939	4687.58	116.92	2.61728	0.078886	47.86	1.16931
26000		-274.729	7.38779	4687.7	116.634	-53.6814	2.05185	4694.15	116.709	2.64403	0.081046	48.09	1.17423
27000		-269.992	6.67233	4693.26	116.668	-50.9426	1.94261	4695.35	117.12	2.6497	0.0812049	48.15	1.17175
28000		-272.046	7.33426	4698.93	116.816	-48.8122	1.89767	4701.32	116.294	2.6339	0.0787129	48.14	1.16515
29000		-267.879	7.32047	4702.02	116.538	-46.6227	1.81364	4721.3	117.074	2.62726	0.0794736	48.34	1.17165
30000		-263.976	6.77673	4711.49	116.842	-44.399	1.70303	4724.19	117.569	2.64402	0.0792599	48.54	1.17786
31000		-263.749	7.06659	4718.47	117.173	-42.4326	1.60421	4733.94	117.384	2.61996	0.0789366	48.67	1.19181
32000		-260.524	7.07135	4723.03	117.322	-40.7802	1.58233	4740.47	118.3	2.67361	0.0834571	48.89	1.19493
33000		-262.495	7.07323	4730.16	117.565	-39.3569	1.50885	4736.68	118.11	2.67865	0.0834898	48.91	1.19012
34000		-253.345	6.5643	4737.59	117.84	-38.0124	1.46777	4743.56	117.805	2.70915	0.0812702	49.09	1.19858
35000		-254.325	6.81571	4742.08	117.771	-36.4408	1.4093	4742.38	117.991	2.66294	0.0824099	49.22	1.19321
36000		-252.411	6.68638	4746.58	117.93	-34.892	1.35538	4747.58	118.037	2.69332	0.0823582	49.3	1.19007
37000		-249.22	6.80031	4744.63	117.95	-33.9249	1.32187	4744.35	118.103	2.66677	0.0811278	49.37	1.19457
38000		-251.118	6.85382	4746.65	118.004	-32.9025	1.29806	4751.56	118.944	2.70572	0.083392	49.43	1.19707
39000		-249.714	6.98084	4747.41	118.127	-32.0051	1.27606	4751.81	118.499	2.71825	0.083363	49.53	1.19422
40000		-246.006	6.71477	4750.79	118.391	-31.2081	1.23143	4755.74	117.995	2.71385	0.0829528	49.57	1.19851
41000		-249.455	7.03291	4756.85	118.48	-30.1758	1.21615	4763.27	118.508	2.71202	0.0835484	49.61	1.1951
42000		-244.499	6.73417	4763.7	118.474	-29.4321	1.20933	4772.94	119.306	2.71839	0.0807771	49.83	1.20513
43000		-246.415	6.96964	4767.87	118.716	-28.595	1.17682	4772.82	118.827	2.72188	0.081902	49.9	1.19878
44000		-244.657	6.68798	4772.39	118.788	-27.668	1.15061	4774.95	119.126	2.73778	0.0836629	50.06	1.20301
45000		-241.487	6.5208	4777.67	118.77	-26.9959	1.13755	4777.75	118.62	2.70783	0.0818017	50.07	1.20095
46000		-248.599	6.75019	4779.51	118.808	-26.3656	1.12939	4781.42	118.577	2.71175	0.0815213	50.19	1.19762
47000		-245.492	6.52128	4781.63	118.719	-25.7321	1.11881	4781.87	118.645	2.71369	0.0839391	50.2	1.20269
48000		-241.41	6.72862	4785.26	118.835	-25.1909	1.11449	4786.03	118.78	2.72763	0.0824442	50.28	1.19992
49000		-247.317	6.94715	4785.12	118.849	-24.6476	1.09692	4783.76	118.833	2.73152	0.083554	50.28	1.19815
50000		-245.658	6.78241	4785.18	118.742	-23.9614	1.08339	4789.62	118.802	2.72727	0.0843576	50.39	1.20444
51000		-307.186	6.6012	4783.16	118.7	-83.4515	1.62149	4784.58	118.85	2.71818	0.0822563	50.28	1.19503
52000		-297.006	7.08258	4782.93	118.621	-76.8447	1.64277	4771.28	118.343	2.71637	0.0832467	50.49	1.20801
53000		-294.774	7.28849	4780.73	118.509	-70.4551	1.68709	4780.48	118.607	2.71752	0.0818208	50.49	1.2055
54000		-291.775	7.56612	4782.31	118.593	-64.6422	1.6816	4783.33	118.879	2.70898	0.0820438	50.55	1.20197
55000		-284.427	7.23394	4783.32	118.422	-60.2533	1.59625	4790.57	118.564	2.72909	0.082027	50.58	1.20161
56000		-277.382	7.14936	4786.16	118.455	-56.5977	1.591	4784.65	118.943	2.72899	0.0817678	50.56	1.20549
57000		-278.939	7.33171	4791.66	118.662	-53.5222	1.57198	4795	119.339	2.74621	0.0845281	50.76	1.20564
58000		-278.049	7.11236	4790.72	118.715	-50.2712	1.52758	4794.19	118.847	2.71028	0.0792734	50.74	1.20785
59000		-271.967	7.36503	4794.83	118.862	-47.8098	1.49492	4795	119.25	2.73381	0.082923	50.81	1.20568
60000		-267.523	7.02	4795.24	118.875	-45.3924	1.47967	4795.86	118.74	2.73627	0.0834547	50.88	1.2054
61000		-262.679	7.22971	4797.98	118.92	-43.6208	1.4552	4802.93	118.964	2.73892	0.0828493	51.07	1.20615
62000		-260.984	6.6705	4798.95	118.734	-42.0299	1.41196	4808.05	119.183	2.70693	0.0802652	51.17	1.20496
63000		-262.498	7.85012	4802.53	118.956	-40.2754	1.38749	4814.35	119.408	2.72251	0.0818942	51.14	1.20496
64000		-258.071	7.04399	4809.71	119.079	-38.2598	1.31509	4814.66	119.143	2.74295	0.0838302	51.28	1.20706
65000		-256.612	6.38151	4811.24	118.945	-36.8403	1.29253	4818.97	119.084	2.75039	0.0842409	51.35	1.20967
66000		-260.075	6.84357	4813.16	118.929	-35.55	1.28834	4813.43	119.099	2.73124	0.0833683	51.29	1.2028
67000		-257.174	6.83802	4814.35	118.921	-34.147	1.2506	4819.67	118.959	2.76253	0.0847459	51.43	1.20506
68000		-253.353	6.73773	4819.49	119.033	-32.896	1.2132	4823.28	119.042	2.74704	0.0840292	51.6	1.20126
69000		-265.177	6.81664	4822.61	118.975	-31.7491	1.17078	4828.82	118.977	2.76001	0.0850397	51.67	1.20756
70000		-252.927	6.49386	4824.19	118.931	-30.892	1.14335	4824.52	118.888	2.74564	0.0837107	51.57	1.19462
71000		-250.875	6.48243	4827.12	119.02	-29.6636	1.12347	4824.42	118.553	2.77615	0.0849653	51.66	1.19521
72000		-245.14	6.58433	4828.42	118.923	-28.848	1.12037	4836.05	119.593	2.77123	0.0836104	51.82	1.20012
73000		-252.471	6.91137	4831.15	118.885	-27.8652	1.09692	4836.14	119.068	2.76901	0.0826596	51.8	1.19899
74000		-246.429	6.63532	4837.08	119.136	-27.1658	1.07019	4838.7	118.957	2.77958	0.0850994	51.82	1.2002
75000		-244.207	6.68992	4837.39	119.133	-26.4189	1.05353	4844.54	119.097	2.78091	0.0854722	51.91	1.2032
76000		-249.047	6.55534	4840.61	119.221	-25.7154	1.02676	4844.84	119.354	2.76296	0.0847478	51.93	1.20112
77000		-246.171	6.66399	4842.1	119.222	-24.968	1.01187	4847.25	119.46	2.79255	0.0846899	52.06	1.20846
78000		-239.885	6.73007	4845.13	119.292	-24.19	0.982484	4849.88	119.545	2.83353	0.0874364	52.11	1.20788
79000		-242.591	6.45324	4847.36	119.448	-23.5847	0.968118	4851.28	119.71	2.81337	0.0892018	52.23	1.21513
80000		-242.895	6.36916	4846.88	119.496	-23.055	0.961168	4856.69	119.65	2.83434	0.09022	52.28	1.21332
81000		-241.97	6.33307	4851.38	119.526	-22.4833	0.949852	4863.94	119.775	2.7978	0.0861579	52.44	1.22304
82000		-242.233	6.82498	4852.76	119.49	-22.0118	0.942624	4856.67	119.273	2.78201	0.0836397	52.49	1.22363
83000		-241.767	6.4566	4860.06	119.579	-21.5287	0.939175	4858.34	119.581	2.80166	0.0851253	52.61	1.21895
84000		-237.476	6.38543	4862.18	119.628	-21.0058	0.909139	4863.05	119.954	2.81411	0.086601	52.71	1.22213
85000		-241.928	6.71797	4868.32	119.925	-20.4929	0.86638	4872.28	120.704	2.79601	0.0837007	52.81	1.22042
86000		-238.487	6.21994	4871.73	120.269	-19.9701	0.84818	4875.53	120.666	2.80108	0.0839678	52.88	1.22262
87000		-234.603	6.33439	4874.17	120.506	-19.1847	0.712761	4879.69	120.971	2.79937	0.0852003	52.91	1.22236
88000		-230.703	5.91667	4878.56	120.619	-18.7656	0.6885	4884.47	121.155	2.84282	0.0871649	53.04	1.22779
89000		-236.493	6.59673	4882.2	120.777	-18.2205	0.639053	4880.13	121.054	2.83482	0.0863162	53.13	1.22924
90000		-242.388	7.14441	4882.91	120.806	-17.8413	0.617317	4887.67	121.431	2.81416	0.0866572	53.16	1.22859
91000		-236.732	6.54202	4884.89	120.949	-17.5193	0.608666	4887.28	120.983	2.83406	0.086894	53.23	1.22712
92000		-240.111	7.08038	4889.04	121.063	-17.1841	0.596324	4895.43	121.012	2.85712	0.0852705	53.33	1.23763
93000		-232.351	6.34671	4893.8	121.108	-16.7734	0.573022	4891.44	120.975	2.84618	0.086982	53.43	1.24001
94000		-238.641	7.07701	4895.16	121.094	-16.3389	0.545772	4893.34	120.767	2.84858	0.0884168	53.41	1.23763
95000		-239.59	6.39046	4895.62	120.937	-15.8602	0.515286	4905.96	121.352	2.85482	0.0878413	53.46	1.23144
96000		-232.311	6.44834	4900.18	121	-15.5133	0.497491	4908.92	121.479	2.85173	0.0868352	53.58	1.23674
97000		-237.784	6.48296	4903.84	121.209	-15.2403	0.490862	4907.17	121.714	2.82955	0.0863999	53.6	1.23681
98000		-231.354	6.20096	4907.95	121.407	-14.9341	0.477765	4908.52	121.95	2.85032	0.0871347	53.64	1.23865
99000		-228.365	6.21644	4910.64	121.683	-14.5852	0.46383	4910.69	121.859	2.86245	0.0884363	53.73	1.24039
100000		-239.722	6.64003	4911.48	121.778	-14.3075	0.457645	4917.19	122.324	2.84214	0.0851818	53.78	1.24402
101000		-304.88	6.65552	4914.99	122.016	-78.7665	1.29252	4918.43	121.907	2.86035	0.0871897	53.74	1.25599
102000		-302.089	6.51802	4914.27	121.804	-71.2472	1.38053	4929.35	122.202	2.82345	0.085055	53.89	1.25206
103000		-289.234	6.34774	4921.69	121.856	-63.961	1.33585	4937.33	121.724	2.81982	0.0850078	53.85	1.24238
104000		-291.787	7.05535	4930.42	121.707	-57.9215	1.32189	4946.37	121.953	2.81441	0.0837363	54.05	1.23627
105000		-282.528	7.23933	4936.01	121.628	-53.5413	1.32389	4946.9	122.659	2.82893	0.0853784	54.08	1.24525
106000		-279.071	6.84054	4941.73	121.873	-49.9394	1.3713	4955.55	122.621	2.84349	0.0851375	54.07	1.24351
107000		-274.731	7.09734	4949.68	122.197	-46.6639	1.36325	4957.8	122.542	2.84246	0.0865767	54.19	1.23858
108000		-273.688	6.86859	4950.62	122.227	-43.6261	1.33982	4958.93	122.628	2.83875	0.086418	54.28	1.24577
109000		-264.546	6.51532	4959.23	122.334	-40.934	1.2994	4967.63	122.614	2.8571	0.0869519	54.44	1.24416
110000		-270.033	6.86447	4966.68	122.25	-38.5155	1.23689	4974.32	122.312	2.85334	0.0870329	54.56	1.24262
111000		-259.365	7.00899	4969.28	122.014	-36.0869	1.15057	4971.42	121.98	2.89021	0.0864715	54.69	1.24257
112000		-259.87	6.36013	4973.6	122.044	-34.6037	1.1111	4976.77	122.139	2.90537	0.0876632	54.74	1.23612
113000		-254.978	6.10812	4974.77	122.046	-32.9065	1.0446	4977	122.586	2.88809	0.0879161	54.76	1.23461
114000		-257.562	6.64513	4977.35	122.141	-31.3738	1.02096	4985.13	121.722	2.87819	0.087804	54.93	1.23413
115000		-255.851	6.37374	4979.61	122.133	-29.7139	0.957026	4989.42	122.006	2.85928	0.084309	55.01	1.23718
116000		-250.517	6.38205	4984.2	122.08	-28.3727	0.928074	4989.44	121.66	2.89894	0.0882098	55.08	1.23515
117000		-254.438	6.7909	4989.04	122.089	-27.4274	0.907337	4988.53	121.902	2.88649	0.0883061	55.11	1.23688
118000		-248.374	6.43676	4988.55	121.999	-26.5335	0.906067	4997.61	122.63	2.91369	0.0881745	55.25	1.22675
119000		-247.036	5.91999	4990.9	122.353	-25.6419	0.883919	4989.31	122.111	2.9182	0.0912082	55.23	1.22325
120000		-248.188	6.37953	4992.65	122.454	-24.816	0.852915	4995.11	122.557	2.91001	0.0888315	55.25	1.22461
121000		-246.795	6.18642	4993.28	122.3	-24.1042	0.839782	4997.67	122.644	2.91326	0.0910563	55.29	1.22221
122000		-245.19	6.6016	4994.5	122.532	-23.4326	0.824846	4999.16	122.93	2.92768	0.0911404	55.33	1.22574
123000		-245.164	6.1713	4999.41	122.876	-22.7764	0.805106	5013.71	123.783	2.95179	0.0918994	55.49	1.22577
124000		-242.95	6.00296	5002.61	123.007	-22.0976	0.783693	5011.99	123.546	2.93886	0.0927451	55.48	1.23079
125000		-250.54	6.74729	5009.28	123.495	-21.5492	0.764511	5011.46	124.105	2.96694	0.0941676	55.56	1.23463
126000		-244.872	6.62892	5015.05	123.705	-21.0018	0.752671	5021.53	124.386	2.95342	0.0920576	55.62	1.23172
127000		-249.097	6.05862	5020.2	124.074	-20.4749	0.734482	5033.64	124.267	2.92827	0.0907954	55.77	1.23213
128000		-242.653	6.364	5026.75	124.182	-19.8264	0.717605	5044.05	124.183	2.95858	0.0930175	55.86	1.23231
129000		-248.544	6.76732	5037.71	124.242	-19.2766	0.700578	5038.05	124.145	2.98013	0.0914481	55.89	1.23517
130000		-248.824	6.32809	5039.59	124.098	-18.8203	0.68908	5042.38	124.469	2.96269	0.0922729	55.93	1.2374
131000		-243.402	6.51603	5041.3	124.319	-18.2792	0.66559	5041.86	124.456	2.9649	0.0912108	56.11	1.23508
132000		-244.259	7.01838	5044.2	124.263	-17.8737	0.655333	5051.79	124.215	2.99153	0.0899926	56.18	1.23717
133000		-245.453	6.57671	5047.55	124.271	-17.4738	0.651742	5052.32	124.676	2.98539	0.0940071	56.18	1.24344
134000		-239.356	6.23642	5048.88	124.355	-16.971	0.629808	5053.81	124.897	3.02818	0.096949	56.32	1.24128
135000		-237.078	6.17223	5050.28	124.456	-16.5062	0.617951	5061.29	124.817	2.99416	0.0976555	56.35	1.24181
136000		-236.094	6.18611	5054.49	124.531	-16.0487	0.601858	5055.49	124.764	2.99491	0.0953815	56.43	1.24586
137000		-242.903	6.66958	5057.97	124.605	-15.7099	0.59498	5060.34	124.901	2.98717	0.0953832	56.44	1.24635
138000		-237.165	6.26011	5060.63	124.7	-15.4154	0.582933	5065.27	124.902	3.00484	0.0978836	56.61	1.24575
139000		-239.368	6.08563	5063.33	124.95	-15.1096	0.568823	5071.4	124.98	3.03873	0.0984744	56.65	1.24425
140000		-239.918	6.41035	5067.23	124.985	-14.8647	0.560646	5069.98	125.511	2.97691	0.0926238	56.68	1.24729
141000		-233.694	6.1371	5071.13	125.139	-14.619	0.554863	5068.91	125.243	3.00163	0.0940845	56.8	1.2473
142000		-243.822	6.60982	5072.86	125.253	-14.3614	0.548613	5072.97	125.544	2.9873	0.0946885	56.9	1.24815
143000		-238.999	6.50557	5070.63	125.21	-14.054	0.533528	5080.92	125.605	3.00288	0.0934865	56.99	1.25485
144000		-236.077	6.08546	5074.75	125.512	-13.7533	0.524025	5074.08	125.607	3.00136	0.0944612	57.02	1.25505
145000		-243.381	6.9158	5077.63	125.619	-13.4907	0.514818	5084.15	125.849	2.97498	0.0918074	57.17	1.25835
146000		-235.634	6.6064	5079.84	125.677	-13.2972	0.506072	5081.02	125.696	3.02987	0.0981927	57.22	1.25976
147000		-238.873	6.12325	5083.55	125.896	-13.0674	0.49974	5087.08	126.002	3.0266	0.097429	57.26	1.26056
148000		-236.788	6.23123	5086.93	125.985	-12.87	0.494373	5086.49	126.078	3.01494	0.0958309	57.3	1.26031
149000		-241.154	6.41414	5088.68	125.996	-12.6691	0.49079	5090.95	125.987	2.97462	0.0941974	57.41	1.25932
150000		-233.487	6.22828	5091.8	126.119	-12.4778	0.486875	5095.01	125.968	3.02082	0.0982821	57.39	1.26082
