#mutation_rate	indel_prob	indel_power	crossover_cross_rate	crossover_prob
#0.01	0.2	-1.5	0.02	0.03
#gen	avgfit_mean	avgfit_sd	avgbits_mean	avgbits_sd	fit_mean	fit_sd	bits_mean	bits_sd	cpu_mean	cpu_sd	genes_mean	genes_sd
0		-514.08	8.18877	5068.31	90.0862	-122.587	1.807	5075.44	90.0029	0	0	53.615	0.970926
1000		-513.963	8.32853	5070.01	90.0587	-118.865	1.83191	5067.77	89.7267	0.5515	0.0128439	53.54	0.972611
2000		-505.035	8.05004	5070.51	89.9009	-115.207	1.80032	5065.49	90.1485	0.56097	0.013239	53.4	0.974989
3000		-511.039	8.23984	5071.22	89.745	-111.556	1.74095	5075.68	90.3143	0.556285	0.0125186	53.59	0.977284
4000		-500.728	8.20866	5070.79	90.0419	-108.724	1.72766	5071.65	90.0224	0.554835	0.0127968	53.55	0.974054
5000		-501.401	8.24955	5071.09	89.8892	-105.531	1.68338	5075.78	89.9963	0.556775	0.0116353	53.62	0.971337
6000		-498.139	8.08699	5070.44	89.7815	-102.409	1.65802	5089.97	90.0845	0.56419	0.0121433	53.745	0.966655
7000		-499.765	8.5343	5071.53	89.7339	-98.5686	1.64536	5093.48	90.2446	0.55683	0.0121235	53.855	0.965963
8000		-488.717	7.93019	5076.94	89.6269	-96.0615	1.63337	5094.65	89.8003	0.555855	0.0115731	53.825	0.966692
9000		-491.557	8.16617	5082.6	89.7048	-92.8777	1.58079	5091.47	89.6234	0.563385	0.0123879	53.82	0.967558
10000		-484.146	7.90733	5089.61	89.8697	-90.547	1.57273	5095.45	89.8592	0.57044	0.0128353	53.955	0.966533
11000		-487.023	8.38389	5093.84	89.8673	-88.1194	1.53668	5097.74	89.9797	0.55862	0.013385	53.9	0.962618
12000		-482.792	8.15855	5095.1	89.7137	-85.5916	1.51048	5109.66	90.4625	0.564235	0.0125887	54.02	0.964625
13000		-482.317	8.63562	5098.39	89.7085	-83.4353	1.4744	5108.39	89.8799	0.555255	0.0122299	54.035	0.963802
14000		-479.795	8.60606	5103.58	89.6925	-80.8371	1.44642	5120.08	90.7766	0.555645	0.0117621	54.205	0.974507
15000		-476.653	8.27555	5106.68	89.9035	-78.9178	1.41461	5120.89	90.5861	0.56125	0.0128059	54.215	0.967977
16000		-475.19	8.29713	5114.44	90.0418	-76.8338	1.38315	5118.01	90.8515	0.56302	0.0124297	54.27	0.972142
17000		-475.789	8.29747	5114.62	90.1116	-74.9347	1.36923	5122.16	90.6309	0.556975	0.0125554	54.255	0.968525
18000		-473.421	8.12533	5118.38	90.5702	-73.1172	1.33534	5130.72	90.9355	0.564855	0.01306	54.365	0.969955
19000		-468.945	7.79781	5121.48	90.7227	-71.3664	1.31901	5135.99	90.9085	0.57361	0.0129665	54.42	0.973141
20000		-475.306	8.18309	5124.88	90.7454	-70.0292	1.3102	5135.41	90.7473	0.566925	0.0130382	54.425	0.970065
21000		-468.716	8.2718	5128.45	90.9166	-68.593	1.29488	5138.86	91.2077	0.56607	0.0124069	54.5	0.971917
22000		-466.124	7.8255	5132.1	90.9504	-67.1308	1.26831	5139.25	91.097	0.572565	0.0129972	54.595	0.973882
23000		-464.984	7.75302	5134.38	90.9595	-65.9036	1.25945	5143.44	91.2315	0.571175	0.012837	54.69	0.975359
24000		-465.747	8.10563	5138.5	90.8782	-64.6071	1.24012	5142.29	91.3743	0.565675	0.0135893	54.695	0.977824
25000		-465.051	7.94585	5141.16	91.1938	-63.6781	1.22196	5145.8	91.4091	0.56721	0.0134601	54.735	0.976855
26000		-463.349	8.00518	5143.42	91.1546	-62.4793	1.20207	5148.31	91.2454	0.57166	0.0130506	54.795	0.97301
27000		-459.511	7.75907	5143.82	91.2389	-60.9276	1.16443	5151.68	91.2427	0.56657	0.0125809	54.89	0.972558
28000		-459.347	8.28385	5147.08	91.2385	-59.9099	1.16932	5155.1	91.8503	0.568285	0.0127916	54.925	0.978511
29000		-463.087	8.1638	5151.16	91.4322	-58.7109	1.15325	5154.32	91.8648	0.57119	0.0128462	54.93	0.98398
30000		-462.555	8.22115	5152.03	91.727	-57.825	1.14022	5159.35	92.1765	0.571085	0.0135884	54.995	0.982855
31000		-460.016	8.14094	5156.14	92.0037	-56.7909	1.11907	5162.62	91.9363	0.56853	0.0125712	55.085	0.985339
32000		-456.993	8.20803	5157.58	92.0033	-55.9178	1.11057	5164.13	92.0413	0.56357	0.0130416	55.125	0.985139
33000		-459.525	8.40418	5157.85	92.1529	-55.0793	1.09954	5164.1	91.9655	0.57414	0.0130246	55.14	0.985218
34000		-453.678	8.28429	5160.31	92.1534	-54.198	1.09032	5169.35	92.0424	0.56985	0.0128215	55.21	0.985742
35000		-452.322	8.02349	5162.14	92.0839	-53.4351	1.0888	5176.76	92.1942	0.57406	0.0130756	55.275	0.988627
36000		-451.529	8.01641	5164.75	92.0509	-52.7007	1.07003	5169.19	92.1414	0.56543	0.0124505	55.285	0.987977
37000		-452.539	8.3204	5167.67	91.8947	-51.878	1.06769	5174.07	92.2239	0.56443	0.0128635	55.3	0.987103
38000		-449.325	8.25683	5171.51	92.142	-51.0573	1.03439	5178.99	92.7925	0.572525	0.0132536	55.31	0.987138
39000		-452.451	7.98131	5173.65	92.1566	-50.1745	1.01202	5181.6	92.4465	0.56003	0.0120139	55.52	0.992129
40000		-452.629	8.3822	5173.73	92.1851	-49.3636	1.00132	5183.3	92.6864	0.56524	0.0121889	55.495	0.991775
41000		-446.004	8.39518	5175.7	92.4458	-48.7332	0.997146	5185.78	92.5999	0.57621	0.0131398	55.57	0.991889
42000		-447.981	8.12852	5178.05	92.4574	-47.9077	0.981888	5188.54	92.6	0.56965	0.0131179	55.64	1.00015
43000		-446.062	8.08319	5181.28	92.655	-47.3142	0.974868	5191.06	92.2998	0.56903	0.0128376	55.635	0.993349
44000		-451.199	8.1361	5182.53	92.5584	-46.747	0.964481	5196.26	92.3812	0.56582	0.0132882	55.705	0.991871
45000		-454.519	8.67599	5186.72	92.3831	-46.1802	0.954457	5200.52	92.3771	0.570985	0.0120147	55.8	0.992586
46000		-447.809	7.87015	5191.65	92.4302	-45.5673	0.947885	5203.39	92.3106	0.57058	0.0120318	55.81	0.989299
47000		-445.797	7.98654	5193.96	92.3573	-45.0337	0.94295	5202.72	92.3713	0.568255	0.0136493	55.825	0.987928
48000		-444.121	8.09019	5197.67	92.2212	-44.3628	0.936834	5207.33	92.1583	0.56492	0.0122004	55.875	0.985165
49000		-448.852	8.45575	5202.95	92.2784	-43.7691	0.930526	5208.77	92.4727	0.56464	0.0127196	55.955	0.986423
50000		-443.791	8.17941	5202.05	92.2631	-43.2071	0.924116	5213.5	92.4497	0.58444	0.0131825	56.045	0.986372
