#gen	avgfit_mean	avgfit_sd	avgbits_mean	avgbits_sd	fit_mean	fit_sd	bits_mean	bits_sd	cpu_mean	cpu_sd	genes_mean	genes_sd
0		-2952.94	168.778	5000	0	-952.431	57.4212	5000	0	0	0	49.71	0.438154
1000		-994.718	10.5757	4793.17	70.2443	-444.718	5.72912	4815.16	83.8999	0.54102	0.00788411	47.59	0.929222
2000		-809.348	11.1385	4472.63	115.806	-376.636	4.49751	4722.67	101.386	0.53843	0.0134897	46.48	1.09374
3000		-739.018	10.2486	4430.97	119.696	-334.096	4.2231	4668.63	108.047	0.50201	0.0151302	46.5	1.16667
4000		-701.838	9.88061	4469.96	116.309	-305.811	3.89553	4666.45	110.903	0.51698	0.0156397	45.89	1.18218
5000		-671.769	9.71029	4529.4	113.059	-282.847	3.77243	4668.48	109.575	0.51418	0.014351	46.68	1.16106
6000		-650.338	9.41621	4597.97	109.055	-262.131	3.71201	4674.01	109.196	0.51734	0.0138938	46.81	1.17213
7000		-635.565	9.88719	4617.94	109.137	-244.306	3.81514	4702.89	108.564	0.52494	0.0141912	47.25	1.16154
8000		-623.358	9.75551	4631.45	109.565	-229.753	3.6686	4682.62	107.418	0.51652	0.0137742	47.06	1.13785
9000		-601.031	9.76405	4662.42	108.756	-213.388	3.66297	4748.01	116.258	0.52783	0.0141026	48.08	1.26544
10000		-595.078	9.58127	4673.79	106.882	-200.569	3.55133	4770.15	115.32	0.5072	0.0139183	48.32	1.25576
11000		-583.002	9.85618	4691.49	107.185	-189.844	3.69223	4776.08	112.231	0.5154	0.0137743	48.57	1.23323
12000		-575.873	9.85525	4730.79	109.136	-182.571	3.64806	4765.49	111.871	0.52033	0.0138367	48.61	1.18525
13000		-563.523	10.0203	4744.41	109.469	-172.476	3.61506	4759.87	108.804	0.51847	0.0133484	48.35	1.18222
14000		-557.794	10.0346	4767.43	109.188	-163.973	3.64934	4808	117.353	0.51955	0.0149247	49.21	1.26884
15000		-547.659	10.0199	4788.15	110.635	-155.724	3.72607	4804.23	118.155	0.52809	0.0143028	49.04	1.25842
16000		-542.841	10.3068	4808.55	113.39	-149.311	3.69196	4822.71	114.107	0.51743	0.0137653	49.13	1.23146
17000		-540.705	10.0676	4817.44	114.662	-143.328	3.62107	4827.85	111.623	0.51922	0.0149416	49.09	1.21448
18000		-536.695	10.4911	4813.39	114.366	-138.507	3.66699	4804.8	111.765	0.53274	0.0150138	49.12	1.22469
19000		-526.458	10.3721	4818.28	113.743	-133.9	3.62146	4806.87	112.806	0.53465	0.014858	49.26	1.21893
20000		-521.07	9.95772	4819.88	113.565	-129.245	3.52846	4824.37	112.929	0.52783	0.0146003	49.38	1.23565
21000		-521.128	10.7304	4815.51	112.61	-126.523	3.49167	4821.05	112.762	0.51036	0.0157993	49.38	1.23393
22000		-512.485	10.9423	4818.76	112.383	-122.754	3.53189	4837.29	112.883	0.53038	0.0143207	49.55	1.23119
23000		-520.118	11.0053	4819.5	112.068	-119.718	3.52714	4835.47	112.166	0.51558	0.0148647	49.56	1.21575
24000		-509.353	10.0902	4828.4	112.393	-116.314	3.45411	4839.65	112.931	0.52381	0.0148506	49.69	1.22315
25000		-508.385	10.0818	4834.02	112.156	-112.592	3.49184	4862.14	113.329	0.51633	0.0145176	49.99	1.22032
26000		-494.447	9.83133	4836.08	111.856	-109.102	3.51844	4870.52	113.055	0.52517	0.0149911	50.1	1.22024
27000		-495.337	10.3913	4841.75	111.885	-105.975	3.46836	4871.64	113.359	0.52647	0.0144314	50.12	1.22716
28000		-497.963	10.722	4851.47	111.981	-102.659	3.45192	4875.35	112.737	0.51225	0.0128068	50.37	1.2171
29000		-490.435	10.1761	4865.42	112.266	-100.251	3.44112	4886.43	113.372	0.528	0.0148962	50.41	1.24138
30000		-484.406	9.89056	4874.58	112.563	-97.383	3.42847	4912.41	116.13	0.53002	0.0147577	50.68	1.24453
31000		-490.753	10.1404	4884.24	112.873	-95.3853	3.42285	4909.55	116.189	0.52551	0.0145215	50.8	1.26187
32000		-483.988	10.4753	4890.69	113.444	-92.6609	3.36064	4960.87	127.003	0.52254	0.0151078	51.54	1.38946
33000		-482.346	10.5358	4903.37	115.072	-90.3243	3.33757	4962.86	126.639	0.54684	0.0169951	51.58	1.39133
34000		-479.097	10.6192	4915.4	116.729	-88.1813	3.33454	4953.95	125.869	0.52789	0.01443	51.52	1.39548
35000		-473.165	10.5442	4936.83	120.943	-85.824	3.27078	4957.37	126.164	0.53322	0.0138448	51.56	1.40038
36000		-479.945	10.7987	4948.21	123.789	-83.2997	3.27504	4958.53	126.672	0.53325	0.0162079	51.61	1.39862
37000		-487.559	11.2029	4952.94	125.422	-81.4318	3.23805	4968.57	126.761	0.54263	0.0171973	51.63	1.39947
38000		-477.146	11.1083	4953.22	125.593	-79.4589	3.19806	4967.89	126.208	0.54722	0.0190679	51.69	1.38642
39000		-466.372	11.0201	4959.83	126.425	-77.8119	3.15403	4977.75	126.333	0.55577	0.0183859	51.8	1.38775
40000		-473.817	11.3225	4965.37	126.381	-75.6566	2.87492	4976.57	126.796	0.54851	0.0169443	51.9	1.39142
41000		-470.064	11.0598	4972.59	126.122	-73.7532	2.74503	4993.48	126.952	0.53578	0.0165536	52.06	1.40143
42000		-473.889	10.5592	4972.85	126.426	-72.1942	2.72663	4991.46	125.89	0.552	0.0176463	52.06	1.39065
43000		-467.896	11.7579	4976.85	125.709	-70.9964	2.68852	4995.03	126.653	0.54974	0.0181734	52.12	1.38996
44000		-459.197	11.1578	4983.83	126.135	-70.0341	2.69878	4994.15	126.336	0.5412	0.0170004	52.14	1.39153
45000		-462.38	11.1029	4997.44	126.603	-68.3629	2.61113	4993.95	126.196	0.54978	0.0176763	52.3	1.38968
46000		-454.892	11.3367	4995.08	125.706	-66.6755	2.58564	5006.67	125.961	0.54138	0.0157055	52.38	1.38051
47000		-456.153	11.1015	4995	125.724	-65.3413	2.57897	5019.02	126.504	0.54201	0.0163144	52.49	1.37866
48000		-454.147	10.8163	4999.44	126.066	-63.9725	2.48461	5011.68	126.398	0.55179	0.0165674	52.5	1.38371
49000		-459.939	11.2509	5004.7	126.059	-62.5706	2.45436	5010.46	126.18	0.5534	0.0178728	52.52	1.37131
50000		-459.819	11.1003	5011.85	126.644	-61.5256	2.45681	5014.94	126.244	0.55395	0.0179663	52.6	1.37157
51000		-512.203	11.4963	5013.67	126.822	-115.384	2.7391	5015.78	126.406	0.54178	0.0179026	52.6	1.3798
52000		-499.312	10.8365	5013.76	126.075	-112.39	2.65944	5014.03	126.584	0.55751	0.0194708	52.48	1.37242
53000		-505.818	11.0063	5012.98	125.862	-108.861	2.55182	5019.45	126.616	0.5572	0.0173774	52.63	1.37353
54000		-495.977	11.5356	5013.69	126.542	-106.132	2.54647	5018.34	126.094	0.54598	0.0173323	52.63	1.35659
55000		-498.402	11.2602	5018.39	126.079	-103.453	2.40945	5013.28	125.203	0.55751	0.0161516	52.65	1.33896
56000		-491.786	10.5638	5018.33	125.949	-100.874	2.37133	5036.46	125.744	0.56019	0.0163836	52.71	1.34121
57000		-495.787	11.9033	5018.87	125.761	-97.6511	2.37752	5040.28	126.303	0.54506	0.0163095	52.83	1.3436
58000		-482.021	10.649	5024.79	125.366	-95.2276	2.37701	5035.61	126.16	0.55301	0.0162436	52.66	1.34991
59000		-490.033	11.7004	5027.31	125.242	-92.6386	2.33538	5037.66	126.229	0.55385	0.0176422	52.74	1.35674
60000		-477.056	10.6765	5033.04	125.883	-90.529	2.28245	5036.23	126.588	0.56898	0.0174703	52.83	1.35989
61000		-487.172	11.6794	5037.23	126.058	-88.0129	2.19944	5038.24	126.609	0.55827	0.0196876	52.81	1.35868
62000		-481.538	11.5528	5036.51	126.09	-85.5552	2.16803	5061.76	128.698	0.56168	0.0183125	53	1.36033
63000		-482.348	12.682	5039.8	126.215	-83.5204	2.12976	5052.27	126.259	0.55164	0.0171741	52.84	1.34853
64000		-476.105	12.4209	5048.7	126.63	-80.8196	2.05172	5068.45	128.96	0.55335	0.0168961	53.1	1.3802
65000		-471.066	11.4892	5052.87	126.996	-79.1783	2.05057	5069.94	128.989	0.56312	0.019032	53.16	1.36409
66000		-473.704	11.7036	5061.75	127.169	-77.3074	1.98171	5071.85	128.949	0.55176	0.0174827	53.27	1.37127
67000		-471.484	11.3344	5065.05	127.508	-75.1872	1.9451	5076.63	128.875	0.54834	0.0173842	53.22	1.3694
68000		-474.414	11.4221	5068.1	128.482	-73.5597	1.9029	5083.19	129.128	0.55848	0.0179483	53.26	1.36837
69000		-464.401	10.1753	5073.18	128.85	-71.6679	1.8847	5089.66	129.384	0.5761	0.017871	53.4	1.37297
70000		-471.773	11.0965	5078.43	128.946	-70.3735	1.86928	5086.18	129.008	0.5634	0.0185949	53.35	1.36584
71000		-469.297	11.5902	5081.07	129.228	-69.0645	1.83972	5084.16	129.637	0.55504	0.0182617	53.39	1.36958
72000		-465.879	11.2186	5085.24	129.375	-67.9058	1.80618	5092.05	129.826	0.56344	0.0162285	53.53	1.36644
73000		-462.649	10.747	5087.07	129.173	-66.7304	1.78328	5096	129.485	0.56479	0.0181587	53.61	1.36958
74000		-468.149	11.3813	5091.01	129.289	-65.3281	1.75056	5094.25	129.686	0.55694	0.0193139	53.56	1.37395
75000		-460.948	10.4699	5094.76	129.485	-64.4224	1.70496	5093.32	129.722	0.56399	0.018733	53.64	1.37698
76000		-466.735	11.8839	5095.07	129.341	-63.2841	1.70832	5095.71	128.882	0.56388	0.0178401	53.68	1.36802
77000		-460.699	11.4331	5094.52	129.399	-61.5202	1.65623	5100.57	128.187	0.56743	0.0191352	53.76	1.36027
78000		-453.415	11.0307	5095.01	129.338	-60.6218	1.66883	5097.61	128.386	0.5622	0.0177446	53.8	1.35981
79000		-463.266	11.6376	5099.03	129.5	-59.2016	1.61691	5096.3	128.678	0.57065	0.0189469	53.82	1.36644
80000		-460.875	11.7847	5095.4	129.418	-58.5118	1.59933	5097.32	128.856	0.56953	0.0211722	53.86	1.37172
81000		-459.455	11.5135	5095.33	129.144	-57.5109	1.58807	5097.38	128.662	0.555	0.0188787	53.88	1.36923
82000		-455.642	11.6268	5097.06	128.962	-56.5865	1.56855	5101.21	129.113	0.56065	0.0177175	53.95	1.37226
83000		-459.656	11.8747	5095.34	128.898	-55.7954	1.54983	5099.14	128.972	0.57248	0.0198721	53.97	1.37043
84000		-456.338	11.3663	5096.31	128.853	-55.0224	1.55341	5110.29	128.645	0.55617	0.0173826	54.08	1.37184
85000		-449.08	11.3073	5099.93	128.998	-54.2524	1.552	5111.05	128.692	0.56826	0.0182177	54.05	1.373
86000		-446.204	11.3884	5099.24	128.862	-53.3436	1.51215	5100.26	128.567	0.5586	0.0171046	54.08	1.36971
87000		-453.757	11.2045	5101.38	128.609	-52.5646	1.52242	5107.59	129.266	0.55871	0.0176197	54.15	1.37359
88000		-448.702	11.8475	5105.49	128.897	-51.7936	1.47051	5111.05	129.5	0.56721	0.018309	54.16	1.37059
89000		-451.716	11.288	5107.66	128.87	-50.6813	1.41593	5111.32	129.044	0.56047	0.0168875	54.39	1.37678
90000		-450.371	11.812	5105.14	128.9	-49.8607	1.40691	5114.17	129.41	0.56017	0.0174948	54.39	1.37627
91000		-442.101	12.32	5107.18	129.479	-49.3529	1.38951	5116.5	129.454	0.57327	0.0192891	54.49	1.37778
92000		-444.416	11.3045	5106.92	129.244	-48.4976	1.36037	5117.71	129.472	0.55518	0.0184595	54.57	1.38777
93000		-445.437	11.0257	5108.29	129.313	-47.9956	1.35901	5123.99	129.34	0.5611	0.0182616	54.6	1.38345
94000		-446.933	12.248	5113.28	129.428	-47.4471	1.34748	5125.79	129.277	0.54915	0.0178166	54.62	1.38234
95000		-451.762	11.2889	5116.5	129.164	-46.8116	1.32036	5121.17	128.821	0.56077	0.0171369	54.6	1.37312
96000		-446.614	11.189	5121.13	129.373	-46.2466	1.31241	5127.01	128.854	0.55762	0.0159528	54.64	1.37316
97000		-443.015	11.5159	5120.88	129.169	-45.646	1.29506	5125.51	129.006	0.55494	0.0195695	54.68	1.37149
98000		-441.953	11.2325	5122.24	128.784	-45.0634	1.29505	5134.18	128.595	0.56169	0.0169143	54.77	1.36839
99000		-446.15	12.3694	5126.12	128.466	-44.4543	1.28087	5127.14	128.822	0.55799	0.0190544	54.79	1.36813
100000		-440.575	11.6757	5124.76	128.542	-43.9423	1.26209	5138	129.065	0.57722	0.0182498	54.92	1.37287
101000		-515.724	12.1091	5126.35	128.289	-122.345	2.39666	5119.75	127.801	0.56122	0.0184604	54.48	1.37161
102000		-510.759	11.9344	5127.26	128.576	-118.023	2.40773	5116.95	128.818	0.56443	0.0180353	54.32	1.386
103000		-516.26	12.2988	5129.46	128.334	-114.251	2.35081	5131.9	129.213	0.55537	0.0181118	54.55	1.39083
104000		-505.479	11.7202	5127.89	128.511	-111.317	2.31932	5124.95	128.929	0.56369	0.0188771	54.47	1.39888
105000		-504.4	12.1087	5123.79	128.574	-107.609	2.34514	5138.28	129.639	0.55604	0.0168337	54.59	1.40756
106000		-504.491	12.2682	5122.55	128.404	-103.944	2.31966	5143.47	129.442	0.56819	0.0180021	54.78	1.39143
107000		-503.743	12.2801	5124.19	128.45	-99.4862	2.28339	5146.67	129.35	0.5686	0.0179469	54.88	1.38734
108000		-495.414	11.7692	5129.08	128.54	-96.8954	2.24973	5153.69	128.189	0.5587	0.0165661	54.99	1.381
109000		-493.081	11.452	5137.89	128.853	-93.1167	2.14265	5145.28	127.669	0.57292	0.0174314	54.9	1.37815
110000		-491.236	11.6775	5146.18	128.679	-90.5651	2.17586	5154.67	127.932	0.5719	0.0188958	55.08	1.3714
111000		-486.875	12.0901	5150.46	128.501	-88.2258	2.15765	5157.25	128.248	0.55897	0.0182388	54.99	1.36208
112000		-484.046	11.5799	5153.68	128.019	-85.6279	2.11468	5157.56	127.631	0.56679	0.0173672	55.04	1.36721
113000		-482.287	11.7885	5156.98	127.881	-83.3502	2.0502	5164.5	128.342	0.55887	0.0174955	55.23	1.3737
114000		-483.484	11.9666	5158.46	127.458	-80.8545	2.0497	5171.71	128.232	0.55794	0.0164498	55.31	1.37413
115000		-482.24	11.9453	5160.48	127.7	-78.6573	1.95927	5171.84	127.666	0.55938	0.0172335	55.27	1.37245
116000		-476.676	11.8212	5167.13	127.929	-76.3601	1.93889	5164.16	128.498	0.57428	0.0176892	55.27	1.37795
117000		-480.093	12.1631	5164.19	127.814	-74.6821	1.9371	5167.69	127.95	0.56561	0.0181664	55.29	1.36901
118000		-472.428	11.6161	5168.65	128.136	-72.6746	1.88243	5178.24	128.547	0.57123	0.0190456	55.47	1.373
119000		-473.49	11.8532	5169.79	128.216	-71.0649	1.85481	5182.32	128.222	0.57112	0.018879	55.44	1.37879
120000		-478.84	12.0756	5171.32	128.197	-69.6848	1.84514	5184.65	128.12	0.57045	0.0183682	55.5	1.37631
121000		-468.135	11.8631	5175.84	128.394	-68.1215	1.83076	5193.56	128.752	0.5771	0.0168193	55.61	1.3773
122000		-466.369	10.9697	5178.97	128.347	-66.3558	1.78677	5186.45	128.306	0.58169	0.0203488	55.66	1.38668
123000		-467.318	11.227	5181.68	128.572	-65.0768	1.78411	5190.87	129.032	0.57756	0.0182188	55.77	1.38752
124000		-463.345	11.5966	5185.99	128.223	-63.886	1.76286	5190.33	129.231	0.57441	0.0191792	55.83	1.38928
125000		-469.155	11.9943	5187.56	128.932	-62.9338	1.75636	5198.27	129.259	0.57043	0.0194221	55.83	1.38419
126000		-459.963	10.7781	5191.77	128.951	-61.6745	1.69638	5200.92	129.633	0.57944	0.0191108	55.91	1.38185
127000		-458.322	10.5491	5193.12	129.124	-60.3349	1.6434	5202.78	130.325	0.56571	0.0164359	56.02	1.38797
128000		-465.278	12.389	5199.15	129.162	-59.1979	1.64366	5212.58	131.782	0.57437	0.0184982	56.05	1.40521
129000		-462.907	11.5109	5203.29	129.549	-58.2201	1.65153	5212.35	131.534	0.57173	0.0174482	56.04	1.41435
130000		-464.235	11.5229	5208.66	130.428	-57.1382	1.63075	5221.39	132.198	0.57264	0.0171465	56.13	1.40566
131000		-460.578	11.5703	5216.95	131.441	-56.0708	1.58181	5227.86	131.682	0.58206	0.0165901	56.29	1.41388
132000		-458.343	11.646	5218.1	131.621	-55.2491	1.57767	5227.05	131.557	0.56649	0.0192274	56.3	1.41089
133000		-459.394	11.9558	5220.36	132.086	-54.3632	1.56463	5229.06	131.463	0.5758	0.016942	56.31	1.41298
134000		-451.018	12.1066	5224.3	132.116	-53.3735	1.53376	5228.42	132.054	0.58353	0.0188402	56.34	1.41373
135000		-455.565	11.4341	5224.35	131.797	-52.6178	1.53092	5242.47	132.37	0.57986	0.0188354	56.5	1.4191
136000		-456.855	11.3173	5230.25	131.805	-52.0578	1.51924	5238.13	132.31	0.57226	0.0181571	56.49	1.4208
137000		-451.321	12.359	5233.97	131.606	-51.1914	1.50185	5240.56	131.886	0.57015	0.0188176	56.45	1.41553
138000		-449.947	11.5632	5237.54	132.021	-50.3209	1.45879	5246.94	133.238	0.57784	0.0192454	56.46	1.41852
139000		-453.186	11.343	5239.64	132.089	-49.6676	1.45169	5251.87	132.687	0.55959	0.0171773	56.65	1.42683
140000		-454.887	11.9514	5242.32	132.113	-48.8665	1.43054	5252.42	133.015	0.57031	0.0170497	56.6	1.42673
141000		-449.907	11.4564	5244.22	132.279	-48.1135	1.43485	5255.06	132.729	0.57915	0.0179403	56.65	1.42598
142000		-451.545	11.7293	5249.17	132.514	-47.3178	1.42065	5259.37	132.695	0.58412	0.0186227	56.71	1.43958
143000		-446.687	11.8784	5254.26	132.981	-46.6329	1.40156	5258.12	132.02	0.57696	0.0181049	56.67	1.42525
144000		-455.465	10.7582	5251.77	132.638	-46.0469	1.38351	5266.73	132.275	0.58249	0.019668	56.79	1.42143
145000		-457.276	13.2295	5256.93	132.393	-45.5488	1.38237	5279.88	132.606	0.5812	0.0168685	57	1.43048
146000		-449.004	11.1259	5262.16	132.318	-44.888	1.37126	5279.77	132.423	0.58354	0.0180027	56.98	1.42176
147000		-448.579	11.1201	5267.03	132.285	-44.4214	1.37471	5279.92	132.436	0.58157	0.0190377	56.97	1.41995
148000		-446.29	11.6988	5273.1	132.252	-43.6622	1.35695	5280.48	132.285	0.56815	0.0176665	56.98	1.41585
149000		-451.554	11.5885	5279.78	132.705	-43.0838	1.35311	5290.41	132.846	0.57129	0.0169249	57.12	1.41865
150000		-447.008	11.5079	5279.34	132.583	-42.472	1.35257	5289	132.618	0.59166	0.0190924	57.17	1.41457
