#gen	avgfit_mean	avgfit_sd	avgfit_med	avgbits_mean	avgbits_sd	avgbits_med	fit_mean	fit_sd	fit_med	bits_mean	bits_sd	bits_med	cpu_mean	cpu_sd	cpu_med	genes_mean	genes_sd	genes_med
0		-3814.7	299.621	-1999.61	20000	0	20000	-1129.52	100.58	-748.696	20000	0	20000	0	0	0	67.4516	1.526	64
1000		-1243.9	18.5358	-1248.1	19400	396.533	20003.1	-600.424	9.64851	-574.208	18422.1	868.709	20000	4.43542	0.0944163	4.587	58.871	3.21446	65
2000		-1019.03	35.2446	-1094.27	17359.4	1063.61	20055.7	-549.822	6.68249	-537.723	17362.4	1080.71	20000	4.41039	0.220489	5.417	55.9355	3.90724	63
3000		-958.3	35.0322	-1003.14	16850.5	1146.89	20056.2	-520.755	5.69158	-489.85	16679.8	1161.41	20001	4.13168	0.323827	4.788	52.7742	3.92557	55
4000		-904.558	34.2661	-936.703	16234	1223.32	20001.9	-500.514	5.94928	-489.85	16067.6	1263.1	19971	4.10048	0.326049	5.765	51.0645	4.27821	55
5000		-877.957	35.6553	-904.127	15946.2	1284.51	19984.8	-485.067	6.0788	-433.662	16035	1272.71	19999	4.15432	0.380573	5.769	51.3226	4.31187	61
6000		-855.188	34.8138	-955.561	15883.4	1283.71	19992.6	-471.292	6.43037	-433.662	15457.3	1305.29	19369	3.93865	0.360855	4.992	49.6452	4.21226	61
7000		-818.217	34.0995	-846.323	15602.7	1294.7	19978.9	-460.179	6.54719	-433.662	15574.6	1317.88	19725	3.96555	0.377822	4.859	49.9677	4.26854	61
8000		-797.944	34.0343	-899.94	15356.4	1334.25	19923	-451.308	6.67568	-433.662	15538.5	1299.2	19725	3.89974	0.382395	3.453	50.129	4.2118	61
9000		-793.879	34.4094	-880.381	15437.9	1314.93	19804.2	-442.829	7.25039	-422.241	15583	1283.4	19729	3.7699	0.382216	7.229	50.5161	4.12151	61
10000		-803.234	36.1653	-808.355	15479	1310.04	19788.1	-437.504	7.3109	-422.241	15526.3	1292.98	19729	4.18145	0.408465	5.464	50.7419	4.09063	61
11000		-780.621	34.0728	-794.02	15458	1309.63	19816.7	-431.731	7.45584	-421.219	15421.5	1275.92	19722	4.09597	0.405999	6.168	50.6774	3.97962	63
12000		-779.369	35.2258	-865.19	15469.2	1306.4	19735.3	-423.396	7.58848	-410.769	15402.1	1289.04	19722	4.19232	0.410889	4.681	50.6129	4.02617	62
13000		-769.968	34.2081	-857.369	15476.3	1298.46	19747.3	-417.892	7.74686	-410.769	15523.6	1298.93	19783	4.01458	0.38969	4.343	50.871	3.97079	62
14000		-764.395	33.535	-841.338	15450.5	1291.47	19706.7	-411.536	7.92132	-407.506	15489.1	1295.51	19725	4.20839	0.44099	4.838	50.7742	3.92941	61
15000		-751.963	33.4047	-791.676	15298.3	1279.04	19821.8	-406.329	8.09295	-402.06	15409.5	1292.31	19904	3.96487	0.396384	7.01	50.9677	3.85587	63
16000		-755.569	35.6822	-763.662	15253.9	1280.75	19928.6	-401.971	8.17232	-402.06	15419.6	1289.71	19917	4.06268	0.405139	6.654	50.5484	3.92287	63
17000		-747.516	35.2435	-832.735	15113.7	1271.16	19711.3	-396.44	8.59535	-400.577	15440.3	1280.92	19489	3.79855	0.368941	5.403	51.0323	3.89416	61
18000		-727.805	34.083	-767.602	15073.3	1263.66	19842.4	-391.448	8.99227	-398.797	15536	1261.19	19906	4.03426	0.39597	6.377	51.3226	3.68151	62
19000		-720.959	33.4077	-754.745	15071.8	1250.5	19778.8	-388.17	9.26052	-397.314	15498.1	1257.5	19480	3.99748	0.398805	5.371	51.4516	3.65261	60
20000		-718.257	32.5742	-779.951	15188.7	1246.46	19769.2	-381.156	9.77133	-397.314	15643	1225.08	19476	4.05052	0.413616	6.322	52.3871	3.62568	60
21000		-720.819	33.3572	-807.475	15048.7	1244.36	19726.9	-376.077	9.91557	-397.093	15657.1	1228.02	19480	4.06713	0.3897	4.787	52.4839	3.58248	60
22000		-705.294	33.3897	-769.581	15181	1223.65	19520.5	-372.984	10.0688	-397.093	15821.6	1248.28	19480	4.11626	0.404054	7.416	53.0645	3.67026	60
23000		-723.622	33.9869	-817.75	15250.5	1216.25	19504.8	-369.483	9.70649	-393.894	15710.1	1221.27	19495	4.29448	0.424958	6.84	52.5806	3.58215	61
24000		-702.781	33.1139	-774.589	15276.4	1224.4	19401.7	-363.101	9.98958	-393.253	15858.9	1238.22	19472	4.12135	0.393569	6.922	53.3226	3.6152	62
25000		-703.884	34.2751	-791.786	15167.4	1272.65	19503.2	-358.631	10.0583	-393.208	15898.4	1235.91	19490	4.13813	0.426215	3.846	53.6452	3.60363	61
26000		-707.813	35.1569	-716.376	15340	1241.7	19510	-356.445	10.1562	-388.35	15911.8	1241.24	19507	4.19758	0.438986	5.158	53.6774	3.63122	62
27000		-707.748	36.0984	-759.97	15541.6	1225.78	19666	-351.579	10.6573	-388.35	15891.1	1241.27	19507	4.28145	0.425061	6.147	54.129	3.58184	62
28000		-710.718	37.057	-774.175	15635.6	1226.61	19520	-348.514	10.701	-387.708	15878.3	1237.55	19509	4.08948	0.391977	5.896	54	3.58491	62
29000		-702.3	35.1948	-800.118	15702.5	1229.25	19456.8	-346.064	10.9617	-387.139	15903.1	1238.11	19480	4.03642	0.387049	4.6	54.2903	3.58827	63
30000		-702.097	34.7476	-836.749	15708.9	1231.91	19492.5	-342.86	10.8528	-387.139	15975.1	1249.87	19489	4.16326	0.420223	3.885	54.6452	3.63571	63
31000		-694.71	35.9589	-814.493	15766.8	1231.55	19481.6	-340.656	10.8129	-386.79	15916.6	1239.14	18193	4.11542	0.400505	4.217	54.5806	3.58065	61
32000		-695.715	37.0435	-778.043	15707.6	1236.22	19356.3	-336.781	11.1157	-386.236	15934.4	1235.73	18736	4.14448	0.395861	6.766	54.6774	3.5703	61
33000		-699.022	37	-799.706	15687.8	1233.79	18938	-334.428	11.0729	-385.619	15949.5	1232.9	19477	4.21665	0.443923	4.34	54.6129	3.56919	63
34000		-686.313	35.2702	-809.367	15696.4	1232.42	19133	-332.437	11.2093	-385.619	16012.4	1242.38	19508	4.12358	0.412927	5.215	54.8387	3.57533	63
35000		-686.399	35.6221	-766.874	15727.3	1231.15	19344.3	-329.707	11.2611	-385.266	15896	1231	18227	4.35713	0.424117	5.692	54.8065	3.53521	62
36000		-685.959	34.8201	-775.416	15805.9	1230.79	19447.6	-325.599	11.4881	-383.268	15992.9	1227.34	19602	4.06948	0.401355	5.858	55.2903	3.51714	64
37000		-700.035	36.8205	-802.058	15816.4	1228.53	19198.6	-323.816	11.3915	-383.268	16005	1230.21	19584	4.34229	0.417306	5.048	55.4516	3.5262	64
38000		-687.601	35.8778	-797.651	15732.1	1228.16	19206.8	-321.895	11.5143	-382.826	16001.1	1229.75	19491	4.27906	0.443406	3.411	55.5806	3.50691	64
39000		-684.774	37.1887	-809.941	15716.1	1216.49	19469.6	-319.366	11.6822	-382.6	16057.6	1230.66	19528	4.06194	0.389755	5.561	55.7742	3.473	64
40000		-674.13	35.7879	-777.914	15724	1222.54	19531.4	-317.367	11.821	-382.427	16064.1	1228.09	19530	4.42016	0.416087	6.92	55.5806	3.47921	64
41000		-680.431	36.4839	-831.251	15919.1	1224.81	19508.2	-313.548	11.5294	-361.901	16097.8	1231.5	19647	4.40658	0.423435	5.231	55.9677	3.52121	65
42000		-672.518	36.291	-788.285	15849.5	1224.49	19569.9	-312.075	11.5946	-361.675	16097.4	1228.03	19653	4.38394	0.469962	5.299	56.129	3.53013	65
43000		-681.105	37.2266	-777.186	15861.3	1226.25	19618.7	-309.896	11.7763	-360.425	16135.4	1227.28	19696	4.32584	0.420944	5.331	56.0645	3.52745	66
44000		-690.055	38.9766	-767.256	15907.3	1227.6	19629.3	-306.45	11.5042	-325.362	16105	1231.54	19730	4.28219	0.429044	3.931	55.9677	3.5331	66
45000		-667.893	35.6565	-743.061	15949.6	1228.47	19579.5	-305.472	11.5396	-325.362	16129.2	1229	19678	4.15006	0.399536	4.353	56.129	3.51027	66
46000		-666.86	36.1834	-778.28	15926.1	1227.8	19620.1	-301.48	11.2984	-319.501	16142.4	1223.53	19555	4.42103	0.433661	4.934	56.4839	3.4715	66
47000		-667.792	36.237	-752.255	15979.2	1223.22	19656.1	-298.414	11.3397	-319.501	16287.2	1239.96	19556	4.06826	0.399852	3.828	57	3.46844	66
48000		-668.894	35.2634	-748.748	16033.9	1221.72	19598.8	-296.765	11.4439	-319.501	16308.8	1243.24	19552	4.40919	0.423223	5.709	56.7419	3.46005	66
49000		-670.772	37.354	-823.215	16110.5	1225.23	19601.7	-294.927	11.4974	-315.828	16252.4	1236.35	19981	4.25971	0.410779	6.392	57.0323	3.49238	67
50000		-675.394	36.8697	-746.038	16169.5	1232.38	19656.4	-291.762	11.5056	-314.696	16373.4	1251.55	19594	4.13116	0.397993	5.107	57.2581	3.50513	66
51000		-675.305	37.0079	-778.132	16269.7	1238.38	19580.4	-289.915	11.4918	-314.696	16384.3	1252.33	19596	4.35223	0.419793	5.548	57.2903	3.49568	66
52000		-666.574	37.4949	-713.127	16331.6	1243.43	19628	-287.225	11.5754	-314.696	16362	1242.38	19594	4.711	0.45122	5.541	57.4516	3.49526	66
53000		-663.099	36.4719	-729.116	16313.9	1244.81	19645.1	-285.065	11.7272	-310.786	16464.6	1252.45	20699	4.47145	0.400051	5.724	57.9355	3.47617	70
54000		-665.412	37.7977	-709.297	16247.7	1247.24	19901.3	-283.693	11.6847	-308.179	16476.1	1257.67	20680	4.55506	0.447689	5.401	58.0645	3.52134	71
55000		-664.367	36.9233	-726.977	16326.4	1245.13	20249.4	-281.564	11.661	-308.179	16509.8	1254.64	20683	4.26932	0.388042	5.402	58.0968	3.47072	71
56000		-654.303	34.8599	-722.699	16376.2	1250.02	20449	-278.58	11.8361	-308.179	17209.8	1483.87	20684	4.3709	0.436596	4.832	60.2258	3.91954	71
57000		-655.516	36.5786	-681.202	16351.8	1258.15	20499.6	-276.772	11.8362	-302.579	17232.3	1486.61	20680	4.38839	0.423827	4.608	60.3226	3.91781	71
58000		-671.597	37.671	-747.831	16457.3	1276.86	20598.9	-275.835	11.8731	-302.579	17259.8	1496.57	20683	4.39761	0.400962	6.107	60.3548	3.99746	71
59000		-668.997	39.8255	-846.526	16929.9	1388.67	20587.3	-273.097	11.9975	-299.289	17291.5	1497.23	20791	4.80374	0.481702	5.804	60.7097	3.98794	73
60000		-665.461	39.2235	-709.941	17139	1458.14	20503.7	-270.268	12.1069	-299.289	17328.6	1508.95	20791	4.78316	0.585018	5.222	60.9032	4.04261	73
61000		-658.782	37.8826	-715.745	17143.3	1482.48	20662.1	-268.035	12.0992	-295.696	17313.3	1506.85	21094	4.77494	0.525823	5.601	61.0323	4.02826	73
62000		-659.775	38.946	-706.392	17256.1	1497.77	20793.8	-265.722	12.219	-294.686	17304	1495.33	20668	4.79306	0.560282	5.738	61.2258	3.96591	72
63000		-677.924	40.6286	-835.094	17279.7	1498.83	20864	-263.542	12.1122	-293.133	17329.7	1494.12	21279	4.81019	0.554016	5.573	61.3548	3.97561	74
64000		-669.503	38.772	-758.2	17241.2	1495.19	20944.4	-260.762	12.3744	-292.399	17603.2	1477.13	20688	4.89974	0.562653	7.585	62.7742	4.00878	73
65000		-650.657	37.3606	-668.748	17255.7	1488.18	20832.1	-259.21	12.2883	-292.399	17610	1483.65	20693	5.18658	0.678896	6.327	63.0323	3.98019	73
66000		-666.695	41.1186	-768.671	17351.8	1491.71	20807.6	-257.333	12.28	-291.006	17585.6	1470.05	20673	4.97303	0.61642	5.626	62.9032	3.97177	73
67000		-661.992	38.2428	-735.39	17435.5	1490.64	20716.3	-256.071	12.2675	-282.245	17635.7	1474.59	20960	4.713	0.547408	5.8	62.9355	3.96759	73
68000		-655.482	38.4951	-694.541	17462.7	1470.49	20772.7	-254.95	12.1952	-282.245	17608.5	1464.62	20917	4.98965	0.622436	5.293	63.3226	3.9457	73
69000		-649.287	37.6077	-702.843	17505.6	1465.75	20844.2	-253.667	12.2357	-282.133	18214.3	1574.41	21442	4.98771	0.535879	5.364	65.129	4.1186	74
70000		-662.705	39.6389	-849.385	17620.5	1461.89	20869.9	-251.768	12.1664	-281.876	18215.5	1574.06	20652	5.13997	0.577427	5.672	64.8387	4.09671	72
71000		-664.346	39.4149	-774.187	17840.1	1498.61	20861.3	-249.007	12.3318	-278.855	18207.4	1574.18	19869	5.2889	0.66669	5.968	65.129	4.1186	71
72000		-662.005	38.5472	-744.121	17899.5	1521.66	20691.6	-247.49	12.4098	-278.855	18218.8	1573.82	19869	5.17874	0.59026	5.712	65.0968	4.12398	71
73000		-653.213	38.7737	-721.687	18051.4	1542.47	20597.7	-245.929	12.3895	-274.264	18211	1574.9	19872	4.93648	0.558136	4.247	65.1613	4.10745	71
74000		-657.741	38.7759	-712.735	18027.8	1554.14	20348.1	-243.308	12.279	-270.286	18231.4	1578.03	20752	5.50768	0.777978	5.562	65.129	4.14047	71
75000		-655.804	40.3666	-741.842	18095.8	1558.19	20221.2	-241.586	12.2688	-260.011	18228.7	1573.65	20746	5.09906	0.607183	5.803	65.5161	4.16382	72
76000		-655.198	38.4166	-737.058	18063.6	1556.87	20462.8	-239.392	12.1693	-257.979	18311.9	1577.84	20725	5.17045	0.624437	5.303	65.7097	4.12915	72
77000		-650.101	38.4961	-706.896	18112.3	1557.97	20496.6	-237.923	12.0575	-257.979	18289.4	1578	20726	5.44813	0.803779	5.332	65.6452	4.10495	72
78000		-645.568	37.4582	-698.573	18203.3	1569.87	20699.8	-236.523	12.0797	-253.694	18314.1	1584.71	20739	5.5239	0.671912	6.504	65.871	4.11625	73
79000		-674.246	43.1146	-720.498	18255.4	1572.68	20638.6	-234.936	12.0344	-252.398	19149.8	1892.98	20812	5.61945	0.742242	7.501	68.9677	5.47595	72
80000		-663.146	42.2705	-696.387	18533.8	1633.27	20703.8	-233.651	11.9532	-252.398	19159.2	1895.18	20797	5.53403	0.715839	6.642	69.1613	5.43646	72
81000		-644.965	39.6904	-694.789	18634.7	1653.3	20722.3	-231.262	11.8664	-246.723	19176.1	1888.1	20825	6.21139	1.01456	6.516	69.4194	5.41697	73
82000		-659.865	42.0534	-673.224	18750.3	1693.65	20818.2	-230.052	11.778	-246.723	19245.4	1884.65	20825	5.71677	0.709384	7.552	69.7097	5.41765	73
83000		-651.618	39.0321	-671.062	18658.6	1692.29	20814.7	-228.597	11.8536	-246.723	19287.4	1887.95	20825	5.9221	0.992926	6.122	69.9032	5.42799	73
84000		-663.204	43.5336	-733.387	18623.7	1650.88	20799.1	-227.285	11.9058	-246.576	19263.4	1882.68	20854	5.51648	0.706156	7.327	69.8387	5.38878	74
85000		-646.631	40.4236	-741.151	18582.8	1605.27	20780	-225.585	11.917	-246.576	19245.1	1884.01	20855	5.85555	0.873966	5.572	69.9677	5.40081	74
86000		-638.526	40.7954	-687.177	18690.3	1640.73	20835.5	-223.915	11.8505	-243.434	19292.9	1881.62	20811	6.13974	0.845709	7.151	70.2581	5.36636	73
87000		-633.368	37.61	-719.122	18804.9	1679	20764.5	-222.739	11.7778	-241.336	19296.2	1878.87	20895	6.06368	0.850115	6.493	70.2903	5.34713	74
88000		-670.211	42.6936	-690.828	18917	1708.97	20857.7	-220.837	11.6933	-240.335	19321.8	1890.58	20853	6.11126	0.937219	5.986	70.2581	5.36656	74
89000		-662.933	45.3968	-639.793	19044.1	1779.56	20842	-219.296	11.7594	-240.335	19356.2	1882.99	20852	5.97823	0.999646	5.884	70.5161	5.36273	74
90000		-658.203	40.4617	-813.543	18844	1699.38	20837.1	-217.368	11.742	-240.335	19387.4	1887.7	20887	6.21794	1.03824	5.876	70.5806	5.33557	74
91000		-652.939	41.1969	-689.565	18917.1	1693.03	20841.5	-215.067	11.6628	-219.821	19403.9	1879.16	20995	5.94603	0.902263	7.111	70.9032	5.38524	73
92000		-656.259	42.7466	-701.674	18979.9	1702.37	20859.8	-212.845	11.3937	-219.821	19403.9	1881.21	20995	5.9581	0.78928	5.828	70.4194	5.4128	73
93000		-647.375	42.0787	-664.022	18784.2	1653.45	20971.8	-211.04	11.3168	-219.476	19445.4	1881.17	21760	5.83158	0.844432	6.197	70.9677	5.47771	76
94000		-629.48	40.4213	-695.787	18875.3	1663.16	21026.1	-208.945	11.2972	-219.421	19463.5	1880.98	20964	6.12535	0.858164	6.42	71.4194	5.44667	74
95000		-636.874	39.1132	-690.369	18815.4	1622.53	21175.5	-208.429	11.2986	-219.421	19474.1	1883.68	21003	5.79126	0.857995	5.91	71.3226	5.4286	74
96000		-639.481	40.8917	-697.605	18944.8	1675.83	21018.9	-206.596	11.2583	-219.421	19432.5	1881.39	20897	6.34716	0.984955	8.05	71.3548	5.4844	74
97000		-634.265	40.0648	-686.735	18929.8	1659.63	20931.5	-205.064	11.1163	-217.801	19416.3	1865.49	20917	5.90461	0.852245	6.141	71.5806	5.50928	74
98000		-639.259	39.4041	-710.717	18872.5	1645.69	21027	-202.767	10.9489	-217.801	19491.9	1892.91	20920	5.83565	0.784913	6.184	71.8065	5.49319	74
99000		-660.772	46.78	-684.774	19052.8	1699.78	21092.1	-201.542	10.9084	-217.801	19519.5	1887.84	20920	5.95384	0.846005	5.621	71.8065	5.53433	74
100000		-641.021	42.7369	-652.572	18849.4	1630.14	21070.7	-200.208	10.7767	-217.118	19546.5	1884.3	21503	5.86813	0.781789	5.122	71.871	5.53109	73
