#gen	avgfit_mean	avgfit_sd	avgfit_med	avgbits_mean	avgbits_sd	avgbits_med	fit_mean	fit_sd	fit_med	bits_mean	bits_sd	bits_med	cpu_mean	cpu_sd	cpu_med	genes_mean	genes_sd	genes_med
0		-2952.86	195.764	-2264.12	20000	0	20000	-986.176	46.1244	-872.409	20000	0	20000	0	0	0	64.8333	1.75873	62.5
1000		-1243.08	16.9667	-1183.53	19988	19.2896	19997	-614.524	11.1233	-579.559	19996.7	3.64432	19999	7.5975	0.153894	6.9555	62.1667	1.75315	64.5
2000		-1124.59	25.0199	-1060.2	19357.5	373.21	20019	-554.662	9.78952	-552.88	18628.8	997.232	19976.5	8.38911	0.125776	8.4805	57.5	3.32081	64.5
3000		-1010.2	36.2294	-958.121	18213.8	1065.7	19630	-525.741	8.72168	-500.232	17831.8	1224.16	19973	7.94761	0.491241	8.6165	52.5	3.77405	66
4000		-922.61	36.9515	-773.276	17108.4	1263.42	13501.6	-508.399	5.88102	-492.456	18466.5	1015.84	18841.5	7.67389	0.68423	6.296	55.8333	3.4178	64.5
5000		-865.011	36.7336	-776.813	16394.8	1308.83	16260.7	-489.915	6.26551	-474.009	16007.7	1558.93	18976.5	7.67067	0.711623	6.4575	48.0556	5.29426	62.5
6000		-806.868	38.9374	-766.086	15891.9	1550.65	17058.3	-477.841	7.03854	-430.695	16033.8	1562.76	18843.5	7.58006	0.845494	8.2395	47.1667	5.09918	61
7000		-800.427	39.0769	-853.99	14969.1	1630.21	16519.9	-466.327	7.36235	-422.006	14911.8	1731.72	18843.5	7.40578	0.941815	6.9735	44.4444	5.63035	60.5
8000		-775.831	40.8307	-807.902	14743.5	1724.49	17026.3	-456.534	6.59953	-421.791	14971.1	1742.41	18723	6.74128	0.954968	6.7005	45.2222	5.60436	60.5
9000		-763.451	42.5666	-767.009	14758.1	1726.35	16965.6	-447.882	5.58631	-415.628	14950.3	1746.15	18844.5	6.38867	0.868515	7.735	45.1111	5.41475	62
10000		-728.422	35.9142	-712.432	14650.9	1720.65	15950.7	-437.331	5.45906	-407.935	15029.3	1746.07	18751	6.70394	0.928043	8.0295	45.5556	5.50177	61
11000		-756.288	40.6578	-786.998	14897.1	1714.28	17638.9	-423.56	4.86217	-404.266	15281.6	1684.26	19017.5	7.12244	1.01205	9.44	47.0556	5.37695	62
12000		-741.712	40.3696	-726.996	14921.8	1711.54	17688.1	-417.413	5.02433	-395.9	15199.6	1676.04	18604	6.65156	0.888658	8.598	47	5.30507	61.5
13000		-730.691	40.0951	-749.175	15055	1686.97	17997.1	-412.305	5.98381	-395.9	15274.5	1666.69	18603.5	6.58628	0.870259	9.309	47.7222	5.30557	61.5
14000		-707.149	38.9143	-705.513	15141.8	1670.21	17975.6	-406.159	5.80689	-395.779	15270.2	1687.64	18585.5	6.97333	0.945127	9.0515	47.2222	5.16306	61.5
15000		-719.869	38.7667	-777.25	15280.2	1667.18	18557.2	-398.009	5.71252	-390.441	15386.2	1659.4	18589	7.318	0.996279	8.549	48.3333	5.28099	61.5
16000		-713.236	38.0864	-744.364	15332.8	1657.66	18648.1	-393.061	6.34989	-385.868	15359.5	1656.73	18612	7.61689	1.01433	10.0805	48.1111	5.25611	61.5
17000		-726.765	40.8738	-796.754	15346.1	1651.97	18384.3	-387.998	6.69573	-380.387	15491.6	1678.93	18619.5	7.14572	0.903583	9.589	48.3889	5.21633	61.5
18000		-710.392	40.2157	-743.437	15394	1658.17	18400.9	-380.601	6.96093	-376.757	15512.5	1674.19	18820.5	7.08722	0.924394	8.5715	48.6111	5.23821	62
19000		-704.418	42.1366	-764.85	15440.3	1665.29	18476.3	-375.587	7.67265	-367.26	15501.7	1671.88	18679.5	7.46861	0.960909	9.8505	48.9444	5.22092	63
20000		-693.825	39.9953	-747.398	15457.5	1667.16	18714.1	-369.994	7.83671	-366.606	15477.9	1673.49	18697	7.61211	1.02771	10.361	48.7778	5.19524	63
21000		-700.385	43.7941	-762.298	15475.2	1666.71	18790	-363.537	8.15082	-355.345	15528.6	1660.97	18632.5	7.21394	0.924192	9.7845	48.9444	5.09868	62.5
22000		-701.059	41.692	-790.244	15498	1665.9	18737.9	-357.863	8.70504	-351.414	15697.6	1668.84	19296	6.75728	0.854597	8.329	49.7222	5.08799	65
23000		-700.147	41.4956	-785.901	15567.5	1656.78	18747.4	-352.694	8.33442	-345.011	15623.9	1645.18	18893.5	7.00656	0.91166	10.315	49.5556	4.90379	64.5
24000		-683.691	40.6967	-747.761	15657.3	1665.2	19034.2	-347.319	8.42915	-342.505	15668.4	1659.08	19197.5	7.59133	1.03253	8.0015	49.7778	4.94318	65.5
25000		-666.226	39.4826	-712.438	15685.3	1664.87	18998.4	-343.588	8.74135	-341.944	15785.8	1680.71	19311.5	7.15156	0.908785	8.3275	50.0556	4.98984	66
26000		-683.615	42.9166	-745.68	15672.7	1655.84	19079.8	-336.566	9.24412	-324.391	15820.6	1680.18	19348.5	7.14161	0.937673	9.01	50.5556	4.97328	65.5
27000		-678.464	44.3046	-797.823	15735.7	1669.88	19129.8	-333.481	9.08549	-323.625	15823.5	1686.17	19339.5	7.088	0.893429	8.3605	50.9444	4.98984	65.5
28000		-645.79	40.1201	-698.81	15774.6	1677.66	19074.4	-330.498	9.44703	-323.375	15846	1683.97	19349.5	7.33806	0.913917	10.2445	51.1667	4.99297	66
29000		-658.901	40.8235	-771.649	15834.3	1681.51	19321.3	-325.123	9.61904	-318.643	15838.4	1692.94	19299.5	7.17883	0.916177	8.267	51.3889	5.00858	66
30000		-661.511	42.4091	-760.898	15852.9	1683.05	19465.3	-322.409	10.1257	-315.322	15904.8	1697.61	19502	7.23289	0.941047	7.554	51.5	5.04765	65.5
31000		-638.277	36.6051	-711.091	15888	1688.81	19624	-319.548	9.92492	-315.159	15924	1689.29	19425.5	7.30494	0.941018	9.0675	51.6111	4.90973	66
32000		-643.295	38.4689	-689.778	15902.2	1691.92	19555	-314.606	10.0714	-312.307	15918.8	1676.24	19505	7.90567	1.02054	10.0535	51.8333	4.89114	66
33000		-639.675	37.9589	-670.921	15909.9	1690.89	19559.6	-311.357	10.0372	-312.12	15911.9	1693.06	19437	7.97117	1.0101	10.157	52.0556	4.97804	65.5
34000		-647.748	43.3343	-688.272	15908.8	1692.57	19489.4	-308.539	10.1508	-310.545	15915.8	1693.07	19432.5	7.42422	0.899182	9.1805	52.2778	4.92214	65.5
35000		-638.842	40.357	-715.5	15916.4	1690.67	19444.5	-305.415	10.5915	-310.54	15963.3	1681.09	19432	7.61133	0.993489	9.348	52.3889	4.86157	65.5
36000		-618.911	39.387	-671.951	15919.3	1684.99	19237.6	-302.949	10.7408	-310.25	15975.7	1678.93	19476.5	7.77556	1.01069	10.05	52.5	4.82454	66
37000		-628.008	40.4026	-672.255	15958.1	1682.91	19492.8	-299.729	10.7826	-308.858	16034.7	1690.53	19675	7.72822	1.03379	10.365	52.6667	4.93355	67
38000		-637.792	38.4831	-696.638	15979.1	1681.46	19543	-296.91	10.8781	-305.965	16114.3	1668.66	19642.5	7.57256	0.959682	9.2505	53.1667	4.80553	67
39000		-621.601	39.4309	-748.906	16010.7	1677.01	19570.7	-293.466	10.8786	-301.455	16063.2	1687.46	19616.5	7.86056	1.04506	9.7665	53.1111	4.87282	66.5
40000		-633.986	41.9064	-725.951	15989.3	1669.72	19513.6	-291.293	11.0412	-298.131	16030.4	1691.68	19340	7.62967	1.02159	9.1395	52.8889	4.86812	65.5
41000		-622.164	40.8525	-715.745	16058.9	1687.22	19529.7	-289.223	11.0369	-294.745	16058.7	1693.33	19551.5	7.67939	1.00121	9.602	53.0556	4.85776	66.5
42000		-629.286	43.8992	-731.109	16047	1689.18	19487.4	-285.745	11.4462	-290.856	16132.9	1705.93	19500	7.73761	1.00019	9.465	53.4444	4.88911	65.5
43000		-622.934	42.2432	-721.466	16050.5	1692.16	19481.7	-283.77	11.321	-289.677	16135.2	1701.57	19585	7.49017	0.983011	9.6555	53.5	4.86635	65.5
44000		-621.039	44.4267	-746.721	16077.9	1698.87	19513	-280.792	11.2656	-289.446	16171.3	1704.51	19399	7.53489	0.94632	9.763	53.4444	4.78985	64
45000		-610.681	40.136	-695.564	16127.3	1697.56	19553.8	-276.335	11.0438	-279.011	16240.6	1716.52	19460.5	8.24828	1.11064	10.578	53.8889	4.83377	65.5
46000		-613.097	40.1615	-678.73	16165.3	1702.6	19519.1	-274.082	11.1798	-278.973	16252.6	1711.23	19457.5	7.90411	1.07317	10.2115	54.1111	4.90557	66
47000		-619.198	43.4628	-711.349	16186	1699.97	19269.9	-272.488	11.1238	-277.446	16305.4	1708.11	19498	8.16994	1.09565	8.7015	54.4444	4.77823	66
48000		-613.312	43.3867	-716.22	16240.3	1705.72	19483.2	-270.275	11.3733	-277.393	16331.9	1707.94	19507.5	8.10089	1.08091	9.997	54.6111	4.83393	66
49000		-600.084	42.7164	-646.59	16307.6	1710.49	19451.8	-269.044	11.3311	-276.859	16366.4	1721.87	19421.5	8.644	1.13325	9.55	54.7222	4.88549	65.5
50000		-594.191	40.9179	-668.181	16367.1	1721.64	19453.7	-267.443	11.318	-275.816	16433.9	1732.16	19488	8.12239	1.02988	10.281	54.8889	4.91156	66
51000		-623.113	45.7975	-686.323	16399.5	1728.58	19405.6	-263.492	11.2336	-270.917	16558.4	1729.44	19434	7.88956	1.05216	9.9215	55.6667	4.8264	67
52000		-600.478	42.4272	-729.62	16440.3	1732.76	19452.9	-261.596	11.0927	-267.668	16408.9	1720.79	19343	8.21472	1.07899	10.2815	55.5	4.95486	67
53000		-614.955	43.239	-754.509	16496.2	1738.82	19561.2	-259.438	11.2498	-267.538	16660.5	1743.26	19417.5	7.74817	0.962136	8.968	56	4.82504	66.5
54000		-587.136	41.0947	-646.135	16528.9	1736.95	19449.4	-255.771	11.536	-265.435	16631.7	1742.4	19437	7.995	1.08853	9.8525	56.1667	4.83671	66.5
55000		-600.563	41.1604	-693.075	16569.9	1741.54	19370	-254.054	11.5709	-261.076	16694.6	1744.33	19453.5	7.99322	1.0246	9.9395	56.5556	4.94428	67
56000		-603.115	44.7982	-686.749	16643.5	1745.38	19431.5	-251.811	11.3659	-260.818	16757.5	1742.57	19388	7.39489	0.929108	8.829	56.8889	4.94208	67.5
57000		-591.336	40.7822	-656.914	16659.2	1752.9	19427.7	-250.023	11.7461	-259.534	16767.3	1748.16	19465	8.35372	1.14525	9.444	57.1667	4.92377	67.5
58000		-610.083	43.9697	-683.876	16740.4	1762.74	19348.6	-248.03	11.7444	-258.672	16830.2	1755.39	19561.5	7.92261	1.06615	9.243	57.5	4.86904	67
59000		-606.471	45.0275	-656.072	16765.8	1759.32	19470.2	-245.664	11.9224	-256.513	16813.2	1757.58	19482.5	8.20339	1.1158	10.121	57.2778	5.03959	67.5
60000		-592.385	44.1524	-610.468	16823.1	1763.94	19539.1	-243.19	11.9898	-256.183	16873.8	1764.46	19429.5	8.3315	1.06009	9.5215	57.7778	4.98531	67.5
61000		-576.764	43.8596	-615.259	16825.2	1759.16	19449	-240.14	12.2419	-253.366	16885.9	1761.12	19626.5	8.3155	1.06946	9.645	57.8889	4.92684	67
62000		-591.745	43.2478	-630.738	16871.8	1755.69	19531.1	-236.098	11.9483	-252.369	16958.2	1749.05	19432	8.2075	1.04757	10.5815	58.1111	4.85064	67
63000		-578.605	42.8381	-651.896	16907.2	1753.56	19551.1	-234.201	12.1507	-250.977	16933.3	1748.39	19596	7.87683	0.976102	8.281	58.1111	4.8412	66.5
64000		-586.978	45.5832	-678.495	16929	1749.63	19554.7	-231.924	12.2238	-247.05	16945.4	1757.44	19665.5	8.1995	1.05476	10.407	58.3889	4.90041	68
65000		-577.222	42.2774	-619.989	16954.6	1750.65	19581.6	-230.439	12.1396	-246.022	17011	1761.32	19873	8.20756	1.00271	10.091	58.5556	4.94758	68
66000		-598.57	45.196	-665.497	16967.8	1751.97	19676.6	-228.089	11.7346	-245.218	17000.8	1758.61	19442.5	8.41017	1.11297	9.93	58.7222	4.94863	68
67000		-592.12	46.5044	-674.358	16975.1	1755.84	19613.5	-226.475	11.6026	-243.759	17034.3	1751.92	19590.5	8.61356	1.14762	8.374	59.2778	4.86874	68.5
68000		-575.311	41.0469	-640.411	17000.5	1757.22	19608.6	-225.67	11.547	-241.187	17009.1	1754.35	19720	8.21794	1.11603	10.087	59.0556	4.95237	68.5
69000		-580.456	43.2229	-609.836	16999.9	1756.99	19582	-224.957	11.6506	-241.187	17026.1	1749.37	19730.5	8.33089	1.06705	11.101	59.3333	4.90365	68.5
70000		-577.027	42.7099	-650.498	17018.3	1756.78	19694.6	-221.878	11.5792	-236.467	17049.6	1761.25	19553	8.52139	1.11213	10.622	59.2778	4.98219	69
71000		-583.39	43.8499	-665.471	17047	1757.74	19750.5	-219.73	11.6137	-233.056	17085.7	1764.29	19700	8.53722	1.11143	9.7885	59.6111	4.93827	69
72000		-570.097	43.6228	-664.531	17084.1	1763.93	19754.4	-216.742	11.5771	-228.829	17139.7	1766.76	19744.5	8.4955	1.11466	9.8435	59.9444	4.93915	69.5
73000		-588.7	47.913	-667.413	17109.1	1762.84	19845.2	-214.371	11.7463	-228.117	17123.8	1756.05	19699.5	8.00006	1.04213	10.132	60.3889	4.86695	70
74000		-544.166	39.0139	-638.532	17117.2	1759.95	19775.3	-213.602	11.7576	-225.839	17173.6	1771.67	19676.5	9.07422	1.20587	11.14	60.5556	4.92574	70.5
75000		-571.794	43.2017	-684.905	17145.1	1760.51	19746.1	-210.522	11.4362	-225.504	17236.8	1771.15	19753.5	8.59883	1.14448	10.191	60.8889	4.88555	70
76000		-562.205	45.9825	-692.951	17152	1760.44	19670.6	-209.331	11.3917	-224.301	17215.4	1760.57	19705	8.70111	1.15656	9.078	61	4.84734	69
77000		-562.361	43.5819	-646.911	17202.3	1768.73	19745.8	-208.744	11.3713	-223.63	17253.1	1771.96	19693.5	8.75222	1.16296	9.335	61.2222	4.87528	70
78000		-558.973	44.8293	-608.559	17238.1	1771.28	19755.5	-207.78	11.4846	-222.963	17250.1	1767.13	19658.5	8.95817	1.17653	10.005	61.4444	4.86566	69.5
79000		-567.612	42.746	-673.564	17261	1769.23	19756.2	-206.234	11.5289	-220.93	17325.6	1760.37	20024	8.63167	1.14684	9.1885	62	4.83114	71
80000		-583.239	47.7511	-681.677	17301.3	1765.45	19760.5	-203.912	11.8115	-220.833	17285.7	1755.19	19932	8.57828	1.11559	8.637	61.8889	4.84255	71
81000		-563.177	45.2406	-665.276	17304.9	1758.09	19773.5	-200.727	11.2069	-218.403	17320.2	1754.54	19795	8.62128	1.10535	9.231	62	4.83857	70.5
82000		-569.085	45.6165	-627.254	17310.2	1759.01	19805.8	-199.351	11.1127	-217.229	17310.7	1760.33	19604.5	8.19428	1.06376	9.42	62.2778	4.91084	71.5
83000		-564.872	45.5868	-713.731	17314.8	1757.23	19792.6	-197.553	11.0913	-214.498	17354.3	1766.63	19609	8.84989	1.12577	9.3505	62.6111	4.94158	71
84000		-553.719	45.4384	-644.249	17290.8	1753.57	19822.1	-196.068	11.0996	-212.278	17429.3	1769.32	19735	9.13578	1.16276	9.881	62.9444	4.91528	72
85000		-553.9	42.8052	-618.81	17380.7	1764.25	19840.8	-195.025	11.2607	-211.957	17540.5	1758.83	19726	8.85839	1.15011	10.3855	62.8889	4.82429	72
86000		-564.271	46.3459	-611.811	17468.6	1764.67	19836.7	-191.989	11.5215	-210.348	17582.5	1752.93	19809.5	9.09678	1.21607	10.627	63.3333	4.7472	72.5
87000		-563.884	45.2064	-693.661	17514.9	1755.58	19778.3	-190.645	11.4297	-209.259	17584.5	1755.1	19809.5	9.117	1.1777	9.7245	63	4.741	71.5
88000		-564.515	45.3328	-604.422	17544.1	1753.76	19784.5	-189.496	11.4211	-208.016	17481.9	1777.84	19837	8.70883	1.05604	10.1135	62.6667	4.77398	71.5
89000		-557.835	47.2644	-575.033	17553.7	1756.62	19830.6	-188.01	11.4928	-206.783	17687.1	1781.47	19844.5	9.12878	1.16875	8.392	63.2222	4.74827	72.5
90000		-557.894	47.2729	-634.852	17606	1760.62	19800.5	-185.811	11.3522	-205.197	17774.7	1786.21	20530	9.09528	1.13095	9.1525	63.6667	4.81555	73.5
91000		-563.004	44.4154	-605.985	17646.1	1767.24	19838.9	-184.825	11.1831	-203.194	17812.4	1791.09	20462	9.01178	1.10083	10.1105	63.5	4.80281	73
92000		-539.362	40.1327	-686.302	17718.7	1782.75	19966.2	-183.451	11.1215	-202.305	17862.8	1794.1	20552.5	8.91244	1.08947	9.841	63.8889	4.71674	73
93000		-548.951	44.6192	-661.435	17793	1790.06	20318.9	-181.837	10.9468	-202.305	17863.8	1805.18	20559	8.89417	1.09924	9.3185	64	4.80876	73
94000		-547.898	40.7792	-617.425	17847.8	1801.05	20502.2	-179.897	10.8345	-199.159	17884.1	1797.96	20584	9.41322	1.19847	10.6145	64.2778	4.77521	73.5
95000		-551.818	40.654	-615.382	17867.2	1802.06	20602.4	-179.36	10.8767	-198.438	17902	1802.41	20598	9.13561	1.11496	9.466	64.2778	4.75945	74
96000		-538.099	41.657	-610.68	17894.8	1802.34	20571.3	-177.749	10.8658	-191.953	17947.5	1804.48	20541	9.52639	1.19445	10.2205	64.8333	4.74118	74.5
97000		-543.569	41.8535	-601.493	17902.9	1801.05	20602.4	-176.42	10.803	-191.949	18051.7	1820.41	20540.5	9.205	1.11069	12.192	64.9444	4.76814	74.5
98000		-543.986	43.3234	-665.248	17966.6	1808.82	20599.6	-174.74	10.7938	-189.483	17991.5	1802.91	20545.5	9.39633	1.19222	9.755	65	4.74376	75
99000		-543.159	42.0909	-636.849	18007.6	1812.07	20587.6	-173.275	10.5452	-187.05	18077.3	1819.64	20567.5	9.17378	1.07725	10.2955	65.3889	4.79729	75.5
100000		-546.256	41.6987	-593.165	18033.4	1815.53	20552.2	-171.968	10.4887	-185.845	18172.3	1831.14	20622.5	9.62261	1.26512	9.7675	65.3889	4.76105	75.5
