#gen	avgfit_mean	avgfit_sd	avgfit_med	avgbits_mean	avgbits_sd	avgbits_med	fit_mean	fit_sd	fit_med	bits_mean	bits_sd	bits_med	cpu_mean	cpu_sd	cpu_med	genes_mean	genes_sd	genes_med
0	-3058.87	103.94	-5955.1	5000	0	5000	-1884.71	66.7466	-3905.22	5000	0	5000	0	0	0	49.6875	0.229661	51
500	-1003.46	24.303	-1891.2	4997.65	2.18318	4997.78	-661.437	9.38491	-960.128	4995.75	3.51574	4997.5	4.20155	0.0455751	4.5335	49.2825	0.240601	49.5
1000	-604.637	5.7198	-762.461	4996.46	2.25803	4997.36	-491.333	4.01614	-627.817	4994.18	3.50589	4999.5	3.99094	0.0427835	4.574	49.2675	0.236627	50.5
1500	-477.784	3.85869	-623.289	4996.1	3.36845	4999.59	-407.206	3.13029	-514.121	4996.47	3.49741	4999	4.00005	0.0436075	4.669	49.385	0.241558	50.5
2000	-401.932	3.18529	-519.093	4996.01	3.56068	4998.3	-352.009	2.84826	-452.262	4996.61	3.68725	4997.5	4.00272	0.0431542	4.5135	49.6525	0.239029	51
2500	-350.295	2.76794	-446.728	4996.2	3.69198	4997.01	-310.729	2.57916	-392.058	4996.47	3.7149	4997	3.9897	0.04313	4.6125	50.06	0.236046	53.5
3000	-309.507	2.57308	-399.093	4996.71	3.72699	4997.32	-276.222	2.46439	-343.542	4997.4	3.76974	4999.5	3.9893	0.0436372	4.557	50.52	0.237861	53
3500	-278.676	2.42213	-350.495	4997	3.74879	4996.89	-248.308	2.37981	-314.259	4999.38	3.86722	4997.5	4.00338	0.0440237	4.8	50.92	0.236403	52.5
4000	-252.127	2.37174	-312.419	4999.35	3.82096	4997.87	-224.155	2.3368	-285.25	5000.5	3.88236	4998.5	4.01443	0.0446009	4.845	51.2875	0.237256	53.5
4500	-229.092	2.32695	-293.688	5000.43	3.89515	4998.34	-203.274	2.23834	-275.224	5000.95	3.94031	4999	4.04469	0.044771	5.3475	51.605	0.235768	53
5000	-209.576	2.23173	-289.638	5001.2	3.93595	4997.66	-185.448	2.14861	-266.789	5001.33	4.03319	4997	4.06417	0.0447667	5.1065	51.8575	0.234586	52.5
5500	-191.702	2.13861	-285.29	5001.77	3.98774	4997.02	-168.284	2.04515	-241.724	5002.05	4.04357	4996.5	4.04425	0.0451391	4.73	52.25	0.234454	52.5
6000	-175.599	2.03576	-249.16	5002.75	4.02483	4997.92	-153.248	1.93454	-223.341	5003.03	4.03669	4997	4.0592	0.0443533	4.917	52.51	0.233046	53
6500	-161.576	1.89596	-232.566	5003.35	4.04828	4995.83	-139.743	1.82402	-201.435	5003.27	4.06065	4994.5	4.06835	0.0454993	4.8415	52.85	0.230981	53.5
7000	-148.746	1.80753	-218.471	5004.18	4.08683	4999.74	-127.593	1.74161	-184.782	5004.36	4.10796	4996.5	4.07142	0.0452292	4.8055	53.07	0.232859	53
7500	-137.196	1.71974	-196.244	5004.67	4.10455	4999.84	-116.936	1.6344	-171.712	5005.38	4.12068	4999.5	4.09958	0.0458255	4.5535	53.3225	0.233092	53
8000	-127.146	1.63304	-179.863	5005.04	4.11095	4998.84	-107.336	1.54617	-164.166	5004.81	4.12783	4997	4.1039	0.0459762	4.7225	53.5375	0.23494	53
8500	-117.791	1.52779	-172.552	5005.07	4.15324	5000.58	-98.8858	1.46038	-153.722	5005.49	4.17326	5001	4.10813	0.046264	4.8945	53.7975	0.232301	54
9000	-109.615	1.47938	-166.822	5005.87	4.17662	5001.27	-91.5191	1.39118	-144.61	5006.4	4.21364	5002.5	4.12742	0.046386	4.719	53.8825	0.23115	54
9500	-102.475	1.41678	-159.59	5007.08	4.20417	4999.25	-84.6293	1.33176	-131.708	5007.62	4.2276	4999.5	4.13062	0.0463367	4.7545	54.05	0.228691	54
10000	-95.8944	1.34854	-145.599	5007.31	4.22479	4998.69	-78.2056	1.26633	-123.684	5007.02	4.23944	4996	4.14927	0.0466032	5.0305	54.2025	0.226704	54
10500	-90.0211	1.29734	-137.504	5007.42	4.26768	4996.62	-72.3597	1.18253	-103.159	5008.42	4.3227	4996	4.14484	0.0470761	4.454	54.3625	0.227502	54.5
11000	-83.9249	1.20458	-112.528	5008.16	4.32857	4995.35	-67.1862	1.12081	-98.3982	5008.05	4.38076	4996	4.17786	0.0470801	4.38	54.515	0.226307	54.5
11500	-78.7168	1.15396	-104.859	5007.95	4.36773	4994.59	-62.3385	1.05728	-91.65	5008.08	4.32506	4993.5	4.18376	0.0470779	4.538	54.6475	0.224715	54
12000	-74.6703	1.06154	-102.12	5007.96	4.35757	4996.78	-58.0666	0.987008	-88.6983	5007.41	4.3507	4996.5	4.17784	0.0466128	4.649	54.785	0.222053	55
12500	-70.2863	0.997453	-99.824	5007.76	4.36155	4996.94	-54.1223	0.938146	-83.9321	5007.27	4.37067	4997	4.17622	0.0471295	4.476	54.9225	0.222125	54.5
13000	-66.4562	0.977244	-111.462	5007.6	4.35452	4996.18	-50.5258	0.877389	-81.2766	5007.94	4.35333	4996.5	4.1773	0.0471428	4.668	55.025	0.220244	54.5
13500	-62.8709	0.927011	-96.0963	5007.78	4.35161	4997.07	-47.3501	0.830992	-77.9086	5007.9	4.35792	4994	4.16035	0.0474143	4.678	55.1625	0.217793	54.5
14000	-60.0771	0.904287	-95.6062	5008.13	4.36239	4996.47	-44.3916	0.791123	-75.1664	5009.16	4.4036	4998.5	4.19917	0.0480971	4.645	55.285	0.218727	54.5
14500	-56.9695	0.845436	-89.0762	5008.61	4.38281	4996.03	-41.7454	0.75013	-71.1746	5009.3	4.40755	4997.5	4.18845	0.0476703	4.6225	55.3675	0.216647	54.5
15000	-54.3439	0.807554	-84.3153	5009.07	4.40775	4995.9	-39.0303	0.699795	-65.9341	5009.18	4.42779	4996.5	4.19012	0.0477354	4.515	55.455	0.216505	54.5
15500	-51.8573	0.750318	-76.0512	5009.55	4.41802	4997.22	-36.8032	0.665427	-60.4763	5009.69	4.42125	4996	4.19127	0.0476055	4.707	55.57	0.216576	55.5
16000	-49.8424	0.773653	-74.3933	5009.5	4.43021	4998.06	-34.6283	0.63497	-56.1968	5009.43	4.43428	4999.5	4.20458	0.0487447	4.835	55.625	0.216427	55.5
16500	-47.8679	0.707465	-74.7188	5009.59	4.42992	4998.86	-32.7435	0.609446	-53.2645	5009.48	4.42459	4999.5	4.21011	0.0482568	4.9205	55.7125	0.217412	55.5
17000	-45.2458	0.686544	-57.1372	5009.62	4.43424	4999.18	-30.8378	0.576379	-46.191	5009.83	4.44086	5000	4.19984	0.0486917	4.641	55.77	0.217453	55.5
17500	-44.1735	0.662648	-64.7323	5009.98	4.43552	4999.75	-29.2043	0.546246	-45.2285	5009.82	4.44932	4975	4.24045	0.0484541	4.6665	55.86	0.217328	55.5
18000	-42.1237	0.632854	-56.8503	5009.74	4.44752	4975.19	-27.7397	0.527398	-44.0627	5010.18	4.4427	4960	4.24098	0.0479258	5.24	55.9725	0.214959	55
18500	-40.9977	0.623462	-50.8192	5009.98	4.40675	4973.11	-26.3884	0.501975	-41.6898	5010.82	4.42805	4959.5	4.23726	0.0483124	4.7945	56.0375	0.214138	55.5
19000	-38.9797	0.579875	-53.7087	5010.72	4.41182	4967.15	-25.0022	0.476928	-40.104	5011.32	4.41659	4976	4.23814	0.0483172	4.914	56.125	0.214945	56
19500	-38.0155	0.609299	-48.4606	5010.84	4.4173	4973.08	-23.8425	0.452673	-38.1129	5010.98	4.44016	4974.5	4.26257	0.0494252	4.7785	56.17	0.214926	56
20000	-36.981	0.559359	-48.0226	5010.95	4.42409	4974.9	-22.8134	0.436766	-36.2359	5010.71	4.42783	4975.5	4.28264	0.0491612	5.3295	56.2175	0.215096	56
