#gen	avgfit_mean	avgfit_sd	avgbits_mean	avgbits_sd	fit_mean	fit_sd	bits_mean	bits_sd	cpu_mean	cpu_sd	genes_mean	genes_sd
0		-2858.84	129.936	5000	0	-916.522	35.3796	5000	0	0	0	49.79	0.442969
1000		-1008.71	14.5357	4670.21	89.2466	-460.303	6.73048	4680.45	100.551	1.10751	0.0215052	46.19	1.12121
2000		-819.352	13.2072	4439.56	119.255	-376.182	4.8072	4707.81	95.7149	1.26854	0.055076	46.49	1.07049
3000		-734.255	11.9457	4427.41	116.874	-329.876	4.28253	4646.9	101.681	1.44386	0.0699872	45.27	1.097
4000		-698.267	11.7946	4487.91	108.758	-302.722	4.23898	4699.86	107.834	1.52965	0.0820958	45.99	1.11686
5000		-658.876	10.4555	4541.86	105.389	-275.145	3.99244	4630.17	105.206	1.52696	0.077827	45.18	1.12235
6000		-625.934	10.2512	4582.38	104.789	-253.817	4.24147	4681.41	107.635	1.49595	0.0815497	46.04	1.12984
7000		-605.1	9.94741	4619.41	103.427	-234.291	4.16168	4682.95	106.299	1.54838	0.10065	46.05	1.08622
8000		-580.937	10.0518	4647.13	102.695	-215.992	4.20024	4688.84	98.5605	1.54319	0.0887326	46.44	1.04469
9000		-564.243	9.45494	4662.5	100.547	-201.877	4.16373	4675.42	98.9682	1.49639	0.0634122	46.38	1.03833
10000		-552.254	9.76514	4679.91	99.6298	-192.786	3.91047	4697.07	102.449	1.40802	0.0626747	46.41	1.07601
11000		-535.061	9.3215	4678.43	98.8292	-180.172	3.75808	4689.9	95.8394	1.41594	0.0652127	46.39	0.997562
12000		-525.518	9.473	4679.91	98.8535	-172.054	3.73304	4691.63	102.337	1.45296	0.070521	46.42	1.06222
13000		-518.722	9.1384	4692.76	98.8547	-165.177	3.61144	4709.7	97.3926	1.43856	0.059997	46.55	1.00779
14000		-509.318	9.14228	4707.22	99.2828	-157.393	3.64822	4742.39	101.729	1.45233	0.0851552	47.24	1.04824
15000		-495.966	9.11049	4716.98	99.3706	-147.878	3.41436	4764.95	103.267	1.49062	0.0762137	47.21	1.03838
16000		-499.79	10.0157	4726.02	99.4755	-141.918	3.40005	4747.95	105.478	1.52377	0.0938279	47.2	1.04996
17000		-484.964	9.35998	4725.38	99.5764	-135.644	3.22294	4744.18	105.147	1.52007	0.0990545	47.27	1.04029
18000		-474.556	8.81954	4740.56	99.8131	-130.614	3.21183	4771.67	102.4	1.48676	0.0909711	47.44	1.01557
19000		-475.782	9.3991	4749.65	100.729	-124.204	3.04483	4787.26	102.274	1.55062	0.11305	47.66	1.01307
20000		-467.571	9.18219	4764.37	101.467	-118.71	2.82285	4791.04	102.68	1.56174	0.11784	47.75	1.03273
21000		-456.216	8.96392	4775.79	101.673	-114.284	2.84705	4793.15	102.038	1.54139	0.0974753	47.89	1.01811
22000		-453.592	9.01956	4788.64	101.951	-110.435	2.69618	4798.24	101.838	1.56769	0.101331	48.07	1.00396
23000		-453.205	9.07093	4793.19	102.414	-106.111	2.57661	4812.95	102.805	1.57885	0.115963	48.41	1.01006
24000		-451.244	9.34071	4800.51	102.27	-102.367	2.52652	4817.92	102.577	1.67799	0.129792	48.35	0.998117
25000		-441.521	9.04559	4804.58	102.214	-98.2923	2.45841	4818.28	102.879	1.52744	0.1089	48.44	0.996187
26000		-442.457	9.2984	4810.79	102.248	-95.0386	2.40821	4824.66	103.487	1.42533	0.104406	48.64	1.01847
27000		-435.706	8.64207	4815.43	102.545	-91.4213	2.35931	4825.81	102.889	1.46163	0.0929254	48.57	1.01606
28000		-433.244	9.06704	4817.4	102.681	-88.4544	2.35117	4839.05	102.488	1.45318	0.0853424	48.81	1.00571
29000		-430.286	9.14608	4820.17	102.711	-84.7136	2.32461	4845.1	102.94	1.48194	0.10887	48.93	1.01108
30000		-418.309	8.77676	4820.43	102.417	-81.8716	2.22522	4833.77	103.377	1.47316	0.108824	49	1.01732
31000		-417.578	9.12867	4828.88	102.515	-79.0536	2.18855	4844.93	102.566	1.46997	0.0871447	49.12	1.01108
32000		-413.78	8.49713	4836.3	102.435	-76.6269	2.08651	4844.27	102.193	1.53034	0.119321	49.2	0.988009
33000		-417.529	8.62947	4840.43	102.412	-74.4319	2.06722	4851.92	101.921	1.56352	0.102004	49.27	1.00231
34000		-413.789	8.88845	4848	102.246	-71.8255	2.02424	4857.19	102.757	1.7178	0.147925	49.39	1.01333
35000		-409.336	8.55694	4849.06	102.176	-69.75	1.96894	4856.63	102.434	1.66289	0.121923	49.52	1.01329
36000		-408.039	9.16261	4851.92	102.231	-67.4995	1.88214	4864.34	102.774	1.64569	0.129592	49.82	1.01428
37000		-410.075	9.83194	4857.99	102.341	-65.9592	1.85932	4876	102.912	1.63104	0.10931	49.86	1.01474
38000		-400.087	8.50255	4860.61	102.482	-63.9295	1.81692	4872.03	102.646	1.62052	0.125581	49.82	1.01855
39000		-404.646	8.79248	4866.55	102.697	-62.1746	1.76505	4886.11	102.342	1.62615	0.126334	49.96	1.00914
40000		-397.89	8.79218	4868.51	102.575	-60.6043	1.76025	4895.16	102.968	1.64817	0.155036	50.01	1.00539
41000		-400.333	8.59156	4874.31	102.489	-58.7608	1.69083	4888.41	102.907	1.60932	0.119124	50.15	1.00034
42000		-400.985	8.94976	4879.52	102.387	-57.2082	1.64309	4882.58	103.059	1.72929	0.137989	50.08	0.998047
43000		-402.077	8.75958	4885.78	102.521	-55.5336	1.59265	4883.37	103.178	1.6728	0.14261	50.22	1.0051
44000		-395.999	8.52916	4886.97	102.736	-54.3239	1.55254	4885.25	102.66	1.63732	0.10525	50.28	1.00856
45000		-385.486	8.55356	4886.85	102.953	-52.9096	1.53482	4899.54	103.65	1.66531	0.12462	50.41	1.01783
46000		-391.634	8.69212	4888.27	103.06	-51.5577	1.51655	4900.17	103.039	1.62616	0.113807	50.42	1.01047
47000		-384.144	8.29895	4892.33	103.321	-50.4456	1.5004	4901.13	103.86	1.58484	0.0909029	50.5	1.01529
48000		-393.624	8.80518	4897.87	103.714	-49.1994	1.48374	4899.7	104.042	1.53646	0.0860425	50.56	1.00988
49000		-389.825	8.82036	4900.32	103.825	-48.0121	1.47071	4904.59	103.854	1.63238	0.108815	50.62	1.00873
50000		-384.417	8.28091	4899.19	103.827	-46.982	1.44212	4911.48	103.779	1.56702	0.0984662	50.62	1.00903
51000		-445.163	8.11501	4899.29	103.845	-105.981	2.1841	4897.17	103.61	1.55608	0.0885121	50.44	1.00698
52000		-443.497	8.71166	4898.62	103.839	-101.271	2.1383	4899.86	104.296	1.6256	0.117688	50.52	1.01975
53000		-435.4	8.81449	4895.57	103.491	-97.5914	2.12344	4898.26	103.998	1.53616	0.108956	50.47	1.01916
54000		-439.999	8.93981	4897.01	103.948	-93.9626	2.09632	4901.96	104.067	1.61655	0.127424	50.66	1.01476
55000		-422.229	8.08796	4899.19	104.034	-90.3311	2.1039	4897.83	103.692	1.61779	0.115377	50.59	1.01246
56000		-434.608	8.71194	4899.91	103.899	-86.9284	2.01871	4897.44	103.449	1.52553	0.103093	50.67	1.01961
57000		-427.153	8.65358	4901.63	103.677	-84.0008	1.95372	4903.05	103.411	1.55645	0.0990128	50.75	1.0236
58000		-423.836	8.88527	4903.54	103.772	-81.7029	1.96217	4901.61	103.549	1.58154	0.109805	50.7	1.00649
59000		-419.311	8.35856	4904.56	103.825	-78.38	1.86693	4906.97	103.884	1.55862	0.124301	50.71	1.00013
60000		-415.762	8.34444	4904.4	103.418	-75.843	1.84721	4898.59	103.242	1.49781	0.0821609	50.71	1.00114
61000		-421.649	8.72407	4899.52	103.341	-73.4584	1.82531	4894.81	102.691	1.40304	0.066103	50.74	0.998951
62000		-411.151	8.13032	4901.5	103.391	-71.3998	1.79235	4908.01	103.427	1.471	0.085624	50.88	1.00215
63000		-408.948	8.5981	4903.02	103.319	-69.5249	1.75391	4908.95	103.956	1.50485	0.0843465	50.98	0.998886
64000		-406.232	8.55674	4900.95	103.376	-67.7524	1.72563	4905.07	104.3	1.43782	0.0854062	50.91	1.01026
65000		-407.884	8.1946	4904.91	103.403	-65.9683	1.71622	4915.19	104.442	1.40731	0.0767263	51.01	1.00649
66000		-412.799	9.14863	4908.61	103.734	-64.0256	1.69245	4920.22	104.048	1.43014	0.0687882	50.99	1.00629
67000		-407.611	8.79096	4913.29	103.875	-62.1612	1.61722	4920.07	104.376	1.40079	0.0668067	51.07	1.01257
68000		-406.761	8.30032	4919.06	104.072	-60.6075	1.60147	4914.92	104.862	1.4292	0.0676002	51	1.02
69000		-406.354	8.69454	4921.21	104.262	-59.1256	1.55673	4923.81	105.167	1.42473	0.0580091	51.16	1.02973
70000		-399.527	8.52476	4919.61	104.384	-57.5915	1.50298	4922.06	104.589	1.36949	0.0581232	51.12	1.02566
71000		-397.923	8.41828	4917.93	104.509	-56.4232	1.48147	4929.83	104.965	1.38354	0.0598179	51.23	1.02817
72000		-395.062	8.38363	4922.58	104.7	-55.2155	1.46652	4930.76	104.902	1.36883	0.0558912	51.23	1.03161
73000		-394.919	8.34546	4929.59	104.815	-54.1675	1.45233	4936.16	104.752	1.38459	0.0597266	51.24	1.02879
74000		-396.179	8.4244	4929.9	104.84	-52.9288	1.43119	4932.78	105.851	1.48677	0.0702454	51.2	1.03923
75000		-399.446	8.39014	4928.86	104.841	-51.7876	1.42997	4931.24	105.284	1.47134	0.0780233	51.22	1.03773
76000		-394.227	8.74595	4934.04	104.798	-50.4307	1.40876	4940.04	104.847	1.50408	0.090327	51.38	1.03219
77000		-385.967	8.32209	4934.98	104.955	-49.222	1.387	4947.95	104.895	1.56039	0.0983427	51.5	1.03108
78000		-388.336	7.89354	4935.01	104.829	-48.1708	1.35979	4948.47	105.848	1.52392	0.0844505	51.58	1.03594
79000		-386.082	9.06977	4940.78	105.108	-47.304	1.35359	4948.7	105.485	1.50377	0.106513	51.54	1.03917
80000		-391.218	7.73622	4947.32	105.292	-46.2939	1.31417	4949.42	105.666	1.45068	0.0772552	51.57	1.03721
81000		-392.453	9.19291	4948.66	105.36	-45.3599	1.2971	4952.85	105.236	1.45156	0.0723993	51.75	1.03868
82000		-390.719	8.4223	4950.88	105.241	-44.4425	1.2981	4960.95	105.689	1.48907	0.0905324	51.84	1.03335
83000		-383.849	8.13493	4955.33	105.455	-43.6968	1.28427	4963.99	105.538	1.43571	0.0872001	51.93	1.04013
84000		-384.781	7.83579	4958.74	105.741	-42.845	1.26989	4972.23	105.702	1.46429	0.0970123	52.01	1.04219
85000		-379.941	8.35324	4958.99	105.502	-42.1164	1.24766	4960.66	105.288	1.4572	0.0862372	52.01	1.03577
86000		-380.413	8.14715	4964.96	105.612	-41.3336	1.25493	4965.73	105.779	1.47494	0.0971	52.06	1.04358
87000		-384.839	8.50186	4967.09	105.638	-40.4341	1.22286	4969.67	106.519	1.55886	0.0952435	52.09	1.03768
88000		-382.743	8.50024	4968.01	105.717	-39.4607	1.18877	4974.13	105.897	1.56241	0.124281	52.18	1.0344
89000		-378.543	8.39931	4968.91	105.596	-38.53	1.17722	4977.53	106.565	1.65577	0.135152	52.26	1.04598
90000		-382.161	8.59146	4975.64	106.113	-37.8209	1.17135	4982.3	106.354	1.62195	0.128207	52.31	1.04945
91000		-380.202	8.29201	4974.73	105.975	-37.2051	1.15416	4987.32	106.998	1.50243	0.102202	52.42	1.05046
92000		-374.137	8.29342	4982.94	106.576	-36.577	1.12524	4977.52	106.546	1.58357	0.105352	52.4	1.04756
93000		-374.121	8.05036	4981.94	106.473	-36.12	1.11316	4987.65	106.812	1.52342	0.0901924	52.5	1.0476
94000		-379.117	8.05035	4982.38	106.782	-35.5899	1.11058	4991.27	106.626	1.63867	0.10932	52.5	1.04953
95000		-382.549	8.38708	4987.75	106.804	-35.1176	1.09079	4997.42	106.615	1.66905	0.110321	52.67	1.0518
96000		-376.153	8.87151	4987.96	106.453	-34.6871	1.08086	4990.99	106.742	1.67803	0.112858	52.62	1.05014
97000		-377.354	8.16217	4991.93	106.671	-34.0936	1.0734	4998.89	107.566	1.59591	0.106379	52.72	1.04978
98000		-373.962	8.04046	4993.74	106.743	-33.6823	1.06137	5004.67	107.612	1.5804	0.102947	52.77	1.04406
99000		-371.005	8.62513	4998.67	106.831	-33.0309	1.05198	4998.76	107.488	1.52017	0.0863499	52.8	1.04408
100000		-372.036	8.28235	4998.8	107.233	-32.6025	1.03948	4995.31	107.152	1.51942	0.0966422	52.87	1.04781
101000		-440.341	8.22917	4999.48	107.198	-106.036	1.97131	5009.54	107.716	1.53308	0.1133	52.77	1.05062
102000		-443.876	8.2783	5001.34	107.159	-101.114	2.06768	5014.35	107.97	1.57252	0.0963154	52.9	1.05424
103000		-441.422	9.04032	5000.56	107.223	-95.9275	2.05107	5007.86	107.102	1.62429	0.0892359	52.8	1.04688
104000		-439.687	8.98094	5007.07	107.256	-91.5592	2.04536	5005.83	106.951	1.62367	0.106702	52.83	1.04795
105000		-431.644	8.67641	5011.19	107.453	-86.9138	2.05811	5017.21	107.849	1.75832	0.116537	53.04	1.04368
106000		-425.827	8.3195	5016.92	107.167	-81.3877	1.98353	5018.02	107.051	1.69658	0.127421	52.96	1.04552
107000		-432.66	9.02156	5017.05	107.055	-77.9527	1.94935	5024.1	107.094	1.72317	0.127705	52.96	1.04513
108000		-428.048	8.94698	5019.95	107.035	-74.6519	1.94289	5025.64	106.807	1.69404	0.126373	52.98	1.03913
109000		-418.806	8.71174	5019.96	106.828	-71.3973	1.91955	5024.52	107.281	1.68145	0.138474	53.06	1.04135
110000		-416.224	8.79901	5023.7	106.82	-69.3808	1.88748	5023.23	107.613	1.60904	0.10384	53.01	1.0347
111000		-417.552	8.55926	5027.89	106.9	-66.8173	1.83341	5030.7	107.313	1.64111	0.115822	53.15	1.03195
112000		-416.995	8.78303	5026.99	106.893	-64.6121	1.82545	5038.33	107.418	1.66475	0.118037	53.23	1.03776
113000		-413.825	9.10478	5030.04	107.145	-62.8242	1.77602	5052.71	107.918	1.67437	0.122083	53.46	1.04808
114000		-405.34	8.69328	5037.35	107.395	-60.4792	1.6929	5062.86	108.362	1.68322	0.108894	53.58	1.04487
115000		-411.879	9.04685	5043.78	107.629	-58.4219	1.67646	5055.87	108.432	1.70148	0.110301	53.45	1.05327
116000		-401.367	8.43461	5049.01	107.627	-56.8693	1.63551	5057.89	108.701	1.80104	0.118166	53.53	1.04702
117000		-405.941	8.91171	5057.07	108.124	-54.8188	1.59133	5069.99	108.76	1.80551	0.16341	53.48	1.05212
118000		-406.288	8.90591	5062.2	108.369	-53.3633	1.57077	5074.11	108.954	1.84275	0.140096	53.69	1.05214
119000		-401.57	8.85833	5065.94	108.687	-51.6526	1.5204	5075.56	109.261	1.72645	0.133009	53.71	1.06043
120000		-398.141	8.42884	5073.02	108.705	-50.0935	1.47479	5085.89	109.661	1.68864	0.114377	53.94	1.0601
121000		-398.403	8.54977	5076.35	108.981	-48.7719	1.47149	5084.54	108.776	1.76118	0.119426	53.99	1.05318
122000		-397.87	8.51166	5077.79	108.827	-47.6163	1.42519	5093.02	109.266	1.67917	0.0965269	54.04	1.06448
123000		-398.894	8.65903	5084.81	109.132	-46.3569	1.42672	5106.18	109.745	1.63764	0.102976	54.12	1.05469
124000		-399.112	8.89248	5086.69	109.182	-45.1867	1.3825	5097.78	109.89	1.55769	0.0938534	54.08	1.05636
125000		-390.372	8.6099	5092.37	109.334	-44.0381	1.35652	5104.83	109.24	1.52369	0.105017	54.19	1.06446
126000		-391.144	8.54191	5099.05	109.063	-43.3251	1.35105	5109.09	109.448	1.51369	0.0866251	54.27	1.05886
127000		-396.117	8.55265	5103.48	108.678	-42.3715	1.32865	5111.01	109.378	1.49985	0.0770278	54.36	1.06482
128000		-384.785	8.04892	5105.92	109.031	-41.5022	1.32353	5109.22	109.483	1.50438	0.0807747	54.44	1.07265
129000		-391.669	8.62988	5106.11	109.335	-40.5793	1.2587	5114.31	109.898	1.61035	0.123648	54.38	1.07776
130000		-394.557	8.41695	5106.98	109.448	-39.7679	1.25987	5115.72	110.078	1.5853	0.122473	54.34	1.07846
131000		-393.05	8.97224	5109.59	109.283	-39.0186	1.25956	5111.71	109.582	1.71433	0.16472	54.43	1.07264
132000		-393.605	8.73308	5110.5	109.165	-38.3194	1.23054	5115.09	108.652	1.763	0.169087	54.5	1.06974
133000		-385.722	8.50075	5108.91	108.911	-37.4369	1.16839	5115.88	109.434	1.73703	0.14716	54.54	1.07143
134000		-387.681	8.5223	5108.46	108.936	-36.6493	1.16378	5114.46	109.004	1.56068	0.094882	54.65	1.06916
135000		-377.645	8.17624	5108.96	109.028	-35.9373	1.14923	5123.96	109.699	1.55625	0.0914986	54.73	1.07524
136000		-381.486	8.29068	5109.66	108.684	-35.2929	1.13183	5123.55	109.134	1.55234	0.0939595	54.8	1.07309
137000		-385.157	8.64946	5113.37	108.91	-34.5614	1.11127	5120.91	109.492	1.5579	0.0982961	54.85	1.08399
138000		-377.84	7.8363	5116.6	108.87	-33.8805	1.08089	5116.74	109.354	1.54982	0.094965	54.85	1.08035
139000		-384.611	8.34769	5120.09	109.09	-33.2602	1.07662	5132.59	109.71	1.6012	0.123935	54.98	1.08414
140000		-385.481	8.28356	5117.97	109.421	-32.7721	1.07129	5138.13	109.981	1.61074	0.124452	55.09	1.08657
141000		-379.123	8.07041	5122.95	109.509	-32.1952	1.06034	5138.48	109.646	1.5385	0.120909	55.14	1.09147
142000		-379.704	8.22562	5129.21	109.699	-31.6211	1.06581	5142.53	110.017	1.57003	0.13717	55.25	1.09668
143000		-380.407	8.65583	5130.53	109.677	-31.1631	1.0489	5134.38	109.544	1.55114	0.133593	55.28	1.08981
144000		-376.649	7.97933	5132.86	109.71	-30.6569	1.02602	5139.48	109.931	1.55292	0.118497	55.22	1.09375
145000		-385.21	8.52049	5135.9	109.71	-30.24	1.01378	5137.18	109.872	1.52651	0.0917489	55.26	1.09412
146000		-381.311	7.98252	5135.78	109.724	-29.6065	1.00466	5140.46	109.852	1.5211	0.0883162	55.34	1.0926
147000		-380.565	8.91398	5139.08	109.888	-28.9564	0.970212	5138.56	109.757	1.66208	0.12259	55.32	1.0884
148000		-378.503	8.6338	5139.07	110.029	-28.5438	0.971196	5144.97	110.272	1.7214	0.145305	55.35	1.08743
149000		-377.233	8.80403	5139.53	109.79	-28.0861	0.951449	5145	110.354	1.74793	0.147267	55.48	1.09253
150000		-380.658	8.49413	5143.02	110.103	-27.6277	0.944106	5147.78	109.642	1.72199	0.149131	55.5	1.09568
