#gen	avgfit_mean	avgfit_sd	avgbits_mean	avgbits_sd	fit_mean	fit_sd	bits_mean	bits_sd	cpu_mean	cpu_sd	genes_mean	genes_sd
0		-3267.81	167.414	5000	0	-1024.08	45.448	5000	0	0	0	49.26	0.47025
1000		-1014.47	13.5193	4782.22	76.9192	-448.354	6.11748	4721.86	99.8776	1.25636	0.0140811	45.85	1.04363
2000		-824.296	12.0844	4515.27	117.077	-373.524	5.0645	4742.39	99.0669	1.21359	0.0289364	45.95	1.04063
3000		-741.445	10.1709	4446.35	117.801	-323.571	5.29926	4673.7	106.989	1.18396	0.032168	45.34	1.12423
4000		-691.608	9.14776	4493.5	112.412	-293.27	4.94426	4654.26	108.645	1.1532	0.0313296	45.38	1.15844
5000		-650.494	8.76402	4540.15	111.576	-270.191	5.01861	4596.54	117.16	1.17981	0.0302177	44.51	1.21477
6000		-626.169	9.39038	4566.78	115.489	-249.202	4.67929	4650.28	118.405	1.1677	0.0305621	45.43	1.20958
7000		-605.267	9.72083	4608.41	115.546	-231.33	4.59799	4618.33	113.605	1.16214	0.0309969	45.57	1.17036
8000		-582.391	9.56418	4631.94	116.816	-218.504	4.47984	4669.73	116.1	1.17491	0.0318275	45.61	1.16054
9000		-562.318	8.98711	4653.06	116.717	-205.748	4.37333	4714.13	124.039	1.19697	0.0329157	46.3	1.19836
10000		-554.63	9.48189	4660.46	116.926	-192.948	4.36138	4725.93	123.616	1.15811	0.0309094	46.44	1.19031
11000		-540.771	9.34681	4677.43	117.328	-180.634	4.14376	4788.71	130.288	1.18476	0.0324257	47.09	1.20068
12000		-529.774	9.83312	4717.86	121.146	-170.987	3.81971	4783.3	130.357	1.17638	0.0342125	47.25	1.19826
13000		-515.001	9.19836	4736.72	122.084	-163.059	3.77628	4765.57	129.409	1.17063	0.0354869	47.15	1.18955
14000		-508.37	9.51069	4760.73	124.676	-153.837	3.76055	4802.48	131.823	1.20987	0.0372005	47.32	1.20108
15000		-495.152	9.52583	4785.64	128.163	-145.499	3.8561	4815.99	131.348	1.18212	0.0344862	47.52	1.19869
16000		-499.26	9.69915	4798.73	129.311	-138.213	3.62949	4806.12	131.089	1.18395	0.0363846	47.57	1.21141
17000		-485.973	10.1251	4809.5	130.243	-130.695	3.59642	4828.19	129.944	1.21882	0.0396796	47.76	1.2027
18000		-481.048	9.53903	4810.9	129.735	-125.199	3.56779	4850.37	132.453	1.19388	0.0367632	48.19	1.20418
19000		-478.066	10.1346	4817.07	129.746	-120.998	3.55227	4832.79	130.693	1.19854	0.0371097	47.97	1.18828
20000		-467.537	9.52614	4830.97	130.9	-115.886	3.60246	4834.53	130.113	1.18732	0.0387269	48.18	1.19226
21000		-469.721	10.047	4837.28	130.134	-110.814	3.61364	4846.45	129.549	1.19569	0.037648	48.31	1.19635
22000		-461.414	10.3098	4850.99	131.263	-106.962	3.55453	4848.65	129.352	1.18611	0.0353169	48.25	1.18581
23000		-446.885	9.29196	4850.03	130.234	-103.557	3.55467	4850.95	128.646	1.18998	0.0368147	48.32	1.16609
24000		-449.913	9.61187	4849.22	129.946	-99.4337	3.47521	4868.17	129.836	1.20361	0.0370012	48.48	1.17443
25000		-439.716	9.19155	4850.98	128.878	-96.0612	3.47376	4867.33	130.208	1.20381	0.0345945	48.52	1.17047
26000		-441.966	10.158	4862.17	129.685	-93.2582	3.49783	4870.92	130.373	1.20529	0.0377654	48.65	1.17957
27000		-437.04	9.67858	4865.81	129.471	-89.5073	3.50489	4882.99	129.818	1.20692	0.0380396	48.71	1.16674
28000		-436.562	9.39643	4874.04	129.941	-86.8159	3.475	4889.52	130.218	1.21286	0.0398796	48.81	1.1735
29000		-436.901	9.53471	4879.65	129.894	-84.4923	3.49611	4884.1	130.128	1.20042	0.034191	48.96	1.16748
30000		-429.377	9.35951	4883.05	129.523	-82.0431	3.48744	4888.22	129.97	1.21758	0.0365789	49.06	1.17214
31000		-429.122	10.2815	4886.85	129.846	-78.9924	3.20397	4889.86	129.705	1.22121	0.0384111	49.21	1.1745
32000		-425.867	10.2134	4890.17	129.56	-77.0402	3.16523	4891.59	129.673	1.20919	0.0365489	49.25	1.16631
33000		-417.673	9.45684	4894.29	129.731	-74.765	3.12816	4898.12	129.8	1.20493	0.0391342	49.32	1.17024
34000		-420.185	9.41251	4894.69	129.168	-72.2929	3.02566	4906.34	129.934	1.21756	0.037032	49.52	1.17219
35000		-416.447	9.56814	4898.16	129.373	-69.9556	2.95135	4914.94	130.317	1.20608	0.0361227	49.54	1.17425
36000		-407.954	9.06047	4903.3	129.156	-67.7794	2.68449	4908.52	129.034	1.22391	0.0416743	49.54	1.1702
37000		-411.255	9.58422	4907.43	129.553	-66.0342	2.67806	4900.51	129.309	1.21862	0.0386308	49.61	1.17042
38000		-414.619	9.54883	4909.61	129.678	-64.5873	2.66904	4902.48	129.445	1.22442	0.0396607	49.64	1.17125
39000		-412.047	8.98365	4912.55	129.465	-62.8051	2.57022	4913.49	129.201	1.2245	0.0369174	49.72	1.16464
40000		-406.882	9.70561	4911.51	129.233	-61.0487	2.39511	4917.99	129.572	1.22347	0.0374096	49.75	1.167
41000		-408.092	9.39496	4916.55	129.582	-59.3588	2.25733	4919.72	130.216	1.23791	0.0375552	49.86	1.1737
42000		-410.431	9.37308	4914.25	129.419	-57.9828	2.23561	4923.86	129.955	1.23415	0.0369967	49.89	1.17533
43000		-407.152	9.58486	4914.28	129.277	-56.7053	2.21635	4927.17	129.595	1.21798	0.0366151	50	1.17834
44000		-409.974	9.4324	4916.08	129.116	-55.4558	2.19758	4926.37	129.473	1.22624	0.0394558	49.99	1.17349
45000		-403.579	9.59092	4922.4	129.582	-54.2696	2.15873	4924.19	128.873	1.22706	0.0358539	49.98	1.16705
46000		-401.316	9.15828	4921.68	129.324	-52.8505	2.13269	4946.59	131.771	1.22728	0.0410541	50.23	1.17653
47000		-398.325	9.07758	4928.28	129.785	-51.4697	2.12051	4954.64	132.224	1.24206	0.0383406	50.37	1.17891
48000		-399.203	9.12024	4934.29	129.84	-50.2732	2.09655	4948.13	131.334	1.24522	0.0412416	50.49	1.18129
49000		-398.458	9.22778	4938.96	130.705	-49.3354	2.09718	4952.71	131.95	1.23657	0.0380556	50.42	1.18015
50000		-398.709	9.35108	4950.32	131.928	-48.0978	1.90447	4965.81	132.242	1.24422	0.0433492	50.65	1.17931
51000		-447.394	9.47834	4952.81	131.683	-102.435	2.14966	4950.74	131.973	1.23275	0.0408323	50.46	1.17657
52000		-441.431	9.63957	4954.96	132.201	-98.7015	2.12734	4951.08	132.15	1.20997	0.0383488	50.51	1.17314
53000		-445.149	9.33302	4957.5	132.167	-95.0378	2.04369	4952.12	132.4	1.24754	0.0397388	50.58	1.17156
54000		-439.824	8.814	4960.63	132.03	-91.2475	2.01208	4976.3	132.327	1.22069	0.039171	50.64	1.1807
55000		-437.621	9.56195	4963.11	132.07	-88.6263	1.94461	4970.55	132.104	1.24489	0.0406529	50.64	1.18309
56000		-437.27	9.85208	4963.51	132.062	-85.2001	1.81896	4970.41	132.423	1.23628	0.0407089	50.67	1.1952
57000		-431.337	9.45514	4964.92	132.087	-82.3657	1.87378	4968.8	132.094	1.25036	0.0404383	50.73	1.19298
58000		-428.222	9.79902	4962.78	131.966	-79.6357	1.8508	4968.65	132.202	1.22753	0.0388731	50.75	1.18068
59000		-427.364	9.34729	4964.99	132.325	-77.1159	1.85338	4969.85	132.026	1.22163	0.0395955	50.7	1.20105
60000		-421.708	9.09068	4967.2	132.231	-74.8414	1.79093	4978.22	132.102	1.25343	0.0415278	50.81	1.19601
61000		-426.967	10.0223	4968.36	132.416	-72.6701	1.82659	4979.36	132.56	1.2213	0.0421366	50.9	1.1965
62000		-424.125	9.82662	4973.04	132.388	-70.6109	1.79851	4978.66	132.284	1.24275	0.0395762	50.97	1.19869
63000		-420.795	9.98361	4973.2	132.293	-68.3261	1.75491	4979.56	132.301	1.2463	0.0424325	51.02	1.20202
64000		-417.986	9.7174	4977.02	132.518	-66.4389	1.72399	4977.92	132.644	1.26074	0.0436533	51	1.20906
65000		-409.441	9.49491	4980.03	132.671	-65.0746	1.7308	4988.79	132.651	1.24652	0.0402822	51.06	1.21238
66000		-410.914	9.67161	4983.01	132.596	-63.7468	1.65389	4999	132.763	1.2692	0.0429367	51.09	1.21165
67000		-408.154	9.56484	4986.68	132.554	-62.0437	1.66877	4983.71	132.592	1.24283	0.0391321	51.02	1.21231
68000		-412.957	9.94185	4988.22	132.271	-60.9094	1.62424	4992.38	132.555	1.26024	0.042621	51.25	1.20566
69000		-406.498	9.36637	4993.41	132.855	-59.6843	1.65614	4999.38	132.741	1.25122	0.044162	51.3	1.20684
70000		-405.216	9.42484	4989.98	132.592	-58.1093	1.65548	5006.33	132.788	1.25125	0.0412308	51.48	1.21468
71000		-406.325	9.5153	4999.77	132.761	-57.0443	1.61398	5009.25	131.997	1.2362	0.0393287	51.55	1.20532
72000		-402.898	9.7337	5004.16	132.607	-56.134	1.61724	5012.39	132.819	1.25472	0.0391674	51.5	1.21127
73000		-403.881	9.97768	5006.66	132.91	-54.9081	1.61024	5010.54	133.072	1.25335	0.0383696	51.56	1.21533
74000		-404.471	9.55631	5008.48	133.087	-53.4963	1.55486	5013.59	132.973	1.26176	0.0407562	51.64	1.22429
75000		-401.862	9.36891	5011.71	133.13	-52.1004	1.48256	5010.42	133.612	1.25751	0.0396117	51.79	1.22716
76000		-398.374	9.4571	5013.73	133.344	-51.0042	1.48239	5014.78	133.416	1.24309	0.0393831	51.8	1.23247
77000		-406.861	10.2156	5012.43	133.311	-49.7969	1.47717	5017.37	133.743	1.25042	0.0413691	51.79	1.22856
78000		-397.563	9.71213	5015.86	133.26	-48.4704	1.40474	5023.94	134.159	1.26676	0.0409851	51.92	1.23417
79000		-395.19	9.43307	5013.98	133.348	-47.5957	1.38558	5026.82	133.791	1.28391	0.042318	51.95	1.23185
80000		-395.611	9.35241	5016.19	133.481	-46.3134	1.3572	5028.63	133.927	1.25549	0.0407026	51.91	1.24032
81000		-397.413	9.43872	5020.81	133.487	-45.4472	1.3271	5032.93	133.608	1.28571	0.0410917	52.02	1.23165
82000		-390.695	9.28967	5021.54	133.515	-44.5724	1.31289	5031.36	133.093	1.27913	0.0414268	52.1	1.22388
83000		-393.095	9.202	5027.31	133.664	-43.6968	1.29915	5036.06	132.709	1.27333	0.0406303	52.12	1.22518
84000		-385.88	9.35302	5029.9	133.495	-42.6087	1.28179	5033.8	133.183	1.2705	0.0404134	52.18	1.22453
85000		-393.776	9.46052	5036.47	133.257	-41.8264	1.25009	5037.3	133.136	1.24392	0.0393407	52.23	1.2225
86000		-389.035	9.3893	5038.05	133.167	-40.9985	1.23564	5039.19	133.416	1.26638	0.0405682	52.2	1.22309
87000		-383.65	9.62703	5037.36	133.087	-40.1198	1.21437	5038.08	132.551	1.26447	0.0394741	52.26	1.23039
88000		-387.527	9.39127	5035.4	132.944	-39.3638	1.19864	5043.88	133.112	1.2669	0.0418741	52.36	1.21991
89000		-392.065	9.95848	5039.16	133.011	-38.6347	1.18443	5036.18	133.053	1.25839	0.0375811	52.3	1.21908
90000		-392.777	10.0388	5040.38	132.926	-37.8005	1.17593	5042.45	133.294	1.25581	0.0380362	52.47	1.22297
91000		-382.703	9.13781	5043.87	132.955	-37.2641	1.17925	5051	133.255	1.25035	0.0389661	52.5	1.22363
92000		-384.793	9.83216	5044.21	133.224	-36.6684	1.14825	5051.79	133.557	1.24824	0.0391822	52.63	1.22818
93000		-384.159	9.29746	5045.93	133.265	-36.1123	1.14519	5057.74	133.748	1.28694	0.041028	52.77	1.23451
94000		-383.213	9.2276	5047.97	133.212	-35.5568	1.14217	5056.51	133.735	1.24328	0.0373992	52.75	1.23054
95000		-381.699	9.32597	5047.71	133.238	-34.9322	1.12796	5058.95	133.762	1.2549	0.0401912	52.84	1.23237
96000		-386.757	9.58962	5051.04	133.214	-34.3894	1.11919	5064.16	134.251	1.26861	0.0427804	52.91	1.23731
97000		-380.405	9.39914	5057.57	133.635	-33.8709	1.10061	5063.46	133.946	1.2776	0.0375061	52.93	1.23846
98000		-384.598	9.67885	5057.64	133.612	-33.2027	1.08544	5069.65	133.724	1.27288	0.0409594	52.99	1.23644
99000		-383.749	9.47084	5062.54	133.723	-32.7469	1.06942	5078.45	133.941	1.26377	0.0375607	53.09	1.24528
100000		-384.661	9.3973	5064.22	133.543	-32.1982	1.06619	5075.07	134.03	1.28748	0.0418158	53.13	1.24573
101000		-459.04	9.80406	5067.5	133.402	-108.219	2.15243	5062.9	132.421	1.2746	0.0389247	52.89	1.23811
102000		-457.16	9.88109	5068.44	133.038	-103.483	2.17026	5065.3	133.302	1.26565	0.0412519	52.94	1.23973
103000		-456.873	9.75688	5068.18	133.12	-98.5084	2.16346	5069.35	133.742	1.26171	0.0412275	52.92	1.23858
104000		-451.256	9.75256	5065.05	132.843	-93.9078	1.95135	5078.72	133.814	1.25632	0.0400668	53.03	1.26095
105000		-443.112	9.7244	5066.83	132.825	-89.7927	2.03474	5082.35	133.445	1.26208	0.0386027	53.1	1.2534
106000		-444.481	9.90459	5074.68	133.418	-86.4193	2.0369	5086.87	133.041	1.26735	0.0427895	53.24	1.24958
107000		-435.31	10.2725	5082.68	133.755	-82.8021	2.01425	5095.3	133.165	1.27143	0.0405326	53.35	1.25484
108000		-434.155	9.99984	5084.04	133.57	-78.9008	1.90318	5098.69	133.94	1.28495	0.0386528	53.3	1.24718
109000		-428.9	9.47017	5088.12	133.619	-74.7223	1.73651	5102.24	134.084	1.27506	0.0404904	53.35	1.24108
110000		-428.302	9.78029	5093.61	133.456	-71.6443	1.66547	5108.72	133.83	1.27699	0.0410099	53.36	1.24174
111000		-425.521	10.1038	5099.83	133.674	-68.0708	1.61587	5106.82	133.454	1.289	0.0407767	53.58	1.25208
112000		-423.931	9.67338	5099.72	133.441	-65.8408	1.58582	5103.67	133.872	1.27225	0.039301	53.48	1.24888
113000		-417.761	9.85923	5104.76	133.668	-63.9909	1.56378	5113.44	133.964	1.26478	0.0412569	53.55	1.25226
114000		-419.26	9.9672	5105.67	133.814	-61.5808	1.54151	5118.97	133.572	1.27846	0.039631	53.72	1.25779
115000		-418.668	9.09261	5113.85	133.966	-59.4431	1.50693	5134.6	135.224	1.28429	0.0414969	53.88	1.25652
116000		-419.898	9.99639	5116.14	134.026	-57.5717	1.49599	5137.6	135.332	1.31252	0.0414443	53.92	1.2592
117000		-414.941	9.58196	5124.22	134.413	-56.2811	1.45849	5141.16	135.265	1.3	0.0428226	53.9	1.26503
118000		-409.669	10.1365	5127.68	134.6	-54.4826	1.39934	5148.46	134.382	1.29985	0.0424241	53.98	1.25987
119000		-412.37	10.3433	5136.93	134.637	-52.7613	1.38111	5158.27	135.381	1.29274	0.039954	54	1.26826
120000		-402.805	9.38685	5146.06	134.635	-50.9575	1.29621	5154.99	134.235	1.31959	0.0405231	54.11	1.2597
121000		-401.871	9.74181	5152.78	134.867	-49.7626	1.27006	5159.13	134.751	1.32634	0.0448865	54.2	1.27279
122000		-404.901	9.76692	5155.06	134.702	-48.3003	1.23581	5166.31	134.587	1.28593	0.0400164	54.31	1.27007
123000		-409.059	10.035	5158.3	134.475	-47.2209	1.23155	5173.4	134.409	1.31654	0.0424453	54.4	1.26746
124000		-405.214	9.58719	5162.02	134.471	-45.807	1.1706	5170.28	134.608	1.28137	0.0369938	54.42	1.26325
125000		-397.409	9.65699	5164.46	134.597	-44.5656	1.13357	5171.13	135.608	1.27983	0.0395896	54.5	1.27132
126000		-402.292	9.5301	5169.81	134.955	-43.8148	1.12746	5172.87	135.864	1.3012	0.0431778	54.6	1.27287
127000		-400.872	9.77534	5174.01	135.143	-42.5686	1.07242	5187.26	135.446	1.30409	0.0437188	54.68	1.27389
128000		-398.425	9.6937	5174.77	134.726	-41.6066	1.05001	5188.78	135.301	1.2996	0.0407662	54.7	1.27156
129000		-396.139	9.63944	5180.52	135.153	-40.6312	1.01202	5189	135.223	1.30993	0.0414401	54.8	1.27462
130000		-400.308	10.0033	5185.21	135.238	-39.5497	1.00761	5188.37	135.688	1.32269	0.0411117	54.8	1.27754
131000		-399.16	9.61179	5185.85	135.259	-38.7811	0.998138	5192.42	135.843	1.29531	0.0422128	54.88	1.27946
132000		-396.291	10.0089	5188.2	135.507	-37.8841	0.975505	5194.48	135.858	1.32318	0.0441867	55	1.26858
133000		-402.645	10.4271	5189.49	135.786	-37.1144	0.961922	5200.59	136.629	1.3029	0.040935	55.02	1.28118
134000		-391.371	9.56726	5195.16	136.138	-36.4248	0.94397	5193.43	136.538	1.32347	0.0414826	54.98	1.28118
135000		-398.261	9.88163	5198.55	136.383	-35.6887	0.925275	5207.78	136.933	1.315	0.0426222	55.18	1.27947
136000		-392.987	9.15735	5201.01	136.584	-35.036	0.905949	5210.24	137.068	1.31383	0.0415826	55.27	1.28573
137000		-385.728	9.31866	5203.59	136.792	-34.3137	0.885225	5217.2	137.387	1.35427	0.0487667	55.31	1.2821
138000		-392.733	9.41666	5205.82	136.86	-33.7842	0.864545	5216.06	137.456	1.33522	0.0467479	55.33	1.28567
139000		-390.864	9.8195	5208.32	137.141	-33.1296	0.845122	5219.43	138.177	1.33021	0.0445785	55.41	1.28567
140000		-379.505	9.05466	5213.95	137.533	-32.5707	0.842171	5223.71	138.573	1.32942	0.0435452	55.53	1.2897
141000		-382.205	9.41109	5216.82	137.909	-32.0928	0.817026	5224.94	138.704	1.33891	0.0464024	55.56	1.28985
142000		-393.459	10.037	5221.46	138.387	-31.4404	0.786796	5227.82	138.257	1.30897	0.0425456	55.54	1.28672
143000		-394.257	9.78019	5220.25	138.33	-30.974	0.772765	5226.34	138.43	1.3318	0.0449925	55.62	1.28965
144000		-391.01	10.0355	5225.96	138.416	-30.3946	0.767421	5232.33	138.698	1.32706	0.047868	55.67	1.29116
145000		-390.405	9.62992	5226.06	138.389	-30.0141	0.753924	5229.84	138.732	1.3198	0.0445141	55.68	1.29341
146000		-388.938	9.56695	5231.91	138.609	-29.6846	0.74549	5237.61	138.528	1.31561	0.0414498	55.74	1.29261
147000		-387.255	9.54701	5229.56	138.588	-29.2586	0.731494	5243.02	138.994	1.33127	0.0460858	55.86	1.291
148000		-391.617	10.0498	5236.72	138.863	-28.7585	0.717914	5241.64	138.854	1.33037	0.0435323	56.02	1.29099
149000		-392.884	10.1259	5235.08	138.72	-28.3203	0.708264	5242.56	138.737	1.33758	0.0423363	56.07	1.29998
150000		-384.34	9.49677	5237.58	138.721	-27.8729	0.682053	5252.58	138.55	1.34425	0.0475064	56.16	1.30002
