#gen	avgfit_mean	avgfit_sd	avgfit_med	avgbits_mean	avgbits_sd	avgbits_med	fit_mean	fit_sd	fit_med	bits_mean	bits_sd	bits_med	cpu_mean	cpu_sd	cpu_med	genes_mean	genes_sd	genes_med
0		-2016.29	77.7949	-2575.88	3000	0	3000	-985.762	33.8229	-1075.08	3000	0	3000	0	0	0	30.1695	0.251275	28
1000		-481.099	5.73965	-552.113	2990.09	9.9635	2998.6	-313.999	4.81622	-424.679	2995.27	6.52266	3000	0.741565	0.00484676	0.762	29.5763	0.274612	27
2000		-333.244	4.35289	-433.861	2990.21	10.9313	3003.41	-202.977	3.47025	-282.456	2991.24	11.011	3026	0.754424	0.0058255	0.849	29.9153	0.274992	29
3000		-262.061	3.70341	-345.106	2990.7	10.9932	3023.69	-146.778	2.88703	-201.648	2990.28	10.9679	3064	0.736864	0.0052673	0.774	30.4181	0.288956	27
4000		-217.394	3.4139	-225.377	2992.48	11.0438	3075.74	-109.713	2.22308	-113.134	2994.76	11.3132	3078	0.732441	0.00553722	0.762	30.7288	0.281296	30
5000		-182.334	2.88789	-222.705	2994.16	11.2719	3079.41	-86.1419	1.91838	-90.171	2994.88	11.3109	3082	0.723537	0.00522436	0.737	30.9153	0.273705	30
6000		-162.871	2.82112	-148.137	2994.97	11.3549	3076.17	-67.8111	1.55497	-76.7796	2994.99	11.3455	3069	0.735712	0.00544912	0.744	31.2373	0.264174	29
7000		-148.797	2.51853	-161.649	2994.06	11.3459	3066.7	-55.4655	1.35931	-49.4604	2994.3	11.4058	3064	0.725243	0.00570127	0.772	31.4407	0.269324	32
8000		-137.344	2.21754	-127.839	2993.95	11.3582	3068.07	-46.2942	1.15714	-35.145	2994.31	11.4043	3059	0.730994	0.00561423	0.714	31.6893	0.264773	32
9000		-128.059	2.12046	-129.104	2993.09	11.4159	3055.14	-39.1904	1.00096	-31.6279	2990.97	11.5728	3059	0.721915	0.00573227	0.775	31.8305	0.266646	32
10000		-120.647	2.06887	-123.128	2991.89	11.5118	3052.01	-33.8215	0.888169	-26.2466	2991.95	11.4694	3043	0.730825	0.0054135	0.704	32.0226	0.261602	32
11000		-114.798	2.01256	-124.55	2992.74	11.5665	3056.56	-29.2081	0.756988	-21.8694	2993.15	11.5989	3057	0.723266	0.00553143	0.663	32.0395	0.261897	32
12000		-109.277	1.57963	-100.324	2993.32	11.5886	3056.4	-25.8333	0.691499	-17.9699	2993.49	11.6421	3061	0.723322	0.00574927	0.831	32.1977	0.25427	32
13000		-108.476	1.83085	-100.536	2993.28	11.5983	3060.63	-23.0502	0.624959	-14.6704	2993.41	11.6655	3060	0.722056	0.00554009	0.66	32.226	0.262891	33
14000		-106.26	1.73072	-89.9092	2995.17	11.6766	3062.78	-21.0703	0.578587	-13.6594	2995.73	11.739	3069	0.707802	0.00562589	0.705	32.2938	0.256573	33
15000		-103.459	1.76475	-83.4245	2994.81	11.7069	3070.48	-19.0618	0.534621	-12.6058	2995.86	11.7748	3067	0.723542	0.00543672	0.764	32.4011	0.256435	32
16000		-101.752	1.57893	-91.747	2995.92	11.76	3069.55	-17.5039	0.494652	-11.8012	2995.38	11.6947	3074	0.717441	0.00548686	0.828	32.5141	0.255035	32
17000		-100.701	1.62444	-91.0139	2996.73	11.7526	3083.69	-16.1084	0.472262	-10.5818	2996.99	11.7453	3067	0.711288	0.00534844	0.749	32.5537	0.255508	32
18000		-97.9587	1.71749	-79.573	2997.13	11.7167	3083.01	-14.9319	0.446407	-9.86334	2998.29	11.7779	3074	0.709452	0.00522214	0.695	32.565	0.255116	32
19000		-97.8668	1.72081	-71.6021	2997.95	11.7486	3079.04	-13.9462	0.426906	-9.52546	2999.21	11.7802	3065	0.707774	0.00557496	0.657	32.6045	0.252893	32
20000		-96.7748	1.62109	-81.5265	2998.22	11.7615	3080.16	-13.1032	0.393081	-9.08517	2997.58	11.7634	3072	0.709407	0.00556	0.809	32.6723	0.253822	32
21000		-96.2208	1.69411	-98.2064	2997.85	11.7676	3081.78	-12.3134	0.369392	-8.77822	2997.06	11.7915	3082	0.71935	0.00602932	0.716	32.7288	0.253315	33
22000		-96.5182	1.78177	-84.8472	2998.22	11.7708	3082.92	-11.6529	0.347194	-7.92312	2999.23	11.7753	3080	0.721808	0.00575333	0.793	32.7627	0.250579	33
23000		-93.9759	1.61055	-68.6023	2998.68	11.8167	3081.39	-10.9151	0.319322	-7.35047	2997.93	11.81	3080	0.717729	0.00575122	0.801	32.8192	0.256791	33
24000		-92.4873	1.4971	-82.2001	2998.87	11.8176	3082.11	-10.3536	0.300634	-6.95205	2999.06	11.8272	3078	0.714028	0.00564805	0.808	32.774	0.255961	33
25000		-92.4091	1.63412	-61.836	2998.88	11.8337	3103.33	-9.8757	0.289628	-6.57915	2999.69	11.9899	3084	0.713299	0.00522574	0.752	32.8192	0.253647	33
26000		-91.4209	1.64497	-98.2768	2999.62	11.883	3094.91	-9.42859	0.276317	-6.33507	2999.1	11.9414	3087	0.717893	0.00594459	0.838	32.8701	0.256278	33
27000		-91.5267	1.49511	-62.6025	2999.36	11.9513	3087.28	-9.01018	0.264367	-6.21827	2999.58	11.9194	3088	0.722119	0.00558731	0.764	32.9209	0.255581	33
28000		-90.9101	1.49355	-78.3982	2999.6	11.9123	3084.85	-8.6628	0.255042	-6.04994	3000.39	11.9324	3085	0.723282	0.00549988	0.69	32.9435	0.256242	33
29000		-92.0485	1.55228	-88.4044	2999.7	11.8942	3085.87	-8.26769	0.246389	-5.92123	3000.58	11.8833	3080	0.713441	0.00562545	0.751	33.0169	0.254451	33
30000		-91.3446	1.62535	-113.735	3000.67	11.8862	3084.45	-7.91355	0.235315	-5.63135	3000.94	11.905	3089	0.715356	0.00547804	0.719	33.0395	0.256948	35
31000		-88.7502	1.46729	-65.3433	3001.16	11.9295	3080.9	-7.61397	0.226396	-5.27625	3000.2	12.0329	3087	0.716503	0.00572536	0.736	33.0734	0.257779	35
32000		-90.185	1.63411	-71.8608	3001.07	11.966	3082.22	-7.34411	0.217175	-5.27625	3000.27	12.093	3090	0.712079	0.00585762	0.667	33.1186	0.258429	35
33000		-89.1763	1.34872	-74.3472	3001.59	11.9483	3090.8	-7.08264	0.212349	-5.02126	3002.83	12.0628	3089	0.717429	0.00595925	0.635	33.1864	0.255703	35
34000		-89.7491	1.54711	-90.6823	3002.43	12.0224	3088.04	-6.85132	0.200763	-4.90427	3003.65	12.0881	3089	0.712113	0.0056083	0.774	33.2147	0.252608	35
35000		-89.4006	1.4604	-67.6281	3002.73	12.0106	3087.23	-6.66106	0.196156	-4.8275	3002.44	11.9541	3088	0.714169	0.00517824	0.838	33.2147	0.255263	35
36000		-89.3963	1.43626	-103.445	3003.38	11.9922	3087.99	-6.4865	0.191703	-4.5864	3004.28	12.0512	3091	0.717667	0.00543892	0.903	33.226	0.253694	35
37000		-86.5906	1.46441	-90.8478	3004.24	12.0008	3090.85	-6.32194	0.186772	-4.48293	3004.21	12.0057	3087	0.715328	0.00583105	0.776	33.2655	0.256435	35
38000		-88.9846	1.54163	-62.4191	3004.29	11.9993	3088.01	-6.17622	0.183542	-4.46198	3005.04	12.0064	3085	0.714938	0.00582099	0.842	33.2881	0.254537	35
39000		-88.6669	1.39768	-84.7402	3004.22	11.9862	3087.57	-6.0027	0.177497	-4.30801	3005.29	11.9913	3090	0.711328	0.00562984	0.893	33.2542	0.256625	35
40000		-89.4956	1.42934	-70.4081	3004.12	12.0027	3088.74	-5.82115	0.169205	-4.21665	3004.11	12.0215	3089	0.711435	0.00628496	0.813	33.339	0.254496	35
41000		-86.499	1.46599	-83.4082	3004.55	12.0125	3089.74	-5.67651	0.164182	-4.13015	3003.59	12.0042	3090	0.71435	0.00607185	0.742	33.3955	0.256297	35
42000		-86.6528	1.47389	-62.9539	3005.15	12.0349	3095.05	-5.55287	0.160877	-4.03936	3006.31	12.0847	3102	0.712525	0.00576228	0.753	33.4294	0.254351	35
43000		-89.3111	1.48547	-80.1078	3005.69	12.058	3098.62	-5.44197	0.156403	-4.03555	3005.05	12.0525	3102	0.714831	0.00570186	0.771	33.4407	0.254115	35
44000		-87.6275	1.45265	-74.5229	3005.19	12.0741	3095.07	-5.32561	0.153641	-3.93942	3005.56	12.1104	3075	0.711712	0.00558468	0.806	33.4859	0.254405	35
45000		-85.475	1.41314	-62.3559	3004.03	12.0935	3098.3	-5.20616	0.150175	-3.73173	3003.81	12.1941	3105	0.718814	0.0061196	0.812	33.5198	0.25541	35
46000		-88.5921	1.44279	-74.1551	3004.6	12.1307	3100.23	-5.10124	0.146235	-3.69346	3004.17	12.157	3106	0.711085	0.0059348	0.741	33.5367	0.255651	35
47000		-89.1895	1.62003	-81.8069	3004.4	12.1572	3105.04	-4.99519	0.14333	-3.63396	3006.92	12.1716	3100	0.707605	0.00609181	0.837	33.6102	0.253766	35
48000		-87.6864	1.53978	-74.6885	3004.85	12.1732	3103.35	-4.8993	0.140986	-3.5318	3007.36	12.2035	3100	0.722542	0.00588624	0.789	33.6045	0.25567	35
49000		-87.4639	1.43954	-83.4665	3005.65	12.1622	3107.86	-4.79881	0.137105	-3.49866	3006.02	12.1562	3102	0.718412	0.00593715	0.82	33.6554	0.252871	35
50000		-86.7739	1.42903	-77.3126	3006.72	12.185	3106.78	-4.70649	0.133591	-3.38355	3006.16	12.1729	3116	0.708746	0.00567049	0.771	33.6667	0.251046	35
51000		-85.5348	1.44496	-84.3094	3006.26	12.1656	3112.02	-4.61811	0.131311	-3.38355	3007.26	12.1672	3117	0.713277	0.00553127	0.753	33.7401	0.249167	35
52000		-87.4872	1.38414	-92.3695	3007.06	12.1418	3098.68	-4.53282	0.129523	-3.35653	3007.46	12.0753	3108	0.706073	0.00570655	0.738	33.7175	0.248123	35
53000		-87.1122	1.47051	-94.3012	3007.58	12.0927	3104.33	-4.44681	0.126133	-3.31367	3006.59	12.1089	3113	0.716418	0.00565787	0.767	33.7514	0.251029	35
54000		-84.9798	1.48588	-70.3756	3007.02	12.0869	3112.72	-4.37558	0.124425	-2.95235	3005.63	12.1289	3128	0.72104	0.00596431	0.845	33.7684	0.24939	35
55000		-86.8864	1.42961	-73.9655	3006.67	12.09	3124.32	-4.30761	0.122311	-2.93046	3007.22	12.1495	3134	0.714684	0.00565214	0.814	33.7966	0.249079	35
56000		-88.7559	1.53242	-64.8628	3007.3	12.0973	3129.87	-4.2344	0.120529	-2.83808	3008.5	12.1819	3137	0.708791	0.00542318	0.784	33.8249	0.247066	35
57000		-89.1566	1.68728	-69.0732	3007.65	12.1323	3137.73	-4.15974	0.117787	-2.78853	3008.8	12.1338	3142	0.716588	0.00545787	0.692	33.8475	0.248705	35
58000		-83.8287	1.35542	-68.8444	3007.88	12.2327	3147.06	-4.08213	0.115955	-2.75293	3009.63	12.4374	3153	0.720446	0.00554446	0.812	33.8757	0.247566	35
59000		-85.9131	1.44791	-65.2663	3009.37	12.4228	3146.98	-4.02329	0.114959	-2.66937	3009.32	12.4259	3143	0.717531	0.0053566	0.915	33.8983	0.247235	35
60000		-86.1961	1.5279	-75.5602	3008.81	12.3907	3147.89	-3.96508	0.113287	-2.65552	3008.47	12.4119	3142	0.710689	0.00555655	0.857	33.904	0.246793	35
