#gen	avgfit_mean	avgfit_sd	avgfit_med	avgbits_mean	avgbits_sd	avgbits_med	fit_mean	fit_sd	fit_med	bits_mean	bits_sd	bits_med	cpu_mean	cpu_sd	cpu_med	genes_mean	genes_sd	genes_med
0		-2110.88	99.6737	-1760.75	3000	0	3000	-1042.99	53.8873	-838.675	3000	0	3000	0	0	0	29.5234	0.304366	28.5
1000		-481.693	6.81876	-429.788	3000.12	0.952932	3024.4	-307.109	5.41396	-273.529	2998.46	2.76127	3049.5	0.978117	0.0110866	0.8975	29.7812	0.309968	28.5
2000		-331.796	4.92536	-301.949	2997.76	2.70493	3008.99	-202.229	4.05986	-180.074	2998.1	2.75813	2993.5	0.988898	0.01417	1.036	30.1094	0.303205	29.5
3000		-257.52	4.22639	-254.971	2999.7	2.93141	2994.99	-141.781	3.53765	-148.432	3003.07	3.98648	2994.5	0.992234	0.0116342	1.021	30.8828	0.303284	30.5
4000		-209.123	3.86038	-240.122	3004.33	3.71182	2993.86	-106.129	2.99402	-119.015	3005.13	4.32837	2992	0.98993	0.0111551	1.0615	31.0391	0.289328	31.5
5000		-182.694	3.66755	-212.088	3006.81	4.2639	2991.82	-83.5417	2.5337	-95.96	3006.12	4.47656	2990.5	0.982383	0.0214969	0.872	31.3828	0.283034	31
6000		-161.21	2.96719	-191.028	3005.99	4.51946	2990.99	-68.0728	2.16243	-75.8649	3006.79	5.32654	2990	1.00682	0.0162706	0.9565	31.5391	0.279487	30.5
7000		-146.96	2.7528	-163.398	3007.11	4.47414	2990.02	-55.7083	1.73733	-61.5571	3006.66	4.49812	2986.5	1.02301	0.0158814	0.951	31.7266	0.285327	31.5
8000		-138.12	2.92437	-158.245	3006.32	4.54669	2983.84	-46.8905	1.44992	-53.4113	3006.43	4.87075	2980.5	1.01135	0.0204292	0.9765	32.0312	0.280154	33
9000		-129.571	2.52971	-123.964	3006.96	4.72213	2977.03	-39.4912	1.204	-46.5223	3004.47	4.84067	2978	0.999828	0.0210892	1.0075	32.2188	0.28516	33
10000		-123.238	2.46393	-150.689	3006.22	4.81074	2979.87	-34.0963	1.04785	-42.0952	3005.41	4.93889	2979	0.992242	0.015509	1.269	32.3672	0.270077	32.5
11000		-115.194	2.00691	-133.337	3006.22	4.91827	2972.71	-29.5035	0.921926	-38.5789	3006.45	4.93983	2985.5	0.976422	0.0126683	1.2155	32.5703	0.267747	33
12000		-111.203	2.0748	-104.501	3006.41	4.80126	2980.97	-25.9025	0.769812	-33.3859	3006.9	4.93003	2986.5	0.999453	0.0119003	1.0945	32.7109	0.259455	33
13000		-108.731	2.00627	-109.71	3007.12	4.87676	2978.93	-23.2798	0.699379	-29.5282	3009.73	4.77709	2981	0.998398	0.0111033	0.8865	32.7734	0.26136	33
14000		-105.321	2.09335	-124.259	3009.81	4.9173	2982.56	-20.9873	0.628162	-25.85	3011.85	4.99569	2987.5	0.994391	0.0130552	0.9735	32.8125	0.269822	33
15000		-102.416	1.8463	-114.947	3008.88	5.05941	2987.66	-19.0095	0.576555	-23.9775	3008.95	5.31832	2995.5	0.974328	0.00974458	1.0375	32.9297	0.266249	33.5
16000		-102.012	1.82908	-106.946	3009.49	5.23933	2992.18	-17.2745	0.53061	-22.3917	3008.62	5.13952	2994.5	0.983742	0.00934138	1.018	32.9844	0.274396	33.5
17000		-100.508	1.83924	-120.684	3009.55	5.28976	2990.01	-15.6837	0.492355	-20.6682	3011.33	5.44462	2990	0.97443	0.0103474	0.9235	33.0938	0.270661	33.5
18000		-96.9725	1.81177	-95.7421	3010.5	5.38016	2991.03	-14.6984	0.475212	-20.0758	3011.74	5.50199	2994.5	0.979078	0.0100276	1.0255	33.1094	0.269476	33.5
19000		-95.3071	1.83964	-91.1476	3010.78	5.44384	2990.95	-13.6836	0.444016	-19.2345	3011.88	5.61949	2994	0.978352	0.0103365	0.9235	33.2344	0.276962	34
20000		-98.5403	1.97116	-104.131	3012.11	5.5325	2990.72	-12.6431	0.406157	-18.3276	3011.37	5.5399	2993.5	1.01035	0.0142182	1.078	33.3047	0.274301	35
21000		-98.3285	2.05431	-98.8394	3011.35	5.51485	2997.39	-11.8725	0.381287	-17.3225	3010.3	5.77953	3025.5	0.996844	0.0123512	0.8975	33.3516	0.27115	35
22000		-94.5041	1.59387	-88.6275	3011.43	5.69156	3012.77	-11.2315	0.359001	-16.9179	3010.93	5.80717	3021.5	1.01227	0.0164961	0.96	33.3906	0.269932	35
23000		-96.3513	2.09116	-103.76	3012.48	5.76038	3012.23	-10.605	0.336559	-16.3951	3013.5	5.91018	3004	0.986109	0.0144803	0.9205	33.4219	0.271608	35.5
24000		-93.7279	1.84341	-95.3737	3013.72	5.81647	3010.57	-10.006	0.312503	-15.8903	3013.62	5.96456	3005	1.02702	0.0172572	0.985	33.4375	0.268451	35.5
25000		-91.9063	1.90268	-89.6281	3013.54	5.92999	3006.7	-9.52625	0.299808	-14.9322	3011.66	6.06807	2988.5	0.989609	0.0119379	0.9505	33.5234	0.271235	35.5
26000		-92.828	1.7815	-97.7816	3013.48	6.00715	3012.07	-9.05183	0.282502	-14.3973	3013.15	6.0453	2982	0.979797	0.0111324	1.0615	33.5078	0.264816	35.5
27000		-92.7447	2.17023	-102.195	3013.81	6.02162	3006.05	-8.69417	0.269878	-13.9188	3012.81	6.19878	3004	0.959781	0.00986039	0.969	33.5781	0.268189	35.5
28000		-93.03	1.88012	-120.085	3013.62	6.10488	3004.39	-8.36978	0.26042	-13.6521	3013.66	6.25489	3009.5	0.983773	0.0123415	1.023	33.5469	0.268933	35.5
29000		-95.2017	1.95592	-101.579	3014.01	6.20476	3008.53	-8.04241	0.25089	-13.1285	3015	6.21356	3004.5	0.997094	0.0134229	1.01	33.6719	0.265306	35.5
30000		-90.9306	1.75725	-93.2857	3014.72	6.23636	3010.74	-7.67134	0.240231	-12.7092	3014.45	6.50482	3011.5	0.99582	0.0157879	0.9075	33.6797	0.267114	35.5
31000		-90.2704	1.77794	-91.1904	3014.72	6.24587	3003.91	-7.39807	0.230539	-12.1949	3013.51	6.38914	3010.5	1.01443	0.0182221	1.0315	33.6953	0.270234	35.5
32000		-87.5893	1.51993	-109.381	3012.82	6.23523	2998.21	-7.12438	0.222987	-11.9421	3013.51	6.39864	2987	1.01187	0.0198162	0.943	33.6875	0.271413	36
33000		-92.5129	1.98355	-112.772	3013.63	6.23789	2995.15	-6.90552	0.217346	-11.5772	3011.67	6.29921	2993	0.99382	0.0111649	1.076	33.7266	0.266372	36
34000		-90.5699	1.8841	-102.462	3013.79	6.22378	2992.98	-6.69452	0.208868	-11.393	3013.62	6.2727	2991.5	0.989984	0.0125191	1.0635	33.7422	0.26557	36
35000		-90.0952	1.89343	-91.3701	3014.36	6.32715	2995.11	-6.45139	0.199228	-10.5908	3012.12	6.50901	2984	1.02163	0.0167735	0.97	33.7578	0.26172	36
36000		-90.9277	1.77722	-88.2999	3015.13	6.81736	2999.39	-6.26454	0.194112	-10.1078	3016.59	7.0537	3009.5	1.03285	0.024198	0.939	33.8047	0.262966	36
37000		-88.3699	1.7092	-88.9579	3014.99	7.04257	3003.99	-6.08631	0.190813	-9.64585	3016.95	7.1185	3003	1.02309	0.0202268	0.916	33.8125	0.264991	36
38000		-89.313	1.82993	-92.1954	3016.6	7.10564	3003.93	-5.92991	0.187589	-8.95505	3016.98	7.11055	2993.5	1.01084	0.0180781	1.078	33.8203	0.263521	36.5
39000		-88.3943	1.81787	-107.343	3016.04	7.06911	3007.06	-5.77922	0.186539	-8.83611	3017.02	7.07738	2998	1.00386	0.016915	0.959	33.8672	0.262102	36
40000		-89.5976	1.93266	-95.7869	3017.35	7.09187	3000.73	-5.62884	0.184018	-8.52016	3018.12	7.26791	3007	0.991953	0.0133063	1.0485	33.875	0.265513	36
41000		-89.1228	1.63315	-83.3729	3018.39	7.22419	3003.9	-5.49242	0.179732	-8.36237	3019.06	7.47153	2990.5	1.00086	0.0155644	1.225	33.8906	0.26603	36
42000		-87.9296	1.77454	-91.0236	3019.19	7.22917	3007.5	-5.35602	0.174812	-7.95101	3020.55	7.44123	3029.5	1.01316	0.0137363	1.123	33.9297	0.264395	36
43000		-89.72	1.87575	-92.8247	3020.37	7.1941	3022.72	-5.21496	0.171154	-7.84146	3020.02	7.19488	3029	1.02297	0.0167743	1.045	33.9922	0.2647	36
44000		-90.0565	1.99553	-93.1565	3020.16	7.22123	3026.89	-5.10993	0.169636	-7.60864	3019.16	7.13768	3019.5	1.00941	0.0186924	1.009	33.9766	0.261183	35.5
45000		-90.7661	1.83122	-90.9155	3020.18	7.22196	3025.62	-5.00441	0.1674	-7.3799	3019.88	7.32617	3025.5	0.989031	0.0180937	0.9875	34.0234	0.257148	35.5
46000		-88.8517	1.77411	-100.42	3019.75	7.36908	3023.27	-4.90195	0.162256	-6.97986	3021.38	7.54983	3018.5	0.978961	0.00950481	1.0235	34.0312	0.256543	35.5
47000		-88.3275	1.74942	-82.8501	3021.73	7.5749	3014.63	-4.80042	0.158522	-6.80435	3021.76	7.64153	3012.5	0.975789	0.0104832	0.962	34.0703	0.256362	35.5
48000		-87.3622	2.01973	-77.5828	3022.97	7.60191	3015.73	-4.70267	0.153728	-6.44048	3021.4	7.74344	3011.5	0.997219	0.01915	0.9185	34.125	0.256318	35.5
49000		-89.2725	2.00018	-103.522	3022.9	7.69348	3009.99	-4.62018	0.152927	-6.30987	3022.54	7.60501	3014.5	0.988797	0.0132384	0.9055	34.1016	0.256039	35.5
50000		-91.2225	2.17309	-81.6989	3024.18	7.6697	3001.91	-4.53928	0.152264	-6.09442	3023.78	7.70228	2988	0.985312	0.0127379	0.9495	34.1484	0.25417	35.5
51000		-88.7482	1.73502	-91.7137	3024.15	7.65331	2987.86	-4.47161	0.150528	-6.04756	3023.57	7.7825	2987.5	0.995563	0.01113	0.946	34.2266	0.257088	35.5
52000		-87.8133	1.52579	-93.5065	3024.39	7.7392	2989.27	-4.39082	0.147539	-5.98071	3024.83	7.79207	2990	0.985727	0.0108068	0.963	34.25	0.258469	35.5
53000		-88.3786	1.74716	-78.047	3026	7.74572	2995.39	-4.30452	0.144258	-5.9153	3025.95	7.94871	2989	0.990297	0.0131115	0.9895	34.25	0.257992	35.5
54000		-89.7796	1.91776	-88.6101	3025.38	7.827	2994.89	-4.21944	0.143115	-5.7276	3026.3	7.83538	2990.5	0.988328	0.00934731	1.0025	34.2891	0.261345	35.5
55000		-86.5626	1.85995	-107.162	3025.64	7.80935	2990.09	-4.14828	0.139732	-5.6715	3023.82	7.95454	2992	0.984766	0.0120645	0.951	34.3047	0.263783	35.5
56000		-88.6311	1.64826	-91.0584	3025.3	7.81314	2991.28	-4.09654	0.138387	-5.61235	3025.95	8.01142	3002	1.00623	0.0144975	0.9115	34.3594	0.264057	35.5
57000		-86.0669	1.80887	-76.125	3025.47	7.93891	2994.41	-4.03384	0.13774	-5.59683	3026.9	8.05157	3003	1.0335	0.0201709	0.925	34.4062	0.261647	35.5
58000		-87.0236	1.95522	-105.891	3025.8	7.96534	2994.56	-3.97789	0.13666	-5.5691	3025.93	8.09298	3005	1.04257	0.0204508	1.104	34.4219	0.263328	35.5
59000		-87.2704	1.76292	-78.9897	3025.69	7.97047	2997.43	-3.90195	0.133691	-5.54364	3026.89	8.0043	2989.5	1.01183	0.0142413	1.0085	34.4609	0.262695	35.5
60000		-85.7813	1.62748	-94.3544	3026.12	7.97669	2994.15	-3.85874	0.13205	-5.52708	3026.47	7.96202	2995	1.00445	0.014895	0.938	34.4688	0.262937	35.5
