#mutation_rate	indel_prob	indel_power	crossover_cross_rate	crossover_prob
#0.01	0.2	-1.5	0.02	0.45
#gen	avgfit_mean	avgfit_sd	avgbits_mean	avgbits_sd	fit_mean	fit_sd	bits_mean	bits_sd	cpu_mean	cpu_sd	genes_mean	genes_sd
0		-261.224	3.09552	5311.19	76.3995	-87.2729	0.997335	5315.79	76.9364	0	0	57.8393	0.739932
1000		-253.903	3.06534	5322.36	78.2187	-78.203	1.07498	5334.1	81.9465	7.54176	0.61004	58.0298	0.759993
2000		-247.496	3.35083	5336.27	80.5321	-69.6602	1.07644	5339.98	82.0967	8.43665	0.820437	58.1012	0.758454
3000		-239.971	3.08234	5348.43	83.0959	-62.2272	1.09402	5346.88	81.7053	8.62084	1.03777	58.2024	0.760515
4000		-233.559	3.09661	5356.18	84.7432	-56.908	1.06026	5353.13	83.1589	9.07302	1.42275	58.2976	0.765793
5000		-225.32	3.18798	5361.68	85.9839	-52.5288	1.01313	5376.65	88.1182	9.04567	1.47913	58.4107	0.797832
6000		-227.19	3.5234	5370.15	86.3225	-49.0608	0.960163	5390.05	90.2253	9.38323	1.88068	58.506	0.810626
7000		-221.255	3.31731	5386.59	88.8997	-46.2592	0.923401	5393.47	88.7597	8.78132	1.51748	58.5595	0.808455
8000		-219.532	3.54999	5396.92	89.2496	-43.7155	0.903102	5411.1	92.5427	8.58735	1.52182	58.7738	0.82062
9000		-217.149	3.31298	5402.8	89.3958	-41.4007	0.883567	5418.59	92.6374	8.56069	1.60874	58.9167	0.841961
10000		-213.596	3.22053	5411.45	89.8313	-39.2465	0.842664	5424.26	90.2584	8.87483	1.75265	59.0119	0.817369
11000		-213.814	3.13194	5420.94	90.7586	-37.1616	0.840696	5431.67	96.1647	8.81768	1.55705	59.0655	0.842245
12000		-209.705	3.20081	5427.68	91.975	-35.4771	0.827755	5434.71	91.1822	7.93387	1.09767	59.125	0.827992
13000		-211.923	3.41304	5435.59	94.1592	-33.8679	0.802694	5439.83	94.9809	7.71098	1.04535	59.25	0.840322
14000		-208.997	3.09204	5442.57	94.5093	-32.4847	0.790933	5450.63	96.8483	8.1981	1.42311	59.4524	0.856416
15000		-207.788	3.40679	5451.06	95.5088	-31.0324	0.770354	5465.36	98.4483	8.18619	1.32355	59.5893	0.861665
16000		-204.644	3.38524	5466.03	98.1178	-29.6377	0.745597	5480.7	99.7544	8.26776	1.35713	59.7738	0.871388
17000		-205.123	3.27424	5479.83	100.274	-28.7203	0.733046	5490.08	100.859	7.88033	1.08803	59.8512	0.878393
18000		-204.543	3.18473	5485.08	100.383	-27.8451	0.72649	5498.08	101.942	8.4455	1.22704	59.9762	0.88584
19000		-199.755	2.92531	5493.88	101.583	-26.9663	0.717857	5503.98	106.207	8.17987	0.998948	60.0536	0.914208
20000		-204.085	3.35195	5498.44	102.596	-26.0644	0.697803	5506.04	102.119	7.80421	0.907672	60.1369	0.889653
21000		-201.395	3.21456	5507.11	103.073	-25.1718	0.681144	5517.64	105.447	7.83671	0.903213	60.3274	0.91207
22000		-197.465	3.33386	5517.92	104.948	-24.441	0.67574	5528.88	106.727	7.9919	1.00742	60.4881	0.923545
23000		-204.303	3.46048	5525.14	106.355	-23.5767	0.660205	5530.04	106.615	8.07139	0.846169	60.5893	0.92035
24000		-197.503	3.07404	5532.46	106.981	-22.86	0.662793	5541.42	107.932	9.29891	1.81897	60.7024	0.928072
25000		-198.002	3.29102	5538.39	107.064	-22.2951	0.659287	5543.72	107.169	8.89937	1.34006	60.8095	0.928164
26000		-196.574	2.976	5541.29	107.31	-21.6993	0.647077	5554	108.319	8.62441	1.09526	60.8929	0.926707
27000		-196.46	2.86912	5546.48	106.842	-21.0116	0.64766	5554.05	107.595	8.40842	0.834821	61	0.926051
28000		-196.926	3.36636	5551.5	106.919	-20.4189	0.648069	5550.08	106.506	8.31017	0.697981	60.994	0.922793
29000		-193.664	3.07228	5552.54	106.753	-19.9755	0.646672	5566.05	108.628	8.3046	0.685085	61.1845	0.932099
30000		-198.147	3.34419	5557.1	107.184	-19.5911	0.645035	5569.12	108.111	7.8022	0.631668	61.3095	0.933181
31000		-196.818	3.39254	5566.46	107.972	-19.163	0.638485	5579.23	109.036	8.55811	0.960408	61.5119	0.936994
32000		-190.737	3.30438	5576.44	108.868	-18.7089	0.629287	5581.82	108.638	8.49505	1.12859	61.5655	0.931869
33000		-195.924	3.33474	5584.81	109.57	-18.2738	0.621324	5585.04	109.584	8.70234	1.63202	61.6012	0.935553
34000		-191.726	2.88703	5588.78	110.171	-17.8813	0.61348	5586.49	109.798	8.98272	1.98893	61.6548	0.934899
35000		-188.827	3.21518	5591.49	110.082	-17.5332	0.608172	5594.36	110.501	8.94446	2.08085	61.7381	0.934604
36000		-191.546	2.8793	5593.62	110.078	-17.2092	0.603842	5598.05	110.331	9.60866	2.63812	61.8333	0.934315
37000		-189.123	3.2008	5597.82	109.979	-16.9304	0.598402	5600.27	109.637	9.81748	2.80407	61.9583	0.935523
38000		-189.566	3.07976	5599.68	109.708	-16.6494	0.59334	5608.12	110.014	8.53251	1.59274	62.0952	0.942541
39000		-192.809	2.87897	5605.7	110.2	-16.3611	0.589599	5617.35	110.966	7.54925	0.552169	62.2083	0.945735
40000		-191.708	3.13669	5614.07	111.07	-16.0582	0.588516	5619.26	112.307	6.90155	0.347143	62.256	0.95044
41000		-190.008	3.08516	5617.2	111.64	-15.7469	0.587888	5622.48	112.224	6.96304	0.389631	62.3036	0.950018
42000		-196.432	3.19142	5620.94	112.098	-15.5129	0.58671	5624.36	112.505	7.10636	0.451928	62.4226	0.952145
43000		-192.541	2.87384	5626.3	112.35	-15.197	0.587192	5623.65	112.577	7.3963	0.52407	62.5119	0.956048
44000		-189.689	3.12989	5628.32	112.519	-14.9133	0.586122	5630.27	112.088	7.33547	0.425537	62.5714	0.951398
45000		-191.99	3.05784	5630.7	112.528	-14.5996	0.579145	5635.86	112.499	7.48663	0.490465	62.6607	0.958388
46000		-192.957	3.06895	5634.37	112.375	-14.2853	0.57319	5637.45	112.35	7.81532	0.719987	62.744	0.955862
47000		-193.959	3.3961	5638.97	112.541	-14.0583	0.572109	5641.37	112.521	7.88123	0.658794	62.8036	0.956878
48000		-190.309	3.15946	5641.28	112.779	-13.8267	0.568862	5648.62	112.762	7.66825	0.574261	62.8988	0.962167
49000		-190.804	2.93415	5648.87	112.95	-13.6223	0.568609	5655.31	112.734	7.49184	0.510426	63.006	0.96416
50000		-191.134	3.21767	5653.65	112.754	-13.3589	0.565701	5662.41	113.06	7.14762	0.409389	63.1131	0.966594
