#mutation_rate	indel_prob	indel_power	crossover_cross_rate	crossover_prob
#0.004	0.2	-2	0.02	0.8
#gen	avgfit_mean	avgfit_sd	avgfit_med	avgbits_mean	avgbits_sd	avgbits_med	fit_mean	fit_sd	fit_med	bits_mean	bits_sd	bits_med	cpu_mean	cpu_sd	cpu_med	genes_mean	genes_sd	genes_med
0		-1918.53	262.103	-2848.07	3000	0	3000	-946.205	130.103	-955.498	3000	0	3000	0	0	0	30.1053	0.721008	32
1000		-403.973	25.152	-272.842	2999.65	0.944671	2999.66	-313.312	22.0684	-218.496	2998.79	1.45815	3000	6.64532	0.0414535	6.834	30	0.942809	37
2000		-257.052	13.6075	-221.006	2998.15	1.23657	2997.26	-214.734	14.1538	-198.531	2998.95	1.44787	2997	6.67495	0.0458681	6.603	30.9474	0.739344	37
3000		-187.819	11.9781	-191.794	2998.35	1.76065	2996.6	-157.749	11.3045	-178.35	2998.89	1.96146	2994	6.66047	0.0434249	6.89	31.2632	0.756423	37
4000		-146.21	10.1761	-163.5	2999.02	1.92095	2995.09	-119.806	9.16948	-128.576	2999.21	2.00668	2995	6.67068	0.0666216	6.723	31.7895	0.759266	38
5000		-119.773	7.82077	-107.11	3002.54	4.38338	2995.98	-96.8195	7.01897	-84.2782	3002.21	4.34854	2996	6.73005	0.0692553	6.887	32.1579	0.67652	37
6000		-96.0721	7.11289	-87.1972	3002.31	4.43351	2996.7	-82.1517	6.46212	-77.6499	3002.95	4.57074	2997	6.73221	0.0617934	6.728	32.1579	0.654553	37
7000		-89.6911	5.93695	-68.6174	3002.34	4.55052	3001.89	-70.4182	5.69292	-51.7094	3002.21	4.56505	2993	6.693	0.0627674	6.771	32.2632	0.661569	37
8000		-73.8257	5.06108	-58.3318	3000.91	4.90604	2993.95	-54.9049	4.13497	-38.5587	3005.74	7.53815	2994	6.71189	0.0682023	6.706	32.4211	0.632066	36
9000		-61.7547	3.92081	-56.7303	3006.04	7.43948	2994.03	-45.899	3.46986	-31.4182	3005.84	7.5041	2995	6.69042	0.0673376	6.739	32.6842	0.626195	36
10000		-57.0125	3.76358	-40.4869	3007.26	7.6094	2996.53	-42.4013	3.26898	-29.9854	3007.53	7.71964	2997	6.72011	0.0564718	6.785	32.8421	0.631823	36
11000		-53.808	3.12738	-44.447	3008.59	7.75551	2997.49	-39.1071	3.25848	-27.5461	3009.05	7.81529	2997	6.81432	0.125795	6.818	32.8421	0.583712	36
12000		-51.9013	3.42771	-85.0668	3009.56	7.7706	2997.74	-35.1316	2.91482	-25.573	3009.58	7.84697	2998	6.79132	0.0849639	6.53	32.7895	0.54386	36
13000		-44.6901	2.67853	-35.2941	3009.24	7.91291	2983.8	-30.8918	2.42785	-22.6834	3009.58	7.88934	2981	6.72911	0.0619594	6.738	32.7368	0.539884	36
14000		-43.9308	2.51198	-38.2761	3009.45	8.00523	2980.29	-27.7832	1.95578	-22.0418	3009.74	7.70579	2980	6.73179	0.0609904	6.64	32.8421	0.55284	36
15000		-38.4471	1.75836	-31.9783	3009.32	7.68165	2980.75	-25.9708	1.85386	-21.0585	3011.26	7.70389	2980	6.70189	0.074136	6.653	32.9474	0.579744	36
16000		-38.2703	2.0873	-35.6503	3010.41	7.81535	2980.68	-23.9119	1.73464	-20.4065	3009.16	8.08155	2984	6.71453	0.0540282	6.662	33.1053	0.566588	36
17000		-37.6894	2.23467	-37.0654	3012.28	7.92469	2979.23	-22.1286	1.51423	-19.4816	3012.05	7.97491	2977	6.67668	0.0583957	6.692	33.1579	0.573606	36
18000		-35.5237	2.47824	-31.44	3012.49	7.94406	2979.44	-20.3693	1.6304	-18.7825	3013.05	7.95178	2979	6.70495	0.0535993	6.647	33.1579	0.547526	36
19000		-34.6356	1.9063	-38.4968	3012.21	8.00583	2979.39	-18.8776	1.4765	-18.7825	3012.11	8.04152	2980	6.72058	0.0574387	6.849	33.3158	0.541023	36
20000		-31.1508	1.99308	-42.6638	3012.38	8.00138	2979.48	-17.8334	1.40597	-17.6315	3012.58	7.65839	2980	6.73937	0.0416881	6.63	33.5263	0.553397	35
21000		-29.7174	2.92853	-26.3395	3011.88	8.1226	2980.94	-16.7652	1.36546	-16.0493	3012.21	8.19163	2979	6.71442	0.0543148	6.535	33.6842	0.5464	35
22000		-34.6035	2.69363	-31.3139	3009.47	8.83097	2979.66	-15.9053	1.32234	-15.1659	3012.32	8.1843	2979	6.71874	0.0545061	6.739	33.6842	0.5464	35
23000		-27.3521	1.88566	-30.8067	3008.65	9.16244	2979.71	-15.2529	1.29879	-15.0621	3009.05	8.9588	2981	6.97211	0.191492	6.7	33.8421	0.542159	35
24000		-31.0332	2.40502	-29.6218	3009.56	8.97746	2978.31	-14.2763	1.15563	-15.0184	3010.21	8.90252	2980	6.74247	0.0516867	6.457	33.8947	0.50665	35
25000		-25.9928	1.64049	-26.1171	3013.95	9.44486	2975.08	-13.8226	1.13009	-14.6779	3013.47	9.52632	2977	6.79779	0.087859	6.747	34.0526	0.537885	35
26000		-26.7694	1.85432	-26.1556	3014.57	9.56101	2975.6	-13.2663	1.09503	-13.8153	3015.53	9.47646	2974	6.72658	0.0479813	6.647	34.0526	0.564411	36
27000		-28.4257	1.97128	-25.994	3013.7	9.56031	2975.35	-12.7848	1.11028	-13.7924	3013.63	9.49983	2974	6.71163	0.0476755	6.585	34.1579	0.598552	36
28000		-26.8175	2.33434	-16.8744	3013.81	9.59444	2976.61	-12.4357	1.07977	-13.4926	3013.74	9.47537	2979	6.73084	0.0594983	6.76	34.1053	0.616037	36
29000		-27.5301	2.14434	-19.7428	3013.91	9.68346	2978.84	-11.7718	1.07199	-12.7091	3014.16	9.58961	2980	6.70989	0.050815	6.623	34.1579	0.608243	37
30000		-30.2196	2.83204	-21.5077	3009.9	11.2625	2979.74	-11.269	0.979831	-12.0556	3010.42	11.2633	2980	6.70684	0.0534543	6.733	34.2632	0.596491	37
31000		-24.1067	1.80432	-26.7749	3009.55	11.22	2978.95	-10.7479	0.942684	-12.0556	3009.32	11.2904	2980	6.71521	0.0761755	6.695	34.2632	0.596491	37
32000		-24.2867	1.47197	-19.0368	3009.97	11.0591	2979.5	-10.4171	0.934379	-12.0556	3009.84	11.4062	2959	6.68158	0.0629318	6.569	34.3158	0.562225	37
33000		-23.5482	1.89499	-27.1825	3011.06	11.3782	2979.41	-10.1238	0.910819	-11.7427	3009.95	11.3718	2979	6.77811	0.0960914	6.722	34.5263	0.537312	37
34000		-23.8131	1.41135	-27.179	3011.15	11.3283	2979.34	-9.86415	0.894608	-11.5352	3010.79	11.2654	2981	6.87316	0.17746	6.846	34.6316	0.563046	37
35000		-24.1101	2.02811	-30.9961	3012.42	11.2487	3007.85	-9.63367	0.905602	-11.0973	3013.58	11.2817	3009	6.77321	0.0860249	6.93	34.6316	0.530974	37
36000		-24.769	2.36696	-19.5257	3012.35	11.3683	3008.02	-9.3236	0.815097	-10.2354	3011.21	11.7912	2993	6.74516	0.0689883	6.749	34.6842	0.5464	37
37000		-21.6997	1.28184	-21.1638	3012.57	11.5516	3007.53	-9.18344	0.813356	-10.0826	3012.21	11.7118	3008	6.79232	0.0898881	6.723	34.7368	0.545273	37
38000		-22.2105	1.27476	-18.507	3012.34	11.2235	3006.95	-9.00102	0.794694	-10.0826	3013.68	11.5326	3008	6.76053	0.0815612	6.965	34.7368	0.545273	37
39000		-26.9578	2.01611	-25.0433	3013.14	11.5788	3008.56	-8.80755	0.7953	-10.0653	3012.79	11.6876	3007	6.70874	0.056403	6.754	34.7895	0.554508	37
40000		-22.3102	1.33566	-19.754	3012.37	11.5942	3009.1	-8.59113	0.778673	-9.30623	3015.47	12.661	3013	6.71216	0.0691334	6.592	34.7895	0.554508	37
41000		-20.3686	1.85602	-24.6866	3015.4	12.883	3008.23	-8.3953	0.772606	-8.32665	3015.68	12.936	3006	6.71484	0.0562845	6.694	34.8421	0.547526	37
42000		-25.19	1.53938	-15.8246	3015.56	12.9879	3007.03	-8.32679	0.764102	-8.11213	3015	12.9475	3009	6.68263	0.0579891	6.86	34.8421	0.547526	37
43000		-21.2951	1.97394	-13.4512	3016.11	12.9301	3008.49	-8.15365	0.758837	-8.03521	3015.42	12.8537	3005	6.74574	0.056712	6.877	34.9474	0.543293	37
44000		-23.2436	2.43176	-27.2101	3014.77	12.842	3009.69	-7.98538	0.745119	-8.03521	3015.26	12.8911	3011	6.67963	0.0619306	6.767	34.8947	0.545555	37
45000		-22.9938	2.02607	-21.3494	3014.56	12.8623	3009.13	-7.80804	0.70492	-7.96795	3014	12.9056	3008	6.79395	0.0628968	6.821	34.8947	0.545555	37
46000		-23.9494	2.37498	-25.2768	3015.72	12.9536	3009	-7.69233	0.6972	-7.82545	3016.21	13.0069	3011	6.73489	0.0540806	6.733	34.9474	0.559206	37
47000		-25.0274	2.24475	-30.0862	3016.28	13.026	3010.23	-7.60542	0.693274	-7.80358	3016.16	13.1388	3011	6.74226	0.0467417	6.808	34.9474	0.559206	37
48000		-23.3634	2.42343	-15.5662	3016.11	13.1021	3010.11	-7.46472	0.652271	-7.80358	3016.89	12.9371	3011	6.73147	0.068062	6.963	34.9474	0.559206	37
49000		-22.1277	1.71125	-24.1444	3017.12	13.0547	3010.95	-7.29799	0.642146	-7.79461	3017.42	13.147	3011	6.73963	0.0598519	6.696	35	0.556724	37
50000		-21.4683	1.61631	-20.8665	3018.76	13.2316	3011.37	-7.17056	0.622033	-7.79461	3023.74	13.9008	3011	6.73211	0.066935	6.831	35.0526	0.543293	37
51000		-21.917	2.28928	-21.0403	3018.95	13.247	3011.67	-7.08616	0.610348	-7.64613	3018.84	13.1332	3012	6.75305	0.0631218	6.785	35.0526	0.543293	37
52000		-18.8779	1.59399	-12.223	3019.94	13.2627	3011.49	-6.95471	0.591625	-7.64613	3019.21	13.0858	3011	6.69279	0.0567985	6.707	35.0526	0.537885	37
53000		-24.4831	2.35401	-19.9193	3019.92	13.3741	3011.4	-6.8085	0.567725	-7.60496	3019.84	13.8083	3013	6.71705	0.0483495	6.657	35	0.524265	37
54000		-22.2514	1.42774	-26.2385	3020.98	13.3725	3011.1	-6.6863	0.565982	-7.50521	3021.37	13.4949	3011	6.92111	0.15723	6.814	35.0526	0.548649	37
55000		-23.2419	1.72297	-21.8688	3020.3	13.4545	3008.88	-6.58554	0.528225	-7.0804	3019.42	13.748	3010	6.79495	0.0599367	6.883	35.1053	0.550888	37
56000		-21.3311	2.33475	-29.5831	3019.86	13.3834	3008.97	-6.43109	0.471429	-7.0179	3019.42	13.3645	3010	6.72295	0.0570485	6.745	35.1053	0.550888	37
57000		-20.6927	1.20011	-13.4168	3019.71	13.4065	3008.54	-6.29987	0.450421	-6.96263	3018.84	13.5809	3004	6.73205	0.0578739	6.649	35.1053	0.550888	37
58000		-20.2214	1.72435	-16.2059	3019.11	13.3949	3005.62	-6.15226	0.437369	-6.91996	3018.21	13.4327	3004	6.77642	0.0586979	6.909	35.1579	0.547526	37
59000		-19.269	2.38725	-17.2335	3018.75	13.3755	3003.36	-6.03664	0.439246	-6.6832	3018.11	13.184	3002	6.72026	0.0524879	6.807	35.1579	0.547526	37
60000		-17.3655	1.4207	-23.6428	3018.84	13.4739	3003.38	-5.92195	0.432897	-6.6832	3019.63	14.2567	3003	6.74558	0.0488834	6.793	35	0.561951	37
