#gen	avgfit_mean	avgfit_sd	avgfit_med	avgbits_mean	avgbits_sd	avgbits_med	fit_mean	fit_sd	fit_med	bits_mean	bits_sd	bits_med	cpu_mean	cpu_sd	cpu_med	genes_mean	genes_sd	genes_med
0	-3129.08	106.86	-2576.65	5000	0	5000	-1931.73	73.4495	-1431.5	5000	0	5000	0	0	0	49.59	0.217941	50
500	-1019.86	27.0455	-872.757	4999.12	0.509884	5000.05	-665.74	13.4533	-608.586	4997.73	1.75463	5000	2.34669	0.0261563	2.546	49.26	0.223564	49
1000	-603.064	6.02693	-585.807	4999.05	0.974049	5000.16	-482.031	4.26916	-471.165	5000.16	1.33775	5000	2.28248	0.0245957	2.474	49.06	0.21641	49
1500	-482.265	4.02394	-474.589	4998.38	1.73182	5000.07	-399.793	3.37171	-395.118	5000.56	1.66252	5001	2.29101	0.0247147	2.471	49.175	0.223799	49
2000	-409.127	3.22519	-408.09	4998.33	1.79881	5000.01	-344.646	2.89065	-344.305	4999.16	2.20398	5000	2.26452	0.0252827	2.472	49.4825	0.215005	50
2500	-357.035	2.84677	-352.926	4999.36	2.19594	5000.27	-301.937	2.68515	-300.591	4999.32	2.43971	5000	2.27549	0.0247362	2.469	49.8675	0.213339	50
3000	-317.208	2.62943	-316.576	4999.07	2.3894	5000.68	-267.078	2.5209	-264.733	4999.69	2.37757	5000	2.27754	0.0250187	2.495	50.26	0.214642	51
3500	-283.14	2.50372	-282.342	4999.56	2.45854	4999.84	-236.661	2.33027	-234.908	4999.46	2.59917	5000	2.27153	0.0253138	2.465	50.6375	0.215683	51
4000	-254.45	2.3052	-253.563	4999.55	2.53753	5000.59	-210.403	2.25853	-208.728	5000.3	2.64427	5001	2.28653	0.0256196	2.494	51.05	0.213824	51
4500	-228.735	2.25556	-226.166	4999.83	2.63416	4999.72	-188.661	2.15542	-185.6	5000.58	2.66196	5000.5	2.26569	0.0252901	2.459	51.395	0.216106	52
5000	-208.996	2.14918	-203.938	5000.02	2.67551	4999.69	-169.304	2.03267	-166.643	4999.94	2.73524	5000	2.26855	0.0254531	2.4465	51.715	0.212302	52
5500	-190.068	2.02731	-188.279	5000.37	2.70763	4999.9	-152.912	1.91639	-152.001	4999.47	2.73269	5000	2.26678	0.0251719	2.472	51.9675	0.21045	52
6000	-174.493	1.97279	-173.933	5000.57	2.74121	5000.25	-137.735	1.83496	-135.114	5000.97	2.83045	5000	2.26226	0.02476	2.433	52.215	0.214212	52
6500	-159.664	1.86125	-157.184	5002.1	2.82932	5000.91	-124.92	1.69882	-122.681	5003.01	2.91389	5001	2.25742	0.0246933	2.4475	52.4175	0.213622	53
7000	-147.135	1.7705	-146.145	5003.12	2.85941	5000.76	-112.727	1.59139	-109.855	5003.72	2.8896	5001	2.27517	0.0251528	2.467	52.74	0.214204	53
7500	-135.469	1.62204	-131.953	5003.88	2.87298	5001.73	-102.079	1.46431	-98.9715	5005.12	2.93696	5002	2.25958	0.0246819	2.45	52.955	0.212445	53
8000	-124.562	1.5044	-121.641	5004.95	2.93993	5001.78	-93.0057	1.37064	-91.114	5005.07	3.01116	5002	2.27645	0.0253279	2.473	53.1375	0.212094	53
8500	-116.172	1.46586	-113.278	5005.45	2.9851	5002.28	-85.0021	1.28085	-82.8175	5005.42	3.03555	5002	2.26958	0.0254235	2.464	53.32	0.209023	53
9000	-109.047	1.35029	-107.195	5005.97	2.99733	5002.44	-77.8141	1.20821	-75.1784	5005.65	3.03762	5002	2.27095	0.0248182	2.459	53.5075	0.207624	54
9500	-101.69	1.27617	-100.334	5006.04	2.99169	5002.2	-71.2544	1.12307	-69.5124	5006.4	3.01741	5004	2.27773	0.0250193	2.4755	53.655	0.210209	54
10000	-95.5425	1.23555	-93.7977	5006.23	3.02331	5002.85	-65.2428	1.05919	-62.4641	5006.56	3.08013	5003	2.27773	0.0253435	2.468	53.8375	0.21012	54
10500	-89.8534	1.13202	-87.1555	5007.15	3.07861	5003.68	-59.911	0.990214	-56.9916	5007.62	3.15261	5004	2.28203	0.0248718	2.488	54	0.208527	54
11000	-84.4418	1.07754	-81.172	5008.34	3.13862	5003.95	-55.025	0.9172	-51.6412	5009.1	3.17442	5005	2.27712	0.0250152	2.465	54.1375	0.205919	54
11500	-79.5749	1.04623	-78.561	5008.87	3.16431	5004.64	-50.8583	0.87314	-47.481	5010.11	3.19513	5006	2.28556	0.0252809	2.461	54.3225	0.205979	54
12000	-75.563	0.981931	-72.8605	5009.08	3.17148	5004.5	-47.0148	0.817897	-43.4529	5009.18	3.20617	5005	2.28987	0.0255449	2.4965	54.4	0.201187	54
12500	-71.5186	0.934798	-69.6373	5009.26	3.1881	5004.05	-43.6766	0.767058	-40.8558	5009.36	3.24816	5006	2.27956	0.0251009	2.465	54.545	0.200488	55
13000	-68.0215	0.885409	-66.1783	5009.03	3.2237	5003.9	-40.5581	0.732803	-37.7492	5009.14	3.2123	5003.5	2.2801	0.0250556	2.476	54.6675	0.202162	55
13500	-64.9339	0.884644	-62.4699	5009.89	3.2517	5003.94	-37.7874	0.692435	-34.8916	5009.28	3.24933	5005	2.28783	0.0250864	2.486	54.7825	0.202213	55
14000	-63.0464	0.841975	-61.234	5009.4	3.24349	5006.18	-35.2863	0.650466	-32.7593	5010.15	3.28336	5005.5	2.30207	0.025528	2.5075	54.8975	0.201728	55
14500	-60.0695	0.787446	-58.1008	5010.29	3.30879	5005.82	-33.0217	0.603981	-30.9305	5010.44	3.25729	5005	2.28744	0.0257436	2.4745	54.965	0.202018	55
15000	-58.0084	0.736747	-56.675	5010.26	3.30875	5006.58	-30.9913	0.568518	-28.7585	5010.68	3.36584	5006	2.28476	0.0250689	2.482	55.0475	0.200939	55
15500	-55.6366	0.710845	-53.6928	5010.96	3.33004	5004.74	-29.1459	0.538739	-27.2097	5011.48	3.38319	5006	2.28671	0.0257389	2.4695	55.095	0.202218	55
16000	-53.8469	0.671082	-52.1364	5011.34	3.379	5006.23	-27.3706	0.508902	-25.351	5011.39	3.41698	5006	2.2757	0.02537	2.4775	55.18	0.199922	55
16500	-52.1766	0.691203	-51.0008	5011.39	3.41965	5006.44	-25.8206	0.47867	-23.8848	5011.19	3.44339	5006	2.28247	0.0262495	2.469	55.27	0.202039	55
17000	-50.3647	0.688501	-48.5812	5011.42	3.47039	5006.92	-24.4007	0.458963	-22.545	5010.32	3.52065	5006	2.29362	0.0254578	2.477	55.3125	0.203601	56
17500	-48.8685	0.640211	-46.6735	5011.69	3.51863	5006.12	-23.0953	0.440308	-21.4028	5012.62	3.63568	5006.5	2.29151	0.0257924	2.489	55.3925	0.203623	55
18000	-48.3423	0.643031	-46.8146	5012.67	3.58192	5005.45	-21.9736	0.418719	-20.6717	5012.81	3.63006	5007.5	2.31369	0.0258611	2.4865	55.5025	0.204523	56
18500	-46.8574	0.637568	-45.3613	5013.13	3.63569	5007.08	-20.8497	0.401059	-19.4896	5013.36	3.65256	5008.5	2.30889	0.0255166	2.503	55.5525	0.203215	56
19000	-45.5688	0.589094	-44.6863	5012.99	3.63303	5006.93	-19.9483	0.38643	-18.609	5012.61	3.6629	5009	2.28369	0.025973	2.4775	55.5975	0.203451	56
19500	-44.4487	0.605407	-43.0315	5012.74	3.64964	5007.82	-19.0219	0.370392	-17.8205	5012.76	3.65766	5007.5	2.30294	0.0255814	2.4955	55.6575	0.204309	56
20000	-43.5309	0.586564	-42.5336	5012.99	3.63542	5007.2	-18.1307	0.355659	-17.1191	5012.69	3.65617	5007.5	2.29661	0.0261087	2.4955	55.7625	0.203731	56
