#gen	avgfit_mean	avgfit_sd	avgbits_mean	avgbits_sd	fit_mean	fit_sd	bits_mean	bits_sd	cpu_mean	cpu_sd	genes_mean	genes_sd
0		-2987.89	180.102	5000	0	-944.372	50.3394	5000	0	0	0	48.64	0.536076
1000		-1020.72	13.7134	4787.09	67.5378	-453.708	6.71002	4655.65	115.86	3.52344	0.0325397	45.33	1.23412
2000		-842.817	14.6298	4466.6	126.068	-372.787	5.6056	4745.5	101.852	3.4313	0.093458	46.47	1.09309
3000		-755.459	13.4729	4458.92	124.119	-331.422	4.86295	4678.94	111.833	3.3005	0.102392	45.55	1.17115
4000		-697.014	11.6892	4542.58	117.181	-293.357	5.06713	4675.15	108.187	3.28553	0.0972817	46.33	1.15295
5000		-639.915	11.3964	4587.79	116.151	-263.583	4.88498	4645.65	115.716	3.27624	0.0923761	45.59	1.19832
6000		-601.455	10.7399	4609.88	115.843	-240.794	4.61525	4669.2	114.931	3.2611	0.0908675	46.12	1.18025
7000		-571.506	10.4979	4635.46	114.669	-221.209	4.26172	4671.88	114.948	3.24423	0.089971	46.39	1.16367
8000		-528.11	9.71781	4660.85	112.984	-201.954	4.08525	4677.36	113.398	3.22407	0.086201	46.47	1.12389
9000		-499.593	9.37133	4675.17	111.856	-186.631	4.05686	4702.21	111.966	3.23184	0.0875742	46.79	1.11403
10000		-466.969	9.02545	4679.39	111.527	-171.034	3.83654	4699.67	111.371	3.17123	0.0862723	47.02	1.1286
11000		-442.56	8.53636	4692.2	111.072	-158.232	3.7726	4696.48	111.916	3.1563	0.0857769	47.11	1.11825
12000		-432.039	8.85604	4698.71	110.842	-146.053	3.48817	4702.79	110.495	3.14	0.083047	47.4	1.11672
13000		-408.074	7.99102	4702.12	110.423	-135.977	3.32673	4725.99	111.269	3.1573	0.0839682	47.66	1.12369
14000		-392.851	7.48509	4708.37	110.271	-126.408	3.24137	4733.89	112.177	3.14439	0.0840545	47.87	1.12066
15000		-385.639	7.45339	4721.87	110.268	-117.448	3.08801	4731.93	111.741	3.16978	0.0841202	48.06	1.11208
16000		-374.975	7.51928	4732.02	110.714	-108.787	3.05302	4736.79	110.99	3.13944	0.0836637	48.19	1.10066
17000		-371.356	7.18448	4737.9	110.889	-101.595	2.92982	4746.85	110.73	3.14838	0.0834444	48.45	1.11223
18000		-360.603	7.51592	4738.89	110.87	-95.834	2.9002	4755.38	111.906	3.14942	0.0827687	48.7	1.11305
19000		-342.998	6.74145	4744.2	110.881	-91.2572	2.89541	4772.04	112.253	3.19299	0.0846831	48.82	1.11911
20000		-340.904	7.36207	4753.53	110.974	-85.2993	2.82882	4761.47	111.337	3.20339	0.0853215	48.88	1.10903
21000		-328.773	6.44108	4760.09	111.078	-80.5854	2.69478	4774.55	111.119	3.20203	0.0858704	49.06	1.10726
22000		-328.318	6.50881	4767.69	111.132	-75.3594	2.64417	4786.32	111.791	3.25159	0.0866995	49.09	1.11111
23000		-325.404	6.81531	4771.07	111.023	-71.718	2.60959	4780.73	111.478	3.26482	0.0870835	49.19	1.11316
24000		-319.1	6.71452	4775.6	111.073	-68.5506	2.61092	4784.42	110.47	3.22966	0.0864201	49.28	1.10582
25000		-316.042	6.36997	4781.95	110.974	-65.2394	2.54514	4796.36	111.286	3.25897	0.0871113	49.42	1.1199
26000		-312.309	6.64592	4791.7	110.922	-62.2374	2.42478	4795.62	111.011	3.22414	0.0857037	49.5	1.11169
27000		-306.59	6.43488	4794.85	110.715	-59.7425	2.41628	4802.86	110.887	3.21433	0.0855583	49.65	1.11013
28000		-302.76	6.43974	4801.09	110.815	-56.4149	2.20794	4803.2	110.459	3.27124	0.0866152	49.71	1.10529
29000		-302.523	6.91647	4801.23	110.821	-54.1918	2.18023	4800.73	110.758	3.26973	0.0887157	49.8	1.11046
30000		-302.775	6.92023	4806.66	110.765	-51.939	2.11908	4806.2	110.667	3.27642	0.088239	49.89	1.10022
31000		-299.535	7.07007	4806.37	110.7	-49.904	2.08247	4811.33	110.259	3.26299	0.0864914	50.09	1.09987
32000		-296.482	7.33057	4804.75	110.292	-48.3765	2.03836	4816.04	110.772	3.25652	0.0868446	50.2	1.11228
33000		-292.551	6.43997	4812.78	110.512	-46.0924	1.97769	4813.76	110.475	3.27723	0.0867015	50.3	1.10623
34000		-294.007	6.80725	4814.79	110.785	-44.4978	1.89493	4818.57	110.631	3.28706	0.0881812	50.39	1.11064
35000		-285.75	6.57991	4818.12	110.875	-43.0147	1.90921	4813.74	110.383	3.29318	0.0886285	50.47	1.10786
36000		-289.83	6.79579	4817.47	110.763	-41.4558	1.83236	4816.97	111.039	3.27374	0.0881032	50.55	1.11195
37000		-284.265	6.38974	4818.41	110.552	-40.0873	1.79117	4816.24	110.807	3.31341	0.0900954	50.58	1.10848
38000		-289.432	6.84722	4821.04	110.674	-38.7268	1.7515	4825.36	111.257	3.31202	0.0885124	50.66	1.11094
39000		-281.986	6.55567	4822.61	110.839	-37.5858	1.69608	4830.08	111.005	3.29119	0.0888503	50.82	1.11721
40000		-285.117	6.87223	4825.13	110.952	-36.2434	1.64932	4828.88	111.299	3.296	0.0889171	50.96	1.12222
41000		-278.848	6.38686	4828.27	110.991	-35.1016	1.60117	4832.51	111.314	3.33051	0.0901481	50.97	1.12353
42000		-280.332	6.69345	4833.77	111.138	-33.8768	1.57534	4841.08	111.107	3.30402	0.0915824	51.08	1.12436
43000		-280.06	6.50813	4835.26	111.177	-32.9605	1.54221	4841.6	111.625	3.3216	0.0902417	51.02	1.13431
44000		-273.474	6.17021	4841.61	111.311	-32.0601	1.51993	4841.5	111.42	3.3947	0.0922612	51.17	1.13298
45000		-283.281	6.37409	4843.19	111.269	-31.1388	1.4996	4842.13	111.124	3.31356	0.0889178	51.18	1.13613
46000		-281.756	6.70668	4844.65	111.263	-30.3673	1.47531	4855.76	111.512	3.34451	0.0907102	51.29	1.14321
47000		-274.108	6.33141	4849.16	111.454	-29.577	1.45877	4867.17	112.463	3.37597	0.0912001	51.42	1.14187
48000		-285.352	6.80742	4853.6	111.69	-28.7178	1.42688	4861.07	112.33	3.31733	0.0889112	51.57	1.14612
49000		-276.211	6.56862	4859.9	112.041	-28.0599	1.3936	4863.67	112.444	3.324	0.0895557	51.57	1.14762
50000		-271.247	6.49826	4862.38	112.26	-27.4657	1.38948	4861.21	112.236	3.38112	0.0926169	51.74	1.14721
51000		-333.894	6.69222	4861.51	112.258	-85.3408	1.7278	4861.57	112.475	3.34336	0.0909287	51.67	1.14804
52000		-333.403	6.78624	4861.22	112.176	-79.0705	1.62777	4859.18	111.993	3.32347	0.0895349	51.57	1.13327
53000		-327.68	7.6084	4863.85	112.335	-73.2859	1.6988	4859.06	111.914	3.29505	0.0887686	51.6	1.13262
54000		-324.108	6.87046	4864.4	112.288	-68.3033	1.72461	4868.57	112.403	3.3206	0.093196	51.72	1.14469
55000		-318.627	6.70186	4863.3	112.191	-64.0751	1.68684	4858.65	112.079	3.30157	0.09271	51.62	1.13198
56000		-310.38	7.23925	4865.29	112.295	-60.3875	1.68428	4865.25	112.175	3.3063	0.0923355	51.82	1.13346
57000		-309.428	6.81601	4864.48	112.058	-57.0949	1.6153	4871.16	111.997	3.29697	0.0902015	51.83	1.12905
58000		-306.198	7.29775	4867.2	112.068	-53.8257	1.56708	4867.25	111.905	3.32809	0.0919036	51.87	1.13393
59000		-305.24	6.85682	4869.81	112.021	-50.6426	1.49254	4876.36	111.926	3.31359	0.0895862	52.06	1.13474
60000		-298.99	7.01182	4869.95	111.933	-48.0503	1.43561	4876.29	112.327	3.31452	0.0901129	52.12	1.13843
61000		-294.062	6.91633	4872.69	112.011	-45.496	1.35246	4869.51	111.542	3.30224	0.0885505	52.17	1.13619
62000		-296.117	7.21587	4875.95	112.045	-43.1466	1.32588	4874.31	111.881	3.32864	0.0886898	52.19	1.13233
63000		-288.848	6.39226	4875.23	112.005	-41.5822	1.30049	4884.75	111.719	3.30893	0.0888772	52.29	1.1297
64000		-291	6.47555	4877.97	111.728	-39.7804	1.24367	4885.05	111.248	3.34764	0.0901499	52.34	1.12234
65000		-289.43	6.93013	4881.46	111.395	-38.5458	1.2193	4888.32	111.301	3.32386	0.0889646	52.43	1.12656
66000		-285.87	6.88877	4885.19	111.352	-37.2231	1.18474	4885.79	111.372	3.34318	0.090144	52.41	1.1287
67000		-282.438	6.33708	4888.4	111.334	-36.0555	1.15646	4893.02	111.449	3.40173	0.0916217	52.64	1.12227
68000		-285.9	6.75769	4891.19	111.42	-34.83	1.12595	4902.94	111.379	3.40551	0.0933818	52.65	1.12639
69000		-278.812	6.85622	4896.07	111.462	-33.9004	1.11001	4901.6	111.42	3.35206	0.0909102	52.71	1.13309
70000		-279.355	6.59	4900.12	111.567	-32.8971	1.07967	4914.67	111.884	3.38352	0.0910863	52.88	1.12988
71000		-279.407	6.39031	4906.02	111.655	-31.6987	1.03814	4911.1	111.906	3.33471	0.0903411	52.98	1.13137
72000		-275.238	6.27635	4909.17	111.654	-30.8761	1.00665	4916.33	111.874	3.39231	0.0922096	52.98	1.13128
73000		-274.88	6.44644	4911.88	111.525	-29.9983	1.00195	4922.83	111.583	3.37117	0.0913566	53.03	1.12236
74000		-277.615	6.49188	4914.99	111.706	-29.1939	0.983438	4921.53	111.802	3.38151	0.0902261	53.07	1.13068
75000		-275.962	6.84488	4919.17	111.73	-28.333	0.946221	4917.5	111.67	3.37034	0.0896488	53.18	1.13746
76000		-273.206	6.67694	4920.25	111.676	-27.4676	0.913378	4918.43	111.532	3.42407	0.0925298	53.2	1.13511
77000		-276.47	6.78096	4922.31	111.684	-26.4846	0.877359	4923.49	111.4	3.41291	0.0910985	53.27	1.13981
78000		-266.974	6.40299	4923.67	111.605	-25.8252	0.859626	4920.78	111.899	3.43513	0.0943533	53.25	1.13817
79000		-274.687	6.68122	4924.7	111.604	-25.1587	0.841149	4927.98	111.877	3.42482	0.0921186	53.42	1.13993
80000		-269.443	6.31785	4926.33	111.658	-24.633	0.844734	4922.46	111.905	3.39742	0.0920619	53.49	1.14526
81000		-272.917	6.83873	4930.84	111.825	-23.946	0.820413	4943.11	112.504	3.40855	0.0914113	53.58	1.14682
82000		-265.642	6.21122	4935.45	112.06	-23.2818	0.794448	4942.57	112.238	3.48822	0.0953692	53.59	1.15164
83000		-268.959	6.54097	4940.88	112.331	-22.8215	0.783616	4946.38	112.878	3.47878	0.0976326	53.7	1.14728
84000		-267.855	6.21304	4942.88	112.461	-22.274	0.751656	4947.35	112.657	3.45315	0.0940592	53.7	1.15264
85000		-266.127	6.22123	4946.39	112.667	-21.5522	0.718555	4955.34	113.201	3.46235	0.0942639	53.84	1.15284
86000		-266.936	6.26232	4951.31	112.84	-21.0442	0.711731	4952.68	112.93	3.46032	0.0947541	53.87	1.15467
87000		-270.529	6.64103	4953.88	112.947	-20.5347	0.709608	4958.51	113.304	3.43545	0.0937078	53.95	1.15526
88000		-267.009	6.60782	4957.17	112.974	-19.9482	0.674157	4963.32	113.46	3.44651	0.0942818	54.08	1.15721
89000		-266.172	6.7092	4962.38	113.248	-19.4941	0.651624	4969.89	113.781	3.44056	0.0956468	54.09	1.1596
90000		-264.932	6.77087	4963.7	113.365	-19.0949	0.629621	4975.29	113.709	3.48512	0.096587	54.1	1.16285
91000		-268.995	6.62464	4971.36	113.551	-18.6634	0.609165	4977.08	114.048	3.47014	0.0944324	54.2	1.16176
92000		-263.196	6.17543	4972.67	113.559	-18.2266	0.591903	4974.63	113.972	3.48306	0.0959091	54.25	1.16743
93000		-270.381	7.03801	4976.48	113.734	-17.8654	0.587573	4982.24	113.791	3.46436	0.0944022	54.33	1.1687
94000		-266.122	6.72304	4980.14	113.851	-17.4991	0.574299	4978.25	113.879	3.42344	0.0931528	54.33	1.16741
95000		-266.742	6.70234	4983.37	114.01	-17.1987	0.569705	4982.97	113.58	3.47654	0.0961395	54.5	1.17185
96000		-270.17	6.72375	4982.19	113.832	-16.851	0.557695	4982.16	113.893	3.47479	0.0972538	54.47	1.1715
97000		-265.169	6.45347	4983.71	113.786	-16.6237	0.553303	4980.69	113.797	3.48842	0.0959042	54.51	1.16753
98000		-265.654	6.63863	4987.49	113.72	-16.2971	0.549714	4993.16	113.638	3.48766	0.0956435	54.58	1.16343
99000		-261.786	6.39657	4988.53	113.601	-15.9802	0.540844	4996.61	113.687	3.47089	0.0955336	54.72	1.1694
100000		-268.126	6.88546	4993.11	113.603	-15.7003	0.53504	4996.68	113.683	3.4948	0.0973096	54.7	1.1709
101000		-337.566	6.51162	4991.86	113.72	-80.3489	1.30893	4999.64	114.022	3.47582	0.0940583	54.6	1.17568
102000		-329.208	6.91378	4993.28	113.615	-73.5051	1.28939	4987.56	113.463	3.41358	0.0913423	54.57	1.17544
103000		-329.341	6.95249	4993.92	113.718	-66.5789	1.32615	4993.95	113.826	3.434	0.0920364	54.69	1.17557
104000		-314.593	6.6152	4996.8	113.708	-61.3837	1.32553	5007.59	113.834	3.42519	0.0921524	54.7	1.17237
105000		-310.435	6.48972	5002.28	113.822	-56.4273	1.29069	5009.28	113.793	3.44898	0.0923479	54.85	1.17416
106000		-312.352	7.01878	5004.05	113.842	-52.2195	1.22641	5010.87	114.148	3.48057	0.0941849	54.97	1.17958
107000		-308.115	6.57214	5008.82	113.945	-48.4303	1.24165	5015.61	114.098	3.419	0.0916769	54.85	1.16475
108000		-297.867	6.76733	5013.75	114.065	-45.9291	1.2065	5022.76	114.323	3.46807	0.0943616	54.99	1.17443
109000		-296.715	6.50569	5018.05	114.23	-43.1935	1.12476	5024.15	114.742	3.43894	0.0934717	55.08	1.17591
110000		-297.005	6.84767	5022.69	114.309	-40.8466	1.08448	5025.4	114.364	3.46347	0.0974824	55.09	1.17121
111000		-291.636	6.67867	5029.58	114.583	-38.414	1.03853	5032.12	114.489	3.50603	0.0947303	55.16	1.17488
112000		-296.97	6.99736	5032.95	114.538	-36.7823	0.987555	5040.65	114.679	3.50669	0.0964742	55.26	1.16477
113000		-290.197	6.96958	5033.72	114.424	-35.3727	0.948479	5052.84	115.174	3.50685	0.0964324	55.43	1.17347
114000		-289.108	6.81746	5040.39	114.709	-33.7109	0.925728	5045.66	114.636	3.50875	0.0953601	55.44	1.17373
115000		-284.469	6.92724	5045.76	114.766	-32.2651	0.895142	5050.58	114.834	3.50013	0.0977546	55.6	1.17928
116000		-284.431	6.49839	5047.21	114.863	-31.0797	0.883997	5050.68	114.753	3.53953	0.0956143	55.65	1.18333
117000		-283.922	6.45041	5051.29	114.801	-29.9935	0.852874	5055.51	114.841	3.51031	0.0956436	55.76	1.17474
118000		-285.852	6.76137	5055.16	114.938	-28.7708	0.821438	5053.21	115.135	3.50048	0.0951349	55.78	1.17384
119000		-283.505	6.39061	5054.69	114.934	-27.7555	0.810212	5055.81	114.934	3.5092	0.0963885	55.91	1.18271
120000		-276.207	6.26645	5056.73	114.834	-26.7557	0.775247	5063.33	114.892	3.56025	0.0969788	55.98	1.18611
121000		-283.602	6.74093	5059.9	114.8	-25.9614	0.744265	5066.82	114.742	3.52987	0.0962278	56.04	1.17696
122000		-276.502	6.41307	5064.76	114.837	-25.237	0.719411	5071.44	114.552	3.53348	0.0991292	56.13	1.17814
123000		-275.505	6.59251	5068.63	114.774	-24.476	0.695001	5078.53	114.672	3.54027	0.0959365	56.27	1.17575
124000		-275.673	6.69644	5074.63	114.711	-23.7923	0.681149	5081.95	114.848	3.53197	0.0971912	56.31	1.17608
125000		-280.919	6.54557	5080.79	114.707	-23.0641	0.646754	5084.26	114.378	3.5314	0.095392	56.29	1.17828
126000		-277.558	6.46098	5081.57	114.695	-22.3674	0.626594	5082.96	114.472	3.51557	0.0943044	56.31	1.17908
127000		-280.475	6.79224	5085.54	114.749	-21.7307	0.613242	5091.37	115.382	3.57261	0.0967667	56.53	1.18035
128000		-275.357	6.28878	5090.25	114.801	-20.8228	0.595554	5095.53	114.945	3.57646	0.0999561	56.56	1.18469
129000		-276.615	5.97016	5095.55	114.971	-20.2811	0.588649	5103	115.078	3.56862	0.0964926	56.76	1.19173
130000		-272.136	6.19918	5098.82	115.015	-19.8097	0.578785	5107.85	115.408	3.56502	0.0965334	56.77	1.19069
131000		-267.452	6.19853	5104.38	115.253	-19.1725	0.565423	5122.1	115.95	3.60386	0.0979829	56.91	1.19512
132000		-276.163	6.63652	5111.66	115.555	-18.7133	0.554807	5121.01	116.097	3.60551	0.0983589	56.9	1.19143
133000		-273.763	6.58381	5118.22	115.967	-18.272	0.554624	5129.49	116.404	3.61822	0.0977032	56.97	1.18989
134000		-269.73	6.43316	5123.27	116.219	-17.8526	0.54989	5126.83	116.844	3.62192	0.0991596	57.01	1.19151
135000		-270.366	6.04153	5129.78	116.576	-17.4995	0.551926	5141.75	116.592	3.6246	0.0994339	57.18	1.19269
136000		-273.535	6.01873	5133.79	116.713	-17.0519	0.541701	5144.74	116.894	3.63606	0.100702	57.16	1.19246
137000		-274.383	6.89542	5137.99	116.958	-16.7178	0.543587	5142.71	117.196	3.64663	0.0992371	57.25	1.19894
138000		-268.217	6.0142	5141.47	117.022	-16.2714	0.538514	5140.95	117.369	3.61302	0.0991759	57.27	1.19999
139000		-275.925	6.66853	5144.25	117.201	-15.9648	0.533706	5151.48	117.566	3.65334	0.0996249	57.37	1.20417
140000		-274.574	6.48349	5147.12	117.458	-15.6742	0.525541	5147.09	117.675	3.65407	0.100825	57.42	1.20732
141000		-270.712	6.29877	5148.38	117.498	-15.3824	0.505101	5157.05	118.044	3.69478	0.104607	57.46	1.20549
142000		-276.336	6.73362	5153.86	117.629	-15.1341	0.498936	5161	117.842	3.68088	0.102979	57.59	1.20731
143000		-269.242	6.48213	5157.53	117.767	-14.8997	0.491277	5164.61	118.238	3.68285	0.103483	57.63	1.2066
144000		-265.112	6.63058	5161.51	118.039	-14.6058	0.475773	5168.58	118.171	3.71811	0.101159	57.75	1.21268
145000		-264.649	5.87456	5163.18	118.032	-14.3246	0.467166	5158.91	117.655	3.68048	0.102579	57.74	1.21161
146000		-262.767	6.3682	5160.61	117.886	-14.1194	0.462803	5166.26	117.984	3.72135	0.102292	57.84	1.21087
147000		-264.083	6.06777	5163.7	117.905	-13.9046	0.459416	5174.07	118.436	3.73408	0.103812	57.98	1.21223
148000		-276.493	6.39165	5164.86	118.041	-13.649	0.448707	5163.48	118.278	3.70192	0.101381	57.96	1.20897
149000		-269.332	6.53866	5168.81	118.161	-13.3404	0.431154	5173.12	118.342	3.69281	0.102836	58.06	1.21621
150000		-267.007	6.81426	5170.74	118.185	-13.1378	0.429226	5186.03	118.469	3.70293	0.102224	58.17	1.21788
